{"/Users/mike/Documents/Silvana/silvana-lib/packages/nft/src/contracts.ts": {"path":"/Users/mike/Documents/Silvana/silvana-lib/packages/nft/src/contracts.ts","all":false,"statementMap":{"0":{"start":{"line":1,"column":0},"end":{"line":1,"column":67}},"1":{"start":{"line":2,"column":0},"end":{"line":2,"column":60}},"2":{"start":{"line":3,"column":0},"end":{"line":3,"column":74}},"3":{"start":{"line":4,"column":0},"end":{"line":4,"column":54}},"4":{"start":{"line":5,"column":0},"end":{"line":5,"column":8}},"5":{"start":{"line":6,"column":0},"end":{"line":6,"column":30}},"6":{"start":{"line":7,"column":0},"end":{"line":7,"column":30}},"7":{"start":{"line":8,"column":0},"end":{"line":8,"column":33}},"8":{"start":{"line":9,"column":0},"end":{"line":9,"column":19}},"9":{"start":{"line":10,"column":0},"end":{"line":10,"column":24}},"10":{"start":{"line":11,"column":0},"end":{"line":11,"column":21}},"11":{"start":{"line":12,"column":0},"end":{"line":12,"column":22}},"12":{"start":{"line":13,"column":0},"end":{"line":13,"column":20}},"13":{"start":{"line":14,"column":0},"end":{"line":14,"column":31}},"14":{"start":{"line":15,"column":0},"end":{"line":15,"column":31}},"15":{"start":{"line":16,"column":0},"end":{"line":16,"column":0}},"16":{"start":{"line":17,"column":0},"end":{"line":17,"column":58}},"17":{"start":{"line":18,"column":0},"end":{"line":18,"column":51}},"18":{"start":{"line":19,"column":0},"end":{"line":19,"column":3}},"19":{"start":{"line":20,"column":0},"end":{"line":20,"column":0}},"20":{"start":{"line":21,"column":0},"end":{"line":21,"column":41}},"21":{"start":{"line":22,"column":0},"end":{"line":22,"column":51}},"22":{"start":{"line":23,"column":0},"end":{"line":23,"column":43}},"23":{"start":{"line":24,"column":0},"end":{"line":24,"column":37}},"24":{"start":{"line":25,"column":0},"end":{"line":25,"column":37}},"25":{"start":{"line":26,"column":0},"end":{"line":26,"column":39}},"26":{"start":{"line":27,"column":0},"end":{"line":27,"column":2}},"27":{"start":{"line":28,"column":0},"end":{"line":28,"column":0}},"28":{"start":{"line":29,"column":0},"end":{"line":29,"column":58}},"29":{"start":{"line":30,"column":0},"end":{"line":30,"column":46}},"30":{"start":{"line":31,"column":0},"end":{"line":31,"column":42}},"31":{"start":{"line":32,"column":0},"end":{"line":32,"column":36}},"32":{"start":{"line":33,"column":0},"end":{"line":33,"column":38}},"33":{"start":{"line":34,"column":0},"end":{"line":34,"column":31}},"34":{"start":{"line":35,"column":0},"end":{"line":35,"column":9}},"35":{"start":{"line":36,"column":0},"end":{"line":36,"column":29}},"36":{"start":{"line":37,"column":0},"end":{"line":37,"column":35}},"37":{"start":{"line":38,"column":0},"end":{"line":38,"column":64}},"38":{"start":{"line":39,"column":0},"end":{"line":39,"column":66}},"39":{"start":{"line":40,"column":0},"end":{"line":40,"column":13}},"40":{"start":{"line":41,"column":0},"end":{"line":41,"column":0}},"41":{"start":{"line":42,"column":0},"end":{"line":42,"column":55}},"42":{"start":{"line":43,"column":0},"end":{"line":43,"column":47}},"43":{"start":{"line":44,"column":0},"end":{"line":44,"column":41}},"44":{"start":{"line":45,"column":0},"end":{"line":45,"column":57}},"45":{"start":{"line":46,"column":0},"end":{"line":46,"column":43}},"46":{"start":{"line":47,"column":0},"end":{"line":47,"column":0}},"47":{"start":{"line":48,"column":0},"end":{"line":48,"column":28}},"48":{"start":{"line":49,"column":0},"end":{"line":49,"column":22}},"49":{"start":{"line":50,"column":0},"end":{"line":50,"column":64}},"50":{"start":{"line":51,"column":0},"end":{"line":51,"column":5}},"51":{"start":{"line":52,"column":0},"end":{"line":52,"column":22}},"52":{"start":{"line":53,"column":0},"end":{"line":53,"column":3}},"53":{"start":{"line":54,"column":0},"end":{"line":54,"column":26}},"54":{"start":{"line":55,"column":0},"end":{"line":55,"column":20}},"55":{"start":{"line":56,"column":0},"end":{"line":56,"column":62}},"56":{"start":{"line":57,"column":0},"end":{"line":57,"column":5}},"57":{"start":{"line":58,"column":0},"end":{"line":58,"column":20}},"58":{"start":{"line":59,"column":0},"end":{"line":59,"column":3}},"59":{"start":{"line":60,"column":0},"end":{"line":60,"column":0}},"60":{"start":{"line":61,"column":0},"end":{"line":61,"column":24}},"61":{"start":{"line":62,"column":0},"end":{"line":62,"column":18}},"62":{"start":{"line":63,"column":0},"end":{"line":63,"column":60}},"63":{"start":{"line":64,"column":0},"end":{"line":64,"column":5}},"64":{"start":{"line":65,"column":0},"end":{"line":65,"column":18}},"65":{"start":{"line":66,"column":0},"end":{"line":66,"column":3}},"66":{"start":{"line":67,"column":0},"end":{"line":67,"column":0}},"67":{"start":{"line":68,"column":0},"end":{"line":68,"column":23}},"68":{"start":{"line":69,"column":0},"end":{"line":69,"column":17}},"69":{"start":{"line":70,"column":0},"end":{"line":70,"column":59}},"70":{"start":{"line":71,"column":0},"end":{"line":71,"column":5}},"71":{"start":{"line":72,"column":0},"end":{"line":72,"column":17}},"72":{"start":{"line":73,"column":0},"end":{"line":73,"column":3}},"73":{"start":{"line":74,"column":0},"end":{"line":74,"column":0}},"74":{"start":{"line":75,"column":0},"end":{"line":75,"column":30}},"75":{"start":{"line":76,"column":0},"end":{"line":76,"column":38}},"76":{"start":{"line":77,"column":0},"end":{"line":77,"column":5}},"77":{"start":{"line":78,"column":0},"end":{"line":78,"column":0}},"78":{"start":{"line":79,"column":0},"end":{"line":79,"column":26}},"79":{"start":{"line":80,"column":0},"end":{"line":80,"column":38}},"80":{"start":{"line":81,"column":0},"end":{"line":81,"column":5}},"81":{"start":{"line":82,"column":0},"end":{"line":82,"column":0}},"82":{"start":{"line":83,"column":0},"end":{"line":83,"column":34}},"83":{"start":{"line":84,"column":0},"end":{"line":84,"column":39}},"84":{"start":{"line":85,"column":0},"end":{"line":85,"column":28}},"85":{"start":{"line":86,"column":0},"end":{"line":86,"column":34}},"86":{"start":{"line":87,"column":0},"end":{"line":87,"column":30}},"87":{"start":{"line":88,"column":0},"end":{"line":88,"column":5}},"88":{"start":{"line":89,"column":0},"end":{"line":89,"column":0}},"89":{"start":{"line":90,"column":0},"end":{"line":90,"column":24}},"90":{"start":{"line":91,"column":0},"end":{"line":91,"column":38}},"91":{"start":{"line":92,"column":0},"end":{"line":92,"column":5}},"92":{"start":{"line":93,"column":0},"end":{"line":93,"column":0}},"93":{"start":{"line":94,"column":0},"end":{"line":94,"column":56}},"94":{"start":{"line":95,"column":0},"end":{"line":95,"column":1}},"95":{"start":{"line":96,"column":0},"end":{"line":96,"column":0}},"96":{"start":{"line":97,"column":0},"end":{"line":97,"column":61}},"97":{"start":{"line":98,"column":0},"end":{"line":98,"column":39}},"98":{"start":{"line":99,"column":0},"end":{"line":99,"column":76}},"99":{"start":{"line":100,"column":0},"end":{"line":100,"column":0}},"100":{"start":{"line":101,"column":0},"end":{"line":101,"column":14}},"101":{"start":{"line":102,"column":0},"end":{"line":102,"column":33}},"102":{"start":{"line":103,"column":0},"end":{"line":103,"column":29}},"103":{"start":{"line":104,"column":0},"end":{"line":104,"column":23}},"104":{"start":{"line":105,"column":0},"end":{"line":105,"column":23}},"105":{"start":{"line":106,"column":0},"end":{"line":106,"column":38}},"106":{"start":{"line":107,"column":0},"end":{"line":107,"column":34}},"107":{"start":{"line":108,"column":0},"end":{"line":108,"column":3}},"108":{"start":{"line":109,"column":0},"end":{"line":109,"column":0}},"109":{"start":{"line":110,"column":0},"end":{"line":110,"column":71}},"110":{"start":{"line":111,"column":0},"end":{"line":111,"column":21}},"111":{"start":{"line":112,"column":0},"end":{"line":112,"column":2}}},"s":{"0":1,"1":1,"2":1,"3":1,"4":1,"5":1,"6":1,"7":1,"8":1,"9":1,"10":1,"11":1,"12":1,"13":1,"14":1,"15":1,"16":1,"17":1,"18":1,"19":1,"20":1,"21":1,"22":1,"23":1,"24":1,"25":1,"26":1,"27":1,"28":1,"29":60,"30":60,"31":60,"32":60,"33":60,"34":60,"35":60,"36":60,"37":60,"38":60,"39":60,"40":60,"41":60,"42":60,"43":60,"44":60,"45":60,"46":60,"47":60,"48":24,"49":0,"50":0,"51":24,"52":24,"53":60,"54":58,"55":0,"56":0,"57":58,"58":58,"59":60,"60":60,"61":28,"62":0,"63":0,"64":28,"65":28,"66":60,"67":60,"68":84,"69":0,"70":0,"71":84,"72":84,"73":60,"74":60,"75":60,"76":60,"77":60,"78":60,"79":60,"80":60,"81":60,"82":60,"83":60,"84":60,"85":60,"86":60,"87":60,"88":60,"89":60,"90":60,"91":60,"92":60,"93":60,"94":60,"95":1,"96":1,"97":1,"98":1,"99":1,"100":1,"101":1,"102":1,"103":1,"104":1,"105":1,"106":1,"107":1,"108":1,"109":1,"110":1,"111":1},"branchMap":{"0":{"type":"branch","line":29,"loc":{"start":{"line":29,"column":6},"end":{"line":95,"column":1}},"locations":[{"start":{"line":29,"column":6},"end":{"line":95,"column":1}}]},"1":{"type":"branch","line":38,"loc":{"start":{"line":38,"column":19},"end":{"line":38,"column":63}},"locations":[{"start":{"line":38,"column":19},"end":{"line":38,"column":63}}]},"2":{"type":"branch","line":39,"loc":{"start":{"line":39,"column":20},"end":{"line":39,"column":65}},"locations":[{"start":{"line":39,"column":20},"end":{"line":39,"column":65}}]},"3":{"type":"branch","line":48,"loc":{"start":{"line":48,"column":2},"end":{"line":53,"column":3}},"locations":[{"start":{"line":48,"column":2},"end":{"line":53,"column":3}}]},"4":{"type":"branch","line":49,"loc":{"start":{"line":49,"column":21},"end":{"line":51,"column":5}},"locations":[{"start":{"line":49,"column":21},"end":{"line":51,"column":5}}]},"5":{"type":"branch","line":54,"loc":{"start":{"line":54,"column":2},"end":{"line":59,"column":3}},"locations":[{"start":{"line":54,"column":2},"end":{"line":59,"column":3}}]},"6":{"type":"branch","line":55,"loc":{"start":{"line":55,"column":19},"end":{"line":57,"column":5}},"locations":[{"start":{"line":55,"column":19},"end":{"line":57,"column":5}}]},"7":{"type":"branch","line":61,"loc":{"start":{"line":61,"column":2},"end":{"line":66,"column":3}},"locations":[{"start":{"line":61,"column":2},"end":{"line":66,"column":3}}]},"8":{"type":"branch","line":62,"loc":{"start":{"line":62,"column":17},"end":{"line":64,"column":5}},"locations":[{"start":{"line":62,"column":17},"end":{"line":64,"column":5}}]},"9":{"type":"branch","line":68,"loc":{"start":{"line":68,"column":2},"end":{"line":73,"column":3}},"locations":[{"start":{"line":68,"column":2},"end":{"line":73,"column":3}}]},"10":{"type":"branch","line":69,"loc":{"start":{"line":69,"column":16},"end":{"line":71,"column":5}},"locations":[{"start":{"line":69,"column":16},"end":{"line":71,"column":5}}]},"11":{"type":"branch","line":84,"loc":{"start":{"line":84,"column":19},"end":{"line":84,"column":38}},"locations":[{"start":{"line":84,"column":19},"end":{"line":84,"column":38}}]}},"b":{"0":[60],"1":[60],"2":[58],"3":[24],"4":[0],"5":[58],"6":[0],"7":[28],"8":[0],"9":[84],"10":[0],"11":[425]},"fnMap":{"0":{"name":"NonFungibleTokenContractsFactory","decl":{"start":{"line":29,"column":6},"end":{"line":95,"column":1}},"loc":{"start":{"line":29,"column":6},"end":{"line":95,"column":1}},"line":29},"1":{"name":"ownerFactory","decl":{"start":{"line":38,"column":19},"end":{"line":38,"column":63}},"loc":{"start":{"line":38,"column":19},"end":{"line":38,"column":63}},"line":38},"2":{"name":"updateFactory","decl":{"start":{"line":39,"column":20},"end":{"line":39,"column":65}},"loc":{"start":{"line":39,"column":20},"end":{"line":39,"column":65}},"line":39},"3":{"name":"getCollection","decl":{"start":{"line":48,"column":2},"end":{"line":53,"column":3}},"loc":{"start":{"line":48,"column":2},"end":{"line":53,"column":3}},"line":48},"4":{"name":"getApproval","decl":{"start":{"line":54,"column":2},"end":{"line":59,"column":3}},"loc":{"start":{"line":54,"column":2},"end":{"line":59,"column":3}},"line":54},"5":{"name":"getUpdate","decl":{"start":{"line":61,"column":2},"end":{"line":66,"column":3}},"loc":{"start":{"line":61,"column":2},"end":{"line":66,"column":3}},"line":61},"6":{"name":"getOwner","decl":{"start":{"line":68,"column":2},"end":{"line":73,"column":3}},"loc":{"start":{"line":68,"column":2},"end":{"line":73,"column":3}},"line":68},"7":{"name":"adminContract","decl":{"start":{"line":84,"column":19},"end":{"line":84,"column":38}},"loc":{"start":{"line":84,"column":19},"end":{"line":84,"column":38}},"line":84}},"f":{"0":60,"1":60,"2":58,"3":24,"4":58,"5":28,"6":84,"7":425}}
,"/Users/mike/Documents/Silvana/silvana-lib/packages/nft/src/index.ts": {"path":"/Users/mike/Documents/Silvana/silvana-lib/packages/nft/src/index.ts","all":false,"statementMap":{"0":{"start":{"line":1,"column":0},"end":{"line":1,"column":33}},"1":{"start":{"line":2,"column":0},"end":{"line":2,"column":37}},"2":{"start":{"line":3,"column":0},"end":{"line":3,"column":36}},"3":{"start":{"line":4,"column":0},"end":{"line":4,"column":45}},"4":{"start":{"line":5,"column":0},"end":{"line":5,"column":39}},"5":{"start":{"line":6,"column":0},"end":{"line":6,"column":24}},"6":{"start":{"line":7,"column":0},"end":{"line":7,"column":31}},"7":{"start":{"line":8,"column":0},"end":{"line":8,"column":38}},"8":{"start":{"line":9,"column":0},"end":{"line":9,"column":32}}},"s":{"0":1,"1":1,"2":1,"3":1,"4":1,"5":1,"6":1,"7":1,"8":1},"branchMap":{},"b":{},"fnMap":{},"f":{}}
,"/Users/mike/Documents/Silvana/silvana-lib/packages/nft/src/vk.ts": {"path":"/Users/mike/Documents/Silvana/silvana-lib/packages/nft/src/vk.ts","all":false,"statementMap":{"0":{"start":{"line":1,"column":0},"end":{"line":1,"column":3}},"1":{"start":{"line":2,"column":0},"end":{"line":2,"column":69}},"2":{"start":{"line":3,"column":0},"end":{"line":3,"column":2}},"3":{"start":{"line":4,"column":0},"end":{"line":4,"column":22}},"4":{"start":{"line":5,"column":0},"end":{"line":5,"column":53}},"5":{"start":{"line":6,"column":0},"end":{"line":6,"column":34}},"6":{"start":{"line":7,"column":0},"end":{"line":7,"column":3}},"7":{"start":{"line":8,"column":0},"end":{"line":8,"column":54}},"8":{"start":{"line":9,"column":0},"end":{"line":9,"column":0}},"9":{"start":{"line":10,"column":0},"end":{"line":10,"column":3}},"10":{"start":{"line":11,"column":0},"end":{"line":11,"column":109}},"11":{"start":{"line":12,"column":0},"end":{"line":12,"column":2}},"12":{"start":{"line":13,"column":0},"end":{"line":13,"column":2}},"13":{"start":{"line":14,"column":0},"end":{"line":14,"column":11}},"14":{"start":{"line":15,"column":0},"end":{"line":15,"column":144}},"15":{"start":{"line":16,"column":0},"end":{"line":16,"column":2}},"16":{"start":{"line":17,"column":0},"end":{"line":17,"column":17}},"17":{"start":{"line":18,"column":0},"end":{"line":18,"column":67}},"18":{"start":{"line":19,"column":0},"end":{"line":19,"column":20}},"19":{"start":{"line":20,"column":0},"end":{"line":20,"column":82}},"20":{"start":{"line":21,"column":0},"end":{"line":21,"column":75}},"21":{"start":{"line":22,"column":0},"end":{"line":22,"column":13}},"22":{"start":{"line":23,"column":0},"end":{"line":23,"column":71}},"23":{"start":{"line":24,"column":0},"end":{"line":24,"column":64}},"24":{"start":{"line":25,"column":0},"end":{"line":25,"column":2}},"25":{"start":{"line":26,"column":0},"end":{"line":26,"column":11}},"26":{"start":{"line":27,"column":0},"end":{"line":27,"column":73}},"27":{"start":{"line":28,"column":0},"end":{"line":28,"column":16}},"28":{"start":{"line":29,"column":0},"end":{"line":29,"column":81}},"29":{"start":{"line":30,"column":0},"end":{"line":30,"column":6}},"30":{"start":{"line":31,"column":0},"end":{"line":31,"column":3}},"31":{"start":{"line":32,"column":0},"end":{"line":32,"column":35}},"32":{"start":{"line":33,"column":0},"end":{"line":33,"column":34}},"33":{"start":{"line":34,"column":0},"end":{"line":34,"column":17}},"34":{"start":{"line":35,"column":0},"end":{"line":35,"column":9}},"35":{"start":{"line":36,"column":0},"end":{"line":36,"column":22}},"36":{"start":{"line":37,"column":0},"end":{"line":37,"column":21}},"37":{"start":{"line":38,"column":0},"end":{"line":38,"column":21}},"38":{"start":{"line":39,"column":0},"end":{"line":39,"column":20}},"39":{"start":{"line":40,"column":0},"end":{"line":40,"column":8}},"40":{"start":{"line":41,"column":0},"end":{"line":41,"column":6}},"41":{"start":{"line":42,"column":0},"end":{"line":42,"column":4}},"42":{"start":{"line":43,"column":0},"end":{"line":43,"column":5}},"43":{"start":{"line":44,"column":0},"end":{"line":44,"column":11}},"44":{"start":{"line":45,"column":0},"end":{"line":45,"column":18}},"45":{"start":{"line":46,"column":0},"end":{"line":46,"column":9}},"46":{"start":{"line":47,"column":0},"end":{"line":47,"column":12}},"47":{"start":{"line":48,"column":0},"end":{"line":48,"column":94}},"48":{"start":{"line":49,"column":0},"end":{"line":49,"column":2413}},"49":{"start":{"line":50,"column":0},"end":{"line":50,"column":20}},"50":{"start":{"line":51,"column":0},"end":{"line":51,"column":8}},"51":{"start":{"line":52,"column":0},"end":{"line":52,"column":6}},"52":{"start":{"line":53,"column":0},"end":{"line":53,"column":4}},"53":{"start":{"line":54,"column":0},"end":{"line":54,"column":12}},"54":{"start":{"line":55,"column":0},"end":{"line":55,"column":18}},"55":{"start":{"line":56,"column":0},"end":{"line":56,"column":9}},"56":{"start":{"line":57,"column":0},"end":{"line":57,"column":12}},"57":{"start":{"line":58,"column":0},"end":{"line":58,"column":94}},"58":{"start":{"line":59,"column":0},"end":{"line":59,"column":2413}},"59":{"start":{"line":60,"column":0},"end":{"line":60,"column":20}},"60":{"start":{"line":61,"column":0},"end":{"line":61,"column":8}},"61":{"start":{"line":62,"column":0},"end":{"line":62,"column":6}},"62":{"start":{"line":63,"column":0},"end":{"line":63,"column":4}},"63":{"start":{"line":64,"column":0},"end":{"line":64,"column":2}}},"s":{"0":1,"1":1,"2":1,"3":1,"4":1,"5":1,"6":1,"7":1,"8":1,"9":1,"10":1,"11":1,"12":1,"13":1,"14":1,"15":1,"16":1,"17":1,"18":1,"19":1,"20":1,"21":1,"22":1,"23":1,"24":1,"25":1,"26":1,"27":1,"28":1,"29":1,"30":1,"31":1,"32":1,"33":1,"34":1,"35":1,"36":1,"37":1,"38":1,"39":1,"40":1,"41":1,"42":1,"43":1,"44":1,"45":1,"46":1,"47":1,"48":1,"49":1,"50":1,"51":1,"52":1,"53":1,"54":1,"55":1,"56":1,"57":1,"58":1,"59":1,"60":1,"61":1,"62":1,"63":1},"branchMap":{},"b":{},"fnMap":{},"f":{}}
,"/Users/mike/Documents/Silvana/silvana-lib/packages/nft/src/admin/advanced.ts": {"path":"/Users/mike/Documents/Silvana/silvana-lib/packages/nft/src/admin/advanced.ts","all":false,"statementMap":{"0":{"start":{"line":1,"column":0},"end":{"line":1,"column":3}},"1":{"start":{"line":2,"column":0},"end":{"line":2,"column":160}},"2":{"start":{"line":3,"column":0},"end":{"line":3,"column":151}},"3":{"start":{"line":4,"column":0},"end":{"line":4,"column":145}},"4":{"start":{"line":5,"column":0},"end":{"line":5,"column":3}},"5":{"start":{"line":6,"column":0},"end":{"line":6,"column":0}},"6":{"start":{"line":7,"column":0},"end":{"line":7,"column":8}},"7":{"start":{"line":8,"column":0},"end":{"line":8,"column":7}},"8":{"start":{"line":9,"column":0},"end":{"line":9,"column":13}},"9":{"start":{"line":10,"column":0},"end":{"line":10,"column":9}},"10":{"start":{"line":11,"column":0},"end":{"line":11,"column":14}},"11":{"start":{"line":12,"column":0},"end":{"line":12,"column":12}},"12":{"start":{"line":13,"column":0},"end":{"line":13,"column":16}},"13":{"start":{"line":14,"column":0},"end":{"line":14,"column":8}},"14":{"start":{"line":15,"column":0},"end":{"line":15,"column":8}},"15":{"start":{"line":16,"column":0},"end":{"line":16,"column":18}},"16":{"start":{"line":17,"column":0},"end":{"line":17,"column":9}},"17":{"start":{"line":18,"column":0},"end":{"line":18,"column":11}},"18":{"start":{"line":19,"column":0},"end":{"line":19,"column":8}},"19":{"start":{"line":20,"column":0},"end":{"line":20,"column":16}},"20":{"start":{"line":21,"column":0},"end":{"line":21,"column":7}},"21":{"start":{"line":22,"column":0},"end":{"line":22,"column":9}},"22":{"start":{"line":23,"column":0},"end":{"line":23,"column":9}},"23":{"start":{"line":24,"column":0},"end":{"line":24,"column":14}},"24":{"start":{"line":25,"column":0},"end":{"line":25,"column":49}},"25":{"start":{"line":26,"column":0},"end":{"line":26,"column":8}},"26":{"start":{"line":27,"column":0},"end":{"line":27,"column":14}},"27":{"start":{"line":28,"column":0},"end":{"line":28,"column":11}},"28":{"start":{"line":29,"column":0},"end":{"line":29,"column":15}},"29":{"start":{"line":30,"column":0},"end":{"line":30,"column":19}},"30":{"start":{"line":31,"column":0},"end":{"line":31,"column":13}},"31":{"start":{"line":32,"column":0},"end":{"line":32,"column":19}},"32":{"start":{"line":33,"column":0},"end":{"line":33,"column":23}},"33":{"start":{"line":34,"column":0},"end":{"line":34,"column":18}},"34":{"start":{"line":35,"column":0},"end":{"line":35,"column":16}},"35":{"start":{"line":36,"column":0},"end":{"line":36,"column":32}},"36":{"start":{"line":37,"column":0},"end":{"line":37,"column":8}},"37":{"start":{"line":38,"column":0},"end":{"line":38,"column":23}},"38":{"start":{"line":39,"column":0},"end":{"line":39,"column":29}},"39":{"start":{"line":40,"column":0},"end":{"line":40,"column":21}},"40":{"start":{"line":41,"column":0},"end":{"line":41,"column":38}},"41":{"start":{"line":42,"column":0},"end":{"line":42,"column":33}},"42":{"start":{"line":43,"column":0},"end":{"line":43,"column":0}},"43":{"start":{"line":44,"column":0},"end":{"line":44,"column":76}},"44":{"start":{"line":45,"column":0},"end":{"line":45,"column":0}},"45":{"start":{"line":46,"column":0},"end":{"line":46,"column":3}},"46":{"start":{"line":47,"column":0},"end":{"line":47,"column":60}},"47":{"start":{"line":48,"column":0},"end":{"line":48,"column":3}},"48":{"start":{"line":49,"column":0},"end":{"line":49,"column":78}},"49":{"start":{"line":50,"column":0},"end":{"line":50,"column":62}},"50":{"start":{"line":51,"column":0},"end":{"line":51,"column":19}},"51":{"start":{"line":52,"column":0},"end":{"line":52,"column":58}},"52":{"start":{"line":53,"column":0},"end":{"line":53,"column":30}},"53":{"start":{"line":54,"column":0},"end":{"line":54,"column":23}},"54":{"start":{"line":55,"column":0},"end":{"line":55,"column":23}},"55":{"start":{"line":56,"column":0},"end":{"line":56,"column":0}},"56":{"start":{"line":57,"column":0},"end":{"line":57,"column":30}},"57":{"start":{"line":58,"column":0},"end":{"line":58,"column":14}},"58":{"start":{"line":59,"column":0},"end":{"line":59,"column":24}},"59":{"start":{"line":60,"column":0},"end":{"line":60,"column":23}},"60":{"start":{"line":61,"column":0},"end":{"line":61,"column":1}},"61":{"start":{"line":62,"column":0},"end":{"line":62,"column":0}},"62":{"start":{"line":63,"column":0},"end":{"line":63,"column":3}},"63":{"start":{"line":64,"column":0},"end":{"line":64,"column":75}},"64":{"start":{"line":65,"column":0},"end":{"line":65,"column":3}},"65":{"start":{"line":66,"column":0},"end":{"line":66,"column":32}},"66":{"start":{"line":67,"column":0},"end":{"line":67,"column":54}},"67":{"start":{"line":68,"column":0},"end":{"line":68,"column":17}},"68":{"start":{"line":69,"column":0},"end":{"line":69,"column":60}},"69":{"start":{"line":70,"column":0},"end":{"line":70,"column":17}},"70":{"start":{"line":71,"column":0},"end":{"line":71,"column":67}},"71":{"start":{"line":72,"column":0},"end":{"line":72,"column":27}},"72":{"start":{"line":73,"column":0},"end":{"line":73,"column":68}},"73":{"start":{"line":74,"column":0},"end":{"line":74,"column":31}},"74":{"start":{"line":75,"column":0},"end":{"line":75,"column":64}},"75":{"start":{"line":76,"column":0},"end":{"line":76,"column":27}},"76":{"start":{"line":77,"column":0},"end":{"line":77,"column":63}},"77":{"start":{"line":78,"column":0},"end":{"line":78,"column":27}},"78":{"start":{"line":79,"column":0},"end":{"line":79,"column":61}},"79":{"start":{"line":80,"column":0},"end":{"line":80,"column":25}},"80":{"start":{"line":81,"column":0},"end":{"line":81,"column":60}},"81":{"start":{"line":82,"column":0},"end":{"line":82,"column":24}},"82":{"start":{"line":83,"column":0},"end":{"line":83,"column":4}},"83":{"start":{"line":84,"column":0},"end":{"line":84,"column":13}},"84":{"start":{"line":85,"column":0},"end":{"line":85,"column":13}},"85":{"start":{"line":86,"column":0},"end":{"line":86,"column":25}},"86":{"start":{"line":87,"column":0},"end":{"line":87,"column":25}},"87":{"start":{"line":88,"column":0},"end":{"line":88,"column":35}},"88":{"start":{"line":89,"column":0},"end":{"line":89,"column":39}},"89":{"start":{"line":90,"column":0},"end":{"line":90,"column":35}},"90":{"start":{"line":91,"column":0},"end":{"line":91,"column":35}},"91":{"start":{"line":92,"column":0},"end":{"line":92,"column":33}},"92":{"start":{"line":93,"column":0},"end":{"line":93,"column":32}},"93":{"start":{"line":94,"column":0},"end":{"line":94,"column":10}},"94":{"start":{"line":95,"column":0},"end":{"line":95,"column":5}},"95":{"start":{"line":96,"column":0},"end":{"line":96,"column":11}},"96":{"start":{"line":97,"column":0},"end":{"line":97,"column":15}},"97":{"start":{"line":98,"column":0},"end":{"line":98,"column":15}},"98":{"start":{"line":99,"column":0},"end":{"line":99,"column":25}},"99":{"start":{"line":100,"column":0},"end":{"line":100,"column":29}},"100":{"start":{"line":101,"column":0},"end":{"line":101,"column":25}},"101":{"start":{"line":102,"column":0},"end":{"line":102,"column":25}},"102":{"start":{"line":103,"column":0},"end":{"line":103,"column":23}},"103":{"start":{"line":104,"column":0},"end":{"line":104,"column":22}},"104":{"start":{"line":105,"column":0},"end":{"line":105,"column":15}},"105":{"start":{"line":106,"column":0},"end":{"line":106,"column":26}},"106":{"start":{"line":107,"column":0},"end":{"line":107,"column":39}},"107":{"start":{"line":108,"column":0},"end":{"line":108,"column":40}},"108":{"start":{"line":109,"column":0},"end":{"line":109,"column":60}},"109":{"start":{"line":110,"column":0},"end":{"line":110,"column":68}},"110":{"start":{"line":111,"column":0},"end":{"line":111,"column":60}},"111":{"start":{"line":112,"column":0},"end":{"line":112,"column":60}},"112":{"start":{"line":113,"column":0},"end":{"line":113,"column":56}},"113":{"start":{"line":114,"column":0},"end":{"line":114,"column":54}},"114":{"start":{"line":115,"column":0},"end":{"line":115,"column":7}},"115":{"start":{"line":116,"column":0},"end":{"line":116,"column":3}},"116":{"start":{"line":117,"column":0},"end":{"line":117,"column":5}},"117":{"start":{"line":118,"column":0},"end":{"line":118,"column":41}},"118":{"start":{"line":119,"column":0},"end":{"line":119,"column":59}},"119":{"start":{"line":120,"column":0},"end":{"line":120,"column":5}},"120":{"start":{"line":121,"column":0},"end":{"line":121,"column":17}},"121":{"start":{"line":122,"column":0},"end":{"line":122,"column":27}},"122":{"start":{"line":123,"column":0},"end":{"line":123,"column":20}},"123":{"start":{"line":124,"column":0},"end":{"line":124,"column":20}},"124":{"start":{"line":125,"column":0},"end":{"line":125,"column":30}},"125":{"start":{"line":126,"column":0},"end":{"line":126,"column":34}},"126":{"start":{"line":127,"column":0},"end":{"line":127,"column":30}},"127":{"start":{"line":128,"column":0},"end":{"line":128,"column":30}},"128":{"start":{"line":129,"column":0},"end":{"line":129,"column":28}},"129":{"start":{"line":130,"column":0},"end":{"line":130,"column":27}},"130":{"start":{"line":131,"column":0},"end":{"line":131,"column":7}},"131":{"start":{"line":132,"column":0},"end":{"line":132,"column":3}},"132":{"start":{"line":133,"column":0},"end":{"line":133,"column":5}},"133":{"start":{"line":134,"column":0},"end":{"line":134,"column":40}},"134":{"start":{"line":135,"column":0},"end":{"line":135,"column":40}},"135":{"start":{"line":136,"column":0},"end":{"line":136,"column":41}},"136":{"start":{"line":137,"column":0},"end":{"line":137,"column":5}},"137":{"start":{"line":138,"column":0},"end":{"line":138,"column":42}},"138":{"start":{"line":139,"column":0},"end":{"line":139,"column":11}},"139":{"start":{"line":140,"column":0},"end":{"line":140,"column":15}},"140":{"start":{"line":141,"column":0},"end":{"line":141,"column":15}},"141":{"start":{"line":142,"column":0},"end":{"line":142,"column":25}},"142":{"start":{"line":143,"column":0},"end":{"line":143,"column":29}},"143":{"start":{"line":144,"column":0},"end":{"line":144,"column":25}},"144":{"start":{"line":145,"column":0},"end":{"line":145,"column":25}},"145":{"start":{"line":146,"column":0},"end":{"line":146,"column":23}},"146":{"start":{"line":147,"column":0},"end":{"line":147,"column":22}},"147":{"start":{"line":148,"column":0},"end":{"line":148,"column":24}},"148":{"start":{"line":149,"column":0},"end":{"line":149,"column":26}},"149":{"start":{"line":150,"column":0},"end":{"line":150,"column":15}},"150":{"start":{"line":151,"column":0},"end":{"line":151,"column":15}},"151":{"start":{"line":152,"column":0},"end":{"line":152,"column":25}},"152":{"start":{"line":153,"column":0},"end":{"line":153,"column":29}},"153":{"start":{"line":154,"column":0},"end":{"line":154,"column":25}},"154":{"start":{"line":155,"column":0},"end":{"line":155,"column":25}},"155":{"start":{"line":156,"column":0},"end":{"line":156,"column":23}},"156":{"start":{"line":157,"column":0},"end":{"line":157,"column":22}},"157":{"start":{"line":158,"column":0},"end":{"line":158,"column":7}},"158":{"start":{"line":159,"column":0},"end":{"line":159,"column":3}},"159":{"start":{"line":160,"column":0},"end":{"line":160,"column":39}},"160":{"start":{"line":161,"column":0},"end":{"line":161,"column":30}},"161":{"start":{"line":162,"column":0},"end":{"line":162,"column":3}},"162":{"start":{"line":163,"column":0},"end":{"line":163,"column":1}},"163":{"start":{"line":164,"column":0},"end":{"line":164,"column":0}},"164":{"start":{"line":165,"column":0},"end":{"line":165,"column":40}},"165":{"start":{"line":166,"column":0},"end":{"line":166,"column":41}},"166":{"start":{"line":167,"column":0},"end":{"line":167,"column":44}},"167":{"start":{"line":168,"column":0},"end":{"line":168,"column":57}},"168":{"start":{"line":169,"column":0},"end":{"line":169,"column":28}},"169":{"start":{"line":170,"column":0},"end":{"line":170,"column":65}},"170":{"start":{"line":171,"column":0},"end":{"line":171,"column":66}},"171":{"start":{"line":172,"column":0},"end":{"line":172,"column":2}},"172":{"start":{"line":173,"column":0},"end":{"line":173,"column":0}},"173":{"start":{"line":174,"column":0},"end":{"line":174,"column":3}},"174":{"start":{"line":175,"column":0},"end":{"line":175,"column":102}},"175":{"start":{"line":176,"column":0},"end":{"line":176,"column":68}},"176":{"start":{"line":177,"column":0},"end":{"line":177,"column":41}},"177":{"start":{"line":178,"column":0},"end":{"line":178,"column":3}},"178":{"start":{"line":179,"column":0},"end":{"line":179,"column":43}},"179":{"start":{"line":180,"column":0},"end":{"line":180,"column":55}},"180":{"start":{"line":181,"column":0},"end":{"line":181,"column":4}},"181":{"start":{"line":182,"column":0},"end":{"line":182,"column":37}},"182":{"start":{"line":183,"column":0},"end":{"line":183,"column":0}},"183":{"start":{"line":184,"column":0},"end":{"line":184,"column":5}},"184":{"start":{"line":185,"column":0},"end":{"line":185,"column":171}},"185":{"start":{"line":186,"column":0},"end":{"line":186,"column":145}},"186":{"start":{"line":187,"column":0},"end":{"line":187,"column":5}},"187":{"start":{"line":188,"column":0},"end":{"line":188,"column":24}},"188":{"start":{"line":189,"column":0},"end":{"line":189,"column":25}},"189":{"start":{"line":190,"column":0},"end":{"line":190,"column":14}},"190":{"start":{"line":191,"column":0},"end":{"line":191,"column":19}},"191":{"start":{"line":192,"column":0},"end":{"line":192,"column":25}},"192":{"start":{"line":193,"column":0},"end":{"line":193,"column":23}},"193":{"start":{"line":194,"column":0},"end":{"line":194,"column":21}},"194":{"start":{"line":195,"column":0},"end":{"line":195,"column":3}},"195":{"start":{"line":196,"column":0},"end":{"line":196,"column":64}},"196":{"start":{"line":197,"column":0},"end":{"line":197,"column":49}},"197":{"start":{"line":198,"column":0},"end":{"line":198,"column":60}},"198":{"start":{"line":199,"column":0},"end":{"line":199,"column":60}},"199":{"start":{"line":200,"column":0},"end":{"line":200,"column":71}},"200":{"start":{"line":201,"column":0},"end":{"line":201,"column":53}},"201":{"start":{"line":202,"column":0},"end":{"line":202,"column":55}},"202":{"start":{"line":203,"column":0},"end":{"line":203,"column":40}},"203":{"start":{"line":204,"column":0},"end":{"line":204,"column":0}},"204":{"start":{"line":205,"column":0},"end":{"line":205,"column":7}},"205":{"start":{"line":206,"column":0},"end":{"line":206,"column":85}},"206":{"start":{"line":207,"column":0},"end":{"line":207,"column":42}},"207":{"start":{"line":208,"column":0},"end":{"line":208,"column":7}},"208":{"start":{"line":209,"column":0},"end":{"line":209,"column":54}},"209":{"start":{"line":210,"column":0},"end":{"line":210,"column":32}},"210":{"start":{"line":211,"column":0},"end":{"line":211,"column":34}},"211":{"start":{"line":212,"column":0},"end":{"line":212,"column":56}},"212":{"start":{"line":213,"column":0},"end":{"line":213,"column":42}},"213":{"start":{"line":214,"column":0},"end":{"line":214,"column":44}},"214":{"start":{"line":215,"column":0},"end":{"line":215,"column":43}},"215":{"start":{"line":216,"column":0},"end":{"line":216,"column":36}},"216":{"start":{"line":217,"column":0},"end":{"line":217,"column":33}},"217":{"start":{"line":218,"column":0},"end":{"line":218,"column":66}},"218":{"start":{"line":219,"column":0},"end":{"line":219,"column":49}},"219":{"start":{"line":220,"column":0},"end":{"line":220,"column":27}},"220":{"start":{"line":221,"column":0},"end":{"line":221,"column":66}},"221":{"start":{"line":222,"column":0},"end":{"line":222,"column":49}},"222":{"start":{"line":223,"column":0},"end":{"line":223,"column":36}},"223":{"start":{"line":224,"column":0},"end":{"line":224,"column":34}},"224":{"start":{"line":225,"column":0},"end":{"line":225,"column":46}},"225":{"start":{"line":226,"column":0},"end":{"line":226,"column":49}},"226":{"start":{"line":227,"column":0},"end":{"line":227,"column":9}},"227":{"start":{"line":228,"column":0},"end":{"line":228,"column":5}},"228":{"start":{"line":229,"column":0},"end":{"line":229,"column":0}},"229":{"start":{"line":230,"column":0},"end":{"line":230,"column":14}},"230":{"start":{"line":231,"column":0},"end":{"line":231,"column":70}},"231":{"start":{"line":232,"column":0},"end":{"line":232,"column":36}},"232":{"start":{"line":233,"column":0},"end":{"line":233,"column":49}},"233":{"start":{"line":234,"column":0},"end":{"line":234,"column":24}},"234":{"start":{"line":235,"column":0},"end":{"line":235,"column":50}},"235":{"start":{"line":236,"column":0},"end":{"line":236,"column":25}},"236":{"start":{"line":237,"column":0},"end":{"line":237,"column":60}},"237":{"start":{"line":238,"column":0},"end":{"line":238,"column":44}},"238":{"start":{"line":239,"column":0},"end":{"line":239,"column":51}},"239":{"start":{"line":240,"column":0},"end":{"line":240,"column":33}},"240":{"start":{"line":241,"column":0},"end":{"line":241,"column":6}},"241":{"start":{"line":242,"column":0},"end":{"line":242,"column":0}},"242":{"start":{"line":243,"column":0},"end":{"line":243,"column":7}},"243":{"start":{"line":244,"column":0},"end":{"line":244,"column":72}},"244":{"start":{"line":245,"column":0},"end":{"line":245,"column":79}},"245":{"start":{"line":246,"column":0},"end":{"line":246,"column":7}},"246":{"start":{"line":247,"column":0},"end":{"line":247,"column":58}},"247":{"start":{"line":248,"column":0},"end":{"line":248,"column":53}},"248":{"start":{"line":249,"column":0},"end":{"line":249,"column":60}},"249":{"start":{"line":250,"column":0},"end":{"line":250,"column":85}},"250":{"start":{"line":251,"column":0},"end":{"line":251,"column":25}},"251":{"start":{"line":252,"column":0},"end":{"line":252,"column":5}},"252":{"start":{"line":253,"column":0},"end":{"line":253,"column":0}},"253":{"start":{"line":254,"column":0},"end":{"line":254,"column":49}},"254":{"start":{"line":255,"column":0},"end":{"line":255,"column":41}},"255":{"start":{"line":256,"column":0},"end":{"line":256,"column":29}},"256":{"start":{"line":257,"column":0},"end":{"line":257,"column":5}},"257":{"start":{"line":258,"column":0},"end":{"line":258,"column":0}},"258":{"start":{"line":259,"column":0},"end":{"line":259,"column":7}},"259":{"start":{"line":260,"column":0},"end":{"line":260,"column":62}},"260":{"start":{"line":261,"column":0},"end":{"line":261,"column":62}},"261":{"start":{"line":262,"column":0},"end":{"line":262,"column":7}},"262":{"start":{"line":263,"column":0},"end":{"line":263,"column":63}},"263":{"start":{"line":264,"column":0},"end":{"line":264,"column":52}},"264":{"start":{"line":265,"column":0},"end":{"line":265,"column":51}},"265":{"start":{"line":266,"column":0},"end":{"line":266,"column":8}},"266":{"start":{"line":267,"column":0},"end":{"line":267,"column":5}},"267":{"start":{"line":268,"column":0},"end":{"line":268,"column":0}},"268":{"start":{"line":269,"column":0},"end":{"line":269,"column":7}},"269":{"start":{"line":270,"column":0},"end":{"line":270,"column":85}},"270":{"start":{"line":271,"column":0},"end":{"line":271,"column":42}},"271":{"start":{"line":272,"column":0},"end":{"line":272,"column":7}},"272":{"start":{"line":273,"column":0},"end":{"line":273,"column":11}},"273":{"start":{"line":274,"column":0},"end":{"line":274,"column":55}},"274":{"start":{"line":275,"column":0},"end":{"line":275,"column":40}},"275":{"start":{"line":276,"column":0},"end":{"line":276,"column":62}},"276":{"start":{"line":277,"column":0},"end":{"line":277,"column":67}},"277":{"start":{"line":278,"column":0},"end":{"line":278,"column":72}},"278":{"start":{"line":279,"column":0},"end":{"line":279,"column":43}},"279":{"start":{"line":280,"column":0},"end":{"line":280,"column":73}},"280":{"start":{"line":281,"column":0},"end":{"line":281,"column":54}},"281":{"start":{"line":282,"column":0},"end":{"line":282,"column":60}},"282":{"start":{"line":283,"column":0},"end":{"line":283,"column":22}},"283":{"start":{"line":284,"column":0},"end":{"line":284,"column":22}},"284":{"start":{"line":285,"column":0},"end":{"line":285,"column":70}},"285":{"start":{"line":286,"column":0},"end":{"line":286,"column":12}},"286":{"start":{"line":287,"column":0},"end":{"line":287,"column":9}},"287":{"start":{"line":288,"column":0},"end":{"line":288,"column":22}},"288":{"start":{"line":289,"column":0},"end":{"line":289,"column":9}},"289":{"start":{"line":290,"column":0},"end":{"line":290,"column":51}},"290":{"start":{"line":291,"column":0},"end":{"line":291,"column":30}},"291":{"start":{"line":292,"column":0},"end":{"line":292,"column":30}},"292":{"start":{"line":293,"column":0},"end":{"line":293,"column":36}},"293":{"start":{"line":294,"column":0},"end":{"line":294,"column":40}},"294":{"start":{"line":295,"column":0},"end":{"line":295,"column":9}},"295":{"start":{"line":296,"column":0},"end":{"line":296,"column":77}},"296":{"start":{"line":297,"column":0},"end":{"line":297,"column":12}},"297":{"start":{"line":298,"column":0},"end":{"line":298,"column":8}},"298":{"start":{"line":299,"column":0},"end":{"line":299,"column":51}},"299":{"start":{"line":300,"column":0},"end":{"line":300,"column":67}},"300":{"start":{"line":301,"column":0},"end":{"line":301,"column":8}},"301":{"start":{"line":302,"column":0},"end":{"line":302,"column":43}},"302":{"start":{"line":303,"column":0},"end":{"line":303,"column":32}},"303":{"start":{"line":304,"column":0},"end":{"line":304,"column":59}},"304":{"start":{"line":305,"column":0},"end":{"line":305,"column":53}},"305":{"start":{"line":306,"column":0},"end":{"line":306,"column":9}},"306":{"start":{"line":307,"column":0},"end":{"line":307,"column":8}},"307":{"start":{"line":308,"column":0},"end":{"line":308,"column":56}},"308":{"start":{"line":309,"column":0},"end":{"line":309,"column":5}},"309":{"start":{"line":310,"column":0},"end":{"line":310,"column":0}},"310":{"start":{"line":311,"column":0},"end":{"line":311,"column":7}},"311":{"start":{"line":312,"column":0},"end":{"line":312,"column":105}},"312":{"start":{"line":313,"column":0},"end":{"line":313,"column":57}},"313":{"start":{"line":314,"column":0},"end":{"line":314,"column":70}},"314":{"start":{"line":315,"column":0},"end":{"line":315,"column":7}},"315":{"start":{"line":316,"column":0},"end":{"line":316,"column":37}},"316":{"start":{"line":317,"column":0},"end":{"line":317,"column":72}},"317":{"start":{"line":318,"column":0},"end":{"line":318,"column":70}},"318":{"start":{"line":319,"column":0},"end":{"line":319,"column":55}},"319":{"start":{"line":320,"column":0},"end":{"line":320,"column":8}},"320":{"start":{"line":321,"column":0},"end":{"line":321,"column":0}},"321":{"start":{"line":322,"column":0},"end":{"line":322,"column":61}},"322":{"start":{"line":323,"column":0},"end":{"line":323,"column":63}},"323":{"start":{"line":324,"column":0},"end":{"line":324,"column":25}},"324":{"start":{"line":325,"column":0},"end":{"line":325,"column":8}},"325":{"start":{"line":326,"column":0},"end":{"line":326,"column":36}},"326":{"start":{"line":327,"column":0},"end":{"line":327,"column":53}},"327":{"start":{"line":328,"column":0},"end":{"line":328,"column":8}},"328":{"start":{"line":329,"column":0},"end":{"line":329,"column":0}},"329":{"start":{"line":330,"column":0},"end":{"line":330,"column":52}},"330":{"start":{"line":331,"column":0},"end":{"line":331,"column":62}},"331":{"start":{"line":332,"column":0},"end":{"line":332,"column":86}},"332":{"start":{"line":333,"column":0},"end":{"line":333,"column":72}},"333":{"start":{"line":334,"column":0},"end":{"line":334,"column":37}},"334":{"start":{"line":335,"column":0},"end":{"line":335,"column":59}},"335":{"start":{"line":336,"column":0},"end":{"line":336,"column":8}},"336":{"start":{"line":337,"column":0},"end":{"line":337,"column":53}},"337":{"start":{"line":338,"column":0},"end":{"line":338,"column":25}},"338":{"start":{"line":339,"column":0},"end":{"line":339,"column":21}},"339":{"start":{"line":340,"column":0},"end":{"line":340,"column":34}},"340":{"start":{"line":341,"column":0},"end":{"line":341,"column":56}},"341":{"start":{"line":342,"column":0},"end":{"line":342,"column":41}},"342":{"start":{"line":343,"column":0},"end":{"line":343,"column":9}},"343":{"start":{"line":344,"column":0},"end":{"line":344,"column":8}},"344":{"start":{"line":345,"column":0},"end":{"line":345,"column":24}},"345":{"start":{"line":346,"column":0},"end":{"line":346,"column":5}},"346":{"start":{"line":347,"column":0},"end":{"line":347,"column":0}},"347":{"start":{"line":348,"column":0},"end":{"line":348,"column":7}},"348":{"start":{"line":349,"column":0},"end":{"line":349,"column":92}},"349":{"start":{"line":350,"column":0},"end":{"line":350,"column":49}},"350":{"start":{"line":351,"column":0},"end":{"line":351,"column":54}},"351":{"start":{"line":352,"column":0},"end":{"line":352,"column":68}},"352":{"start":{"line":353,"column":0},"end":{"line":353,"column":7}},"353":{"start":{"line":354,"column":0},"end":{"line":354,"column":25}},"354":{"start":{"line":355,"column":0},"end":{"line":355,"column":56}},"355":{"start":{"line":356,"column":0},"end":{"line":356,"column":70}},"356":{"start":{"line":357,"column":0},"end":{"line":357,"column":55}},"357":{"start":{"line":358,"column":0},"end":{"line":358,"column":8}},"358":{"start":{"line":359,"column":0},"end":{"line":359,"column":61}},"359":{"start":{"line":360,"column":0},"end":{"line":360,"column":77}},"360":{"start":{"line":361,"column":0},"end":{"line":361,"column":66}},"361":{"start":{"line":362,"column":0},"end":{"line":362,"column":8}},"362":{"start":{"line":363,"column":0},"end":{"line":363,"column":5}},"363":{"start":{"line":364,"column":0},"end":{"line":364,"column":0}},"364":{"start":{"line":365,"column":0},"end":{"line":365,"column":7}},"365":{"start":{"line":366,"column":0},"end":{"line":366,"column":103}},"366":{"start":{"line":367,"column":0},"end":{"line":367,"column":45}},"367":{"start":{"line":368,"column":0},"end":{"line":368,"column":43}},"368":{"start":{"line":369,"column":0},"end":{"line":369,"column":43}},"369":{"start":{"line":370,"column":0},"end":{"line":370,"column":70}},"370":{"start":{"line":371,"column":0},"end":{"line":371,"column":7}},"371":{"start":{"line":372,"column":0},"end":{"line":372,"column":25}},"372":{"start":{"line":373,"column":0},"end":{"line":373,"column":53}},"373":{"start":{"line":374,"column":0},"end":{"line":374,"column":70}},"374":{"start":{"line":375,"column":0},"end":{"line":375,"column":55}},"375":{"start":{"line":376,"column":0},"end":{"line":376,"column":8}},"376":{"start":{"line":377,"column":0},"end":{"line":377,"column":48}},"377":{"start":{"line":378,"column":0},"end":{"line":378,"column":0}},"378":{"start":{"line":379,"column":0},"end":{"line":379,"column":61}},"379":{"start":{"line":380,"column":0},"end":{"line":380,"column":64}},"380":{"start":{"line":381,"column":0},"end":{"line":381,"column":68}},"381":{"start":{"line":382,"column":0},"end":{"line":382,"column":0}},"382":{"start":{"line":383,"column":0},"end":{"line":383,"column":38}},"383":{"start":{"line":384,"column":0},"end":{"line":384,"column":31}},"384":{"start":{"line":385,"column":0},"end":{"line":385,"column":55}},"385":{"start":{"line":386,"column":0},"end":{"line":386,"column":0}},"386":{"start":{"line":387,"column":0},"end":{"line":387,"column":42}},"387":{"start":{"line":388,"column":0},"end":{"line":388,"column":31}},"388":{"start":{"line":389,"column":0},"end":{"line":389,"column":55}},"389":{"start":{"line":390,"column":0},"end":{"line":390,"column":0}},"390":{"start":{"line":391,"column":0},"end":{"line":391,"column":28}},"391":{"start":{"line":392,"column":0},"end":{"line":392,"column":31}},"392":{"start":{"line":393,"column":0},"end":{"line":393,"column":29}},"393":{"start":{"line":394,"column":0},"end":{"line":394,"column":32}},"394":{"start":{"line":395,"column":0},"end":{"line":395,"column":5}},"395":{"start":{"line":396,"column":0},"end":{"line":396,"column":0}},"396":{"start":{"line":397,"column":0},"end":{"line":397,"column":7}},"397":{"start":{"line":398,"column":0},"end":{"line":398,"column":90}},"398":{"start":{"line":399,"column":0},"end":{"line":399,"column":51}},"399":{"start":{"line":400,"column":0},"end":{"line":400,"column":67}},"400":{"start":{"line":401,"column":0},"end":{"line":401,"column":7}},"401":{"start":{"line":402,"column":0},"end":{"line":402,"column":11}},"402":{"start":{"line":403,"column":0},"end":{"line":403,"column":49}},"403":{"start":{"line":404,"column":0},"end":{"line":404,"column":70}},"404":{"start":{"line":405,"column":0},"end":{"line":405,"column":55}},"405":{"start":{"line":406,"column":0},"end":{"line":406,"column":8}},"406":{"start":{"line":407,"column":0},"end":{"line":407,"column":40}},"407":{"start":{"line":408,"column":0},"end":{"line":408,"column":36}},"408":{"start":{"line":409,"column":0},"end":{"line":409,"column":51}},"409":{"start":{"line":410,"column":0},"end":{"line":410,"column":5}},"410":{"start":{"line":411,"column":0},"end":{"line":411,"column":0}},"411":{"start":{"line":412,"column":0},"end":{"line":412,"column":7}},"412":{"start":{"line":413,"column":0},"end":{"line":413,"column":91}},"413":{"start":{"line":414,"column":0},"end":{"line":414,"column":7}},"414":{"start":{"line":415,"column":0},"end":{"line":415,"column":11}},"415":{"start":{"line":416,"column":0},"end":{"line":416,"column":34}},"416":{"start":{"line":417,"column":0},"end":{"line":417,"column":40}},"417":{"start":{"line":418,"column":0},"end":{"line":418,"column":74}},"418":{"start":{"line":419,"column":0},"end":{"line":419,"column":38}},"419":{"start":{"line":420,"column":0},"end":{"line":420,"column":38}},"420":{"start":{"line":421,"column":0},"end":{"line":421,"column":38}},"421":{"start":{"line":422,"column":0},"end":{"line":422,"column":72}},"422":{"start":{"line":423,"column":0},"end":{"line":423,"column":5}},"423":{"start":{"line":424,"column":0},"end":{"line":424,"column":0}},"424":{"start":{"line":425,"column":0},"end":{"line":425,"column":7}},"425":{"start":{"line":426,"column":0},"end":{"line":426,"column":83}},"426":{"start":{"line":427,"column":0},"end":{"line":427,"column":7}},"427":{"start":{"line":428,"column":0},"end":{"line":428,"column":11}},"428":{"start":{"line":429,"column":0},"end":{"line":429,"column":35}},"429":{"start":{"line":430,"column":0},"end":{"line":430,"column":40}},"430":{"start":{"line":431,"column":0},"end":{"line":431,"column":74}},"431":{"start":{"line":432,"column":0},"end":{"line":432,"column":38}},"432":{"start":{"line":433,"column":0},"end":{"line":433,"column":39}},"433":{"start":{"line":434,"column":0},"end":{"line":434,"column":38}},"434":{"start":{"line":435,"column":0},"end":{"line":435,"column":74}},"435":{"start":{"line":436,"column":0},"end":{"line":436,"column":5}},"436":{"start":{"line":437,"column":0},"end":{"line":437,"column":0}},"437":{"start":{"line":438,"column":0},"end":{"line":438,"column":7}},"438":{"start":{"line":439,"column":0},"end":{"line":439,"column":58}},"439":{"start":{"line":440,"column":0},"end":{"line":440,"column":55}},"440":{"start":{"line":441,"column":0},"end":{"line":441,"column":48}},"441":{"start":{"line":442,"column":0},"end":{"line":442,"column":7}},"442":{"start":{"line":443,"column":0},"end":{"line":443,"column":30}},"443":{"start":{"line":444,"column":0},"end":{"line":444,"column":64}},"444":{"start":{"line":445,"column":0},"end":{"line":445,"column":70}},"445":{"start":{"line":446,"column":0},"end":{"line":446,"column":55}},"446":{"start":{"line":447,"column":0},"end":{"line":447,"column":8}},"447":{"start":{"line":448,"column":0},"end":{"line":448,"column":40}},"448":{"start":{"line":449,"column":0},"end":{"line":449,"column":52}},"449":{"start":{"line":450,"column":0},"end":{"line":450,"column":25}},"450":{"start":{"line":451,"column":0},"end":{"line":451,"column":21}},"451":{"start":{"line":452,"column":0},"end":{"line":452,"column":26}},"452":{"start":{"line":453,"column":0},"end":{"line":453,"column":34}},"453":{"start":{"line":454,"column":0},"end":{"line":454,"column":15}},"454":{"start":{"line":455,"column":0},"end":{"line":455,"column":13}},"455":{"start":{"line":456,"column":0},"end":{"line":456,"column":10}},"456":{"start":{"line":457,"column":0},"end":{"line":457,"column":8}},"457":{"start":{"line":458,"column":0},"end":{"line":458,"column":18}},"458":{"start":{"line":459,"column":0},"end":{"line":459,"column":5}},"459":{"start":{"line":460,"column":0},"end":{"line":460,"column":0}},"460":{"start":{"line":461,"column":0},"end":{"line":461,"column":25}},"461":{"start":{"line":462,"column":0},"end":{"line":462,"column":35}},"462":{"start":{"line":463,"column":0},"end":{"line":463,"column":26}},"463":{"start":{"line":464,"column":0},"end":{"line":464,"column":25}},"464":{"start":{"line":465,"column":0},"end":{"line":465,"column":20}},"465":{"start":{"line":466,"column":0},"end":{"line":466,"column":22}},"466":{"start":{"line":467,"column":0},"end":{"line":467,"column":70}},"467":{"start":{"line":468,"column":0},"end":{"line":468,"column":55}},"468":{"start":{"line":469,"column":0},"end":{"line":469,"column":8}},"469":{"start":{"line":470,"column":0},"end":{"line":470,"column":62}},"470":{"start":{"line":471,"column":0},"end":{"line":471,"column":0}},"471":{"start":{"line":472,"column":0},"end":{"line":472,"column":67}},"472":{"start":{"line":473,"column":0},"end":{"line":473,"column":78}},"473":{"start":{"line":474,"column":0},"end":{"line":474,"column":43}},"474":{"start":{"line":475,"column":0},"end":{"line":475,"column":73}},"475":{"start":{"line":476,"column":0},"end":{"line":476,"column":58}},"476":{"start":{"line":477,"column":0},"end":{"line":477,"column":60}},"477":{"start":{"line":478,"column":0},"end":{"line":478,"column":22}},"478":{"start":{"line":479,"column":0},"end":{"line":479,"column":57}},"479":{"start":{"line":480,"column":0},"end":{"line":480,"column":9}},"480":{"start":{"line":481,"column":0},"end":{"line":481,"column":22}},"481":{"start":{"line":482,"column":0},"end":{"line":482,"column":9}},"482":{"start":{"line":483,"column":0},"end":{"line":483,"column":51}},"483":{"start":{"line":484,"column":0},"end":{"line":484,"column":25}},"484":{"start":{"line":485,"column":0},"end":{"line":485,"column":25}},"485":{"start":{"line":486,"column":0},"end":{"line":486,"column":36}},"486":{"start":{"line":487,"column":0},"end":{"line":487,"column":40}},"487":{"start":{"line":488,"column":0},"end":{"line":488,"column":9}},"488":{"start":{"line":489,"column":0},"end":{"line":489,"column":77}},"489":{"start":{"line":490,"column":0},"end":{"line":490,"column":12}},"490":{"start":{"line":491,"column":0},"end":{"line":491,"column":8}},"491":{"start":{"line":492,"column":0},"end":{"line":492,"column":0}},"492":{"start":{"line":493,"column":0},"end":{"line":493,"column":47}},"493":{"start":{"line":494,"column":0},"end":{"line":494,"column":5}},"494":{"start":{"line":495,"column":0},"end":{"line":495,"column":7}},"495":{"start":{"line":496,"column":0},"end":{"line":496,"column":62}},"496":{"start":{"line":497,"column":0},"end":{"line":497,"column":7}},"497":{"start":{"line":498,"column":0},"end":{"line":498,"column":25}},"498":{"start":{"line":499,"column":0},"end":{"line":499,"column":53}},"499":{"start":{"line":500,"column":0},"end":{"line":500,"column":40}},"500":{"start":{"line":501,"column":0},"end":{"line":501,"column":74}},"501":{"start":{"line":502,"column":0},"end":{"line":502,"column":37}},"502":{"start":{"line":503,"column":0},"end":{"line":503,"column":55}},"503":{"start":{"line":504,"column":0},"end":{"line":504,"column":8}},"504":{"start":{"line":505,"column":0},"end":{"line":505,"column":39}},"505":{"start":{"line":506,"column":0},"end":{"line":506,"column":5}},"506":{"start":{"line":507,"column":0},"end":{"line":507,"column":0}},"507":{"start":{"line":508,"column":0},"end":{"line":508,"column":7}},"508":{"start":{"line":509,"column":0},"end":{"line":509,"column":65}},"509":{"start":{"line":510,"column":0},"end":{"line":510,"column":7}},"510":{"start":{"line":511,"column":0},"end":{"line":511,"column":25}},"511":{"start":{"line":512,"column":0},"end":{"line":512,"column":63}},"512":{"start":{"line":513,"column":0},"end":{"line":513,"column":40}},"513":{"start":{"line":514,"column":0},"end":{"line":514,"column":74}},"514":{"start":{"line":515,"column":0},"end":{"line":515,"column":37}},"515":{"start":{"line":516,"column":0},"end":{"line":516,"column":55}},"516":{"start":{"line":517,"column":0},"end":{"line":517,"column":8}},"517":{"start":{"line":518,"column":0},"end":{"line":518,"column":42}},"518":{"start":{"line":519,"column":0},"end":{"line":519,"column":5}},"519":{"start":{"line":520,"column":0},"end":{"line":520,"column":0}},"520":{"start":{"line":521,"column":0},"end":{"line":521,"column":7}},"521":{"start":{"line":522,"column":0},"end":{"line":522,"column":66}},"522":{"start":{"line":523,"column":0},"end":{"line":523,"column":7}},"523":{"start":{"line":524,"column":0},"end":{"line":524,"column":25}},"524":{"start":{"line":525,"column":0},"end":{"line":525,"column":59}},"525":{"start":{"line":526,"column":0},"end":{"line":526,"column":40}},"526":{"start":{"line":527,"column":0},"end":{"line":527,"column":74}},"527":{"start":{"line":528,"column":0},"end":{"line":528,"column":37}},"528":{"start":{"line":529,"column":0},"end":{"line":529,"column":55}},"529":{"start":{"line":530,"column":0},"end":{"line":530,"column":8}},"530":{"start":{"line":531,"column":0},"end":{"line":531,"column":42}},"531":{"start":{"line":532,"column":0},"end":{"line":532,"column":5}},"532":{"start":{"line":533,"column":0},"end":{"line":533,"column":0}},"533":{"start":{"line":534,"column":0},"end":{"line":534,"column":7}},"534":{"start":{"line":535,"column":0},"end":{"line":535,"column":69}},"535":{"start":{"line":536,"column":0},"end":{"line":536,"column":7}},"536":{"start":{"line":537,"column":0},"end":{"line":537,"column":25}},"537":{"start":{"line":538,"column":0},"end":{"line":538,"column":63}},"538":{"start":{"line":539,"column":0},"end":{"line":539,"column":40}},"539":{"start":{"line":540,"column":0},"end":{"line":540,"column":74}},"540":{"start":{"line":541,"column":0},"end":{"line":541,"column":37}},"541":{"start":{"line":542,"column":0},"end":{"line":542,"column":55}},"542":{"start":{"line":543,"column":0},"end":{"line":543,"column":8}},"543":{"start":{"line":544,"column":0},"end":{"line":544,"column":42}},"544":{"start":{"line":545,"column":0},"end":{"line":545,"column":5}},"545":{"start":{"line":546,"column":0},"end":{"line":546,"column":0}},"546":{"start":{"line":547,"column":0},"end":{"line":547,"column":7}},"547":{"start":{"line":548,"column":0},"end":{"line":548,"column":70}},"548":{"start":{"line":549,"column":0},"end":{"line":549,"column":7}},"549":{"start":{"line":550,"column":0},"end":{"line":550,"column":25}},"550":{"start":{"line":551,"column":0},"end":{"line":551,"column":68}},"551":{"start":{"line":552,"column":0},"end":{"line":552,"column":40}},"552":{"start":{"line":553,"column":0},"end":{"line":553,"column":74}},"553":{"start":{"line":554,"column":0},"end":{"line":554,"column":37}},"554":{"start":{"line":555,"column":0},"end":{"line":555,"column":55}},"555":{"start":{"line":556,"column":0},"end":{"line":556,"column":8}},"556":{"start":{"line":557,"column":0},"end":{"line":557,"column":46}},"557":{"start":{"line":558,"column":0},"end":{"line":558,"column":5}},"558":{"start":{"line":559,"column":0},"end":{"line":559,"column":0}},"559":{"start":{"line":560,"column":0},"end":{"line":560,"column":7}},"560":{"start":{"line":561,"column":0},"end":{"line":561,"column":72}},"561":{"start":{"line":562,"column":0},"end":{"line":562,"column":7}},"562":{"start":{"line":563,"column":0},"end":{"line":563,"column":25}},"563":{"start":{"line":564,"column":0},"end":{"line":564,"column":56}},"564":{"start":{"line":565,"column":0},"end":{"line":565,"column":40}},"565":{"start":{"line":566,"column":0},"end":{"line":566,"column":74}},"566":{"start":{"line":567,"column":0},"end":{"line":567,"column":37}},"567":{"start":{"line":568,"column":0},"end":{"line":568,"column":55}},"568":{"start":{"line":569,"column":0},"end":{"line":569,"column":8}},"569":{"start":{"line":570,"column":0},"end":{"line":570,"column":40}},"570":{"start":{"line":571,"column":0},"end":{"line":571,"column":5}},"571":{"start":{"line":572,"column":0},"end":{"line":572,"column":0}},"572":{"start":{"line":573,"column":0},"end":{"line":573,"column":7}},"573":{"start":{"line":574,"column":0},"end":{"line":574,"column":50}},"574":{"start":{"line":575,"column":0},"end":{"line":575,"column":7}},"575":{"start":{"line":576,"column":0},"end":{"line":576,"column":25}},"576":{"start":{"line":577,"column":0},"end":{"line":577,"column":37}},"577":{"start":{"line":578,"column":0},"end":{"line":578,"column":40}},"578":{"start":{"line":579,"column":0},"end":{"line":579,"column":74}},"579":{"start":{"line":580,"column":0},"end":{"line":580,"column":37}},"580":{"start":{"line":581,"column":0},"end":{"line":581,"column":55}},"581":{"start":{"line":582,"column":0},"end":{"line":582,"column":8}},"582":{"start":{"line":583,"column":0},"end":{"line":583,"column":32}},"583":{"start":{"line":584,"column":0},"end":{"line":584,"column":5}},"584":{"start":{"line":585,"column":0},"end":{"line":585,"column":0}},"585":{"start":{"line":586,"column":0},"end":{"line":586,"column":7}},"586":{"start":{"line":587,"column":0},"end":{"line":587,"column":51}},"587":{"start":{"line":588,"column":0},"end":{"line":588,"column":7}},"588":{"start":{"line":589,"column":0},"end":{"line":589,"column":25}},"589":{"start":{"line":590,"column":0},"end":{"line":590,"column":38}},"590":{"start":{"line":591,"column":0},"end":{"line":591,"column":40}},"591":{"start":{"line":592,"column":0},"end":{"line":592,"column":74}},"592":{"start":{"line":593,"column":0},"end":{"line":593,"column":37}},"593":{"start":{"line":594,"column":0},"end":{"line":594,"column":55}},"594":{"start":{"line":595,"column":0},"end":{"line":595,"column":8}},"595":{"start":{"line":596,"column":0},"end":{"line":596,"column":32}},"596":{"start":{"line":597,"column":0},"end":{"line":597,"column":5}},"597":{"start":{"line":598,"column":0},"end":{"line":598,"column":3}},"598":{"start":{"line":599,"column":0},"end":{"line":599,"column":0}},"599":{"start":{"line":600,"column":0},"end":{"line":600,"column":26}},"600":{"start":{"line":601,"column":0},"end":{"line":601,"column":1}}},"s":{"0":1,"1":1,"2":1,"3":1,"4":1,"5":1,"6":1,"7":1,"8":1,"9":1,"10":1,"11":1,"12":1,"13":1,"14":1,"15":1,"16":1,"17":1,"18":1,"19":1,"20":1,"21":1,"22":1,"23":1,"24":1,"25":1,"26":1,"27":1,"28":1,"29":1,"30":1,"31":1,"32":1,"33":1,"34":1,"35":1,"36":1,"37":1,"38":1,"39":1,"40":1,"41":1,"42":1,"43":1,"44":1,"45":1,"46":1,"47":1,"48":1,"49":1,"50":1,"51":1,"52":1,"53":1,"54":1,"55":1,"56":1,"57":1,"58":1,"59":1,"60":1,"61":1,"62":1,"63":1,"64":1,"65":1,"66":1,"67":1,"68":1,"69":1,"70":1,"71":1,"72":1,"73":1,"74":1,"75":1,"76":1,"77":1,"78":1,"79":1,"80":1,"81":1,"82":1,"83":1,"84":20,"85":20,"86":20,"87":20,"88":20,"89":20,"90":20,"91":20,"92":20,"93":20,"94":20,"95":20,"96":20,"97":20,"98":20,"99":20,"100":20,"101":20,"102":20,"103":20,"104":20,"105":20,"106":20,"107":20,"108":20,"109":20,"110":20,"111":20,"112":20,"113":20,"114":20,"115":20,"116":1,"117":1,"118":1,"119":1,"120":1,"121":1116,"122":1116,"123":1116,"124":1116,"125":1116,"126":1116,"127":1116,"128":1116,"129":1116,"130":1116,"131":1116,"132":1,"133":1,"134":1,"135":1,"136":1,"137":1,"138":1496,"139":1496,"140":1496,"141":1496,"142":1496,"143":1496,"144":1496,"145":1496,"146":1496,"147":1496,"148":1496,"149":1496,"150":1496,"151":1496,"152":1496,"153":1496,"154":1496,"155":1496,"156":1496,"157":1496,"158":1496,"159":1,"160":370,"161":370,"162":1,"163":1,"164":1,"165":1,"166":1,"167":1,"168":1,"169":1,"170":1,"171":1,"172":1,"173":1,"174":1,"175":1,"176":1,"177":1,"178":27,"179":27,"180":27,"181":27,"182":27,"183":27,"184":27,"185":27,"186":27,"187":27,"188":1502,"189":1502,"190":1502,"191":1502,"192":1502,"193":1502,"194":1502,"195":1502,"196":1502,"197":1502,"198":1502,"199":1502,"200":1502,"201":1502,"202":1502,"203":1502,"204":1502,"205":1502,"206":1502,"207":1502,"208":1502,"209":20,"210":20,"211":20,"212":20,"213":20,"214":20,"215":20,"216":20,"217":20,"218":20,"219":20,"220":20,"221":20,"222":20,"223":20,"224":20,"225":20,"226":20,"227":20,"228":1502,"229":1502,"230":1502,"231":1502,"232":1502,"233":1502,"234":1502,"235":1502,"236":1502,"237":1502,"238":1502,"239":1502,"240":1502,"241":1502,"242":1502,"243":1502,"244":1502,"245":1502,"246":1502,"247":646,"248":646,"249":646,"250":646,"251":646,"252":1502,"253":1502,"254":1502,"255":118,"256":118,"257":1502,"258":1502,"259":1502,"260":1502,"261":1502,"262":1502,"263":118,"264":118,"265":118,"266":118,"267":1502,"268":1502,"269":1502,"270":1502,"271":1502,"272":1502,"273":1502,"274":54,"275":54,"276":54,"277":54,"278":54,"279":54,"280":6,"281":6,"282":6,"283":0,"284":0,"285":0,"286":0,"287":6,"288":54,"289":54,"290":54,"291":54,"292":54,"293":54,"294":54,"295":54,"296":54,"297":54,"298":54,"299":54,"300":54,"301":54,"302":54,"303":54,"304":54,"305":54,"306":54,"307":54,"308":54,"309":1502,"310":1502,"311":1502,"312":1502,"313":1502,"314":1502,"315":1502,"316":1502,"317":48,"318":48,"319":48,"320":48,"321":48,"322":48,"323":48,"324":48,"325":48,"326":48,"327":48,"328":48,"329":48,"330":48,"331":48,"332":48,"333":48,"334":48,"335":48,"336":48,"337":48,"338":48,"339":0,"340":0,"341":0,"342":0,"343":48,"344":48,"345":48,"346":1502,"347":1502,"348":1502,"349":1502,"350":1502,"351":1502,"352":1502,"353":1502,"354":1502,"355":48,"356":48,"357":48,"358":48,"359":48,"360":48,"361":48,"362":48,"363":1502,"364":1502,"365":1502,"366":1502,"367":1502,"368":1502,"369":1502,"370":1502,"371":1502,"372":1502,"373":114,"374":114,"375":114,"376":114,"377":114,"378":114,"379":114,"380":114,"381":114,"382":114,"383":114,"384":114,"385":114,"386":114,"387":114,"388":114,"389":114,"390":114,"391":114,"392":114,"393":114,"394":114,"395":1502,"396":1502,"397":1502,"398":1502,"399":1502,"400":1502,"401":1502,"402":1502,"403":48,"404":48,"405":48,"406":48,"407":48,"408":48,"409":48,"410":1502,"411":1502,"412":1502,"413":1502,"414":1502,"415":1502,"416":48,"417":48,"418":48,"419":48,"420":48,"421":48,"422":48,"423":1502,"424":1502,"425":1502,"426":1502,"427":1502,"428":1502,"429":48,"430":48,"431":48,"432":48,"433":48,"434":48,"435":48,"436":1502,"437":1502,"438":1502,"439":1502,"440":1502,"441":1502,"442":1502,"443":1502,"444":48,"445":48,"446":48,"447":48,"448":48,"449":48,"450":48,"451":48,"452":48,"453":48,"454":48,"455":48,"456":48,"457":48,"458":48,"459":1502,"460":1502,"461":1502,"462":64,"463":64,"464":64,"465":64,"466":64,"467":64,"468":64,"469":64,"470":64,"471":64,"472":64,"473":64,"474":64,"475":16,"476":16,"477":16,"478":0,"479":0,"480":16,"481":64,"482":64,"483":64,"484":64,"485":64,"486":64,"487":64,"488":64,"489":64,"490":64,"491":64,"492":64,"493":64,"494":1502,"495":1502,"496":1502,"497":1502,"498":1502,"499":48,"500":48,"501":48,"502":48,"503":48,"504":48,"505":48,"506":1502,"507":1502,"508":1502,"509":1502,"510":1502,"511":1502,"512":48,"513":48,"514":48,"515":48,"516":48,"517":48,"518":48,"519":1502,"520":1502,"521":1502,"522":1502,"523":1502,"524":1502,"525":48,"526":48,"527":48,"528":48,"529":48,"530":48,"531":48,"532":1502,"533":1502,"534":1502,"535":1502,"536":1502,"537":1502,"538":48,"539":48,"540":48,"541":48,"542":48,"543":48,"544":48,"545":1502,"546":1502,"547":1502,"548":1502,"549":1502,"550":1502,"551":48,"552":48,"553":48,"554":48,"555":48,"556":48,"557":48,"558":1502,"559":1502,"560":1502,"561":1502,"562":1502,"563":1502,"564":48,"565":48,"566":48,"567":48,"568":48,"569":48,"570":48,"571":1502,"572":1502,"573":1502,"574":1502,"575":1502,"576":1502,"577":56,"578":56,"579":56,"580":56,"581":56,"582":56,"583":56,"584":1502,"585":1502,"586":1502,"587":1502,"588":1502,"589":1502,"590":56,"591":56,"592":56,"593":56,"594":56,"595":56,"596":56,"597":1502,"598":27,"599":27,"600":27},"branchMap":{"0":{"type":"branch","line":84,"loc":{"start":{"line":84,"column":9},"end":{"line":116,"column":3}},"locations":[{"start":{"line":84,"column":9},"end":{"line":116,"column":3}}]},"1":{"type":"branch","line":121,"loc":{"start":{"line":121,"column":2},"end":{"line":132,"column":3}},"locations":[{"start":{"line":121,"column":2},"end":{"line":132,"column":3}}]},"2":{"type":"branch","line":138,"loc":{"start":{"line":138,"column":9},"end":{"line":159,"column":3}},"locations":[{"start":{"line":138,"column":9},"end":{"line":159,"column":3}}]},"3":{"type":"branch","line":160,"loc":{"start":{"line":160,"column":9},"end":{"line":162,"column":3}},"locations":[{"start":{"line":160,"column":9},"end":{"line":162,"column":3}}]},"4":{"type":"branch","line":179,"loc":{"start":{"line":179,"column":0},"end":{"line":601,"column":1}},"locations":[{"start":{"line":179,"column":0},"end":{"line":601,"column":1}}]},"5":{"type":"branch","line":274,"loc":{"start":{"line":274,"column":52},"end":{"line":274,"column":55}},"locations":[{"start":{"line":274,"column":52},"end":{"line":274,"column":55}}]},"6":{"type":"branch","line":317,"loc":{"start":{"line":317,"column":42},"end":{"line":317,"column":45}},"locations":[{"start":{"line":317,"column":42},"end":{"line":317,"column":45}}]},"7":{"type":"branch","line":317,"loc":{"start":{"line":317,"column":52},"end":{"line":317,"column":72}},"locations":[{"start":{"line":317,"column":52},"end":{"line":317,"column":72}}]},"8":{"type":"branch","line":355,"loc":{"start":{"line":355,"column":35},"end":{"line":355,"column":37}},"locations":[{"start":{"line":355,"column":35},"end":{"line":355,"column":37}}]},"9":{"type":"branch","line":355,"loc":{"start":{"line":355,"column":53},"end":{"line":355,"column":56}},"locations":[{"start":{"line":355,"column":53},"end":{"line":355,"column":56}}]},"10":{"type":"branch","line":373,"loc":{"start":{"line":373,"column":50},"end":{"line":373,"column":53}},"locations":[{"start":{"line":373,"column":50},"end":{"line":373,"column":53}}]},"11":{"type":"branch","line":403,"loc":{"start":{"line":403,"column":46},"end":{"line":403,"column":49}},"locations":[{"start":{"line":403,"column":46},"end":{"line":403,"column":49}}]},"12":{"type":"branch","line":416,"loc":{"start":{"line":416,"column":26},"end":{"line":416,"column":34}},"locations":[{"start":{"line":416,"column":26},"end":{"line":416,"column":34}}]},"13":{"type":"branch","line":429,"loc":{"start":{"line":429,"column":27},"end":{"line":429,"column":35}},"locations":[{"start":{"line":429,"column":27},"end":{"line":429,"column":35}}]},"14":{"type":"branch","line":444,"loc":{"start":{"line":444,"column":41},"end":{"line":444,"column":44}},"locations":[{"start":{"line":444,"column":41},"end":{"line":444,"column":44}}]},"15":{"type":"branch","line":444,"loc":{"start":{"line":444,"column":51},"end":{"line":444,"column":64}},"locations":[{"start":{"line":444,"column":51},"end":{"line":444,"column":64}}]},"16":{"type":"branch","line":463,"loc":{"start":{"line":463,"column":25},"end":{"line":463,"column":26}},"locations":[{"start":{"line":463,"column":25},"end":{"line":463,"column":26}}]},"17":{"type":"branch","line":464,"loc":{"start":{"line":464,"column":24},"end":{"line":464,"column":25}},"locations":[{"start":{"line":464,"column":24},"end":{"line":464,"column":25}}]},"18":{"type":"branch","line":466,"loc":{"start":{"line":466,"column":14},"end":{"line":466,"column":22}},"locations":[{"start":{"line":466,"column":14},"end":{"line":466,"column":22}}]},"19":{"type":"branch","line":499,"loc":{"start":{"line":499,"column":35},"end":{"line":499,"column":38}},"locations":[{"start":{"line":499,"column":35},"end":{"line":499,"column":38}}]},"20":{"type":"branch","line":499,"loc":{"start":{"line":499,"column":45},"end":{"line":499,"column":53}},"locations":[{"start":{"line":499,"column":45},"end":{"line":499,"column":53}}]},"21":{"type":"branch","line":512,"loc":{"start":{"line":512,"column":45},"end":{"line":512,"column":48}},"locations":[{"start":{"line":512,"column":45},"end":{"line":512,"column":48}}]},"22":{"type":"branch","line":512,"loc":{"start":{"line":512,"column":55},"end":{"line":512,"column":63}},"locations":[{"start":{"line":512,"column":55},"end":{"line":512,"column":63}}]},"23":{"type":"branch","line":525,"loc":{"start":{"line":525,"column":41},"end":{"line":525,"column":44}},"locations":[{"start":{"line":525,"column":41},"end":{"line":525,"column":44}}]},"24":{"type":"branch","line":525,"loc":{"start":{"line":525,"column":51},"end":{"line":525,"column":59}},"locations":[{"start":{"line":525,"column":51},"end":{"line":525,"column":59}}]},"25":{"type":"branch","line":538,"loc":{"start":{"line":538,"column":45},"end":{"line":538,"column":48}},"locations":[{"start":{"line":538,"column":45},"end":{"line":538,"column":48}}]},"26":{"type":"branch","line":538,"loc":{"start":{"line":538,"column":55},"end":{"line":538,"column":63}},"locations":[{"start":{"line":538,"column":55},"end":{"line":538,"column":63}}]},"27":{"type":"branch","line":551,"loc":{"start":{"line":551,"column":50},"end":{"line":551,"column":53}},"locations":[{"start":{"line":551,"column":50},"end":{"line":551,"column":53}}]},"28":{"type":"branch","line":551,"loc":{"start":{"line":551,"column":60},"end":{"line":551,"column":68}},"locations":[{"start":{"line":551,"column":60},"end":{"line":551,"column":68}}]},"29":{"type":"branch","line":564,"loc":{"start":{"line":564,"column":38},"end":{"line":564,"column":41}},"locations":[{"start":{"line":564,"column":38},"end":{"line":564,"column":41}}]},"30":{"type":"branch","line":564,"loc":{"start":{"line":564,"column":48},"end":{"line":564,"column":56}},"locations":[{"start":{"line":564,"column":48},"end":{"line":564,"column":56}}]},"31":{"type":"branch","line":577,"loc":{"start":{"line":577,"column":29},"end":{"line":577,"column":37}},"locations":[{"start":{"line":577,"column":29},"end":{"line":577,"column":37}}]},"32":{"type":"branch","line":590,"loc":{"start":{"line":590,"column":30},"end":{"line":590,"column":38}},"locations":[{"start":{"line":590,"column":30},"end":{"line":590,"column":38}}]},"33":{"type":"branch","line":188,"loc":{"start":{"line":188,"column":2},"end":{"line":598,"column":3}},"locations":[{"start":{"line":188,"column":2},"end":{"line":598,"column":3}}]},"34":{"type":"branch","line":209,"loc":{"start":{"line":209,"column":4},"end":{"line":228,"column":5}},"locations":[{"start":{"line":209,"column":4},"end":{"line":228,"column":5}}]},"35":{"type":"branch","line":247,"loc":{"start":{"line":247,"column":4},"end":{"line":252,"column":5}},"locations":[{"start":{"line":247,"column":4},"end":{"line":252,"column":5}}]},"36":{"type":"branch","line":255,"loc":{"start":{"line":255,"column":4},"end":{"line":257,"column":5}},"locations":[{"start":{"line":255,"column":4},"end":{"line":257,"column":5}}]},"37":{"type":"branch","line":263,"loc":{"start":{"line":263,"column":4},"end":{"line":267,"column":5}},"locations":[{"start":{"line":263,"column":4},"end":{"line":267,"column":5}}]},"38":{"type":"branch","line":274,"loc":{"start":{"line":274,"column":10},"end":{"line":309,"column":5}},"locations":[{"start":{"line":274,"column":10},"end":{"line":309,"column":5}}]},"39":{"type":"branch","line":280,"loc":{"start":{"line":280,"column":66},"end":{"line":289,"column":7}},"locations":[{"start":{"line":280,"column":66},"end":{"line":289,"column":7}}]},"40":{"type":"branch","line":283,"loc":{"start":{"line":283,"column":21},"end":{"line":287,"column":9}},"locations":[{"start":{"line":283,"column":21},"end":{"line":287,"column":9}}]},"41":{"type":"branch","line":317,"loc":{"start":{"line":317,"column":10},"end":{"line":346,"column":5}},"locations":[{"start":{"line":317,"column":10},"end":{"line":346,"column":5}}]},"42":{"type":"branch","line":355,"loc":{"start":{"line":355,"column":10},"end":{"line":363,"column":5}},"locations":[{"start":{"line":355,"column":10},"end":{"line":363,"column":5}}]},"43":{"type":"branch","line":373,"loc":{"start":{"line":373,"column":10},"end":{"line":395,"column":5}},"locations":[{"start":{"line":373,"column":10},"end":{"line":395,"column":5}}]},"44":{"type":"branch","line":403,"loc":{"start":{"line":403,"column":10},"end":{"line":410,"column":5}},"locations":[{"start":{"line":403,"column":10},"end":{"line":410,"column":5}}]},"45":{"type":"branch","line":416,"loc":{"start":{"line":416,"column":10},"end":{"line":423,"column":5}},"locations":[{"start":{"line":416,"column":10},"end":{"line":423,"column":5}}]},"46":{"type":"branch","line":429,"loc":{"start":{"line":429,"column":10},"end":{"line":436,"column":5}},"locations":[{"start":{"line":429,"column":10},"end":{"line":436,"column":5}}]},"47":{"type":"branch","line":444,"loc":{"start":{"line":444,"column":10},"end":{"line":459,"column":5}},"locations":[{"start":{"line":444,"column":10},"end":{"line":459,"column":5}}]},"48":{"type":"branch","line":462,"loc":{"start":{"line":462,"column":10},"end":{"line":494,"column":5}},"locations":[{"start":{"line":462,"column":10},"end":{"line":494,"column":5}}]},"49":{"type":"branch","line":475,"loc":{"start":{"line":475,"column":66},"end":{"line":482,"column":7}},"locations":[{"start":{"line":475,"column":66},"end":{"line":482,"column":7}}]},"50":{"type":"branch","line":478,"loc":{"start":{"line":478,"column":21},"end":{"line":480,"column":9}},"locations":[{"start":{"line":478,"column":21},"end":{"line":480,"column":9}}]},"51":{"type":"branch","line":499,"loc":{"start":{"line":499,"column":10},"end":{"line":506,"column":5}},"locations":[{"start":{"line":499,"column":10},"end":{"line":506,"column":5}}]},"52":{"type":"branch","line":512,"loc":{"start":{"line":512,"column":10},"end":{"line":519,"column":5}},"locations":[{"start":{"line":512,"column":10},"end":{"line":519,"column":5}}]},"53":{"type":"branch","line":525,"loc":{"start":{"line":525,"column":10},"end":{"line":532,"column":5}},"locations":[{"start":{"line":525,"column":10},"end":{"line":532,"column":5}}]},"54":{"type":"branch","line":538,"loc":{"start":{"line":538,"column":10},"end":{"line":545,"column":5}},"locations":[{"start":{"line":538,"column":10},"end":{"line":545,"column":5}}]},"55":{"type":"branch","line":551,"loc":{"start":{"line":551,"column":10},"end":{"line":558,"column":5}},"locations":[{"start":{"line":551,"column":10},"end":{"line":558,"column":5}}]},"56":{"type":"branch","line":564,"loc":{"start":{"line":564,"column":10},"end":{"line":571,"column":5}},"locations":[{"start":{"line":564,"column":10},"end":{"line":571,"column":5}}]},"57":{"type":"branch","line":577,"loc":{"start":{"line":577,"column":10},"end":{"line":584,"column":5}},"locations":[{"start":{"line":577,"column":10},"end":{"line":584,"column":5}}]},"58":{"type":"branch","line":590,"loc":{"start":{"line":590,"column":10},"end":{"line":597,"column":5}},"locations":[{"start":{"line":590,"column":10},"end":{"line":597,"column":5}}]}},"b":{"0":[20],"1":[1116],"2":[1496],"3":[370],"4":[27],"5":[0],"6":[0],"7":[0],"8":[0],"9":[0],"10":[0],"11":[0],"12":[0],"13":[0],"14":[0],"15":[0],"16":[0],"17":[0],"18":[0],"19":[0],"20":[0],"21":[0],"22":[0],"23":[0],"24":[0],"25":[0],"26":[0],"27":[0],"28":[0],"29":[0],"30":[0],"31":[0],"32":[0],"33":[1502],"34":[20],"35":[646],"36":[118],"37":[118],"38":[54],"39":[6],"40":[0],"41":[48],"42":[48],"43":[114],"44":[48],"45":[48],"46":[48],"47":[48],"48":[64],"49":[16],"50":[0],"51":[48],"52":[48],"53":[48],"54":[48],"55":[48],"56":[48],"57":[56],"58":[56]},"fnMap":{"0":{"name":"new","decl":{"start":{"line":84,"column":9},"end":{"line":116,"column":3}},"loc":{"start":{"line":84,"column":9},"end":{"line":116,"column":3}},"line":84},"1":{"name":"pack","decl":{"start":{"line":121,"column":2},"end":{"line":132,"column":3}},"loc":{"start":{"line":121,"column":2},"end":{"line":132,"column":3}},"line":121},"2":{"name":"unpack","decl":{"start":{"line":138,"column":9},"end":{"line":159,"column":3}},"loc":{"start":{"line":138,"column":9},"end":{"line":159,"column":3}},"line":138},"3":{"name":"isPaused","decl":{"start":{"line":160,"column":9},"end":{"line":162,"column":3}},"loc":{"start":{"line":160,"column":9},"end":{"line":162,"column":3}},"line":160},"4":{"name":"NFTAdvancedAdminContract","decl":{"start":{"line":179,"column":0},"end":{"line":601,"column":1}},"loc":{"start":{"line":179,"column":0},"end":{"line":601,"column":1}},"line":179},"5":{"name":"NFTAdvancedAdmin","decl":{"start":{"line":188,"column":2},"end":{"line":598,"column":3}},"loc":{"start":{"line":188,"column":2},"end":{"line":598,"column":3}},"line":188},"6":{"name":"deploy","decl":{"start":{"line":209,"column":4},"end":{"line":228,"column":5}},"loc":{"start":{"line":209,"column":4},"end":{"line":228,"column":5}},"line":209},"7":{"name":"ensureOwnerSignature","decl":{"start":{"line":247,"column":4},"end":{"line":252,"column":5}},"loc":{"start":{"line":247,"column":4},"end":{"line":252,"column":5}},"line":247},"8":{"name":"get getUpgradeContractConstructor","decl":{"start":{"line":255,"column":4},"end":{"line":257,"column":5}},"loc":{"start":{"line":255,"column":4},"end":{"line":257,"column":5}},"line":255},"9":{"name":"getUpgradeContract","decl":{"start":{"line":263,"column":4},"end":{"line":267,"column":5}},"loc":{"start":{"line":263,"column":4},"end":{"line":267,"column":5}},"line":263},"10":{"name":"upgradeVerificationKey","decl":{"start":{"line":274,"column":10},"end":{"line":309,"column":5}},"loc":{"start":{"line":274,"column":10},"end":{"line":309,"column":5}},"line":274},"11":{"name":"canMint","decl":{"start":{"line":317,"column":10},"end":{"line":346,"column":5}},"loc":{"start":{"line":317,"column":10},"end":{"line":346,"column":5}},"line":317},"12":{"name":"canUpdate","decl":{"start":{"line":355,"column":10},"end":{"line":363,"column":5}},"loc":{"start":{"line":355,"column":10},"end":{"line
[...]
mn":0},"end":{"line":6,"column":0}},"6":{"start":{"line":7,"column":0},"end":{"line":7,"column":79}},"7":{"start":{"line":8,"column":0},"end":{"line":8,"column":50}},"8":{"start":{"line":9,"column":0},"end":{"line":9,"column":79}},"9":{"start":{"line":10,"column":0},"end":{"line":10,"column":60}},"10":{"start":{"line":11,"column":0},"end":{"line":11,"column":62}},"11":{"start":{"line":12,"column":0},"end":{"line":12,"column":26}},"12":{"start":{"line":13,"column":0},"end":{"line":13,"column":0}},"13":{"start":{"line":14,"column":0},"end":{"line":14,"column":3}},"14":{"start":{"line":15,"column":0},"end":{"line":15,"column":75}},"15":{"start":{"line":16,"column":0},"end":{"line":16,"column":3}},"16":{"start":{"line":17,"column":0},"end":{"line":17,"column":34}},"17":{"start":{"line":18,"column":0},"end":{"line":18,"column":25}},"18":{"start":{"line":19,"column":0},"end":{"line":19,"column":24}},"19":{"start":{"line":20,"column":0},"end":{"line":20,"column":25}},"20":{"start":{"line":21,"column":0},"end":{"line":21,"column":12}},"21":{"start":{"line":22,"column":0},"end":{"line":22,"column":7}},"22":{"start":{"line":23,"column":0},"end":{"line":23,"column":65}},"23":{"start":{"line":24,"column":0},"end":{"line":24,"column":6}},"24":{"start":{"line":25,"column":0},"end":{"line":25,"column":171}},"25":{"start":{"line":26,"column":0},"end":{"line":26,"column":6}},"26":{"start":{"line":27,"column":0},"end":{"line":27,"column":15}},"27":{"start":{"line":28,"column":0},"end":{"line":28,"column":98}},"28":{"start":{"line":29,"column":0},"end":{"line":29,"column":114}},"29":{"start":{"line":30,"column":0},"end":{"line":30,"column":101}},"30":{"start":{"line":31,"column":0},"end":{"line":31,"column":7}},"31":{"start":{"line":32,"column":0},"end":{"line":32,"column":29}},"32":{"start":{"line":33,"column":0},"end":{"line":33,"column":80}},"33":{"start":{"line":34,"column":0},"end":{"line":34,"column":35}},"34":{"start":{"line":35,"column":0},"end":{"line":35,"column":19}},"35":{"start":{"line":36,"column":0},"end":{"line":36,"column":31}},"36":{"start":{"line":37,"column":0},"end":{"line":37,"column":30}},"37":{"start":{"line":38,"column":0},"end":{"line":38,"column":28}},"38":{"start":{"line":39,"column":0},"end":{"line":39,"column":21}},"39":{"start":{"line":40,"column":0},"end":{"line":40,"column":21}},"40":{"start":{"line":41,"column":0},"end":{"line":41,"column":25}},"41":{"start":{"line":42,"column":0},"end":{"line":42,"column":24}},"42":{"start":{"line":43,"column":0},"end":{"line":43,"column":76}},"43":{"start":{"line":44,"column":0},"end":{"line":44,"column":58}},"44":{"start":{"line":45,"column":0},"end":{"line":45,"column":21}},"45":{"start":{"line":46,"column":0},"end":{"line":46,"column":35}},"46":{"start":{"line":47,"column":0},"end":{"line":47,"column":67}},"47":{"start":{"line":48,"column":0},"end":{"line":48,"column":10}},"48":{"start":{"line":49,"column":0},"end":{"line":49,"column":21}},"49":{"start":{"line":50,"column":0},"end":{"line":50,"column":35}},"50":{"start":{"line":51,"column":0},"end":{"line":51,"column":67}},"51":{"start":{"line":52,"column":0},"end":{"line":52,"column":10}},"52":{"start":{"line":53,"column":0},"end":{"line":53,"column":58}},"53":{"start":{"line":54,"column":0},"end":{"line":54,"column":59}},"54":{"start":{"line":55,"column":0},"end":{"line":55,"column":59}},"55":{"start":{"line":56,"column":0},"end":{"line":56,"column":63}},"56":{"start":{"line":57,"column":0},"end":{"line":57,"column":17}},"57":{"start":{"line":58,"column":0},"end":{"line":58,"column":68}},"58":{"start":{"line":59,"column":0},"end":{"line":59,"column":27}},"59":{"start":{"line":60,"column":0},"end":{"line":60,"column":42}},"60":{"start":{"line":61,"column":0},"end":{"line":61,"column":24}},"61":{"start":{"line":62,"column":0},"end":{"line":62,"column":10}},"62":{"start":{"line":63,"column":0},"end":{"line":63,"column":17}},"63":{"start":{"line":64,"column":0},"end":{"line":64,"column":72}},"64":{"start":{"line":65,"column":0},"end":{"line":65,"column":0}},"65":{"start":{"line":66,"column":0},"end":{"line":66,"column":58}},"66":{"start":{"line":67,"column":0},"end":{"line":67,"column":0}},"67":{"start":{"line":68,"column":0},"end":{"line":68,"column":80}},"68":{"start":{"line":69,"column":0},"end":{"line":69,"column":76}},"69":{"start":{"line":70,"column":0},"end":{"line":70,"column":79}},"70":{"start":{"line":71,"column":0},"end":{"line":71,"column":72}},"71":{"start":{"line":72,"column":0},"end":{"line":72,"column":77}},"72":{"start":{"line":73,"column":0},"end":{"line":73,"column":42}},"73":{"start":{"line":74,"column":0},"end":{"line":74,"column":55}},"74":{"start":{"line":75,"column":0},"end":{"line":75,"column":12}},"75":{"start":{"line":76,"column":0},"end":{"line":76,"column":32}},"76":{"start":{"line":77,"column":0},"end":{"line":77,"column":56}},"77":{"start":{"line":78,"column":0},"end":{"line":78,"column":11}},"78":{"start":{"line":79,"column":0},"end":{"line":79,"column":48}},"79":{"start":{"line":80,"column":0},"end":{"line":80,"column":22}},"80":{"start":{"line":81,"column":0},"end":{"line":81,"column":56}},"81":{"start":{"line":82,"column":0},"end":{"line":82,"column":11}},"82":{"start":{"line":83,"column":0},"end":{"line":83,"column":0}},"83":{"start":{"line":84,"column":0},"end":{"line":84,"column":46}},"84":{"start":{"line":85,"column":0},"end":{"line":85,"column":17}},"85":{"start":{"line":86,"column":0},"end":{"line":86,"column":28}},"86":{"start":{"line":87,"column":0},"end":{"line":87,"column":13}},"87":{"start":{"line":88,"column":0},"end":{"line":88,"column":35}},"88":{"start":{"line":89,"column":0},"end":{"line":89,"column":11}},"89":{"start":{"line":90,"column":0},"end":{"line":90,"column":49}},"90":{"start":{"line":91,"column":0},"end":{"line":91,"column":0}},"91":{"start":{"line":92,"column":0},"end":{"line":92,"column":96}},"92":{"start":{"line":93,"column":0},"end":{"line":93,"column":13}},"93":{"start":{"line":94,"column":0},"end":{"line":94,"column":37}},"94":{"start":{"line":95,"column":0},"end":{"line":95,"column":37}},"95":{"start":{"line":96,"column":0},"end":{"line":96,"column":24}},"96":{"start":{"line":97,"column":0},"end":{"line":97,"column":0}},"97":{"start":{"line":98,"column":0},"end":{"line":98,"column":16}},"98":{"start":{"line":99,"column":0},"end":{"line":99,"column":38}},"99":{"start":{"line":100,"column":0},"end":{"line":100,"column":36}},"100":{"start":{"line":101,"column":0},"end":{"line":101,"column":18}},"101":{"start":{"line":102,"column":0},"end":{"line":102,"column":20}},"102":{"start":{"line":103,"column":0},"end":{"line":103,"column":56}},"103":{"start":{"line":104,"column":0},"end":{"line":104,"column":44}},"104":{"start":{"line":105,"column":0},"end":{"line":105,"column":36}},"105":{"start":{"line":106,"column":0},"end":{"line":106,"column":44}},"106":{"start":{"line":107,"column":0},"end":{"line":107,"column":49}},"107":{"start":{"line":108,"column":0},"end":{"line":108,"column":40}},"108":{"start":{"line":109,"column":0},"end":{"line":109,"column":55}},"109":{"start":{"line":110,"column":0},"end":{"line":110,"column":42}},"110":{"start":{"line":111,"column":0},"end":{"line":111,"column":54}},"111":{"start":{"line":112,"column":0},"end":{"line":112,"column":42}},"112":{"start":{"line":113,"column":0},"end":{"line":113,"column":13}},"113":{"start":{"line":114,"column":0},"end":{"line":114,"column":36}},"114":{"start":{"line":115,"column":0},"end":{"line":115,"column":10}},"115":{"start":{"line":116,"column":0},"end":{"line":116,"column":8}},"116":{"start":{"line":117,"column":0},"end":{"line":117,"column":6}},"117":{"start":{"line":118,"column":0},"end":{"line":118,"column":0}},"118":{"start":{"line":119,"column":0},"end":{"line":119,"column":12}},"119":{"start":{"line":120,"column":0},"end":{"line":120,"column":44}},"120":{"start":{"line":121,"column":0},"end":{"line":121,"column":19}},"121":{"start":{"line":122,"column":0},"end":{"line":122,"column":31}},"122":{"start":{"line":123,"column":0},"end":{"line":123,"column":46}},"123":{"start":{"line":124,"column":0},"end":{"line":124,"column":45}},"124":{"start":{"line":125,"column":0},"end":{"line":125,"column":9}},"125":{"start":{"line":126,"column":0},"end":{"line":126,"column":24}},"126":{"start":{"line":127,"column":0},"end":{"line":127,"column":24}},"127":{"start":{"line":128,"column":0},"end":{"line":128,"column":63}},"128":{"start":{"line":129,"column":0},"end":{"line":129,"column":70}},"129":{"start":{"line":130,"column":0},"end":{"line":130,"column":16}},"130":{"start":{"line":131,"column":0},"end":{"line":131,"column":44}},"131":{"start":{"line":132,"column":0},"end":{"line":132,"column":10}},"132":{"start":{"line":133,"column":0},"end":{"line":133,"column":8}},"133":{"start":{"line":134,"column":0},"end":{"line":134,"column":6}},"134":{"start":{"line":135,"column":0},"end":{"line":135,"column":4}},"135":{"start":{"line":136,"column":0},"end":{"line":136,"column":3}}},"s":{"0":1,"1":1,"2":1,"3":1,"4":1,"5":1,"6":1,"7":1,"8":1,"9":1,"10":1,"11":1,"12":1,"13":1,"14":1,"15":1,"16":1,"17":1,"18":1,"19":1,"20":1,"21":1,"22":1,"23":1,"24":1,"25":1,"26":1,"27":1,"28":1,"29":1,"30":1,"31":1,"32":1,"33":1,"34":1,"35":9,"36":9,"37":9,"38":9,"39":9,"40":9,"41":9,"42":9,"43":9,"44":9,"45":9,"46":9,"47":9,"48":9,"49":9,"50":9,"51":9,"52":9,"53":9,"54":9,"55":9,"56":9,"57":9,"58":9,"59":9,"60":9,"61":9,"62":9,"63":9,"64":9,"65":9,"66":9,"67":9,"68":9,"69":9,"70":9,"71":9,"72":3,"73":3,"74":3,"75":3,"76":0,"77":0,"78":3,"79":3,"80":0,"81":0,"82":3,"83":3,"84":3,"85":3,"86":3,"87":3,"88":9,"89":9,"90":9,"91":9,"92":9,"93":9,"94":9,"95":9,"96":9,"97":9,"98":9,"99":9,"100":9,"101":9,"102":9,"103":9,"104":9,"105":9,"106":9,"107":9,"108":9,"109":9,"110":9,"111":9,"112":9,"113":9,"114":9,"115":1,"116":1,"117":1,"118":1,"119":1,"120":1,"121":6,"122":6,"123":6,"124":6,"125":6,"126":6,"127":6,"128":6,"129":6,"130":6,"131":6,"132":1,"133":1,"134":1,"135":1},"branchMap":{"0":{"type":"branch","line":35,"loc":{"start":{"line":35,"column":6},"end":{"line":116,"column":7}},"locations":[{"start":{"line":35,"column":6},"end":{"line":116,"column":7}}]},"1":{"type":"branch","line":72,"loc":{"start":{"line":72,"column":64},"end":{"line":89,"column":9}},"locations":[{"start":{"line":72,"column":64},"end":{"line":89,"column":9}}]},"2":{"type":"branch","line":76,"loc":{"start":{"line":76,"column":31},"end":{"line":78,"column":11}},"locations":[{"start":{"line":76,"column":31},"end":{"line":78,"column":11}}]},"3":{"type":"branch","line":80,"loc":{"start":{"line":80,"column":21},"end":{"line":82,"column":11}},"locations":[{"start":{"line":80,"column":21},"end":{"line":82,"column":11}}]},"4":{"type":"branch","line":121,"loc":{"start":{"line":121,"column":6},"end":{"line":133,"column":7}},"locations":[{"start":{"line":121,"column":6},"end":{"line":133,"column":7}}]}},"b":{"0":[9],"1":[3],"2":[0],"3":[0],"4":[6]},"fnMap":{"0":{"name":"method","decl":{"start":{"line":35,"column":6},"end":{"line":116,"column":7}},"loc":{"start":{"line":35,"column":6},"end":{"line":116,"column":7}},"line":35},"1":{"name":"method","decl":{"start":{"line":121,"column":6},"end":{"line":133,"column":7}},"loc":{"start":{"line":121,"column":6},"end":{"line":133,"column":7}},"line":121}},"f":{"0":9,"1":6}}
,"/Users/mike/Documents/Silvana/silvana-lib/packages/nft/src/zkprogram-example/index.ts": {"path":"/Users/mike/Documents/Silvana/silvana-lib/packages/nft/src/zkprogram-example/index.ts","all":false,"statementMap":{"0":{"start":{"line":1,"column":0},"end":{"line":1,"column":28}},"1":{"start":{"line":2,"column":0},"end":{"line":2,"column":26}}},"s":{"0":1,"1":1},"branchMap":{},"b":{},"fnMap":{},"f":{}}
,"/Users/mike/Documents/Silvana/silvana-lib/packages/nft/src/zkprogram-example/update.ts": {"path":"/Users/mike/Documents/Silvana/silvana-lib/packages/nft/src/zkprogram-example/update.ts","all":false,"statementMap":{"0":{"start":{"line":1,"column":0},"end":{"line":1,"column":3}},"1":{"start":{"line":2,"column":0},"end":{"line":2,"column":87}},"2":{"start":{"line":3,"column":0},"end":{"line":3,"column":73}},"3":{"start":{"line":4,"column":0},"end":{"line":4,"column":2}},"4":{"start":{"line":5,"column":0},"end":{"line":5,"column":21}},"5":{"start":{"line":6,"column":0},"end":{"line":6,"column":3}},"6":{"start":{"line":7,"column":0},"end":{"line":7,"column":0}},"7":{"start":{"line":8,"column":0},"end":{"line":8,"column":69}},"8":{"start":{"line":9,"column":0},"end":{"line":9,"column":50}},"9":{"start":{"line":10,"column":0},"end":{"line":10,"column":54}},"10":{"start":{"line":11,"column":0},"end":{"line":11,"column":22}},"11":{"start":{"line":12,"column":0},"end":{"line":12,"column":0}},"12":{"start":{"line":13,"column":0},"end":{"line":13,"column":3}},"13":{"start":{"line":14,"column":0},"end":{"line":14,"column":75}},"14":{"start":{"line":15,"column":0},"end":{"line":15,"column":3}},"15":{"start":{"line":16,"column":0},"end":{"line":16,"column":30}},"16":{"start":{"line":17,"column":0},"end":{"line":17,"column":21}},"17":{"start":{"line":18,"column":0},"end":{"line":18,"column":24}},"18":{"start":{"line":19,"column":0},"end":{"line":19,"column":25}},"19":{"start":{"line":20,"column":0},"end":{"line":20,"column":12}},"20":{"start":{"line":21,"column":0},"end":{"line":21,"column":7}},"21":{"start":{"line":22,"column":0},"end":{"line":22,"column":69}},"22":{"start":{"line":23,"column":0},"end":{"line":23,"column":6}},"23":{"start":{"line":24,"column":0},"end":{"line":24,"column":171}},"24":{"start":{"line":25,"column":0},"end":{"line":25,"column":6}},"25":{"start":{"line":26,"column":0},"end":{"line":26,"column":15}},"26":{"start":{"line":27,"column":0},"end":{"line":27,"column":98}},"27":{"start":{"line":28,"column":0},"end":{"line":28,"column":114}},"28":{"start":{"line":29,"column":0},"end":{"line":29,"column":101}},"29":{"start":{"line":30,"column":0},"end":{"line":30,"column":7}},"30":{"start":{"line":31,"column":0},"end":{"line":31,"column":21}},"31":{"start":{"line":32,"column":0},"end":{"line":32,"column":60}},"32":{"start":{"line":33,"column":0},"end":{"line":33,"column":35}},"33":{"start":{"line":34,"column":0},"end":{"line":34,"column":19}},"34":{"start":{"line":35,"column":0},"end":{"line":35,"column":31}},"35":{"start":{"line":36,"column":0},"end":{"line":36,"column":30}},"36":{"start":{"line":37,"column":0},"end":{"line":37,"column":19}},"37":{"start":{"line":38,"column":0},"end":{"line":38,"column":21}},"38":{"start":{"line":39,"column":0},"end":{"line":39,"column":28}},"39":{"start":{"line":40,"column":0},"end":{"line":40,"column":76}},"40":{"start":{"line":41,"column":0},"end":{"line":41,"column":17}},"41":{"start":{"line":42,"column":0},"end":{"line":42,"column":39}},"42":{"start":{"line":43,"column":0},"end":{"line":43,"column":47}},"43":{"start":{"line":44,"column":0},"end":{"line":44,"column":16}},"44":{"start":{"line":45,"column":0},"end":{"line":45,"column":18}},"45":{"start":{"line":46,"column":0},"end":{"line":46,"column":12}},"46":{"start":{"line":47,"column":0},"end":{"line":47,"column":47}},"47":{"start":{"line":48,"column":0},"end":{"line":48,"column":70}},"48":{"start":{"line":49,"column":0},"end":{"line":49,"column":0}},"49":{"start":{"line":50,"column":0},"end":{"line":50,"column":16}},"50":{"start":{"line":51,"column":0},"end":{"line":51,"column":38}},"51":{"start":{"line":52,"column":0},"end":{"line":52,"column":56}},"52":{"start":{"line":53,"column":0},"end":{"line":53,"column":36}},"53":{"start":{"line":54,"column":0},"end":{"line":54,"column":38}},"54":{"start":{"line":55,"column":0},"end":{"line":55,"column":44}},"55":{"start":{"line":56,"column":0},"end":{"line":56,"column":36}},"56":{"start":{"line":57,"column":0},"end":{"line":57,"column":42}},"57":{"start":{"line":58,"column":0},"end":{"line":58,"column":44}},"58":{"start":{"line":59,"column":0},"end":{"line":59,"column":49}},"59":{"start":{"line":60,"column":0},"end":{"line":60,"column":40}},"60":{"start":{"line":61,"column":0},"end":{"line":61,"column":55}},"61":{"start":{"line":62,"column":0},"end":{"line":62,"column":42}},"62":{"start":{"line":63,"column":0},"end":{"line":63,"column":54}},"63":{"start":{"line":64,"column":0},"end":{"line":64,"column":42}},"64":{"start":{"line":65,"column":0},"end":{"line":65,"column":13}},"65":{"start":{"line":66,"column":0},"end":{"line":66,"column":36}},"66":{"start":{"line":67,"column":0},"end":{"line":67,"column":10}},"67":{"start":{"line":68,"column":0},"end":{"line":68,"column":8}},"68":{"start":{"line":69,"column":0},"end":{"line":69,"column":6}},"69":{"start":{"line":70,"column":0},"end":{"line":70,"column":7}},"70":{"start":{"line":71,"column":0},"end":{"line":71,"column":57}},"71":{"start":{"line":72,"column":0},"end":{"line":72,"column":6}},"72":{"start":{"line":73,"column":0},"end":{"line":73,"column":119}},"73":{"start":{"line":74,"column":0},"end":{"line":74,"column":6}},"74":{"start":{"line":75,"column":0},"end":{"line":75,"column":15}},"75":{"start":{"line":76,"column":0},"end":{"line":76,"column":96}},"76":{"start":{"line":77,"column":0},"end":{"line":77,"column":85}},"77":{"start":{"line":78,"column":0},"end":{"line":78,"column":98}},"78":{"start":{"line":79,"column":0},"end":{"line":79,"column":92}},"79":{"start":{"line":80,"column":0},"end":{"line":80,"column":7}},"80":{"start":{"line":81,"column":0},"end":{"line":81,"column":12}},"81":{"start":{"line":82,"column":0},"end":{"line":82,"column":44}},"82":{"start":{"line":83,"column":0},"end":{"line":83,"column":19}},"83":{"start":{"line":84,"column":0},"end":{"line":84,"column":31}},"84":{"start":{"line":85,"column":0},"end":{"line":85,"column":46}},"85":{"start":{"line":86,"column":0},"end":{"line":86,"column":45}},"86":{"start":{"line":87,"column":0},"end":{"line":87,"column":9}},"87":{"start":{"line":88,"column":0},"end":{"line":88,"column":24}},"88":{"start":{"line":89,"column":0},"end":{"line":89,"column":24}},"89":{"start":{"line":90,"column":0},"end":{"line":90,"column":63}},"90":{"start":{"line":91,"column":0},"end":{"line":91,"column":70}},"91":{"start":{"line":92,"column":0},"end":{"line":92,"column":16}},"92":{"start":{"line":93,"column":0},"end":{"line":93,"column":44}},"93":{"start":{"line":94,"column":0},"end":{"line":94,"column":10}},"94":{"start":{"line":95,"column":0},"end":{"line":95,"column":8}},"95":{"start":{"line":96,"column":0},"end":{"line":96,"column":6}},"96":{"start":{"line":97,"column":0},"end":{"line":97,"column":4}},"97":{"start":{"line":98,"column":0},"end":{"line":98,"column":3}}},"s":{"0":1,"1":1,"2":1,"3":1,"4":1,"5":1,"6":1,"7":1,"8":1,"9":1,"10":1,"11":1,"12":1,"13":1,"14":1,"15":1,"16":1,"17":1,"18":1,"19":1,"20":1,"21":1,"22":1,"23":1,"24":1,"25":1,"26":1,"27":1,"28":1,"29":1,"30":1,"31":1,"32":1,"33":1,"34":20,"35":20,"36":20,"37":20,"38":20,"39":20,"40":20,"41":20,"42":20,"43":20,"44":20,"45":20,"46":20,"47":20,"48":20,"49":20,"50":20,"51":20,"52":20,"53":20,"54":20,"55":20,"56":20,"57":20,"58":20,"59":20,"60":20,"61":20,"62":20,"63":20,"64":20,"65":20,"66":20,"67":1,"68":1,"69":1,"70":1,"71":1,"72":1,"73":1,"74":1,"75":1,"76":1,"77":1,"78":1,"79":1,"80":1,"81":1,"82":1,"83":18,"84":18,"85":18,"86":18,"87":18,"88":18,"89":18,"90":18,"91":18,"92":18,"93":18,"94":1,"95":1,"96":1,"97":1},"branchMap":{"0":{"type":"branch","line":34,"loc":{"start":{"line":34,"column":6},"end":{"line":68,"column":7}},"locations":[{"start":{"line":34,"column":6},"end":{"line":68,"column":7}}]},"1":{"type":"branch","line":83,"loc":{"start":{"line":83,"column":6},"end":{"line":95,"column":7}},"locations":[{"start":{"line":83,"column":6},"end":{"line":95,"column":7}}]}},"b":{"0":[20],"1":[18]},"fnMap":{"0":{"name":"method","decl":{"start":{"line":34,"column":6},"end":{"line":68,"column":7}},"loc":{"start":{"line":34,"column":6},"end":{"line":68,"column":7}},"line":34},"1":{"name":"method","decl":{"start":{"line":83,"column":6},"end":{"line":95,"column":7}},"loc":{"start":{"line":83,"column":6},"end":{"line":95,"column":7}},"line":83}},"f":{"0":20,"1":18}}
}
