TN:
SF:src/contracts.ts
FN:29,NonFungibleTokenContractsFactory
FN:38,ownerFactory
FN:39,updateFactory
FN:48,getCollection
FN:54,getApproval
FN:61,getUpdate
FN:68,getOwner
FN:84,adminContract
FNF:8
FNH:8
FNDA:60,NonFungibleTokenContractsFactory
FNDA:60,ownerFactory
FNDA:58,updateFactory
FNDA:20,getCollection
FNDA:50,getApproval
FNDA:28,getUpdate
FNDA:84,getOwner
FNDA:446,adminContract
DA:1,1
DA:2,1
DA:3,1
DA:4,1
DA:5,1
DA:6,1
DA:7,1
DA:8,1
DA:9,1
DA:10,1
DA:11,1
DA:12,1
DA:13,1
DA:14,1
DA:15,1
DA:16,1
DA:17,1
DA:18,1
DA:19,1
DA:20,1
DA:21,1
DA:22,1
DA:23,1
DA:24,1
DA:25,1
DA:26,1
DA:27,1
DA:28,1
DA:29,1
DA:30,60
DA:31,60
DA:32,60
DA:33,60
DA:34,60
DA:35,60
DA:36,60
DA:37,60
DA:38,60
DA:39,60
DA:40,60
DA:41,60
DA:42,60
DA:43,60
DA:44,60
DA:45,60
DA:46,60
DA:47,60
DA:48,60
DA:49,20
DA:50,0
DA:51,0
DA:52,20
DA:53,20
DA:54,60
DA:55,50
DA:56,0
DA:57,0
DA:58,50
DA:59,50
DA:60,60
DA:61,60
DA:62,28
DA:63,0
DA:64,0
DA:65,28
DA:66,28
DA:67,60
DA:68,60
DA:69,84
DA:70,0
DA:71,0
DA:72,84
DA:73,84
DA:74,60
DA:75,60
DA:76,60
DA:77,60
DA:78,60
DA:79,60
DA:80,60
DA:81,60
DA:82,60
DA:83,60
DA:84,60
DA:85,60
DA:86,60
DA:87,60
DA:88,60
DA:89,60
DA:90,60
DA:91,60
DA:92,60
DA:93,60
DA:94,60
DA:95,60
DA:96,1
DA:97,1
DA:98,1
DA:99,1
DA:100,1
DA:101,1
DA:102,1
DA:103,1
DA:104,1
DA:105,1
DA:106,1
DA:107,1
DA:108,1
DA:109,1
DA:110,1
DA:111,1
DA:112,1
LF:112
LH:104
BRDA:29,0,0,60
BRDA:38,1,0,60
BRDA:39,2,0,58
BRDA:48,3,0,20
BRDA:49,4,0,0
BRDA:54,5,0,50
BRDA:55,6,0,0
BRDA:61,7,0,28
BRDA:62,8,0,0
BRDA:68,9,0,84
BRDA:69,10,0,0
BRDA:84,11,0,446
BRF:12
BRH:8
end_of_record
TN:
SF:src/index.ts
FNF:0
FNH:0
DA:1,1
DA:2,1
DA:3,1
DA:4,1
DA:5,1
DA:6,1
DA:7,1
DA:8,1
DA:9,1
LF:9
LH:9
BRF:0
BRH:0
end_of_record
TN:
SF:src/vk.ts
FNF:0
FNH:0
DA:1,1
DA:2,1
DA:3,1
DA:4,1
DA:5,1
DA:6,1
DA:7,1
DA:8,1
DA:9,1
DA:10,1
DA:11,1
DA:12,1
DA:13,1
DA:14,1
DA:15,1
DA:16,1
DA:17,1
DA:18,1
DA:19,1
DA:20,1
DA:21,1
DA:22,1
DA:23,1
DA:24,1
DA:25,1
DA:26,1
DA:27,1
DA:28,1
DA:29,1
DA:30,1
DA:31,1
DA:32,1
DA:33,1
DA:34,1
DA:35,1
DA:36,1
DA:37,1
DA:38,1
DA:39,1
DA:40,1
DA:41,1
DA:42,1
DA:43,1
DA:44,1
DA:45,1
DA:46,1
DA:47,1
DA:48,1
DA:49,1
DA:50,1
DA:51,1
DA:52,1
DA:53,1
DA:54,1
DA:55,1
DA:56,1
DA:57,1
DA:58,1
DA:59,1
DA:60,1
DA:61,1
DA:62,1
DA:63,1
DA:64,1
LF:64
LH:64
BRF:0
BRH:0
end_of_record
TN:
SF:src/admin/advanced.ts
FN:84,new
FN:121,pack
FN:138,unpack
FN:160,isPaused
FN:179,NFTAdvancedAdminContract
FN:188,NFTAdvancedAdmin
FN:209,deploy
FN:247,ensureOwnerSignature
FN:255,get getUpgradeContractConstructor
FN:263,getUpgradeContract
FN:274,upgradeVerificationKey
FN:317,canMint
FN:355,canUpdate
FN:373,canTransfer
FN:403,updateWhitelist
FN:416,pause
FN:429,resume
FN:444,transferOwnership
FN:462,canChangeVerificationKey
FN:499,canChangeName
FN:512,canChangeCreator
FN:525,canChangeBaseUri
FN:538,canChangeRoyalty
FN:551,canChangeTransferFee
FN:564,canSetAdmin
FN:577,canPause
FN:590,canResume
FNF:27
FNH:27
FNDA:20,new
FNDA:1116,pack
FNDA:1496,unpack
FNDA:354,isPaused
FNDA:27,NFTAdvancedAdminContract
FNDA:1471,NFTAdvancedAdmin
FNDA:20,deploy
FNDA:646,ensureOwnerSignature
FNDA:118,get getUpgradeContractConstructor
FNDA:118,getUpgradeContract
FNDA:54,upgradeVerificationKey
FNDA:48,canMint
FNDA:48,canUpdate
FNDA:98,canTransfer
FNDA:48,updateWhitelist
FNDA:48,pause
FNDA:48,resume
FNDA:48,transferOwnership
FNDA:64,canChangeVerificationKey
FNDA:48,canChangeName
FNDA:48,canChangeCreator
FNDA:48,canChangeBaseUri
FNDA:48,canChangeRoyalty
FNDA:48,canChangeTransferFee
FNDA:48,canSetAdmin
FNDA:56,canPause
FNDA:56,canResume
DA:1,1
DA:2,1
DA:3,1
DA:4,1
DA:5,1
DA:6,1
DA:7,1
DA:8,1
DA:9,1
DA:10,1
DA:11,1
DA:12,1
DA:13,1
DA:14,1
DA:15,1
DA:16,1
DA:17,1
DA:18,1
DA:19,1
DA:20,1
DA:21,1
DA:22,1
DA:23,1
DA:24,1
DA:25,1
DA:26,1
DA:27,1
DA:28,1
DA:29,1
DA:30,1
DA:31,1
DA:32,1
DA:33,1
DA:34,1
DA:35,1
DA:36,1
DA:37,1
DA:38,1
DA:39,1
DA:40,1
DA:41,1
DA:42,1
DA:43,1
DA:44,1
DA:45,1
DA:46,1
DA:47,1
DA:48,1
DA:49,1
DA:50,1
DA:51,1
DA:52,1
DA:53,1
DA:54,1
DA:55,1
DA:56,1
DA:57,1
DA:58,1
DA:59,1
DA:60,1
DA:61,1
DA:62,1
DA:63,1
DA:64,1
DA:65,1
DA:66,1
DA:67,1
DA:68,1
DA:69,1
DA:70,1
DA:71,1
DA:72,1
DA:73,1
DA:74,1
DA:75,1
DA:76,1
DA:77,1
DA:78,1
DA:79,1
DA:80,1
DA:81,1
DA:82,1
DA:83,1
DA:84,1
DA:85,20
DA:86,20
DA:87,20
DA:88,20
DA:89,20
DA:90,20
DA:91,20
DA:92,20
DA:93,20
DA:94,20
DA:95,20
DA:96,20
DA:97,20
DA:98,20
DA:99,20
DA:100,20
DA:101,20
DA:102,20
DA:103,20
DA:104,20
DA:105,20
DA:106,20
DA:107,20
DA:108,20
DA:109,20
DA:110,20
DA:111,20
DA:112,20
DA:113,20
DA:114,20
DA:115,20
DA:116,20
DA:117,1
DA:118,1
DA:119,1
DA:120,1
DA:121,1
DA:122,1116
DA:123,1116
DA:124,1116
DA:125,1116
DA:126,1116
DA:127,1116
DA:128,1116
DA:129,1116
DA:130,1116
DA:131,1116
DA:132,1116
DA:133,1
DA:134,1
DA:135,1
DA:136,1
DA:137,1
DA:138,1
DA:139,1496
DA:140,1496
DA:141,1496
DA:142,1496
DA:143,1496
DA:144,1496
DA:145,1496
DA:146,1496
DA:147,1496
DA:148,1496
DA:149,1496
DA:150,1496
DA:151,1496
DA:152,1496
DA:153,1496
DA:154,1496
DA:155,1496
DA:156,1496
DA:157,1496
DA:158,1496
DA:159,1496
DA:160,1
DA:161,354
DA:162,354
DA:163,1
DA:164,1
DA:165,1
DA:166,1
DA:167,1
DA:168,1
DA:169,1
DA:170,1
DA:171,1
DA:172,1
DA:173,1
DA:174,1
DA:175,1
DA:176,1
DA:177,1
DA:178,1
DA:179,27
DA:180,27
DA:181,27
DA:182,27
DA:183,27
DA:184,27
DA:185,27
DA:186,27
DA:187,27
DA:188,27
DA:189,1471
DA:190,1471
DA:191,1471
DA:192,1471
DA:193,1471
DA:194,1471
DA:195,1471
DA:196,1471
DA:197,1471
DA:198,1471
DA:199,1471
DA:200,1471
DA:201,1471
DA:202,1471
DA:203,1471
DA:204,1471
DA:205,1471
DA:206,1471
DA:207,1471
DA:208,1471
DA:209,1471
DA:210,20
DA:211,20
DA:212,20
DA:213,20
DA:214,20
DA:215,20
DA:216,20
DA:217,20
DA:218,20
DA:219,20
DA:220,20
DA:221,20
DA:222,20
DA:223,20
DA:224,20
DA:225,20
DA:226,20
DA:227,20
DA:228,20
DA:229,1471
DA:230,1471
DA:231,1471
DA:232,1471
DA:233,1471
DA:234,1471
DA:235,1471
DA:236,1471
DA:237,1471
DA:238,1471
DA:239,1471
DA:240,1471
DA:241,1471
DA:242,1471
DA:243,1471
DA:244,1471
DA:245,1471
DA:246,1471
DA:247,1471
DA:248,646
DA:249,646
DA:250,646
DA:251,646
DA:252,646
DA:253,1471
DA:254,1471
DA:255,1471
DA:256,118
DA:257,118
DA:258,1471
DA:259,1471
DA:260,1471
DA:261,1471
DA:262,1471
DA:263,1471
DA:264,118
DA:265,118
DA:266,118
DA:267,118
DA:268,1471
DA:269,1471
DA:270,1471
DA:271,1471
DA:272,1471
DA:273,1471
DA:274,1471
DA:275,54
DA:276,54
DA:277,54
DA:278,54
DA:279,54
DA:280,54
DA:281,6
DA:282,6
DA:283,6
DA:284,0
DA:285,0
DA:286,0
DA:287,0
DA:288,6
DA:289,54
DA:290,54
DA:291,54
DA:292,54
DA:293,54
DA:294,54
DA:295,54
DA:296,54
DA:297,54
DA:298,54
DA:299,54
DA:300,54
DA:301,54
DA:302,54
DA:303,54
DA:304,54
DA:305,54
DA:306,54
DA:307,54
DA:308,54
DA:309,54
DA:310,1471
DA:311,1471
DA:312,1471
DA:313,1471
DA:314,1471
DA:315,1471
DA:316,1471
DA:317,1471
DA:318,48
DA:319,48
DA:320,48
DA:321,48
DA:322,48
DA:323,48
DA:324,48
DA:325,48
DA:326,48
DA:327,48
DA:328,48
DA:329,48
DA:330,48
DA:331,48
DA:332,48
DA:333,48
DA:334,48
DA:335,48
DA:336,48
DA:337,48
DA:338,48
DA:339,48
DA:340,0
DA:341,0
DA:342,0
DA:343,0
DA:344,48
DA:345,48
DA:346,48
DA:347,1471
DA:348,1471
DA:349,1471
DA:350,1471
DA:351,1471
DA:352,1471
DA:353,1471
DA:354,1471
DA:355,1471
DA:356,48
DA:357,48
DA:358,48
DA:359,48
DA:360,48
DA:361,48
DA:362,48
DA:363,48
DA:364,1471
DA:365,1471
DA:366,1471
DA:367,1471
DA:368,1471
DA:369,1471
DA:370,1471
DA:371,1471
DA:372,1471
DA:373,1471
DA:374,98
DA:375,98
DA:376,98
DA:377,98
DA:378,98
DA:379,98
DA:380,98
DA:381,98
DA:382,98
DA:383,98
DA:384,98
DA:385,98
DA:386,98
DA:387,98
DA:388,98
DA:389,98
DA:390,98
DA:391,98
DA:392,98
DA:393,98
DA:394,98
DA:395,98
DA:396,1471
DA:397,1471
DA:398,1471
DA:399,1471
DA:400,1471
DA:401,1471
DA:402,1471
DA:403,1471
DA:404,48
DA:405,48
DA:406,48
DA:407,48
DA:408,48
DA:409,48
DA:410,48
DA:411,1471
DA:412,1471
DA:413,1471
DA:414,1471
DA:415,1471
DA:416,1471
DA:417,48
DA:418,48
DA:419,48
DA:420,48
DA:421,48
DA:422,48
DA:423,48
DA:424,1471
DA:425,1471
DA:426,1471
DA:427,1471
DA:428,1471
DA:429,1471
DA:430,48
DA:431,48
DA:432,48
DA:433,48
DA:434,48
DA:435,48
DA:436,48
DA:437,1471
DA:438,1471
DA:439,1471
DA:440,1471
DA:441,1471
DA:442,1471
DA:443,1471
DA:444,1471
DA:445,48
DA:446,48
DA:447,48
DA:448,48
DA:449,48
DA:450,48
DA:451,48
DA:452,48
DA:453,48
DA:454,48
DA:455,48
DA:456,48
DA:457,48
DA:458,48
DA:459,48
DA:460,1471
DA:461,1471
DA:462,1471
DA:463,64
DA:464,64
DA:465,64
DA:466,64
DA:467,64
DA:468,64
DA:469,64
DA:470,64
DA:471,64
DA:472,64
DA:473,64
DA:474,64
DA:475,64
DA:476,16
DA:477,16
DA:478,16
DA:479,0
DA:480,0
DA:481,16
DA:482,64
DA:483,64
DA:484,64
DA:485,64
DA:486,64
DA:487,64
DA:488,64
DA:489,64
DA:490,64
DA:491,64
DA:492,64
DA:493,64
DA:494,64
DA:495,1471
DA:496,1471
DA:497,1471
DA:498,1471
DA:499,1471
DA:500,48
DA:501,48
DA:502,48
DA:503,48
DA:504,48
DA:505,48
DA:506,48
DA:507,1471
DA:508,1471
DA:509,1471
DA:510,1471
DA:511,1471
DA:512,1471
DA:513,48
DA:514,48
DA:515,48
DA:516,48
DA:517,48
DA:518,48
DA:519,48
DA:520,1471
DA:521,1471
DA:522,1471
DA:523,1471
DA:524,1471
DA:525,1471
DA:526,48
DA:527,48
DA:528,48
DA:529,48
DA:530,48
DA:531,48
DA:532,48
DA:533,1471
DA:534,1471
DA:535,1471
DA:536,1471
DA:537,1471
DA:538,1471
DA:539,48
DA:540,48
DA:541,48
DA:542,48
DA:543,48
DA:544,48
DA:545,48
DA:546,1471
DA:547,1471
DA:548,1471
DA:549,1471
DA:550,1471
DA:551,1471
DA:552,48
DA:553,48
DA:554,48
DA:555,48
DA:556,48
DA:557,48
DA:558,48
DA:559,1471
DA:560,1471
DA:561,1471
DA:562,1471
DA:563,1471
DA:564,1471
DA:565,48
DA:566,48
DA:567,48
DA:568,48
DA:569,48
DA:570,48
DA:571,48
DA:572,1471
DA:573,1471
DA:574,1471
DA:575,1471
DA:576,1471
DA:577,1471
DA:578,56
DA:579,56
DA:580,56
DA:581,56
DA:582,56
DA:583,56
DA:584,56
DA:585,1471
DA:586,1471
DA:587,1471
DA:588,1471
DA:589,1471
DA:590,1471
DA:591,56
DA:592,56
DA:593,56
DA:594,56
DA:595,56
DA:596,56
DA:597,56
DA:598,1471
DA:599,27
DA:600,27
DA:601,27
LF:601
LH:591
BRDA:84,0,0,20
BRDA:121,1,0,1116
BRDA:138,2,0,1496
BRDA:160,3,0,354
BRDA:179,4,0,27
BRDA:274,5,0,0
BRDA:317,6,0,0
BRDA:317,7,0,0
BRDA:355,8,0,0
BRDA:355,9,0,0
BRDA:373,10,0,0
BRDA:403,11,0,0
BRDA:416,12,0,0
BRDA:429,13,0,0
BRDA:444,14,0,0
BRDA:444,15,0,0
BRDA:463,16,0,0
BRDA:464,17,0,0
BRDA:466,18,0,0
BRDA:499,19,0,0
BRDA:499,20,0,0
BRDA:512,21,0,0
BRDA:512,22,0,0
BRDA:525,23,0,0
BRDA:525,24,0,0
BRDA:538,25,0,0
BRDA:538,26,0,0
BRDA:551,27,0,0
BRDA:551,28,0,0
BRDA:564,29,0,0
BRDA:564,30,0,0
BRDA:577,31,0,0
BRDA:590,32,0,0
BRDA:188,33,0,1471
BRDA:209,34,0,20
BRDA:247,35,0,646
BRDA:255,36,0,118
BRDA:263,37,0,118
BRDA:274,38,0,54
BRDA:280,39,0,6
BRDA:283,40,0,0
BRDA:317,41,0,48
BRDA:355,42,0,48
BRDA:373,43,0,98
BRDA:403,44,0,48
BRDA:416,45,0,48
BRDA:429,46,0,48
BRDA:444,47,0,48
BRDA:462,48,0,64
BRDA:475,49,0,16
BRDA:478,50,0,0
BRDA:499,51,0,48
BRDA:512,52,0,48
BRDA:525,53,0,48
BRDA:538,54,0,48
BRDA:551,55,0,48
BRDA:564,56,0,48
BRDA:577,57,0,56
BRDA:590,58,0,56
BRF:59
BRH:29
end_of_record
TN:
SF:src/admin/index.ts
FNF:0
FNH:0
DA:1,1
LF:1
LH:1
BRF:0
BRH:0
end_of_record
TN:
SF:src/contracts/admin.ts
FN:54,pack
FN:69,unpack
FN:90,NFTAdmin
FN:126,deploy
FN:180,ensureOwnerSignature
FN:192,upgradeVerificationKey
FN:209,canMint
FN:224,canUpdate
FN:236,canTransfer
FN:247,pause
FN:259,resume
FN:272,transferOwnership
FN:294,acceptOwnership
FN:318,canChangeVerificationKey
FN:331,canChangeName
FN:341,canChangeCreator
FN:351,canChangeBaseUri
FN:361,canChangeRoyalty
FN:373,canChangeTransferFee
FN:385,canSetAdmin
FN:395,canPause
FN:407,canResume
FNF:22
FNH:22
FNDA:1026,pack
FNDA:1244,unpack
FNDA:1797,NFTAdmin
FNDA:26,deploy
FNDA:551,ensureOwnerSignature
FNDA:63,upgradeVerificationKey
FNDA:57,canMint
FNDA:74,canUpdate
FNDA:107,canTransfer
FNDA:57,pause
FNDA:57,resume
FNDA:57,transferOwnership
FNDA:57,acceptOwnership
FNDA:73,canChangeVerificationKey
FNDA:57,canChangeName
FNDA:57,canChangeCreator
FNDA:57,canChangeBaseUri
FNDA:57,canChangeRoyalty
FNDA:57,canChangeTransferFee
FNDA:57,canSetAdmin
FNDA:65,canPause
FNDA:65,canResume
DA:1,1
DA:2,1
DA:3,1
DA:4,1
DA:5,1
DA:6,1
DA:7,1
DA:8,1
DA:9,1
DA:10,1
DA:11,1
DA:12,1
DA:13,1
DA:14,1
DA:15,1
DA:16,1
DA:17,1
DA:18,1
DA:19,1
DA:20,1
DA:21,1
DA:22,1
DA:23,1
DA:24,1
DA:25,1
DA:26,1
DA:27,1
DA:28,1
DA:29,1
DA:30,1
DA:31,1
DA:32,1
DA:33,1
DA:34,1
DA:35,1
DA:36,1
DA:37,1
DA:38,1
DA:39,1
DA:40,1
DA:41,1
DA:42,1
DA:43,1
DA:44,1
DA:45,1
DA:46,1
DA:47,1
DA:48,1
DA:49,1
DA:50,1
DA:51,1
DA:52,1
DA:53,1
DA:54,1
DA:55,1026
DA:56,1026
DA:57,1026
DA:58,1026
DA:59,1026
DA:60,1026
DA:61,1026
DA:62,1026
DA:63,1
DA:64,1
DA:65,1
DA:66,1
DA:67,1
DA:68,1
DA:69,1
DA:70,1244
DA:71,1244
DA:72,1244
DA:73,1244
DA:74,1244
DA:75,1244
DA:76,1244
DA:77,1244
DA:78,1244
DA:79,1244
DA:80,1244
DA:81,1244
DA:82,1
DA:83,1
DA:84,1
DA:85,1
DA:86,1
DA:87,1
DA:88,1
DA:89,1
DA:90,1797
DA:91,1797
DA:92,1797
DA:93,1797
DA:94,1797
DA:95,1797
DA:96,1797
DA:97,1797
DA:98,1797
DA:99,1797
DA:100,1797
DA:101,1797
DA:102,1797
DA:103,1797
DA:104,1797
DA:105,1797
DA:106,1797
DA:107,1797
DA:108,1797
DA:109,1797
DA:110,1797
DA:111,1797
DA:112,1797
DA:113,1797
DA:114,1797
DA:115,1797
DA:116,1797
DA:117,1797
DA:118,1797
DA:119,1797
DA:120,1797
DA:121,1797
DA:122,1797
DA:123,1797
DA:124,1797
DA:125,1797
DA:126,1797
DA:127,26
DA:128,26
DA:129,26
DA:130,26
DA:131,26
DA:132,26
DA:133,26
DA:134,26
DA:135,26
DA:136,26
DA:137,26
DA:138,26
DA:139,26
DA:140,26
DA:141,26
DA:142,26
DA:143,26
DA:144,26
DA:145,26
DA:146,26
DA:147,26
DA:148,26
DA:149,26
DA:150,26
DA:151,26
DA:152,26
DA:153,26
DA:154,26
DA:155,26
DA:156,26
DA:157,26
DA:158,26
DA:159,1797
DA:160,1797
DA:161,1797
DA:162,1797
DA:163,1797
DA:164,1797
DA:165,1797
DA:166,1797
DA:167,1797
DA:168,1797
DA:169,1797
DA:170,1797
DA:171,1797
DA:172,1797
DA:173,1797
DA:174,1797
DA:175,1797
DA:176,1797
DA:177,1797
DA:178,1797
DA:179,1797
DA:180,1797
DA:181,551
DA:182,551
DA:183,551
DA:184,551
DA:185,551
DA:186,1797
DA:187,1797
DA:188,1797
DA:189,1797
DA:190,1797
DA:191,1797
DA:192,1797
DA:193,63
DA:194,63
DA:195,63
DA:196,63
DA:197,63
DA:198,63
DA:199,63
DA:200,63
DA:201,1797
DA:202,1797
DA:203,1797
DA:204,1797
DA:205,1797
DA:206,1797
DA:207,1797
DA:208,1797
DA:209,1797
DA:210,57
DA:211,57
DA:212,57
DA:213,57
DA:214,57
DA:215,1797
DA:216,1797
DA:217,1797
DA:218,1797
DA:219,1797
DA:220,1797
DA:221,1797
DA:222,1797
DA:223,1797
DA:224,1797
DA:225,74
DA:226,74
DA:227,74
DA:228,74
DA:229,1797
DA:230,1797
DA:231,1797
DA:232,1797
DA:233,1797
DA:234,1797
DA:235,1797
DA:236,1797
DA:237,107
DA:238,107
DA:239,107
DA:240,107
DA:241,1797
DA:242,1797
DA:243,1797
DA:244,1797
DA:245,1797
DA:246,1797
DA:247,1797
DA:248,57
DA:249,57
DA:250,57
DA:251,57
DA:252,57
DA:253,1797
DA:254,1797
DA:255,1797
DA:256,1797
DA:257,1797
DA:258,1797
DA:259,1797
DA:260,57
DA:261,57
DA:262,57
DA:263,57
DA:264,57
DA:265,1797
DA:266,1797
DA:267,1797
DA:268,1797
DA:269,1797
DA:270,1797
DA:271,1797
DA:272,1797
DA:273,57
DA:274,57
DA:275,57
DA:276,57
DA:277,57
DA:278,57
DA:279,57
DA:280,57
DA:281,57
DA:282,57
DA:283,57
DA:284,57
DA:285,57
DA:286,57
DA:287,57
DA:288,1797
DA:289,1797
DA:290,1797
DA:291,1797
DA:292,1797
DA:293,1797
DA:294,1797
DA:295,57
DA:296,57
DA:297,57
DA:298,57
DA:299,57
DA:300,57
DA:301,57
DA:302,57
DA:303,57
DA:304,57
DA:305,57
DA:306,57
DA:307,57
DA:308,57
DA:309,57
DA:310,57
DA:311,57
DA:312,57
DA:313,57
DA:314,57
DA:315,57
DA:316,1797
DA:317,1797
DA:318,1797
DA:319,73
DA:320,73
DA:321,73
DA:322,73
DA:323,73
DA:324,73
DA:325,73
DA:326,1797
DA:327,1797
DA:328,1797
DA:329,1797
DA:330,1797
DA:331,1797
DA:332,57
DA:333,57
DA:334,57
DA:335,57
DA:336,1797
DA:337,1797
DA:338,1797
DA:339,1797
DA:340,1797
DA:341,1797
DA:342,57
DA:343,57
DA:344,57
DA:345,57
DA:346,1797
DA:347,1797
DA:348,1797
DA:349,1797
DA:350,1797
DA:351,1797
DA:352,57
DA:353,57
DA:354,57
DA:355,57
DA:356,1797
DA:357,1797
DA:358,1797
DA:359,1797
DA:360,1797
DA:361,1797
DA:362,57
DA:363,57
DA:364,57
DA:365,57
DA:366,57
DA:367,57
DA:368,1797
DA:369,1797
DA:370,1797
DA:371,1797
DA:372,1797
DA:373,1797
DA:374,57
DA:375,57
DA:376,57
DA:377,57
DA:378,57
DA:379,57
DA:380,1797
DA:381,1797
DA:382,1797
DA:383,1797
DA:384,1797
DA:385,1797
DA:386,57
DA:387,57
DA:388,57
DA:389,57
DA:390,1797
DA:391,1797
DA:392,1797
DA:393,1797
DA:394,1797
DA:395,1797
DA:396,65
DA:397,65
DA:398,65
DA:399,65
DA:400,65
DA:401,65
DA:402,1797
DA:403,1797
DA:404,1797
DA:405,1797
DA:406,1797
DA:407,1797
DA:408,65
DA:409,65
DA:410,65
DA:411,65
DA:412,65
DA:413,65
DA:414,1797
LF:414
LH:414
BRDA:192,0,0,0
BRDA:209,1,0,0
BRDA:209,2,0,0
BRDA:224,3,0,0
BRDA:224,4,0,0
BRDA:224,5,0,0
BRDA:236,6,0,0
BRDA:236,7,0,0
BRDA:247,8,0,0
BRDA:259,9,0,0
BRDA:272,10,0,0
BRDA:272,11,0,0
BRDA:294,12,0,0
BRDA:319,13,0,0
BRDA:320,14,0,0
BRDA:322,15,0,0
BRDA:331,16,0,0
BRDA:331,17,0,0
BRDA:341,18,0,0
BRDA:341,19,0,0
BRDA:351,20,0,0
BRDA:351,21,0,0
BRDA:361,22,0,0
BRDA:361,23,0,0
BRDA:373,24,0,0
BRDA:373,25,0,0
BRDA:385,26,0,0
BRDA:385,27,0,0
BRDA:395,28,0,0
BRDA:407,29,0,0
BRDA:54,30,0,1026
BRDA:69,31,0,1244
BRDA:90,32,0,1797
BRDA:126,33,0,26
BRDA:180,34,0,551
BRDA:192,35,0,63
BRDA:209,36,0,57
BRDA:224,37,0,74
BRDA:236,38,0,107
BRDA:247,39,0,57
BRDA:259,40,0,57
BRDA:272,41,0,57
BRDA:294,42,0,57
BRDA:318,43,0,73
BRDA:331,44,0,57
BRDA:341,45,0,57
BRDA:351,46,0,57
BRDA:361,47,0,57
BRDA:373,48,0,57
BRDA:385,49,0,57
BRDA:395,50,0,65
BRDA:407,51,0,65
BRF:52
BRH:22
end_of_record
TN:
SF:src/contracts/collection.ts
FN:112,CollectionFactory
FN:125,Collection
FN:150,deploy
FN:186,initialize
FN:231,approveBase
FN:240,getAdminContract
FN:251,getOwnerContract
FN:261,getApprovalContract
FN:271,getUpdateContract
FN:281,ensureCreatorSignature
FN:293,ensureOwnerSignature
FN:304,ensureNotPaused
FN:327,mintByCreator
FN:341,mint
FN:366,_mint
FN:490,update
FN:509,updateWithOracle
FN:536,_update
FN:575,approveAddress
FN:593,approveAddressByProof
FN:620,transferBySignature
FN:654,transferByProof
FN:699,adminApprovedTransferByProof
FN:748,adminApprovedTransferBySignature
FN:791,_transfer
FN:863,upgradeNFTVerificationKeyBySignature
FN:883,upgradeNFTVerificationKeyByProof
FN:898,_upgrade
FN:929,upgradeVerificationKey
FN:954,limitMinting
FN:969,pause
FN:983,resume
FN:1002,pauseNFTBySignature
FN:1020,pauseNFTByProof
FN:1040,resumeNFT
FN:1058,resumeNFTByProof
FN:1081,setName
FN:1099,setBaseURL
FN:1117,setAdmin
FN:1135,setRoyaltyFee
FN:1158,setTransferFee
FN:1184,transferOwnership
FN:1216,acceptOwnership
FN:1258,getNFTState
FNF:44
FNH:43
FNDA:92,CollectionFactory
FNDA:2560,Collection
FNDA:46,deploy
FNDA:144,initialize
FNDA:0,approveBase
FNDA:1412,getAdminContract
FNDA:300,getOwnerContract
FNDA:196,getApprovalContract
FNDA:82,getUpdateContract
FNDA:300,ensureCreatorSignature
FNDA:333,ensureOwnerSignature
FNDA:2243,ensureNotPaused
FNDA:150,mintByCreator
FNDA:75,mint
FNDA:369,_mint
FNDA:81,update
FNDA:82,updateWithOracle
FNDA:163,_update
FNDA:159,approveAddress
FNDA:75,approveAddressByProof
FNDA:150,transferBySignature
FNDA:131,transferByProof
FNDA:75,adminApprovedTransferByProof
FNDA:155,adminApprovedTransferBySignature
FNDA:497,_transfer
FNDA:87,upgradeNFTVerificationKeyBySignature
FNDA:75,upgradeNFTVerificationKeyByProof
FNDA:162,_upgrade
FNDA:87,upgradeVerificationKey
FNDA:75,limitMinting
FNDA:87,pause
FNDA:87,resume
FNDA:87,pauseNFTBySignature
FNDA:75,pauseNFTByProof
FNDA:87,resumeNFT
FNDA:75,resumeNFTByProof
FNDA:75,setName
FNDA:75,setBaseURL
FNDA:75,setAdmin
FNDA:75,setRoyaltyFee
FNDA:75,setTransferFee
FNDA:75,transferOwnership
FNDA:75,acceptOwnership
FNDA:75,getNFTState
DA:1,1
DA:2,1
DA:3,1
DA:4,1
DA:5,1
DA:6,1
DA:7,1
DA:8,1
DA:9,1
DA:10,1
DA:11,1
DA:12,1
DA:13,1
DA:14,1
DA:15,1
DA:16,1
DA:17,1
DA:18,1
DA:19,1
DA:20,1
DA:21,1
DA:22,1
DA:23,1
DA:24,1
DA:25,1
DA:26,1
DA:27,1
DA:28,1
DA:29,1
DA:30,1
DA:31,1
DA:32,1
DA:33,1
DA:34,1
DA:35,1
DA:36,1
DA:37,1
DA:38,1
DA:39,1
DA:40,1
DA:41,1
DA:42,1
DA:43,1
DA:44,1
DA:45,1
DA:46,1
DA:47,1
DA:48,1
DA:49,1
DA:50,1
DA:51,1
DA:52,1
DA:53,1
DA:54,1
DA:55,1
DA:56,1
DA:57,1
DA:58,1
DA:59,1
DA:60,1
DA:61,1
DA:62,1
DA:63,1
DA:64,1
DA:65,1
DA:66,1
DA:67,1
DA:68,1
DA:69,1
DA:70,1
DA:71,1
DA:72,1
DA:73,1
DA:74,1
DA:75,1
DA:76,1
DA:77,1
DA:78,1
DA:79,1
DA:80,1
DA:81,1
DA:82,1
DA:83,1
DA:84,1
DA:85,1
DA:86,1
DA:87,1
DA:88,1
DA:89,1
DA:90,1
DA:91,1
DA:92,1
DA:93,1
DA:94,1
DA:95,1
DA:96,1
DA:97,1
DA:98,1
DA:99,1
DA:100,1
DA:101,1
DA:102,1
DA:103,1
DA:104,1
DA:105,1
DA:106,1
DA:107,1
DA:108,1
DA:109,1
DA:110,1
DA:111,1
DA:112,92
DA:113,92
DA:114,92
DA:115,92
DA:116,92
DA:117,92
DA:118,92
DA:119,92
DA:120,92
DA:121,92
DA:122,92
DA:123,92
DA:124,92
DA:125,92
DA:126,2560
DA:127,2560
DA:128,2560
DA:129,2560
DA:130,2560
DA:131,2560
DA:132,2560
DA:133,2560
DA:134,2560
DA:135,2560
DA:136,2560
DA:137,2560
DA:138,2560
DA:139,2560
DA:140,2560
DA:141,2560
DA:142,2560
DA:143,2560
DA:144,2560
DA:145,2560
DA:146,2560
DA:147,2560
DA:148,2560
DA:149,2560
DA:150,2560
DA:151,46
DA:152,46
DA:153,46
DA:154,46
DA:155,46
DA:156,46
DA:157,46
DA:158,46
DA:159,46
DA:160,46
DA:161,46
DA:162,46
DA:163,46
DA:164,46
DA:165,46
DA:166,46
DA:167,46
DA:168,46
DA:169,46
DA:170,46
DA:171,46
DA:172,46
DA:173,46
DA:174,46
DA:175,46
DA:176,46
DA:177,46
DA:178,2560
DA:179,2560
DA:180,2560
DA:181,2560
DA:182,2560
DA:183,2560
DA:184,2560
DA:185,2560
DA:186,2560
DA:187,144
DA:188,144
DA:189,144
DA:190,144
DA:191,144
DA:192,144
DA:193,144
DA:194,144
DA:195,144
DA:196,144
DA:197,144
DA:198,144
DA:199,144
DA:200,144
DA:201,2560
DA:202,2560
DA:203,2560
DA:204,2560
DA:205,2560
DA:206,2560
DA:207,2560
DA:208,2560
DA:209,2560
DA:210,2560
DA:211,2560
DA:212,2560
DA:213,2560
DA:214,2560
DA:215,2560
DA:216,2560
DA:217,2560
DA:218,2560
DA:219,2560
DA:220,2560
DA:221,2560
DA:222,2560
DA:223,2560
DA:224,2560
DA:225,2560
DA:226,2560
DA:227,2560
DA:228,2560
DA:229,2560
DA:230,2560
DA:231,2560
DA:232,0
DA:233,0
DA:234,2560
DA:235,2560
DA:236,2560
DA:237,2560
DA:238,2560
DA:239,2560
DA:240,2560
DA:241,1412
DA:242,1412
DA:243,1412
DA:244,1412
DA:245,2560
DA:246,2560
DA:247,2560
DA:248,2560
DA:249,2560
DA:250,2560
DA:251,2560
DA:252,300
DA:253,300
DA:254,300
DA:255,2560
DA:256,2560
DA:257,2560
DA:258,2560
DA:259,2560
DA:260,2560
DA:261,2560
DA:262,196
DA:263,196
DA:264,196
DA:265,2560
DA:266,2560
DA:267,2560
DA:268,2560
DA:269,2560
DA:270,2560
DA:271,2560
DA:272,82
DA:273,82
DA:274,82
DA:275,2560
DA:276,2560
DA:277,2560
DA:278,2560
DA:279,2560
DA:280,2560
DA:281,2560
DA:282,300
DA:283,300
DA:284,300
DA:285,300
DA:286,300
DA:287,2560
DA:288,2560
DA:289,2560
DA:290,2560
DA:291,2560
DA:292,2560
DA:293,2560
DA:294,333
DA:295,333
DA:296,333
DA:297,333
DA:298,2560
DA:299,2560
DA:300,2560
DA:301,2560
DA:302,2560
DA:303,2560
DA:304,2560
DA:305,2243
DA:306,2243
DA:307,2243
DA:308,2243
DA:309,2243
DA:310,2243
DA:311,2560
DA:312,2560
DA:313,2560
DA:314,2560
DA:315,2560
DA:316,2560
DA:317,2560
DA:318,2560
DA:319,2560
DA:320,2560
DA:321,2560
DA:322,2560
DA:323,2560
DA:324,2560
DA:325,2560
DA:326,2560
DA:327,2560
DA:328,150
DA:329,150
DA:330,150
DA:331,150
DA:332,150
DA:333,150
DA:334,150
DA:335,2560
DA:336,2560
DA:337,2560
DA:338,2560
DA:339,2560
DA:340,2560
DA:341,2560
DA:342,75
DA:343,75
DA:344,75
DA:345,75
DA:346,75
DA:347,75
DA:348,75
DA:349,75
DA:350,75
DA:351,75
DA:352,75
DA:353,75
DA:354,75
DA:355,75
DA:356,75
DA:357,75
DA:358,2560
DA:359,2560
DA:360,2560
DA:361,2560
DA:362,2560
DA:363,2560
DA:364,2560
DA:365,2560
DA:366,2560
DA:367,369
DA:368,369
DA:369,369
DA:370,369
DA:371,369
DA:372,369
DA:373,369
DA:374,369
DA:375,369
DA:376,369
DA:377,369
DA:378,369
DA:379,369
DA:380,369
DA:381,369
DA:382,369
DA:383,369
DA:384,369
DA:385,369
DA:386,369
DA:387,369
DA:388,369
DA:389,369
DA:390,369
DA:391,369
DA:392,369
DA:393,369
DA:394,369
DA:395,369
DA:396,369
DA:397,369
DA:398,369
DA:399,144
DA:400,144
DA:401,144
DA:402,144
DA:403,144
DA:404,144
DA:405,144
DA:406,144
DA:407,144
DA:408,144
DA:409,144
DA:410,144
DA:411,144
DA:412,144
DA:413,144
DA:414,144
DA:415,144
DA:416,144
DA:417,144
DA:418,144
DA:419,144
DA:420,144
DA:421,0
DA:422,0
DA:423,144
DA:424,144
DA:425,369
DA:426,369
DA:427,369
DA:428,369
DA:429,369
DA:430,369
DA:431,369
DA:432,369
DA:433,369
DA:434,369
DA:435,369
DA:436,0
DA:437,369
DA:438,369
DA:439,369
DA:440,369
DA:441,369
DA:442,369
DA:443,369
DA:444,369
DA:445,369
DA:446,369
DA:447,369
DA:448,369
DA:449,369
DA:450,369
DA:451,369
DA:452,369
DA:453,369
DA:454,369
DA:455,369
DA:456,369
DA:457,369
DA:458,369
DA:459,369
DA:460,369
DA:461,369
DA:462,369
DA:463,369
DA:464,369
DA:465,369
DA:466,369
DA:467,369
DA:468,369
DA:469,369
DA:470,2952
DA:471,2952
DA:472,2952
DA:473,369
DA:474,369
DA:475,369
DA:476,369
DA:477,369
DA:478,369
DA:479,369
DA:480,369
DA:481,369
DA:482,369
DA:483,2560
DA:484,2560
DA:485,2560
DA:486,2560
DA:487,2560
DA:488,2560
DA:489,2560
DA:490,2560
DA:491,81
DA:492,81
DA:493,81
DA:494,81
DA:495,81
DA:496,81
DA:497,81
DA:498,81
DA:499,81
DA:500,81
DA:501,81
DA:502,2560
DA:503,2560
DA:504,2560
DA:505,2560
DA:506,2560
DA:507,2560
DA:508,2560
DA:509,2560
DA:510,82
DA:511,82
DA:512,82
DA:513,82
DA:514,82
DA:515,82
DA:516,82
DA:517,82
DA:518,82
DA:519,82
DA:520,82
DA:521,82
DA:522,82
DA:523,82
DA:524,82
DA:525,82
DA:526,82
DA:527,82
DA:528,81
DA:529,2560
DA:530,2560
DA:531,2560
DA:532,2560
DA:533,2560
DA:534,2560
DA:535,2560
DA:536,2560
DA:537,163
DA:538,163
DA:539,163
DA:540,163
DA:541,163
DA:542,163
DA:543,163
DA:544,163
DA:545,163
DA:546,163
DA:547,163
DA:548,163
DA:549,163
DA:550,163
DA:551,163
DA:552,163
DA:553,163
DA:554,163
DA:555,163
DA:556,163
DA:557,162
DA:558,162
DA:559,162
DA:560,162
DA:561,162
DA:562,162
DA:563,162
DA:564,162
DA:565,162
DA:566,162
DA:567,162
DA:568,2560
DA:569,2560
DA:570,2560
DA:571,2560
DA:572,2560
DA:573,2560
DA:574,2560
DA:575,2560
DA:576,159
DA:577,159
DA:578,159
DA:579,159
DA:580,159
DA:581,159
DA:582,159
DA:583,159
DA:584,159
DA:585,159
DA:586,2560
DA:587,2560
DA:588,2560
DA:589,2560
DA:590,2560
DA:591,2560
DA:592,2560
DA:593,2560
DA:594,75
DA:595,75
DA:596,75
DA:597,75
DA:598,75
DA:599,75
DA:600,75
DA:601,75
DA:602,75
DA:603,75
DA:604,75
DA:605,75
DA:606,75
DA:607,75
DA:608,75
DA:609,75
DA:610,2560
DA:611,2560
DA:612,2560
DA:613,2560
DA:614,2560
DA:615,2560
DA:616,2560
DA:617,2560
DA:618,2560
DA:619,2560
DA:620,2560
DA:621,150
DA:622,150
DA:623,150
DA:624,150
DA:625,148
DA:626,148
DA:627,148
DA:628,148
DA:629,148
DA:630,148
DA:631,148
DA:632,148
DA:633,148
DA:634,148
DA:635,148
DA:636,148
DA:637,148
DA:638,148
DA:639,148
DA:640,148
DA:641,148
DA:642,148
DA:643,148
DA:644,148
DA:645,145
DA:646,2560
DA:647,2560
DA:648,2560
DA:649,2560
DA:650,2560
DA:651,2560
DA:652,2560
DA:653,2560
DA:654,2560
DA:655,131
DA:656,131
DA:657,131
DA:658,131
DA:659,131
DA:660,131
DA:661,131
DA:662,131
DA:663,131
DA:664,131
DA:665,131
DA:666,131
DA:667,131
DA:668,131
DA:669,131
DA:670,131
DA:671,131
DA:672,131
DA:673,131
DA:674,131
DA:675,131
DA:676,131
DA:677,131
DA:678,131
DA:679,121
DA:680,121
DA:681,121
DA:682,121
DA:683,121
DA:684,121
DA:685,121
DA:686,121
DA:687,121
DA:688,121
DA:689,121
DA:690,121
DA:691,2560
DA:692,2560
DA:693,2560
DA:694,2560
DA:695,2560
DA:696,2560
DA:697,2560
DA:698,2560
DA:699,2560
DA:700,75
DA:701,75
DA:702,75
DA:703,75
DA:704,75
DA:705,75
DA:706,75
DA:707,75
DA:708,75
DA:709,75
DA:710,75
DA:711,75
DA:712,75
DA:713,75
DA:714,75
DA:715,75
DA:716,75
DA:717,75
DA:718,75
DA:719,75
DA:720,75
DA:721,75
DA:722,75
DA:723,75
DA:724,75
DA:725,75
DA:726,75
DA:727,75
DA:728,75
DA:729,75
DA:730,75
DA:731,75
DA:732,75
DA:733,75
DA:734,75
DA:735,75
DA:736,75
DA:737,75
DA:738,75
DA:739,75
DA:740,2560
DA:741,2560
DA:742,2560
DA:743,2560
DA:744,2560
DA:745,2560
DA:746,2560
DA:747,2560
DA:748,2560
DA:749,155
DA:750,155
DA:751,155
DA:752,155
DA:753,153
DA:754,153
DA:755,153
DA:756,153
DA:757,153
DA:758,153
DA:759,153
DA:760,153
DA:761,153
DA:762,153
DA:763,153
DA:764,153
DA:765,153
DA:766,153
DA:767,153
DA:768,153
DA:769,153
DA:770,151
DA:771,151
DA:772,151
DA:773,151
DA:774,2560
DA:775,2560
DA:776,2560
DA:777,2560
DA:778,2560
DA:779,2560
DA:780,2560
DA:781,2560
DA:782,2560
DA:783,2560
DA:784,2560
DA:785,2560
DA:786,2560
DA:787,2560
DA:788,2560
DA:789,2560
DA:790,2560
DA:791,2560
DA:792,497
DA:793,497
DA:794,497
DA:795,497
DA:796,497
DA:797,497
DA:798,497
DA:799,497
DA:800,497
DA:801,497
DA:802,497
DA:803,497
DA:804,497
DA:805,497
DA:806,497
DA:807,497
DA:808,497
DA:809,492
DA:810,492
DA:811,492
DA:812,492
DA:813,492
DA:814,492
DA:815,492
DA:816,492
DA:817,492
DA:818,492
DA:819,492
DA:820,492
DA:821,492
DA:822,492
DA:823,492
DA:824,492
DA:825,492
DA:826,492
DA:827,492
DA:828,492
DA:829,492
DA:830,492
DA:831,492
DA:832,492
DA:833,492
DA:834,492
DA:835,492
DA:836,492
DA:837,492
DA:838,492
DA:839,492
DA:840,492
DA:841,492
DA:842,492
DA:843,492
DA:844,492
DA:845,492
DA:846,492
DA:847,492
DA:848,492
DA:849,492
DA:850,492
DA:851,492
DA:852,492
DA:853,492
DA:854,492
DA:855,2560
DA:856,2560
DA:857,2560
DA:858,2560
DA:859,2560
DA:860,2560
DA:861,2560
DA:862,2560
DA:863,2560
DA:864,87
DA:865,87
DA:866,87
DA:867,87
DA:868,87
DA:869,87
DA:870,87
DA:871,87
DA:872,87
DA:873,87
DA:874,87
DA:875,2560
DA:876,2560
DA:877,2560
DA:878,2560
DA:879,2560
DA:880,2560
DA:881,2560
DA:882,2560
DA:883,2560
DA:884,75
DA:885,75
DA:886,75
DA:887,75
DA:888,75
DA:889,75
DA:890,75
DA:891,75
DA:892,75
DA:893,75
DA:894,75
DA:895,75
DA:896,75
DA:897,2560
DA:898,2560
DA:899,162
DA:900,162
DA:901,162
DA:902,162
DA:903,162
DA:904,162
DA:905,162
DA:906,162
DA:907,162
DA:908,162
DA:909,162
DA:910,162
DA:911,162
DA:912,162
DA:913,162
DA:914,162
DA:915,162
DA:916,162
DA:917,162
DA:918,162
DA:919,162
DA:920,162
DA:921,162
DA:922,2560
DA:923,2560
DA:924,2560
DA:925,2560
DA:926,2560
DA:927,2560
DA:928,2560
DA:929,2560
DA:930,87
DA:931,87
DA:932,87
DA:933,87
DA:934,87
DA:935,87
DA:936,87
DA:937,87
DA:938,87
DA:939,87
DA:940,87
DA:941,87
DA:942,87
DA:943,87
DA:944,87
DA:945,87
DA:946,87
DA:947,87
DA:948,87
DA:949,2560
DA:950,2560
DA:951,2560
DA:952,2560
DA:953,2560
DA:954,2560
DA:955,75
DA:956,75
DA:957,75
DA:958,75
DA:959,75
DA:960,75
DA:961,75
DA:962,75
DA:963,75
DA:964,2560
DA:965,2560
DA:966,2560
DA:967,2560
DA:968,2560
DA:969,2560
DA:970,87
DA:971,87
DA:972,87
DA:973,87
DA:974,87
DA:975,87
DA:976,87
DA:977,87
DA:978,2560
DA:979,2560
DA:980,2560
DA:981,2560
DA:982,2560
DA:983,2560
DA:984,87
DA:985,87
DA:986,87
DA:987,87
DA:988,87
DA:989,87
DA:990,87
DA:991,87
DA:992,87
DA:993,87
DA:994,87
DA:995,2560
DA:996,2560
DA:997,2560
DA:998,2560
DA:999,2560
DA:1000,2560
DA:1001,2560
DA:1002,2560
DA:1003,87
DA:1004,87
DA:1005,87
DA:1006,87
DA:1007,87
DA:1008,87
DA:1009,87
DA:1010,87
DA:1011,87
DA:1012,87
DA:1013,2560
DA:1014,2560
DA:1015,2560
DA:1016,2560
DA:1017,2560
DA:1018,2560
DA:1019,2560
DA:1020,2560
DA:1021,75
DA:1022,75
DA:1023,75
DA:1024,75
DA:1025,75
DA:1026,75
DA:1027,75
DA:1028,75
DA:1029,75
DA:1030,75
DA:1031,75
DA:1032,75
DA:1033,2560
DA:1034,2560
DA:1035,2560
DA:1036,2560
DA:1037,2560
DA:1038,2560
DA:1039,2560
DA:1040,2560
DA:1041,87
DA:1042,87
DA:1043,87
DA:1044,87
DA:1045,87
DA:1046,87
DA:1047,87
DA:1048,87
DA:1049,87
DA:1050,87
DA:1051,2560
DA:1052,2560
DA:1053,2560
DA:1054,2560
DA:1055,2560
DA:1056,2560
DA:1057,2560
DA:1058,2560
DA:1059,75
DA:1060,75
DA:1061,75
DA:1062,75
DA:1063,75
DA:1064,75
DA:1065,75
DA:1066,75
DA:1067,75
DA:1068,75
DA:1069,75
DA:1070,75
DA:1071,2560
DA:1072,2560
DA:1073,2560
DA:1074,2560
DA:1075,2560
DA:1076,2560
DA:1077,2560
DA:1078,2560
DA:1079,2560
DA:1080,2560
DA:1081,2560
DA:1082,75
DA:1083,75
DA:1084,75
DA:1085,75
DA:1086,75
DA:1087,75
DA:1088,75
DA:1089,2560
DA:1090,2560
DA:1091,2560
DA:1092,2560
DA:1093,2560
DA:1094,2560
DA:1095,2560
DA:1096,2560
DA:1097,2560
DA:1098,2560
DA:1099,2560
DA:1100,75
DA:1101,75
DA:1102,75
DA:1103,75
DA:1104,75
DA:1105,75
DA:1106,75
DA:1107,2560
DA:1108,2560
DA:1109,2560
DA:1110,2560
DA:1111,2560
DA:1112,2560
DA:1113,2560
DA:1114,2560
DA:1115,2560
DA:1116,2560
DA:1117,2560
DA:1118,75
DA:1119,75
DA:1120,75
DA:1121,75
DA:1122,75
DA:1123,75
DA:1124,75
DA:1125,2560
DA:1126,2560
DA:1127,2560
DA:1128,2560
DA:1129,2560
DA:1130,2560
DA:1131,2560
DA:1132,2560
DA:1133,2560
DA:1134,2560
DA:1135,2560
DA:1136,75
DA:1137,75
DA:1138,75
DA:1139,75
DA:1140,75
DA:1141,75
DA:1142,75
DA:1143,75
DA:1144,75
DA:1145,75
DA:1146,75
DA:1147,75
DA:1148,2560
DA:1149,2560
DA:1150,2560
DA:1151,2560
DA:1152,2560
DA:1153,2560
DA:1154,2560
DA:1155,2560
DA:1156,2560
DA:1157,2560
DA:1158,2560
DA:1159,75
DA:1160,75
DA:1161,75
DA:1162,75
DA:1163,75
DA:1164,75
DA:1165,75
DA:1166,75
DA:1167,75
DA:1168,75
DA:1169,75
DA:1170,75
DA:1171,75
DA:1172,75
DA:1173,75
DA:1174,2560
DA:1175,2560
DA:1176,2560
DA:1177,2560
DA:1178,2560
DA:1179,2560
DA:1180,2560
DA:1181,2560
DA:1182,2560
DA:1183,2560
DA:1184,2560
DA:1185,75
DA:1186,75
DA:1187,75
DA:1188,75
DA:1189,75
DA:1190,75
DA:1191,75
DA:1192,75
DA:1193,75
DA:1194,75
DA:1195,75
DA:1196,75
DA:1197,75
DA:1198,75
DA:1199,75
DA:1200,75
DA:1201,75
DA:1202,75
DA:1203,75
DA:1204,75
DA:1205,75
DA:1206,75
DA:1207,75
DA:1208,2560
DA:1209,2560
DA:1210,2560
DA:1211,2560
DA:1212,2560
DA:1213,2560
DA:1214,2560
DA:1215,2560
DA:1216,2560
DA:1217,75
DA:1218,75
DA:1219,75
DA:1220,75
DA:1221,75
DA:1222,75
DA:1223,75
DA:1224,75
DA:1225,75
DA:1226,75
DA:1227,75
DA:1228,75
DA:1229,75
DA:1230,75
DA:1231,75
DA:1232,75
DA:1233,75
DA:1234,75
DA:1235,75
DA:1236,75
DA:1237,75
DA:1238,75
DA:1239,75
DA:1240,75
DA:1241,75
DA:1242,75
DA:1243,75
DA:1244,75
DA:1245,75
DA:1246,75
DA:1247,75
DA:1248,75
DA:1249,75
DA:1250,75
DA:1251,75
DA:1252,75
DA:1253,75
DA:1254,75
DA:1255,75
DA:1256,2560
DA:1257,2560
DA:1258,2560
DA:1259,75
DA:1260,75
DA:1261,75
DA:1262,75
DA:1263,75
DA:1264,2560
DA:1265,92
DA:1266,92
LF:1266
LH:1261
BRDA:112,0,0,92
BRDA:186,1,0,0
BRDA:186,2,0,0
BRDA:327,3,0,0
BRDA:327,4,0,0
BRDA:341,5,0,0
BRDA:341,6,0,0
BRDA:491,7,0,0
BRDA:493,8,0,0
BRDA:510,9,0,0
BRDA:512,10,0,0
BRDA:576,11,0,0
BRDA:578,12,0,0
BRDA:594,13,0,0
BRDA:596,14,0,0
BRDA:622,15,0,0
BRDA:656,16,0,0
BRDA:701,17,0,0
BRDA:750,18,0,0
BRDA:864,19,0,0
BRDA:866,20,0,0
BRDA:884,21,0,0
BRDA:886,22,0,0
BRDA:929,23,0,0
BRDA:929,24,0,0
BRDA:954,25,0,0
BRDA:969,26,0,0
BRDA:983,27,0,0
BRDA:1002,28,0,0
BRDA:1002,29,0,0
BRDA:1020,30,0,0
BRDA:1020,31,0,0
BRDA:1040,32,0,0
BRDA:1040,33,0,0
BRDA:1058,34,0,0
BRDA:1058,35,0,0
BRDA:1081,36,0,0
BRDA:1081,37,0,0
BRDA:1099,38,0,0
BRDA:1099,39,0,0
BRDA:1117,40,0,0
BRDA:1117,41,0,0
BRDA:1135,42,0,0
BRDA:1135,43,0,0
BRDA:1158,44,0,0
BRDA:1158,45,0,0
BRDA:1184,46,0,0
BRDA:1184,47,0,0
BRDA:1216,48,0,0
BRDA:1258,49,0,0
BRDA:1258,50,0,0
BRDA:125,51,0,2560
BRDA:150,52,0,46
BRDA:186,53,0,144
BRDA:240,54,0,1412
BRDA:251,55,0,300
BRDA:261,56,0,196
BRDA:271,57,0,82
BRDA:281,58,0,300
BRDA:293,59,0,333
BRDA:304,60,0,2243
BRDA:327,61,0,150
BRDA:341,62,0,75
BRDA:366,63,0,369
BRDA:435,64,0,0
BRDA:398,65,0,144
BRDA:404,66,0,0
BRDA:415,67,0,0
BRDA:420,68,0,0
BRDA:469,69,0,2952
BRDA:490,70,0,81
BRDA:509,71,0,82
BRDA:528,72,0,81
BRDA:536,73,0,163
BRDA:557,74,0,162
BRDA:575,75,0,159
BRDA:593,76,0,75
BRDA:620,77,0,150
BRDA:625,78,0,148
BRDA:645,79,0,145
BRDA:654,80,0,131
BRDA:679,81,0,121
BRDA:699,82,0,75
BRDA:748,83,0,155
BRDA:753,84,0,153
BRDA:770,85,0,151
BRDA:791,86,0,497
BRDA:809,87,0,492
BRDA:863,88,0,87
BRDA:883,89,0,75
BRDA:898,90,0,162
BRDA:929,91,0,87
BRDA:954,92,0,75
BRDA:969,93,0,87
BRDA:983,94,0,87
BRDA:1002,95,0,87
BRDA:1020,96,0,75
BRDA:1040,97,0,87
BRDA:1058,98,0,75
BRDA:1081,99,0,75
BRDA:1099,100,0,75
BRDA:1117,101,0,75
BRDA:1135,102,0,75
BRDA:1158,103,0,75
BRDA:1184,104,0,75
BRDA:1216,105,0,75
BRDA:1258,106,0,75
BRF:107
BRH:53
end_of_record
TN:
SF:src/contracts/index.ts
FNF:0
FNH:0
DA:1,1
DA:2,1
DA:3,1
LF:3
LH:3
BRF:0
BRH:0
end_of_record
TN:
SF:src/contracts/nft.ts
FN:53,NFT
FN:80,getState
FN:105,update
FN:241,transfer
FN:284,approveAddress
FN:301,upgradeVerificationKey
FN:322,pause
FN:338,resume
FNF:8
FNH:8
FNDA:2114,NFT
FNDA:69,getState
FNDA:86,update
FNDA:324,transfer
FNDA:181,approveAddress
FNDA:85,upgradeVerificationKey
FNDA:85,pause
FNDA:85,resume
DA:1,1
DA:2,1
DA:3,1
DA:4,1
DA:5,1
DA:6,1
DA:7,1
DA:8,1
DA:9,1
DA:10,1
DA:11,1
DA:12,1
DA:13,1
DA:14,1
DA:15,1
DA:16,1
DA:17,1
DA:18,1
DA:19,1
DA:20,1
DA:21,1
DA:22,1
DA:23,1
DA:24,1
DA:25,1
DA:26,1
DA:27,1
DA:28,1
DA:29,1
DA:30,1
DA:31,1
DA:32,1
DA:33,1
DA:34,1
DA:35,1
DA:36,1
DA:37,1
DA:38,1
DA:39,1
DA:40,1
DA:41,1
DA:42,1
DA:43,1
DA:44,1
DA:45,1
DA:46,1
DA:47,1
DA:48,1
DA:49,1
DA:50,1
DA:51,1
DA:52,1
DA:53,2114
DA:54,2114
DA:55,2114
DA:56,2114
DA:57,2114
DA:58,2114
DA:59,2114
DA:60,2114
DA:61,2114
DA:62,2114
DA:63,2114
DA:64,2114
DA:65,2114
DA:66,2114
DA:67,2114
DA:68,2114
DA:69,2114
DA:70,2114
DA:71,2114
DA:72,2114
DA:73,2114
DA:74,2114
DA:75,2114
DA:76,2114
DA:77,2114
DA:78,2114
DA:79,2114
DA:80,2114
DA:81,69
DA:82,69
DA:83,69
DA:84,69
DA:85,69
DA:86,69
DA:87,69
DA:88,69
DA:89,69
DA:90,69
DA:91,69
DA:92,69
DA:93,69
DA:94,69
DA:95,2114
DA:96,2114
DA:97,2114
DA:98,2114
DA:99,2114
DA:100,2114
DA:101,2114
DA:102,2114
DA:103,2114
DA:104,2114
DA:105,2114
DA:106,86
DA:107,86
DA:108,86
DA:109,86
DA:110,86
DA:111,86
DA:112,86
DA:113,86
DA:114,86
DA:115,86
DA:116,86
DA:117,86
DA:118,86
DA:119,86
DA:120,86
DA:121,86
DA:122,86
DA:123,86
DA:124,86
DA:125,86
DA:126,86
DA:127,86
DA:128,86
DA:129,86
DA:130,86
DA:131,86
DA:132,86
DA:133,86
DA:134,86
DA:135,86
DA:136,86
DA:137,86
DA:138,86
DA:139,86
DA:140,86
DA:141,86
DA:142,86
DA:143,86
DA:144,86
DA:145,86
DA:146,86
DA:147,86
DA:148,86
DA:149,86
DA:150,86
DA:151,86
DA:152,86
DA:153,86
DA:154,86
DA:155,86
DA:156,86
DA:157,86
DA:158,86
DA:159,86
DA:160,86
DA:161,86
DA:162,86
DA:163,86
DA:164,86
DA:165,86
DA:166,86
DA:167,86
DA:168,86
DA:169,86
DA:170,86
DA:171,86
DA:172,86
DA:173,86
DA:174,86
DA:175,86
DA:176,86
DA:177,86
DA:178,86
DA:179,86
DA:180,86
DA:181,86
DA:182,86
DA:183,86
DA:184,86
DA:185,86
DA:186,86
DA:187,86
DA:188,86
DA:189,86
DA:190,86
DA:191,86
DA:192,86
DA:193,86
DA:194,86
DA:195,86
DA:196,86
DA:197,86
DA:198,86
DA:199,86
DA:200,86
DA:201,86
DA:202,86
DA:203,86
DA:204,86
DA:205,86
DA:206,86
DA:207,86
DA:208,86
DA:209,86
DA:210,86
DA:211,86
DA:212,86
DA:213,86
DA:214,86
DA:215,86
DA:216,86
DA:217,86
DA:218,86
DA:219,86
DA:220,86
DA:221,86
DA:222,86
DA:223,86
DA:224,86
DA:225,86
DA:226,86
DA:227,86
DA:228,86
DA:229,86
DA:230,86
DA:231,86
DA:232,86
DA:233,2114
DA:234,2114
DA:235,2114
DA:236,2114
DA:237,2114
DA:238,2114
DA:239,2114
DA:240,2114
DA:241,2114
DA:242,324
DA:243,324
DA:244,324
DA:245,324
DA:246,324
DA:247,324
DA:248,324
DA:249,324
DA:250,324
DA:251,324
DA:252,324
DA:253,324
DA:254,324
DA:255,324
DA:256,324
DA:257,324
DA:258,324
DA:259,324
DA:260,324
DA:261,324
DA:262,324
DA:263,324
DA:264,324
DA:265,324
DA:266,324
DA:267,324
DA:268,324
DA:269,324
DA:270,324
DA:271,324
DA:272,324
DA:273,324
DA:274,324
DA:275,324
DA:276,2114
DA:277,2114
DA:278,2114
DA:279,2114
DA:280,2114
DA:281,2114
DA:282,2114
DA:283,2114
DA:284,2114
DA:285,181
DA:286,181
DA:287,181
DA:288,181
DA:289,181
DA:290,181
DA:291,181
DA:292,181
DA:293,2114
DA:294,2114
DA:295,2114
DA:296,2114
DA:297,2114
DA:298,2114
DA:299,2114
DA:300,2114
DA:301,2114
DA:302,85
DA:303,85
DA:304,85
DA:305,85
DA:306,85
DA:307,85
DA:308,85
DA:309,85
DA:310,85
DA:311,85
DA:312,85
DA:313,85
DA:314,85
DA:315,2114
DA:316,2114
DA:317,2114
DA:318,2114
DA:319,2114
DA:320,2114
DA:321,2114
DA:322,2114
DA:323,85
DA:324,85
DA:325,85
DA:326,85
DA:327,85
DA:328,85
DA:329,85
DA:330,85
DA:331,2114
DA:332,2114
DA:333,2114
DA:334,2114
DA:335,2114
DA:336,2114
DA:337,2114
DA:338,2114
DA:339,85
DA:340,85
DA:341,85
DA:342,85
DA:343,85
DA:344,85
DA:345,85
DA:346,85
DA:347,2114
LF:347
LH:347
BRDA:80,0,0,0
BRDA:106,1,0,0
BRDA:107,2,0,0
BRDA:109,3,0,0
BRDA:243,4,0,0
BRDA:284,5,0,0
BRDA:284,6,0,0
BRDA:303,7,0,0
BRDA:322,8,0,0
BRDA:338,9,0,0
BRDA:53,10,0,2114
BRDA:80,11,0,69
BRDA:105,12,0,86
BRDA:241,13,0,324
BRDA:284,14,0,181
BRDA:301,15,0,85
BRDA:322,16,0,85
BRDA:338,17,0,85
BRF:18
BRH:8
end_of_record
TN:
SF:src/interfaces/admin.ts
FNF:0
FNH:0
DA:1,1
DA:2,1
DA:3,1
DA:4,1
DA:5,1
DA:6,1
DA:7,1
DA:8,1
DA:9,1
DA:10,1
DA:11,1
DA:12,1
DA:13,1
DA:14,1
DA:15,1
DA:16,1
DA:17,1
DA:18,1
DA:19,1
DA:20,1
DA:21,1
DA:22,1
DA:23,1
DA:24,1
DA:25,1
DA:26,1
DA:27,1
DA:28,1
DA:29,1
DA:30,1
DA:31,1
DA:32,1
DA:33,1
DA:34,1
DA:35,1
DA:36,1
DA:37,1
DA:38,1
DA:39,1
DA:40,1
DA:41,1
DA:42,1
DA:43,1
DA:44,1
DA:45,1
DA:46,1
DA:47,1
DA:48,1
DA:49,1
DA:50,1
DA:51,1
DA:52,1
DA:53,1
DA:54,1
DA:55,1
DA:56,1
DA:57,1
DA:58,1
DA:59,1
DA:60,1
DA:61,1
DA:62,1
DA:63,1
DA:64,1
DA:65,1
DA:66,1
DA:67,1
DA:68,1
DA:69,1
DA:70,1
DA:71,1
DA:72,1
DA:73,1
DA:74,1
DA:75,1
DA:76,1
DA:77,1
DA:78,1
DA:79,1
DA:80,1
DA:81,1
DA:82,1
DA:83,1
DA:84,1
DA:85,1
DA:86,1
DA:87,1
DA:88,1
DA:89,1
DA:90,1
DA:91,1
DA:92,1
DA:93,1
DA:94,1
DA:95,1
DA:96,1
DA:97,1
DA:98,1
DA:99,1
DA:100,1
DA:101,1
DA:102,1
DA:103,1
DA:104,1
DA:105,1
DA:106,1
DA:107,1
DA:108,1
DA:109,1
DA:110,1
DA:111,1
DA:112,1
DA:113,1
DA:114,1
DA:115,1
DA:116,1
DA:117,1
DA:118,1
DA:119,1
DA:120,1
DA:121,1
DA:122,1
DA:123,1
DA:124,1
DA:125,1
DA:126,1
DA:127,1
LF:127
LH:127
BRF:0
BRH:0
end_of_record
TN:
SF:src/interfaces/approval.ts
FN:56,NFTStandardApproval
FN:67,deploy
FN:82,ensureOwnerSignature
FN:95,canTransfer
FNF:4
FNH:0
FNDA:0,NFTStandardApproval
FNDA:0,deploy
FNDA:0,ensureOwnerSignature
FNDA:0,canTransfer
DA:1,1
DA:2,1
DA:3,1
DA:4,1
DA:5,1
DA:6,1
DA:7,1
DA:8,1
DA:9,1
DA:10,1
DA:11,1
DA:12,1
DA:13,1
DA:14,1
DA:15,1
DA:16,1
DA:17,1
DA:18,1
DA:19,1
DA:20,1
DA:21,1
DA:22,1
DA:23,1
DA:24,1
DA:25,1
DA:26,1
DA:27,1
DA:28,1
DA:29,1
DA:30,1
DA:31,1
DA:32,1
DA:33,1
DA:34,1
DA:35,1
DA:36,1
DA:37,1
DA:38,1
DA:39,1
DA:40,1
DA:41,1
DA:42,1
DA:43,1
DA:44,1
DA:45,1
DA:46,1
DA:47,1
DA:48,1
DA:49,1
DA:50,1
DA:51,1
DA:52,1
DA:53,1
DA:54,1
DA:55,1
DA:56,0
DA:57,0
DA:58,0
DA:59,0
DA:60,0
DA:61,0
DA:62,0
DA:63,0
DA:64,0
DA:65,0
DA:66,0
DA:67,0
DA:68,0
DA:69,0
DA:70,0
DA:71,0
DA:72,0
DA:73,0
DA:74,0
DA:75,0
DA:76,0
DA:77,0
DA:78,0
DA:79,0
DA:80,0
DA:81,0
DA:82,0
DA:83,0
DA:84,0
DA:85,0
DA:86,0
DA:87,0
DA:88,0
DA:89,0
DA:90,0
DA:91,0
DA:92,0
DA:93,0
DA:94,0
DA:95,0
DA:96,0
DA:97,0
DA:98,0
DA:99,0
LF:99
LH:55
BRDA:95,0,0,0
BRDA:95,1,0,0
BRF:2
BRH:0
end_of_record
TN:
SF:src/interfaces/collection.ts
FNF:0
FNH:0
DA:1,1
DA:2,1
DA:3,1
DA:4,1
DA:5,1
DA:6,1
DA:7,1
DA:8,1
DA:9,1
DA:10,1
DA:11,1
DA:12,1
DA:13,1
DA:14,1
DA:15,1
DA:16,1
DA:17,1
DA:18,1
DA:19,1
DA:20,1
DA:21,1
DA:22,1
DA:23,1
DA:24,1
DA:25,1
DA:26,1
DA:27,1
DA:28,1
DA:29,1
DA:30,1
DA:31,1
DA:32,1
DA:33,1
DA:34,1
DA:35,1
DA:36,1
DA:37,1
DA:38,1
DA:39,1
DA:40,1
DA:41,1
DA:42,1
DA:43,1
DA:44,1
DA:45,1
DA:46,1
DA:47,1
DA:48,1
DA:49,1
DA:50,1
DA:51,1
DA:52,1
DA:53,1
DA:54,1
DA:55,1
DA:56,1
DA:57,1
DA:58,1
DA:59,1
DA:60,1
DA:61,1
DA:62,1
DA:63,1
DA:64,1
DA:65,1
DA:66,1
DA:67,1
DA:68,1
DA:69,1
DA:70,1
DA:71,1
DA:72,1
DA:73,1
DA:74,1
LF:74
LH:74
BRF:0
BRH:0
end_of_record
TN:
SF:src/interfaces/encoding.ts
FN:15,fieldToString
FN:28,fieldFromString
FNF:2
FNH:1
FNDA:0,fieldToString
FNDA:812,fieldFromString
DA:1,1
DA:2,1
DA:3,1
DA:4,1
DA:5,1
DA:6,1
DA:7,1
DA:8,1
DA:9,1
DA:10,1
DA:11,1
DA:12,1
DA:13,1
DA:14,1
DA:15,0
DA:16,0
DA:17,0
DA:18,1
DA:19,1
DA:20,1
DA:21,1
DA:22,1
DA:23,1
DA:24,1
DA:25,1
DA:26,1
DA:27,1
DA:28,812
DA:29,812
DA:30,812
DA:31,812
DA:32,812
LF:32
LH:29
BRDA:28,0,0,812
BRDA:30,1,0,0
BRF:2
BRH:1
end_of_record
TN:
SF:src/interfaces/events.ts
FNF:0
FNH:0
DA:1,1
DA:2,1
DA:3,1
DA:4,1
DA:5,1
DA:6,1
DA:7,1
DA:8,1
DA:9,1
DA:10,1
DA:11,1
DA:12,1
DA:13,1
DA:14,1
DA:15,1
DA:16,1
DA:17,1
DA:18,1
DA:19,1
DA:20,1
DA:21,1
DA:22,1
DA:23,1
DA:24,1
DA:25,1
DA:26,1
DA:27,1
DA:28,1
DA:29,1
DA:30,1
DA:31,1
DA:32,1
DA:33,1
DA:34,1
DA:35,1
DA:36,1
DA:37,1
DA:38,1
DA:39,1
DA:40,1
DA:41,1
DA:42,1
DA:43,1
DA:44,1
DA:45,1
DA:46,1
DA:47,1
DA:48,1
DA:49,1
DA:50,1
DA:51,1
DA:52,1
DA:53,1
DA:54,1
DA:55,1
DA:56,1
DA:57,1
DA:58,1
DA:59,1
DA:60,1
DA:61,1
DA:62,1
DA:63,1
DA:64,1
DA:65,1
DA:66,1
DA:67,1
DA:68,1
DA:69,1
DA:70,1
DA:71,1
DA:72,1
DA:73,1
DA:74,1
DA:75,1
DA:76,1
DA:77,1
DA:78,1
DA:79,1
DA:80,1
DA:81,1
DA:82,1
DA:83,1
DA:84,1
DA:85,1
DA:86,1
DA:87,1
DA:88,1
DA:89,1
DA:90,1
DA:91,1
DA:92,1
DA:93,1
DA:94,1
DA:95,1
DA:96,1
DA:97,1
DA:98,1
DA:99,1
DA:100,1
DA:101,1
DA:102,1
DA:103,1
DA:104,1
DA:105,1
DA:106,1
DA:107,1
DA:108,1
DA:109,1
DA:110,1
DA:111,1
DA:112,1
DA:113,1
DA:114,1
DA:115,1
DA:116,1
DA:117,1
DA:118,1
DA:119,1
DA:120,1
DA:121,1
DA:122,1
DA:123,1
DA:124,1
DA:125,1
DA:126,1
DA:127,1
DA:128,1
DA:129,1
DA:130,1
DA:131,1
DA:132,1
DA:133,1
DA:134,1
DA:135,1
DA:136,1
DA:137,1
DA:138,1
DA:139,1
DA:140,1
DA:141,1
DA:142,1
DA:143,1
DA:144,1
DA:145,1
DA:146,1
DA:147,1
DA:148,1
DA:149,1
DA:150,1
DA:151,1
DA:152,1
DA:153,1
DA:154,1
DA:155,1
DA:156,1
DA:157,1
DA:158,1
DA:159,1
LF:159
LH:159
BRF:0
BRH:0
end_of_record
TN:
SF:src/interfaces/index.ts
FNF:0
FNH:0
DA:1,1
DA:2,1
DA:3,1
DA:4,1
DA:5,1
DA:6,1
DA:7,1
DA:8,1
DA:9,1
DA:10,1
LF:10
LH:10
BRF:0
BRH:0
end_of_record
TN:
SF:src/interfaces/ownable.ts
FNF:0
FNH:0
DA:1,1
DA:2,1
DA:3,1
DA:4,1
DA:5,1
DA:6,1
DA:7,1
DA:8,1
DA:9,1
DA:10,1
DA:11,1
DA:12,1
DA:13,1
DA:14,1
DA:15,1
DA:16,1
DA:17,1
DA:18,1
DA:19,1
DA:20,1
DA:21,1
DA:22,1
DA:23,1
DA:24,1
DA:25,1
DA:26,1
DA:27,1
DA:28,1
DA:29,1
DA:30,1
DA:31,1
DA:32,1
LF:32
LH:32
BRF:0
BRH:0
end_of_record
TN:
SF:src/interfaces/owner.ts
FN:73,NFTStandardOwner
FN:84,deploy
FN:99,ensureOwnerSignature
FN:107,canTransfer
FN:113,canPause
FN:119,canResume
FN:125,canChangeVerificationKey
FN:135,canApproveAddress
FNF:8
FNH:1
FNDA:84,NFTStandardOwner
FNDA:0,deploy
FNDA:0,ensureOwnerSignature
FNDA:0,canTransfer
FNDA:0,canPause
FNDA:0,canResume
FNDA:0,canChangeVerificationKey
FNDA:0,canApproveAddress
DA:1,1
DA:2,1
DA:3,1
DA:4,1
DA:5,1
DA:6,1
DA:7,1
DA:8,1
DA:9,1
DA:10,1
DA:11,1
DA:12,1
DA:13,1
DA:14,1
DA:15,1
DA:16,1
DA:17,1
DA:18,1
DA:19,1
DA:20,1
DA:21,1
DA:22,1
DA:23,1
DA:24,1
DA:25,1
DA:26,1
DA:27,1
DA:28,1
DA:29,1
DA:30,1
DA:31,1
DA:32,1
DA:33,1
DA:34,1
DA:35,1
DA:36,1
DA:37,1
DA:38,1
DA:39,1
DA:40,1
DA:41,1
DA:42,1
DA:43,1
DA:44,1
DA:45,1
DA:46,1
DA:47,1
DA:48,1
DA:49,1
DA:50,1
DA:51,1
DA:52,1
DA:53,1
DA:54,1
DA:55,1
DA:56,1
DA:57,1
DA:58,1
DA:59,1
DA:60,1
DA:61,1
DA:62,1
DA:63,1
DA:64,1
DA:65,1
DA:66,1
DA:67,1
DA:68,1
DA:69,1
DA:70,1
DA:71,1
DA:72,1
DA:73,84
DA:74,84
DA:75,84
DA:76,84
DA:77,84
DA:78,84
DA:79,84
DA:80,84
DA:81,84
DA:82,84
DA:83,84
DA:84,84
DA:85,0
DA:86,0
DA:87,0
DA:88,0
DA:89,0
DA:90,0
DA:91,0
DA:92,0
DA:93,0
DA:94,84
DA:95,84
DA:96,84
DA:97,84
DA:98,84
DA:99,84
DA:100,0
DA:101,0
DA:102,0
DA:103,0
DA:104,0
DA:105,84
DA:106,84
DA:107,84
DA:108,0
DA:109,0
DA:110,0
DA:111,84
DA:112,84
DA:113,84
DA:114,0
DA:115,0
DA:116,0
DA:117,84
DA:118,84
DA:119,84
DA:120,0
DA:121,0
DA:122,0
DA:123,84
DA:124,84
DA:125,84
DA:126,0
DA:127,0
DA:128,0
DA:129,0
DA:130,0
DA:131,0
DA:132,0
DA:133,84
DA:134,84
DA:135,84
DA:136,0
DA:137,0
DA:138,0
DA:139,0
DA:140,0
DA:141,0
DA:142,0
DA:143,84
LF:143
LH:106
BRDA:107,0,0,0
BRDA:107,1,0,0
BRDA:113,2,0,0
BRDA:113,3,0,0
BRDA:113,4,0,0
BRDA:119,5,0,0
BRDA:119,6,0,0
BRDA:119,7,0,0
BRDA:126,8,0,0
BRDA:127,9,0,0
BRDA:129,10,0,0
BRDA:136,11,0,0
BRDA:137,12,0,0
BRDA:139,13,0,0
BRDA:73,14,0,84
BRF:15
BRH:1
end_of_record
TN:
SF:src/interfaces/pausable.ts
FNF:0
FNH:0
DA:1,1
DA:2,1
DA:3,1
DA:4,1
DA:5,1
DA:6,1
DA:7,1
DA:8,1
DA:9,1
DA:10,1
DA:11,1
DA:12,1
DA:13,1
DA:14,1
DA:15,1
DA:16,1
DA:17,1
DA:18,1
DA:19,1
DA:20,1
DA:21,1
DA:22,1
DA:23,1
DA:24,1
DA:25,1
DA:26,1
DA:27,1
DA:28,1
DA:29,1
DA:30,1
DA:31,1
DA:32,1
DA:33,1
DA:34,1
DA:35,1
DA:36,1
DA:37,1
DA:38,1
DA:39,1
DA:40,1
DA:41,1
LF:41
LH:41
BRF:0
BRH:0
end_of_record
TN:
SF:src/interfaces/types.ts
FN:42,assertEqual
FN:65,fromAccount
FN:80,assertEqual
FN:125,assertEqual
FN:146,fromNFTData
FN:177,assertEqual
FN:219,assertEqual
FN:239,fromNFTState
FN:276,<static_initializer>
FN:328,new
FN:390,pack
FN:418,unpack
FN:510,new
FN:538,pack
FN:554,unpack
FN:598,isPaused
FN:602,requireTransferApproval
FNF:17
FNH:14
FNDA:1917,assertEqual
FNDA:5,fromAccount
FNDA:0,assertEqual
FNDA:134,assertEqual
FNDA:5,fromNFTData
FNDA:220,assertEqual
FNDA:134,assertEqual
FNDA:5,fromNFTState
FNDA:27,<static_initializer>
FNDA:73,new
FNDA:4126,pack
FNDA:1917,unpack
FNDA:92,new
FNDA:5276,pack
FNDA:3537,unpack
FNDA:0,isPaused
FNDA:0,requireTransferApproval
DA:1,1
DA:2,1
DA:3,1
DA:4,1
DA:5,1
DA:6,1
DA:7,1
DA:8,1
DA:9,1
DA:10,1
DA:11,1
DA:12,1
DA:13,1
DA:14,1
DA:15,1
DA:16,1
DA:17,1
DA:18,1
DA:19,1
DA:20,1
DA:21,1
DA:22,1
DA:23,1
DA:24,1
DA:25,1
DA:26,1
DA:27,1
DA:28,1
DA:29,1
DA:30,1
DA:31,1
DA:32,1
DA:33,1
DA:34,1
DA:35,1
DA:36,1
DA:37,1
DA:38,1
DA:39,1
DA:40,1
DA:41,1
DA:42,1
DA:43,1917
DA:44,1917
DA:45,1917
DA:46,1917
DA:47,1
DA:48,1
DA:49,1
DA:50,1
DA:51,1
DA:52,1
DA:53,1
DA:54,1
DA:55,1
DA:56,1
DA:57,1
DA:58,1
DA:59,1
DA:60,1
DA:61,1
DA:62,1
DA:63,1
DA:64,1
DA:65,1
DA:66,5
DA:67,0
DA:68,0
DA:69,5
DA:70,0
DA:71,0
DA:72,5
DA:73,5
DA:74,1
DA:75,1
DA:76,1
DA:77,1
DA:78,1
DA:79,1
DA:80,1
DA:81,0
DA:82,0
DA:83,0
DA:84,0
DA:85,0
DA:86,0
DA:87,1
DA:88,1
DA:89,1
DA:90,1
DA:91,1
DA:92,1
DA:93,1
DA:94,1
DA:95,1
DA:96,1
DA:97,1
DA:98,1
DA:99,1
DA:100,1
DA:101,1
DA:102,1
DA:103,1
DA:104,1
DA:105,1
DA:106,1
DA:107,1
DA:108,1
DA:109,1
DA:110,1
DA:111,1
DA:112,1
DA:113,1
DA:114,1
DA:115,1
DA:116,1
DA:117,1
DA:118,1
DA:119,1
DA:120,1
DA:121,1
DA:122,1
DA:123,1
DA:124,1
DA:125,1
DA:126,134
DA:127,134
DA:128,134
DA:129,134
DA:130,134
DA:131,134
DA:132,134
DA:133,134
DA:134,134
DA:135,134
DA:136,134
DA:137,134
DA:138,134
DA:139,134
DA:140,1
DA:141,1
DA:142,1
DA:143,1
DA:144,1
DA:145,1
DA:146,1
DA:147,5
DA:148,5
DA:149,5
DA:150,5
DA:151,5
DA:152,5
DA:153,5
DA:154,5
DA:155,5
DA:156,5
DA:157,5
DA:158,5
DA:159,5
DA:160,5
DA:161,5
DA:162,5
DA:163,5
DA:164,5
DA:165,5
DA:166,5
DA:167,1
DA:168,1
DA:169,1
DA:170,1
DA:171,1
DA:172,1
DA:173,1
DA:174,1
DA:175,1
DA:176,1
DA:177,1
DA:178,220
DA:179,660
DA:180,660
DA:181,220
DA:182,1
DA:183,1
DA:184,1
DA:185,1
DA:186,1
DA:187,1
DA:188,1
DA:189,1
DA:190,1
DA:191,1
DA:192,1
DA:193,1
DA:194,1
DA:195,1
DA:196,1
DA:197,1
DA:198,1
DA:199,1
DA:200,1
DA:201,1
DA:202,1
DA:203,1
DA:204,1
DA:205,1
DA:206,1
DA:207,1
DA:208,1
DA:209,1
DA:210,1
DA:211,1
DA:212,1
DA:213,1
DA:214,1
DA:215,1
DA:216,1
DA:217,1
DA:218,1
DA:219,1
DA:220,134
DA:221,134
DA:222,134
DA:223,134
DA:224,134
DA:225,134
DA:226,134
DA:227,134
DA:228,134
DA:229,134
DA:230,134
DA:231,134
DA:232,134
DA:233,1
DA:234,1
DA:235,1
DA:236,1
DA:237,1
DA:238,1
DA:239,1
DA:240,5
DA:241,5
DA:242,5
DA:243,5
DA:244,5
DA:245,5
DA:246,5
DA:247,5
DA:248,5
DA:249,5
DA:250,5
DA:251,5
DA:252,5
DA:253,5
DA:254,5
DA:255,5
DA:256,5
DA:257,5
DA:258,5
DA:259,5
DA:260,5
DA:261,5
DA:262,5
DA:263,5
DA:264,5
DA:265,5
DA:266,5
DA:267,5
DA:268,5
DA:269,5
DA:270,1
DA:271,1
DA:272,1
DA:273,1
DA:274,1
DA:275,1
DA:276,1
DA:277,27
DA:278,27
DA:279,27
DA:280,1
DA:281,1
DA:282,1
DA:283,1
DA:284,1
DA:285,1
DA:286,1
DA:287,1
DA:288,1
DA:289,1
DA:290,1
DA:291,1
DA:292,1
DA:293,1
DA:294,1
DA:295,1
DA:296,1
DA:297,1
DA:298,1
DA:299,1
DA:300,1
DA:301,1
DA:302,1
DA:303,1
DA:304,1
DA:305,1
DA:306,1
DA:307,1
DA:308,1
DA:309,1
DA:310,1
DA:311,1
DA:312,1
DA:313,1
DA:314,1
DA:315,1
DA:316,1
DA:317,1
DA:318,1
DA:319,1
DA:320,1
DA:321,1
DA:322,1
DA:323,1
DA:324,1
DA:325,1
DA:326,1
DA:327,1
DA:328,1
DA:329,73
DA:330,73
DA:331,73
DA:332,73
DA:333,73
DA:334,73
DA:335,73
DA:336,73
DA:337,73
DA:338,73
DA:339,73
DA:340,73
DA:341,73
DA:342,73
DA:343,73
DA:344,73
DA:345,73
DA:346,73
DA:347,73
DA:348,73
DA:349,73
DA:350,73
DA:351,73
DA:352,73
DA:353,73
DA:354,73
DA:355,73
DA:356,73
DA:357,73
DA:358,73
DA:359,73
DA:360,73
DA:361,73
DA:362,73
DA:363,73
DA:364,0
DA:365,0
DA:366,73
DA:367,73
DA:368,73
DA:369,73
DA:370,73
DA:371,73
DA:372,73
DA:373,73
DA:374,73
DA:375,73
DA:376,73
DA:377,73
DA:378,73
DA:379,73
DA:380,73
DA:381,73
DA:382,73
DA:383,73
DA:384,73
DA:385,1
DA:386,1
DA:387,1
DA:388,1
DA:389,1
DA:390,1
DA:391,4126
DA:392,4126
DA:393,4126
DA:394,4126
DA:395,4126
DA:396,4126
DA:397,4126
DA:398,4126
DA:399,4126
DA:400,4126
DA:401,4126
DA:402,4126
DA:403,4126
DA:404,4126
DA:405,4126
DA:406,4126
DA:407,4126
DA:408,4126
DA:409,4126
DA:410,4126
DA:411,4126
DA:412,1
DA:413,1
DA:414,1
DA:415,1
DA:416,1
DA:417,1
DA:418,1
DA:419,1917
DA:420,1503
DA:421,1503
DA:422,1503
DA:423,1503
DA:424,1503
DA:425,1503
DA:426,1503
DA:427,1503
DA:428,1503
DA:429,1503
DA:430,1503
DA:431,1503
DA:432,1503
DA:433,1503
DA:434,1503
DA:435,1503
DA:436,1503
DA:437,1503
DA:438,1503
DA:439,1503
DA:440,1503
DA:441,1503
DA:442,1503
DA:443,1503
DA:444,1503
DA:445,1503
DA:446,1503
DA:447,1503
DA:448,1503
DA:449,1503
DA:450,1503
DA:451,1503
DA:452,1503
DA:453,1503
DA:454,1503
DA:455,1503
DA:456,1503
DA:457,1503
DA:458,1503
DA:459,1503
DA:460,1503
DA:461,1503
DA:462,1503
DA:463,1503
DA:464,1503
DA:465,1503
DA:466,1503
DA:467,1503
DA:468,1503
DA:469,1503
DA:470,1503
DA:471,1503
DA:472,1503
DA:473,1503
DA:474,1503
DA:475,1503
DA:476,1503
DA:477,1503
DA:478,1503
DA:479,1503
DA:480,1917
DA:481,1917
DA:482,1917
DA:483,1917
DA:484,1
DA:485,1
DA:486,1
DA:487,1
DA:488,1
DA:489,1
DA:490,1
DA:491,1
DA:492,1
DA:493,1
DA:494,1
DA:495,1
DA:496,1
DA:497,1
DA:498,1
DA:499,1
DA:500,1
DA:501,1
DA:502,1
DA:503,1
DA:504,1
DA:505,1
DA:506,1
DA:507,1
DA:508,1
DA:509,1
DA:510,1
DA:511,92
DA:512,92
DA:513,92
DA:514,92
DA:515,92
DA:516,92
DA:517,92
DA:518,92
DA:519,92
DA:520,92
DA:521,92
DA:522,92
DA:523,92
DA:524,92
DA:525,92
DA:526,92
DA:527,92
DA:528,92
DA:529,92
DA:530,92
DA:531,92
DA:532,92
DA:533,1
DA:534,1
DA:535,1
DA:536,1
DA:537,1
DA:538,1
DA:539,5276
DA:540,5276
DA:541,5276
DA:542,5276
DA:543,5276
DA:544,5276
DA:545,5276
DA:546,5276
DA:547,5276
DA:548,1
DA:549,1
DA:550,1
DA:551,1
DA:552,1
DA:553,1
DA:554,1
DA:555,3537
DA:556,1512
DA:557,1512
DA:558,1512
DA:559,1512
DA:560,1512
DA:561,1512
DA:562,1512
DA:563,1512
DA:564,1512
DA:565,1512
DA:566,1512
DA:567,1512
DA:568,1512
DA:569,1512
DA:570,1512
DA:571,1512
DA:572,1512
DA:573,1512
DA:574,1512
DA:575,1512
DA:576,1512
DA:577,1512
DA:578,1512
DA:579,1512
DA:580,1512
DA:581,1512
DA:582,1512
DA:583,1512
DA:584,1512
DA:585,1512
DA:586,1512
DA:587,1512
DA:588,1512
DA:589,1512
DA:590,1512
DA:591,1512
DA:592,1512
DA:593,3537
DA:594,3537
DA:595,3537
DA:596,3537
DA:597,1
DA:598,1
DA:599,0
DA:600,0
DA:601,1
DA:602,1
DA:603,0
DA:604,0
DA:605,1
DA:606,1
DA:607,1
DA:608,1
DA:609,1
DA:610,1
DA:611,1
DA:612,1
DA:613,1
DA:614,1
DA:615,1
DA:616,1
DA:617,1
DA:618,1
DA:619,1
DA:620,1
DA:621,1
DA:622,1
DA:623,1
DA:624,1
DA:625,1
DA:626,1
DA:627,1
DA:628,1
DA:629,1
DA:630,1
DA:631,1
DA:632,1
DA:633,1
DA:634,1
DA:635,1
DA:636,1
DA:637,1
DA:638,1
DA:639,1
DA:640,1
DA:641,1
DA:642,1
DA:643,1
DA:644,1
DA:645,1
DA:646,1
DA:647,1
DA:648,1
DA:649,1
DA:650,1
DA:651,1
DA:652,1
DA:653,1
DA:654,1
DA:655,1
DA:656,1
DA:657,1
DA:658,1
DA:659,1
DA:660,1
DA:661,1
DA:662,1
DA:663,1
DA:664,1
DA:665,1
DA:666,1
DA:667,1
DA:668,1
DA:669,1
DA:670,1
DA:671,1
DA:672,1
DA:673,1
DA:674,1
DA:675,1
DA:676,1
DA:677,1
DA:678,1
DA:679,1
DA:680,1
DA:681,1
DA:682,1
DA:683,1
DA:684,1
DA:685,1
DA:686,1
DA:687,1
DA:688,1
DA:689,1
DA:690,1
DA:691,1
DA:692,1
DA:693,1
DA:694,1
DA:695,1
DA:696,1
DA:697,1
LF:697
LH:681
BRDA:42,0,0,1917
BRDA:65,1,0,5
BRDA:66,2,0,0
BRDA:69,3,0,0
BRDA:125,4,0,134
BRDA:146,5,0,5
BRDA:177,6,0,220
BRDA:178,7,0,660
BRDA:219,8,0,134
BRDA:239,9,0,5
BRDA:266,10,0,2
BRDA:267,11,0,2
BRDA:276,12,0,27
BRDA:328,13,0,73
BRDA:361,14,0,0
BRDA:363,15,0,0
BRDA:369,16,0,69
BRDA:370,17,0,69
BRDA:372,18,0,23
BRDA:373,19,0,69
BRDA:374,20,0,69
BRDA:378,21,0,23
BRDA:390,22,0,4126
BRDA:418,23,0,1917
BRDA:419,24,0,1503
BRDA:510,25,0,92
BRDA:525,26,0,46
BRDA:526,27,0,46
BRDA:527,28,0,46
BRDA:529,29,0,46
BRDA:538,30,0,5276
BRDA:554,31,0,3537
BRDA:555,32,0,1512
BRF:33
BRH:29
end_of_record
TN:
SF:src/interfaces/update.ts
FN:62,NFTStandardUpdate
FN:72,deploy
FN:87,ensureOwnerSignature
FN:95,canUpdate
FNF:4
FNH:1
FNDA:69,NFTStandardUpdate
FNDA:0,deploy
FNDA:0,ensureOwnerSignature
FNDA:0,canUpdate
DA:1,1
DA:2,1
DA:3,1
DA:4,1
DA:5,1
DA:6,1
DA:7,1
DA:8,1
DA:9,1
DA:10,1
DA:11,1
DA:12,1
DA:13,1
DA:14,1
DA:15,1
DA:16,1
DA:17,1
DA:18,1
DA:19,1
DA:20,1
DA:21,1
DA:22,1
DA:23,1
DA:24,1
DA:25,1
DA:26,1
DA:27,1
DA:28,1
DA:29,1
DA:30,1
DA:31,1
DA:32,1
DA:33,1
DA:34,1
DA:35,1
DA:36,1
DA:37,1
DA:38,1
DA:39,1
DA:40,1
DA:41,1
DA:42,1
DA:43,1
DA:44,1
DA:45,1
DA:46,1
DA:47,1
DA:48,1
DA:49,1
DA:50,1
DA:51,1
DA:52,1
DA:53,1
DA:54,1
DA:55,1
DA:56,1
DA:57,1
DA:58,1
DA:59,1
DA:60,1
DA:61,1
DA:62,69
DA:63,69
DA:64,69
DA:65,69
DA:66,69
DA:67,69
DA:68,69
DA:69,69
DA:70,69
DA:71,69
DA:72,69
DA:73,0
DA:74,0
DA:75,0
DA:76,0
DA:77,0
DA:78,0
DA:79,0
DA:80,0
DA:81,0
DA:82,69
DA:83,69
DA:84,69
DA:85,69
DA:86,69
DA:87,69
DA:88,0
DA:89,0
DA:90,0
DA:91,0
DA:92,0
DA:93,69
DA:94,69
DA:95,69
DA:96,0
DA:97,0
DA:98,0
DA:99,0
DA:100,0
DA:101,0
DA:102,0
DA:103,0
DA:104,69
LF:104
LH:82
BRDA:96,0,0,0
BRDA:97,1,0,0
BRDA:98,2,0,0
BRDA:100,3,0,0
BRDA:62,4,0,69
BRF:5
BRH:1
end_of_record
TN:
SF:src/marketplace/auction.ts
FN:59,pack
FN:84,unpack
FN:186,AuctionFactory
FN:191,NonFungibleTokenAuctionContract
FN:199,deploy
FN:242,getCollectionContract
FN:247,calculateSaleFee
FN:265,bid
FN:310,getAuctionState
FN:323,settleAuction
FN:356,withdrawNFT
FN:384,canTransfer
FN:455,settlePayment
FN:492,settleAuctioneerPayment
FN:520,withdraw
FNF:15
FNH:15
FNDA:388,pack
FNDA:716,unpack
FNDA:32,AuctionFactory
FNDA:690,NonFungibleTokenAuctionContract
FNDA:32,deploy
FNDA:128,getCollectionContract
FNDA:148,calculateSaleFee
FNDA:208,bid
FNDA:48,getAuctionState
FNDA:60,settleAuction
FNDA:68,withdrawNFT
FNDA:88,canTransfer
FNDA:60,settlePayment
FNDA:60,settleAuctioneerPayment
FNDA:84,withdraw
DA:1,1
DA:2,1
DA:3,1
DA:4,1
DA:5,1
DA:6,1
DA:7,1
DA:8,1
DA:9,1
DA:10,1
DA:11,1
DA:12,1
DA:13,1
DA:14,1
DA:15,1
DA:16,1
DA:17,1
DA:18,1
DA:19,1
DA:20,1
DA:21,1
DA:22,1
DA:23,1
DA:24,1
DA:25,1
DA:26,1
DA:27,1
DA:28,1
DA:29,1
DA:30,1
DA:31,1
DA:32,1
DA:33,1
DA:34,1
DA:35,1
DA:36,1
DA:37,1
DA:38,1
DA:39,1
DA:40,1
DA:41,1
DA:42,1
DA:43,1
DA:44,1
DA:45,1
DA:46,1
DA:47,1
DA:48,1
DA:49,1
DA:50,1
DA:51,1
DA:52,1
DA:53,1
DA:54,1
DA:55,1
DA:56,1
DA:57,1
DA:58,1
DA:59,1
DA:60,388
DA:61,388
DA:62,388
DA:63,388
DA:64,388
DA:65,388
DA:66,388
DA:67,388
DA:68,388
DA:69,388
DA:70,388
DA:71,388
DA:72,388
DA:73,388
DA:74,388
DA:75,388
DA:76,388
DA:77,388
DA:78,388
DA:79,388
DA:80,388
DA:81,388
DA:82,388
DA:83,388
DA:84,1
DA:85,716
DA:86,716
DA:87,716
DA:88,716
DA:89,716
DA:90,716
DA:91,716
DA:92,716
DA:93,716
DA:94,716
DA:95,716
DA:96,716
DA:97,716
DA:98,716
DA:99,716
DA:100,716
DA:101,716
DA:102,716
DA:103,716
DA:104,716
DA:105,716
DA:106,716
DA:107,716
DA:108,716
DA:109,716
DA:110,716
DA:111,716
DA:112,716
DA:113,716
DA:114,716
DA:115,716
DA:116,716
DA:117,716
DA:118,716
DA:119,716
DA:120,716
DA:121,716
DA:122,716
DA:123,716
DA:124,716
DA:125,716
DA:126,716
DA:127,716
DA:128,716
DA:129,716
DA:130,716
DA:131,716
DA:132,716
DA:133,716
DA:134,716
DA:135,716
DA:136,716
DA:137,716
DA:138,716
DA:139,716
DA:140,716
DA:141,716
DA:142,716
DA:143,716
DA:144,1
DA:145,1
DA:146,1
DA:147,1
DA:148,1
DA:149,1
DA:150,1
DA:151,1
DA:152,1
DA:153,1
DA:154,1
DA:155,1
DA:156,1
DA:157,1
DA:158,1
DA:159,1
DA:160,1
DA:161,1
DA:162,1
DA:163,1
DA:164,1
DA:165,1
DA:166,1
DA:167,1
DA:168,1
DA:169,1
DA:170,1
DA:171,1
DA:172,1
DA:173,1
DA:174,1
DA:175,1
DA:176,1
DA:177,1
DA:178,1
DA:179,1
DA:180,1
DA:181,1
DA:182,1
DA:183,1
DA:184,1
DA:185,1
DA:186,1
DA:187,32
DA:188,32
DA:189,32
DA:190,32
DA:191,32
DA:192,690
DA:193,690
DA:194,690
DA:195,690
DA:196,690
DA:197,690
DA:198,690
DA:199,690
DA:200,32
DA:201,32
DA:202,32
DA:203,32
DA:204,32
DA:205,32
DA:206,32
DA:207,32
DA:208,32
DA:209,32
DA:210,32
DA:211,32
DA:212,32
DA:213,32
DA:214,32
DA:215,32
DA:216,32
DA:217,32
DA:218,32
DA:219,32
DA:220,32
DA:221,32
DA:222,32
DA:223,32
DA:224,32
DA:225,32
DA:226,32
DA:227,32
DA:228,32
DA:229,32
DA:230,32
DA:231,32
DA:232,690
DA:233,690
DA:234,690
DA:235,690
DA:236,690
DA:237,690
DA:238,690
DA:239,690
DA:240,690
DA:241,690
DA:242,690
DA:243,128
DA:244,128
DA:245,128
DA:246,690
DA:247,690
DA:248,148
DA:249,148
DA:250,148
DA:251,148
DA:252,148
DA:253,148
DA:254,148
DA:255,148
DA:256,148
DA:257,148
DA:258,148
DA:259,148
DA:260,148
DA:261,148
DA:262,148
DA:263,690
DA:264,690
DA:265,690
DA:266,208
DA:267,208
DA:268,208
DA:269,208
DA:270,208
DA:271,208
DA:272,208
DA:273,208
DA:274,208
DA:275,208
DA:276,208
DA:277,208
DA:278,208
DA:279,208
DA:280,208
DA:281,208
DA:282,208
DA:283,208
DA:284,208
DA:285,208
DA:286,208
DA:287,208
DA:288,208
DA:289,208
DA:290,208
DA:291,208
DA:292,208
DA:293,208
DA:294,208
DA:295,208
DA:296,208
DA:297,208
DA:298,208
DA:299,208
DA:300,208
DA:301,208
DA:302,208
DA:303,208
DA:304,208
DA:305,208
DA:306,208
DA:307,208
DA:308,690
DA:309,690
DA:310,690
DA:311,48
DA:312,48
DA:313,48
DA:314,48
DA:315,48
DA:316,48
DA:317,690
DA:318,690
DA:319,690
DA:320,690
DA:321,690
DA:322,690
DA:323,690
DA:324,60
DA:325,60
DA:326,60
DA:327,60
DA:328,60
DA:329,60
DA:330,60
DA:331,60
DA:332,60
DA:333,60
DA:334,60
DA:335,60
DA:336,60
DA:337,60
DA:338,60
DA:339,60
DA:340,60
DA:341,60
DA:342,60
DA:343,60
DA:344,60
DA:345,60
DA:346,60
DA:347,60
DA:348,60
DA:349,60
DA:350,60
DA:351,60
DA:352,60
DA:353,690
DA:354,690
DA:355,690
DA:356,690
DA:357,68
DA:358,68
DA:359,68
DA:360,68
DA:361,68
DA:362,68
DA:363,68
DA:364,68
DA:365,68
DA:366,68
DA:367,68
DA:368,68
DA:369,68
DA:370,68
DA:371,68
DA:372,68
DA:373,68
DA:374,68
DA:375,68
DA:376,68
DA:377,68
DA:378,68
DA:379,68
DA:380,60
DA:381,60
DA:382,690
DA:383,690
DA:384,690
DA:385,88
DA:386,88
DA:387,88
DA:388,88
DA:389,88
DA:390,88
DA:391,88
DA:392,88
DA:393,88
DA:394,88
DA:395,88
DA:396,88
DA:397,88
DA:398,88
DA:399,88
DA:400,88
DA:401,88
DA:402,88
DA:403,88
DA:404,88
DA:405,88
DA:406,88
DA:407,88
DA:408,88
DA:409,88
DA:410,88
DA:411,88
DA:412,88
DA:413,88
DA:414,88
DA:415,88
DA:416,88
DA:417,88
DA:418,88
DA:419,88
DA:420,88
DA:421,88
DA:422,88
DA:423,88
DA:424,88
DA:425,88
DA:426,88
DA:427,88
DA:428,88
DA:429,88
DA:430,88
DA:431,88
DA:432,88
DA:433,88
DA:434,88
DA:435,88
DA:436,88
DA:437,88
DA:438,88
DA:439,88
DA:440,88
DA:441,88
DA:442,88
DA:443,88
DA:444,88
DA:445,88
DA:446,88
DA:447,88
DA:448,88
DA:449,88
DA:450,88
DA:451,88
DA:452,88
DA:453,690
DA:454,690
DA:455,690
DA:456,60
DA:457,60
DA:458,60
DA:459,60
DA:460,60
DA:461,60
DA:462,60
DA:463,60
DA:464,60
DA:465,60
DA:466,60
DA:467,60
DA:468,60
DA:469,60
DA:470,60
DA:471,60
DA:472,60
DA:473,60
DA:474,60
DA:475,60
DA:476,60
DA:477,60
DA:478,60
DA:479,60
DA:480,60
DA:481,60
DA:482,60
DA:483,60
DA:484,60
DA:485,690
DA:486,690
DA:487,690
DA:488,690
DA:489,690
DA:490,690
DA:491,690
DA:492,690
DA:493,60
DA:494,60
DA:495,60
DA:496,60
DA:497,60
DA:498,60
DA:499,60
DA:500,60
DA:501,60
DA:502,60
DA:503,60
DA:504,60
DA:505,60
DA:506,60
DA:507,60
DA:508,60
DA:509,60
DA:510,60
DA:511,60
DA:512,690
DA:513,690
DA:514,690
DA:515,690
DA:516,690
DA:517,690
DA:518,690
DA:519,690
DA:520,690
DA:521,84
DA:522,84
DA:523,84
DA:524,84
DA:525,84
DA:526,84
DA:527,84
DA:528,84
DA:529,84
DA:530,84
DA:531,84
DA:532,84
DA:533,84
DA:534,84
DA:535,84
DA:536,690
DA:537,32
DA:538,32
DA:539,32
LF:539
LH:539
BRDA:59,0,0,388
BRDA:84,1,0,716
BRDA:186,2,0,32
BRDA:265,3,0,0
BRDA:265,4,0,0
BRDA:265,5,0,0
BRDA:310,6,0,0
BRDA:384,7,0,0
BRDA:384,8,0,0
BRDA:455,9,0,0
BRDA:492,10,0,0
BRDA:492,11,0,0
BRDA:520,12,0,0
BRDA:191,13,0,690
BRDA:199,14,0,32
BRDA:242,15,0,128
BRDA:247,16,0,148
BRDA:265,17,0,208
BRDA:310,18,0,48
BRDA:323,19,0,60
BRDA:356,20,0,68
BRDA:380,21,0,60
BRDA:384,22,0,88
BRDA:455,23,0,60
BRDA:492,24,0,60
BRDA:520,25,0,84
BRF:26
BRH:16
end_of_record
TN:
SF:src/marketplace/bb.ts
FN:131,BulletinBoard
FN:135,deploy
FN:164,payFee
FN:178,newCollection
FN:195,offer
FN:213,cancelOffer
FN:225,bid
FN:241,cancelBid
FN:260,sale
FN:274,ensureOwnerSignature
FN:286,changeAdmin
FN:301,setFee
FN:316,upgradeVerificationKey
FN:333,withdraw
FNF:14
FNH:14
FNDA:41,BulletinBoard
FNDA:2,deploy
FNDA:36,payFee
FNDA:6,newCollection
FNDA:6,offer
FNDA:6,cancelOffer
FNDA:6,bid
FNDA:6,cancelBid
FNDA:6,sale
FNDA:24,ensureOwnerSignature
FNDA:6,changeAdmin
FNDA:6,setFee
FNDA:6,upgradeVerificationKey
FNDA:6,withdraw
DA:1,1
DA:2,1
DA:3,1
DA:4,1
DA:5,1
DA:6,1
DA:7,1
DA:8,1
DA:9,1
DA:10,1
DA:11,1
DA:12,1
DA:13,1
DA:14,1
DA:15,1
DA:16,1
DA:17,1
DA:18,1
DA:19,1
DA:20,1
DA:21,1
DA:22,1
DA:23,1
DA:24,1
DA:25,1
DA:26,1
DA:27,1
DA:28,1
DA:29,1
DA:30,1
DA:31,1
DA:32,1
DA:33,1
DA:34,1
DA:35,1
DA:36,1
DA:37,1
DA:38,1
DA:39,1
DA:40,1
DA:41,1
DA:42,1
DA:43,1
DA:44,1
DA:45,1
DA:46,1
DA:47,1
DA:48,1
DA:49,1
DA:50,1
DA:51,1
DA:52,1
DA:53,1
DA:54,1
DA:55,1
DA:56,1
DA:57,1
DA:58,1
DA:59,1
DA:60,1
DA:61,1
DA:62,1
DA:63,1
DA:64,1
DA:65,1
DA:66,1
DA:67,1
DA:68,1
DA:69,1
DA:70,1
DA:71,1
DA:72,1
DA:73,1
DA:74,1
DA:75,1
DA:76,1
DA:77,1
DA:78,1
DA:79,1
DA:80,1
DA:81,1
DA:82,1
DA:83,1
DA:84,1
DA:85,1
DA:86,1
DA:87,1
DA:88,1
DA:89,1
DA:90,1
DA:91,1
DA:92,1
DA:93,1
DA:94,1
DA:95,1
DA:96,1
DA:97,1
DA:98,1
DA:99,1
DA:100,1
DA:101,1
DA:102,1
DA:103,1
DA:104,1
DA:105,1
DA:106,1
DA:107,1
DA:108,1
DA:109,1
DA:110,1
DA:111,1
DA:112,1
DA:113,1
DA:114,1
DA:115,1
DA:116,1
DA:117,1
DA:118,1
DA:119,1
DA:120,1
DA:121,1
DA:122,1
DA:123,1
DA:124,1
DA:125,1
DA:126,1
DA:127,1
DA:128,1
DA:129,1
DA:130,1
DA:131,41
DA:132,41
DA:133,41
DA:134,41
DA:135,41
DA:136,2
DA:137,2
DA:138,2
DA:139,2
DA:140,2
DA:141,2
DA:142,2
DA:143,2
DA:144,2
DA:145,2
DA:146,2
DA:147,41
DA:148,41
DA:149,41
DA:150,41
DA:151,41
DA:152,41
DA:153,41
DA:154,41
DA:155,41
DA:156,41
DA:157,41
DA:158,41
DA:159,41
DA:160,41
DA:161,41
DA:162,41
DA:163,41
DA:164,41
DA:165,36
DA:166,36
DA:167,36
DA:168,36
DA:169,36
DA:170,36
DA:171,36
DA:172,36
DA:173,41
DA:174,41
DA:175,41
DA:176,41
DA:177,41
DA:178,41
DA:179,6
DA:180,6
DA:181,6
DA:182,6
DA:183,6
DA:184,6
DA:185,6
DA:186,6
DA:187,41
DA:188,41
DA:189,41
DA:190,41
DA:191,41
DA:192,41
DA:193,41
DA:194,41
DA:195,41
DA:196,6
DA:197,6
DA:198,6
DA:199,6
DA:200,6
DA:201,6
DA:202,6
DA:203,6
DA:204,6
DA:205,6
DA:206,6
DA:207,41
DA:208,41
DA:209,41
DA:210,41
DA:211,41
DA:212,41
DA:213,41
DA:214,6
DA:215,6
DA:216,6
DA:217,41
DA:218,41
DA:219,41
DA:220,41
DA:221,41
DA:222,41
DA:223,41
DA:224,41
DA:225,41
DA:226,6
DA:227,6
DA:228,6
DA:229,6
DA:230,6
DA:231,6
DA:232,6
DA:233,6
DA:234,41
DA:235,41
DA:236,41
DA:237,41
DA:238,41
DA:239,41
DA:240,41
DA:241,41
DA:242,6
DA:243,6
DA:244,6
DA:245,6
DA:246,6
DA:247,6
DA:248,6
DA:249,6
DA:250,6
DA:251,6
DA:252,41
DA:253,41
DA:254,41
DA:255,41
DA:256,41
DA:257,41
DA:258,41
DA:259,41
DA:260,41
DA:261,6
DA:262,6
DA:263,6
DA:264,6
DA:265,6
DA:266,6
DA:267,6
DA:268,6
DA:269,41
DA:270,41
DA:271,41
DA:272,41
DA:273,41
DA:274,41
DA:275,24
DA:276,24
DA:277,24
DA:278,24
DA:279,24
DA:280,41
DA:281,41
DA:282,41
DA:283,41
DA:284,41
DA:285,41
DA:286,41
DA:287,6
DA:288,6
DA:289,6
DA:290,6
DA:291,6
DA:292,6
DA:293,6
DA:294,6
DA:295,41
DA:296,41
DA:297,41
DA:298,41
DA:299,41
DA:300,41
DA:301,41
DA:302,6
DA:303,6
DA:304,6
DA:305,6
DA:306,6
DA:307,6
DA:308,6
DA:309,6
DA:310,41
DA:311,41
DA:312,41
DA:313,41
DA:314,41
DA:315,41
DA:316,41
DA:317,6
DA:318,6
DA:319,6
DA:320,6
DA:321,6
DA:322,6
DA:323,6
DA:324,6
DA:325,6
DA:326,6
DA:327,6
DA:328,41
DA:329,41
DA:330,41
DA:331,41
DA:332,41
DA:333,41
DA:334,6
DA:335,6
DA:336,6
DA:337,6
DA:338,6
DA:339,41
LF:339
LH:339
BRDA:178,0,0,0
BRDA:196,1,0,0
BRDA:197,2,0,0
BRDA:198,3,0,0
BRDA:213,4,0,0
BRDA:213,5,0,0
BRDA:226,6,0,0
BRDA:227,7,0,0
BRDA:228,8,0,0
BRDA:242,9,0,0
BRDA:243,10,0,0
BRDA:261,11,0,0
BRDA:262,12,0,0
BRDA:263,13,0,0
BRDA:286,14,0,0
BRDA:301,15,0,0
BRDA:316,16,0,0
BRDA:333,17,0,0
BRDA:131,18,0,41
BRDA:135,19,0,2
BRDA:164,20,0,36
BRDA:178,21,0,6
BRDA:195,22,0,6
BRDA:213,23,0,6
BRDA:225,24,0,6
BRDA:241,25,0,6
BRDA:260,26,0,6
BRDA:274,27,0,24
BRDA:286,28,0,6
BRDA:301,29,0,6
BRDA:316,30,0,6
BRDA:333,31,0,6
BRF:32
BRH:14
end_of_record
TN:
SF:src/marketplace/bid.ts
FN:37,pack
FN:43,unpack
FN:66,BidFactory
FN:70,NonFungibleTokenBidContract
FN:81,deploy
FN:103,initialize
FN:125,getCollectionContract
FN:130,deposit
FN:152,withdraw
FN:175,sell
FN:192,approvedSell
FN:209,_sell
FN:277,bid
FNF:13
FNH:12
FNDA:4,pack
FNDA:36,unpack
FNDA:4,BidFactory
FNDA:84,NonFungibleTokenBidContract
FNDA:8,deploy
FNDA:24,initialize
FNDA:0,getCollectionContract
FNDA:12,deposit
FNDA:12,withdraw
FNDA:18,sell
FNDA:18,approvedSell
FNDA:36,_sell
FNDA:12,bid
DA:1,1
DA:2,1
DA:3,1
DA:4,1
DA:5,1
DA:6,1
DA:7,1
DA:8,1
DA:9,1
DA:10,1
DA:11,1
DA:12,1
DA:13,1
DA:14,1
DA:15,1
DA:16,1
DA:17,1
DA:18,1
DA:19,1
DA:20,1
DA:21,1
DA:22,1
DA:23,1
DA:24,1
DA:25,1
DA:26,1
DA:27,1
DA:28,1
DA:29,1
DA:30,1
DA:31,1
DA:32,1
DA:33,1
DA:34,1
DA:35,1
DA:36,1
DA:37,1
DA:38,4
DA:39,4
DA:40,4
DA:41,4
DA:42,4
DA:43,1
DA:44,36
DA:45,36
DA:46,36
DA:47,36
DA:48,36
DA:49,36
DA:50,36
DA:51,36
DA:52,36
DA:53,36
DA:54,1
DA:55,1
DA:56,1
DA:57,1
DA:58,1
DA:59,1
DA:60,1
DA:61,1
DA:62,1
DA:63,1
DA:64,1
DA:65,1
DA:66,1
DA:67,4
DA:68,4
DA:69,4
DA:70,4
DA:71,84
DA:72,84
DA:73,84
DA:74,84
DA:75,84
DA:76,84
DA:77,84
DA:78,84
DA:79,84
DA:80,84
DA:81,84
DA:82,8
DA:83,8
DA:84,8
DA:85,8
DA:86,8
DA:87,8
DA:88,8
DA:89,8
DA:90,8
DA:91,8
DA:92,8
DA:93,8
DA:94,84
DA:95,84
DA:96,84
DA:97,84
DA:98,84
DA:99,84
DA:100,84
DA:101,84
DA:102,84
DA:103,84
DA:104,24
DA:105,24
DA:106,24
DA:107,24
DA:108,24
DA:109,24
DA:110,24
DA:111,24
DA:112,24
DA:113,24
DA:114,24
DA:115,24
DA:116,24
DA:117,24
DA:118,24
DA:119,24
DA:120,24
DA:121,24
DA:122,24
DA:123,24
DA:124,84
DA:125,84
DA:126,0
DA:127,0
DA:128,0
DA:129,84
DA:130,84
DA:131,12
DA:132,12
DA:133,12
DA:134,12
DA:135,12
DA:136,12
DA:137,12
DA:138,12
DA:139,12
DA:140,12
DA:141,12
DA:142,12
DA:143,12
DA:144,12
DA:145,12
DA:146,12
DA:147,12
DA:148,12
DA:149,12
DA:150,12
DA:151,84
DA:152,84
DA:153,12
DA:154,12
DA:155,12
DA:156,12
DA:157,12
DA:158,12
DA:159,12
DA:160,12
DA:161,12
DA:162,12
DA:163,12
DA:164,12
DA:165,12
DA:166,12
DA:167,12
DA:168,12
DA:169,12
DA:170,12
DA:171,12
DA:172,12
DA:173,12
DA:174,84
DA:175,84
DA:176,18
DA:177,18
DA:178,18
DA:179,18
DA:180,18
DA:181,18
DA:182,18
DA:183,18
DA:184,18
DA:185,18
DA:186,18
DA:187,18
DA:188,18
DA:189,18
DA:190,18
DA:191,84
DA:192,84
DA:193,18
DA:194,18
DA:195,18
DA:196,18
DA:197,18
DA:198,18
DA:199,18
DA:200,18
DA:201,18
DA:202,18
DA:203,18
DA:204,18
DA:205,18
DA:206,18
DA:207,18
DA:208,84
DA:209,84
DA:210,36
DA:211,36
DA:212,36
DA:213,36
DA:214,36
DA:215,36
DA:216,36
DA:217,36
DA:218,36
DA:219,36
DA:220,36
DA:221,36
DA:222,36
DA:223,36
DA:224,36
DA:225,36
DA:226,36
DA:227,36
DA:228,36
DA:229,36
DA:230,36
DA:231,36
DA:232,36
DA:233,36
DA:234,36
DA:235,36
DA:236,36
DA:237,36
DA:238,36
DA:239,36
DA:240,36
DA:241,36
DA:242,36
DA:243,36
DA:244,36
DA:245,36
DA:246,36
DA:247,36
DA:248,36
DA:249,36
DA:250,36
DA:251,36
DA:252,36
DA:253,36
DA:254,36
DA:255,36
DA:256,36
DA:257,36
DA:258,36
DA:259,36
DA:260,36
DA:261,36
DA:262,36
DA:263,36
DA:264,36
DA:265,36
DA:266,36
DA:267,36
DA:268,36
DA:269,36
DA:270,36
DA:271,36
DA:272,36
DA:273,36
DA:274,36
DA:275,36
DA:276,84
DA:277,84
DA:278,12
DA:279,12
DA:280,12
DA:281,12
DA:282,12
DA:283,12
DA:284,12
DA:285,12
DA:286,12
DA:287,12
DA:288,12
DA:289,84
DA:290,4
DA:291,4
DA:292,4
LF:292
LH:289
BRDA:37,0,0,4
BRDA:43,1,0,36
BRDA:66,2,0,4
BRDA:103,3,0,0
BRDA:103,4,0,0
BRDA:130,5,0,0
BRDA:130,6,0,0
BRDA:152,7,0,0
BRDA:152,8,0,0
BRDA:175,9,0,0
BRDA:175,10,0,0
BRDA:192,11,0,0
BRDA:192,12,0,0
BRDA:277,13,0,0
BRDA:277,14,0,0
BRDA:277,15,0,0
BRDA:70,16,0,84
BRDA:81,17,0,8
BRDA:103,18,0,24
BRDA:130,19,0,12
BRDA:152,20,0,12
BRDA:175,21,0,18
BRDA:192,22,0,18
BRDA:209,23,0,36
BRDA:277,24,0,12
BRF:25
BRH:12
end_of_record
TN:
SF:src/marketplace/index.ts
FNF:0
FNH:0
DA:1,1
DA:2,1
DA:3,1
DA:4,1
DA:5,1
DA:6,1
LF:6
LH:6
BRF:0
BRH:0
end_of_record
TN:
SF:src/marketplace/nft-shares.ts
FN:62,pack
FN:81,unpack
FN:123,NFTSharesFactory
FN:128,NFTSharesAdmin
FN:132,deploy
FN:145,updateVerificationKey
FN:150,ensureAdminSignature
FN:155,getOwner
FN:160,canMint
FN:166,canChangeAdmin
FN:172,canPause
FN:178,canResume
FN:184,canChangeVerificationKey
FN:192,NFTSharesOwner
FN:205,deploy
FN:235,ensureOwnerSignature
FN:242,getAuction
FN:253,canMint
FN:268,withdraw
FN:297,closeSubscription
FN:305,bid
FN:335,canTransfer
FN:350,canPause
FN:356,canResume
FN:362,canChangeVerificationKey
FN:372,canApproveAddress
FNF:26
FNH:26
FNDA:16,pack
FNDA:344,unpack
FNDA:32,NFTSharesFactory
FNDA:344,NFTSharesAdmin
FNDA:16,deploy
FNDA:24,updateVerificationKey
FNDA:120,ensureAdminSignature
FNDA:88,getOwner
FNDA:88,canMint
FNDA:24,canChangeAdmin
FNDA:24,canPause
FNDA:24,canResume
FNDA:24,canChangeVerificationKey
FNDA:658,NFTSharesOwner
FNDA:16,deploy
FNDA:150,ensureOwnerSignature
FNDA:78,getAuction
FNDA:110,canMint
FNDA:78,withdraw
FNDA:30,closeSubscription
FNDA:78,bid
FNDA:38,canTransfer
FNDA:30,canPause
FNDA:30,canResume
FNDA:30,canChangeVerificationKey
FNDA:30,canApproveAddress
DA:1,1
DA:2,1
DA:3,1
DA:4,1
DA:5,1
DA:6,1
DA:7,1
DA:8,1
DA:9,1
DA:10,1
DA:11,1
DA:12,1
DA:13,1
DA:14,1
DA:15,1
DA:16,1
DA:17,1
DA:18,1
DA:19,1
DA:20,1
DA:21,1
DA:22,1
DA:23,1
DA:24,1
DA:25,1
DA:26,1
DA:27,1
DA:28,1
DA:29,1
DA:30,1
DA:31,1
DA:32,1
DA:33,1
DA:34,1
DA:35,1
DA:36,1
DA:37,1
DA:38,1
DA:39,1
DA:40,1
DA:41,1
DA:42,1
DA:43,1
DA:44,1
DA:45,1
DA:46,1
DA:47,1
DA:48,1
DA:49,1
DA:50,1
DA:51,1
DA:52,1
DA:53,1
DA:54,1
DA:55,1
DA:56,1
DA:57,1
DA:58,1
DA:59,1
DA:60,1
DA:61,1
DA:62,1
DA:63,16
DA:64,16
DA:65,16
DA:66,16
DA:67,16
DA:68,16
DA:69,16
DA:70,16
DA:71,16
DA:72,16
DA:73,16
DA:74,16
DA:75,16
DA:76,16
DA:77,16
DA:78,16
DA:79,16
DA:80,16
DA:81,1
DA:82,344
DA:83,344
DA:84,344
DA:85,344
DA:86,344
DA:87,344
DA:88,344
DA:89,344
DA:90,344
DA:91,344
DA:92,344
DA:93,344
DA:94,344
DA:95,344
DA:96,344
DA:97,344
DA:98,344
DA:99,344
DA:100,344
DA:101,344
DA:102,344
DA:103,344
DA:104,344
DA:105,344
DA:106,344
DA:107,344
DA:108,344
DA:109,344
DA:110,344
DA:111,344
DA:112,344
DA:113,344
DA:114,344
DA:115,344
DA:116,344
DA:117,1
DA:118,1
DA:119,1
DA:120,1
DA:121,1
DA:122,1
DA:123,1
DA:124,32
DA:125,32
DA:126,32
DA:127,32
DA:128,32
DA:129,344
DA:130,344
DA:131,344
DA:132,344
DA:133,16
DA:134,16
DA:135,16
DA:136,16
DA:137,16
DA:138,16
DA:139,16
DA:140,16
DA:141,16
DA:142,16
DA:143,344
DA:144,344
DA:145,344
DA:146,24
DA:147,24
DA:148,24
DA:149,344
DA:150,344
DA:151,120
DA:152,120
DA:153,120
DA:154,344
DA:155,344
DA:156,88
DA:157,88
DA:158,344
DA:159,344
DA:160,344
DA:161,88
DA:162,88
DA:163,88
DA:164,344
DA:165,344
DA:166,344
DA:167,24
DA:168,24
DA:169,24
DA:170,344
DA:171,344
DA:172,344
DA:173,24
DA:174,24
DA:175,24
DA:176,344
DA:177,344
DA:178,344
DA:179,24
DA:180,24
DA:181,24
DA:182,344
DA:183,344
DA:184,344
DA:185,24
DA:186,24
DA:187,24
DA:188,344
DA:189,32
DA:190,32
DA:191,32
DA:192,32
DA:193,658
DA:194,658
DA:195,658
DA:196,658
DA:197,658
DA:198,658
DA:199,658
DA:200,658
DA:201,658
DA:202,658
DA:203,658
DA:204,658
DA:205,658
DA:206,16
DA:207,16
DA:208,16
DA:209,16
DA:210,16
DA:211,16
DA:212,16
DA:213,16
DA:214,16
DA:215,16
DA:216,16
DA:217,16
DA:218,16
DA:219,16
DA:220,16
DA:221,16
DA:222,16
DA:223,16
DA:224,16
DA:225,16
DA:226,16
DA:227,16
DA:228,16
DA:229,16
DA:230,658
DA:231,658
DA:232,658
DA:233,658
DA:234,658
DA:235,658
DA:236,150
DA:237,150
DA:238,150
DA:239,150
DA:240,150
DA:241,658
DA:242,658
DA:243,78
DA:244,78
DA:245,658
DA:246,658
DA:247,658
DA:248,658
DA:249,658
DA:250,658
DA:251,658
DA:252,658
DA:253,658
DA:254,110
DA:255,110
DA:256,110
DA:257,110
DA:258,110
DA:259,110
DA:260,110
DA:261,110
DA:262,110
DA:263,110
DA:264,110
DA:265,110
DA:266,658
DA:267,658
DA:268,658
DA:269,78
DA:270,78
DA:271,78
DA:272,78
DA:273,78
DA:274,78
DA:275,78
DA:276,78
DA:277,78
DA:278,78
DA:279,78
DA:280,78
DA:281,78
DA:282,78
DA:283,78
DA:284,78
DA:285,78
DA:286,78
DA:287,78
DA:288,78
DA:289,78
DA:290,78
DA:291,78
DA:292,78
DA:293,78
DA:294,78
DA:295,658
DA:296,658
DA:297,658
DA:298,30
DA:299,30
DA:300,30
DA:301,30
DA:302,30
DA:303,658
DA:304,658
DA:305,658
DA:306,78
DA:307,78
DA:308,78
DA:309,78
DA:310,78
DA:311,78
DA:312,78
DA:313,78
DA:314,78
DA:315,78
DA:316,78
DA:317,78
DA:318,78
DA:319,78
DA:320,78
DA:321,78
DA:322,78
DA:323,78
DA:324,78
DA:325,78
DA:326,78
DA:327,78
DA:328,78
DA:329,78
DA:330,78
DA:331,78
DA:332,78
DA:333,658
DA:334,658
DA:335,658
DA:336,38
DA:337,38
DA:338,38
DA:339,38
DA:340,38
DA:341,38
DA:342,38
DA:343,38
DA:344,38
DA:345,38
DA:346,38
DA:347,38
DA:348,658
DA:349,658
DA:350,658
DA:351,30
DA:352,30
DA:353,30
DA:354,658
DA:355,658
DA:356,658
DA:357,30
DA:358,30
DA:359,30
DA:360,658
DA:361,658
DA:362,658
DA:363,30
DA:364,30
DA:365,30
DA:366,30
DA:367,30
DA:368,30
DA:369,30
DA:370,658
DA:371,658
DA:372,658
DA:373,30
DA:374,30
DA:375,30
DA:376,30
DA:377,30
DA:378,30
DA:379,30
DA:380,658
DA:381,32
DA:382,32
DA:383,32
DA:384,32
DA:385,32
DA:386,32
DA:387,32
LF:387
LH:387
BRDA:62,0,0,16
BRDA:81,1,0,344
BRDA:123,2,0,32
BRDA:145,3,0,0
BRDA:160,4,0,0
BRDA:166,5,0,0
BRDA:172,6,0,0
BRDA:178,7,0,0
BRDA:184,8,0,0
BRDA:184,9,0,0
BRDA:253,10,0,0
BRDA:253,11,0,0
BRDA:268,12,0,0
BRDA:305,13,0,0
BRDA:335,14,0,0
BRDA:335,15,0,0
BRDA:350,16,0,0
BRDA:350,17,0,0
BRDA:350,18,0,0
BRDA:356,19,0,0
BRDA:356,20,0,0
BRDA:356,21,0,0
BRDA:363,22,0,0
BRDA:364,23,0,0
BRDA:366,24,0,0
BRDA:373,25,0,0
BRDA:374,26,0,0
BRDA:376,27,0,0
BRDA:128,28,0,344
BRDA:132,29,0,16
BRDA:145,30,0,24
BRDA:150,31,0,120
BRDA:155,32,0,88
BRDA:160,33,0,88
BRDA:166,34,0,24
BRDA:172,35,0,24
BRDA:178,36,0,24
BRDA:184,37,0,24
BRDA:192,38,0,658
BRDA:205,39,0,16
BRDA:235,40,0,150
BRDA:242,41,0,78
BRDA:253,42,0,110
BRDA:268,43,0,78
BRDA:297,44,0,30
BRDA:305,45,0,78
BRDA:335,46,0,38
BRDA:350,47,0,30
BRDA:356,48,0,30
BRDA:362,49,0,30
BRDA:372,50,0,30
BRF:51
BRH:26
end_of_record
TN:
SF:src/marketplace/offer.ts
FN:45,OfferFactory
FN:50,NonFungibleTokenOfferContract
FN:61,deploy
FN:82,getCollectionContract
FN:87,buy
FN:114,canTransfer
FNF:6
FNH:6
FNDA:60,OfferFactory
FNDA:82,NonFungibleTokenOfferContract
FNDA:8,deploy
FNDA:20,getCollectionContract
FNDA:20,buy
FNDA:22,canTransfer
DA:1,1
DA:2,1
DA:3,1
DA:4,1
DA:5,1
DA:6,1
DA:7,1
DA:8,1
DA:9,1
DA:10,1
DA:11,1
DA:12,1
DA:13,1
DA:14,1
DA:15,1
DA:16,1
DA:17,1
DA:18,1
DA:19,1
DA:20,1
DA:21,1
DA:22,1
DA:23,1
DA:24,1
DA:25,1
DA:26,1
DA:27,1
DA:28,1
DA:29,1
DA:30,1
DA:31,1
DA:32,1
DA:33,1
DA:34,1
DA:35,1
DA:36,1
DA:37,1
DA:38,1
DA:39,1
DA:40,1
DA:41,1
DA:42,1
DA:43,1
DA:44,1
DA:45,1
DA:46,60
DA:47,60
DA:48,60
DA:49,60
DA:50,60
DA:51,82
DA:52,82
DA:53,82
DA:54,82
DA:55,82
DA:56,82
DA:57,82
DA:58,82
DA:59,82
DA:60,82
DA:61,82
DA:62,8
DA:63,8
DA:64,8
DA:65,8
DA:66,8
DA:67,8
DA:68,8
DA:69,8
DA:70,8
DA:71,8
DA:72,8
DA:73,8
DA:74,8
DA:75,8
DA:76,8
DA:77,82
DA:78,82
DA:79,82
DA:80,82
DA:81,82
DA:82,82
DA:83,20
DA:84,20
DA:85,20
DA:86,82
DA:87,82
DA:88,20
DA:89,20
DA:90,20
DA:91,20
DA:92,20
DA:93,20
DA:94,20
DA:95,20
DA:96,20
DA:97,20
DA:98,20
DA:99,20
DA:100,20
DA:101,20
DA:102,20
DA:103,20
DA:104,18
DA:105,82
DA:106,82
DA:107,82
DA:108,82
DA:109,82
DA:110,82
DA:111,82
DA:112,82
DA:113,82
DA:114,82
DA:115,22
DA:116,22
DA:117,22
DA:118,22
DA:119,22
DA:120,22
DA:121,22
DA:122,22
DA:123,22
DA:124,22
DA:125,22
DA:126,22
DA:127,22
DA:128,22
DA:129,22
DA:130,22
DA:131,22
DA:132,22
DA:133,22
DA:134,22
DA:135,22
DA:136,22
DA:137,22
DA:138,22
DA:139,22
DA:140,22
DA:141,22
DA:142,22
DA:143,22
DA:144,22
DA:145,22
DA:146,22
DA:147,22
DA:148,22
DA:149,22
DA:150,82
DA:151,60
DA:152,60
DA:153,60
LF:153
LH:153
BRDA:45,0,0,60
BRDA:87,1,0,0
BRDA:114,2,0,0
BRDA:114,3,0,0
BRDA:50,4,0,82
BRDA:61,5,0,8
BRDA:82,6,0,20
BRDA:87,7,0,20
BRDA:104,8,0,18
BRDA:114,9,0,22
BRF:10
BRH:7
end_of_record
TN:
SF:src/marketplace/types.ts
FNF:0
FNH:0
DA:1,1
DA:2,1
DA:3,1
DA:4,1
DA:5,1
DA:6,1
DA:7,1
DA:8,1
DA:9,1
DA:10,1
DA:11,1
DA:12,1
DA:13,1
DA:14,1
DA:15,1
DA:16,1
DA:17,1
DA:18,1
DA:19,1
DA:20,1
DA:21,1
DA:22,1
DA:23,1
DA:24,1
DA:25,1
DA:26,1
DA:27,1
DA:28,1
DA:29,1
DA:30,1
DA:31,1
DA:32,1
DA:33,1
LF:33
LH:33
BRF:0
BRH:0
end_of_record
TN:
SF:src/metadata/address.ts
FN:27,MinaAddress
FN:38,toPublicKey
FN:47,toString
FNF:3
FNH:1
FNDA:21,MinaAddress
FNDA:0,toPublicKey
FNDA:0,toString
DA:1,1
DA:2,1
DA:3,1
DA:4,1
DA:5,1
DA:6,1
DA:7,1
DA:8,1
DA:9,1
DA:10,1
DA:11,1
DA:12,1
DA:13,1
DA:14,1
DA:15,1
DA:16,1
DA:17,1
DA:18,1
DA:19,1
DA:20,1
DA:21,1
DA:22,1
DA:23,1
DA:24,1
DA:25,1
DA:26,1
DA:27,1
DA:28,21
DA:29,21
DA:30,21
DA:31,21
DA:32,1
DA:33,1
DA:34,1
DA:35,1
DA:36,1
DA:37,1
DA:38,1
DA:39,0
DA:40,0
DA:41,1
DA:42,1
DA:43,1
DA:44,1
DA:45,1
DA:46,1
DA:47,1
DA:48,0
DA:49,0
DA:50,1
LF:50
LH:46
BRDA:27,0,0,21
BRDA:29,1,0,0
BRF:2
BRH:1
end_of_record
TN:
SF:src/metadata/index.ts
FNF:0
FNH:0
DA:1,1
DA:2,1
DA:3,1
DA:4,1
LF:4
LH:4
BRF:0
BRH:0
end_of_record
TN:
SF:src/metadata/metadata.ts
FN:55,new
FN:120,hash
FN:169,ColorPlugin
FN:180,getColor
FN:214,getTrait
FN:241,toJSON
FN:249,fromJSON
FN:305,Metadata
FN:350,addTrait
FN:459,toJSON
FN:538,fromJSON
FN:692,fromOpenApiJSON
FNF:12
FNH:11
FNDA:512,new
FNDA:529,hash
FNDA:3,ColorPlugin
FNDA:21,getColor
FNDA:9,getTrait
FNDA:6,toJSON
FNDA:6,fromJSON
FNDA:79,Metadata
FNDA:481,addTrait
FNDA:172,toJSON
FNDA:20,fromJSON
FNDA:0,fromOpenApiJSON
DA:1,1
DA:2,1
DA:3,1
DA:4,1
DA:5,1
DA:6,1
DA:7,1
DA:8,1
DA:9,1
DA:10,1
DA:11,1
DA:12,1
DA:13,1
DA:14,1
DA:15,1
DA:16,1
DA:17,1
DA:18,1
DA:19,1
DA:20,1
DA:21,1
DA:22,1
DA:23,1
DA:24,1
DA:25,1
DA:26,1
DA:27,1
DA:28,1
DA:29,1
DA:30,1
DA:31,1
DA:32,1
DA:33,1
DA:34,1
DA:35,1
DA:36,1
DA:37,1
DA:38,1
DA:39,1
DA:40,1
DA:41,1
DA:42,1
DA:43,1
DA:44,1
DA:45,1
DA:46,1
DA:47,1
DA:48,1
DA:49,1
DA:50,1
DA:51,1
DA:52,1
DA:53,1
DA:54,1
DA:55,1
DA:56,512
DA:57,512
DA:58,512
DA:59,512
DA:60,512
DA:61,512
DA:62,512
DA:63,512
DA:64,512
DA:65,115
DA:66,115
DA:67,115
DA:68,512
DA:69,512
DA:70,512
DA:71,249
DA:72,249
DA:73,249
DA:74,249
DA:75,249
DA:76,512
DA:77,86
DA:78,86
DA:79,86
DA:80,512
DA:81,14
DA:82,14
DA:83,14
DA:84,512
DA:85,21
DA:86,21
DA:87,21
DA:88,21
DA:89,21
DA:90,21
DA:91,21
DA:92,512
DA:93,5
DA:94,5
DA:95,5
DA:96,5
DA:97,5
DA:98,512
DA:99,22
DA:100,22
DA:101,22
DA:102,22
DA:103,22
DA:104,22
DA:105,512
DA:106,0
DA:107,512
DA:108,512
DA:109,512
DA:110,512
DA:111,512
DA:112,512
DA:113,512
DA:114,512
DA:115,512
DA:116,1
DA:117,1
DA:118,1
DA:119,1
DA:120,1
DA:121,529
DA:122,529
DA:123,1
DA:124,1
DA:125,1
DA:126,1
DA:127,1
DA:128,1
DA:129,1
DA:130,1
DA:131,1
DA:132,1
DA:133,1
DA:134,1
DA:135,1
DA:136,1
DA:137,1
DA:138,1
DA:139,1
DA:140,1
DA:141,1
DA:142,1
DA:143,1
DA:144,1
DA:145,1
DA:146,1
DA:147,1
DA:148,1
DA:149,1
DA:150,1
DA:151,1
DA:152,1
DA:153,1
DA:154,1
DA:155,1
DA:156,1
DA:157,1
DA:158,1
DA:159,1
DA:160,1
DA:161,1
DA:162,1
DA:163,1
DA:164,1
DA:165,1
DA:166,1
DA:167,1
DA:168,1
DA:169,3
DA:170,3
DA:171,3
DA:172,3
DA:173,3
DA:174,3
DA:175,3
DA:176,3
DA:177,3
DA:178,3
DA:179,3
DA:180,3
DA:181,21
DA:182,21
DA:183,2
DA:184,2
DA:185,21
DA:186,21
DA:187,1
DA:188,1
DA:189,1
DA:190,1
DA:191,1
DA:192,1
DA:193,1
DA:194,1
DA:195,1
DA:196,1
DA:197,21
DA:198,19
DA:199,20
DA:200,1
DA:201,1
DA:202,1
DA:203,1
DA:204,0
DA:205,0
DA:206,1
DA:207,0
DA:208,0
DA:209,3
DA:210,3
DA:211,3
DA:212,3
DA:213,3
DA:214,3
DA:215,9
DA:216,9
DA:217,9
DA:218,9
DA:219,9
DA:220,9
DA:221,9
DA:222,9
DA:223,9
DA:224,9
DA:225,9
DA:226,9
DA:227,9
DA:228,9
DA:229,9
DA:230,9
DA:231,9
DA:232,9
DA:233,9
DA:234,9
DA:235,9
DA:236,3
DA:237,3
DA:238,3
DA:239,3
DA:240,3
DA:241,3
DA:242,6
DA:243,6
DA:244,3
DA:245,3
DA:246,3
DA:247,3
DA:248,3
DA:249,3
DA:250,6
DA:251,6
DA:252,6
DA:253,3
DA:254,1
DA:255,1
DA:256,1
DA:257,1
DA:258,1
DA:259,1
DA:260,1
DA:261,1
DA:262,1
DA:263,1
DA:264,1
DA:265,1
DA:266,1
DA:267,1
DA:268,1
DA:269,1
DA:270,1
DA:271,1
DA:272,1
DA:273,1
DA:274,1
DA:275,1
DA:276,1
DA:277,1
DA:278,1
DA:279,1
DA:280,1
DA:281,1
DA:282,1
DA:283,1
DA:284,1
DA:285,1
DA:286,1
DA:287,1
DA:288,1
DA:289,1
DA:290,1
DA:291,1
DA:292,1
DA:293,1
DA:294,1
DA:295,1
DA:296,1
DA:297,1
DA:298,1
DA:299,1
DA:300,1
DA:301,1
DA:302,1
DA:303,1
DA:304,1
DA:305,1
DA:306,79
DA:307,79
DA:308,79
DA:309,79
DA:310,79
DA:311,79
DA:312,79
DA:313,79
DA:314,79
DA:315,79
DA:316,79
DA:317,79
DA:318,79
DA:319,79
DA:320,79
DA:321,79
DA:322,79
DA:323,79
DA:324,79
DA:325,79
DA:326,58
DA:327,58
DA:328,58
DA:329,58
DA:330,58
DA:331,58
DA:332,79
DA:333,23
DA:334,23
DA:335,23
DA:336,23
DA:337,23
DA:338,23
DA:339,79
DA:340,79
DA:341,79
DA:342,79
DA:343,79
DA:344,1
DA:345,1
DA:346,1
DA:347,1
DA:348,1
DA:349,1
DA:350,1
DA:351,481
DA:352,481
DA:353,481
DA:354,481
DA:355,481
DA:356,481
DA:357,481
DA:358,481
DA:359,481
DA:360,481
DA:361,481
DA:362,481
DA:363,481
DA:364,481
DA:365,481
DA:366,481
DA:367,481
DA:368,481
DA:369,481
DA:370,481
DA:371,481
DA:372,481
DA:373,481
DA:374,472
DA:375,472
DA:376,472
DA:377,472
DA:378,472
DA:379,472
DA:380,472
DA:381,472
DA:382,472
DA:383,115
DA:384,115
DA:385,115
DA:386,115
DA:387,472
DA:388,472
DA:389,472
DA:390,249
DA:391,249
DA:392,249
DA:393,249
DA:394,472
DA:395,46
DA:396,46
DA:397,46
DA:398,46
DA:399,46
DA:400,0
DA:401,46
DA:402,46
DA:403,46
DA:404,46
DA:405,46
DA:406,472
DA:407,14
DA:408,14
DA:409,14
DA:410,14
DA:411,14
DA:412,0
DA:413,14
DA:414,14
DA:415,14
DA:416,14
DA:417,14
DA:418,472
DA:419,21
DA:420,21
DA:421,21
DA:422,21
DA:423,21
DA:424,472
DA:425,5
DA:426,5
DA:427,5
DA:428,5
DA:429,472
DA:430,22
DA:431,22
DA:432,22
DA:433,22
DA:434,472
DA:435,0
DA:436,472
DA:437,472
DA:438,481
DA:439,9
DA:440,9
DA:441,9
DA:442,9
DA:443,9
DA:444,9
DA:445,9
DA:446,9
DA:447,9
DA:448,481
DA:449,481
DA:450,481
DA:451,481
DA:452,481
DA:453,1
DA:454,1
DA:455,1
DA:456,1
DA:457,1
DA:458,1
DA:459,1
DA:460,172
DA:461,172
DA:462,172
DA:463,172
DA:464,172
DA:465,172
DA:466,172
DA:467,172
DA:468,172
DA:469,172
DA:470,172
DA:471,172
DA:472,172
DA:473,172
DA:474,172
DA:475,172
DA:476,172
DA:477,172
DA:478,172
DA:479,172
DA:480,172
DA:481,865
DA:482,865
DA:483,865
DA:484,865
DA:485,865
DA:486,865
DA:487,677
DA:488,677
DA:489,677
DA:490,677
DA:491,865
DA:492,58
DA:493,58
DA:494,58
DA:495,58
DA:496,865
DA:497,31
DA:498,31
DA:499,31
DA:500,31
DA:501,865
DA:502,36
DA:503,36
DA:504,36
DA:505,36
DA:506,865
DA:507,11
DA:508,11
DA:509,11
DA:510,11
DA:511,865
DA:512,46
DA:513,46
DA:514,46
DA:515,46
DA:516,865
DA:517,6
DA:518,6
DA:519,6
DA:520,6
DA:521,6
DA:522,865
DA:523,865
DA:524,865
DA:525,865
DA:526,865
DA:527,865
DA:528,865
DA:529,172
DA:530,172
DA:531,172
DA:532,1
DA:533,1
DA:534,1
DA:535,1
DA:536,1
DA:537,1
DA:538,1
DA:539,20
DA:540,20
DA:541,20
DA:542,20
DA:543,20
DA:544,20
DA:545,20
DA:546,20
DA:547,20
DA:548,20
DA:549,20
DA:550,20
DA:551,20
DA:552,20
DA:553,20
DA:554,20
DA:555,20
DA:556,20
DA:557,20
DA:558,20
DA:559,20
DA:560,20
DA:561,20
DA:562,20
DA:563,20
DA:564,20
DA:565,20
DA:566,20
DA:567,20
DA:568,20
DA:569,20
DA:570,20
DA:571,20
DA:572,20
DA:573,20
DA:574,20
DA:575,20
DA:576,20
DA:577,109
DA:578,109
DA:579,109
DA:580,109
DA:581,109
DA:582,109
DA:583,109
DA:584,109
DA:585,20
DA:586,20
DA:587,20
DA:588,20
DA:589,20
DA:590,20
DA:591,20
DA:592,20
DA:593,109
DA:594,109
DA:595,109
DA:596,109
DA:597,109
DA:598,109
DA:599,109
DA:600,109
DA:601,109
DA:602,109
DA:603,109
DA:604,109
DA:605,109
DA:606,70
DA:607,70
DA:608,70
DA:609,70
DA:610,109
DA:611,20
DA:612,20
DA:613,20
DA:614,20
DA:615,109
DA:616,2
DA:617,2
DA:618,2
DA:619,2
DA:620,109
DA:621,6
DA:622,6
DA:623,6
DA:624,6
DA:625,109
DA:626,0
DA:627,0
DA:628,0
DA:629,0
DA:630,0
DA:631,0
DA:632,0
DA:633,0
DA:634,0
DA:635,0
DA:636,0
DA:637,0
DA:638,0
DA:639,0
DA:640,0
DA:641,0
DA:642,0
DA:643,0
DA:644,109
DA:645,5
DA:646,5
DA:647,5
DA:648,5
DA:649,5
DA:650,5
DA:651,5
DA:652,5
DA:653,5
DA:654,5
DA:655,109
DA:656,6
DA:657,6
DA:658,6
DA:659,6
DA:660,6
DA:661,109
DA:662,109
DA:663,109
DA:664,109
DA:665,109
DA:666,109
DA:667,109
DA:668,109
DA:669,20
DA:670,0
DA:671,0
DA:672,0
DA:673,0
DA:674,0
DA:675,0
DA:676,0
DA:677,0
DA:678,0
DA:679,0
DA:680,0
DA:681,0
DA:682,0
DA:683,20
DA:684,20
DA:685,20
DA:686,1
DA:687,1
DA:688,1
DA:689,1
DA:690,1
DA:691,1
DA:692,1
DA:693,0
DA:694,0
DA:695,0
DA:696,0
DA:697,0
DA:698,0
DA:699,0
DA:700,0
DA:701,0
DA:702,0
DA:703,0
DA:704,0
DA:705,0
DA:706,0
DA:707,0
DA:708,0
DA:709,0
DA:710,0
DA:711,0
DA:712,0
DA:713,0
DA:714,0
DA:715,0
DA:716,0
DA:717,0
DA:718,0
DA:719,0
DA:720,0
DA:721,0
DA:722,0
DA:723,0
DA:724,0
DA:725,0
DA:726,0
DA:727,0
DA:728,0
DA:729,0
DA:730,0
DA:731,0
DA:732,0
DA:733,0
DA:734,0
DA:735,0
DA:736,0
DA:737,0
DA:738,0
DA:739,0
DA:740,0
DA:741,0
DA:742,0
DA:743,0
DA:744,0
DA:745,0
DA:746,0
DA:747,0
DA:748,0
DA:749,0
DA:750,0
DA:751,0
DA:752,0
DA:753,0
DA:754,0
DA:755,0
DA:756,0
DA:757,0
DA:758,0
DA:759,0
DA:760,0
DA:761,0
DA:762,0
DA:763,0
DA:764,0
DA:765,0
DA:766,0
DA:767,0
DA:768,0
DA:769,0
DA:770,0
DA:771,0
DA:772,0
DA:773,0
DA:774,0
DA:775,0
DA:776,0
DA:777,0
DA:778,0
DA:779,0
DA:780,0
DA:781,0
DA:782,0
DA:783,0
DA:784,0
DA:785,0
DA:786,0
DA:787,0
DA:788,0
DA:789,0
DA:790,0
DA:791,0
DA:792,0
DA:793,0
DA:794,0
DA:795,0
DA:796,0
DA:797,0
DA:798,0
DA:799,0
DA:800,0
DA:801,0
DA:802,0
DA:803,0
DA:804,0
DA:805,0
DA:806,0
DA:807,0
DA:808,0
DA:809,0
DA:810,0
DA:811,0
DA:812,0
DA:813,1
DA:814,1
DA:815,1
DA:816,1
DA:817,1
DA:818,1
DA:819,1
DA:820,1
DA:821,1
DA:822,1
DA:823,1
DA:824,1
DA:825,1
DA:826,1
DA:827,1
DA:828,1
LF:828
LH:669
BRDA:55,0,0,512
BRDA:64,1,0,115
BRDA:65,2,0,0
BRDA:68,3,0,88
BRDA:69,4,0,223
BRDA:70,5,0,249
BRDA:71,6,0,0
BRDA:76,7,0,86
BRDA:77,8,0,0
BRDA:80,9,0,14
BRDA:81,10,0,0
BRDA:84,11,0,21
BRDA:86,12,0,0
BRDA:92,13,0,5
BRDA:93,14,0,0
BRDA:98,15,0,22
BRDA:100,16,0,0
BRDA:105,17,0,0
BRDA:120,18,0,529
BRDA:169,19,0,3
BRDA:180,20,0,21
BRDA:182,21,0,2
BRDA:186,22,0,1
BRDA:197,23,0,20
BRDA:197,24,0,19
BRDA:199,25,0,1
BRDA:203,26,0,0
BRDA:207,27,0,0
BRDA:214,28,0,9
BRDA:241,29,0,6
BRDA:249,30,0,6
BRDA:250,31,0,0
BRDA:305,32,0,79
BRDA:313,33,0,76
BRDA:325,34,0,58
BRDA:332,35,0,23
BRDA:350,36,0,481
BRDA:373,37,0,472
BRDA:382,38,0,115
BRDA:384,39,0,0
BRDA:387,40,0,88
BRDA:388,41,0,223
BRDA:389,42,0,249
BRDA:391,43,0,0
BRDA:394,44,0,46
BRDA:397,45,0,0
BRDA:398,46,0,0
BRDA:399,47,0,0
BRDA:403,48,0,0
BRDA:406,49,0,14
BRDA:409,50,0,0
BRDA:410,51,0,0
BRDA:411,52,0,0
BRDA:415,53,0,0
BRDA:418,54,0,21
BRDA:419,55,0,0
BRDA:420,56,0,0
BRDA:422,57,0,0
BRDA:424,58,0,5
BRDA:426,59,0,0
BRDA:429,60,0,22
BRDA:431,61,0,0
BRDA:434,62,0,0
BRDA:438,63,0,9
BRDA:446,64,0,0
BRDA:439,65,0,9
BRDA:459,66,0,172
BRDA:479,67,0,905
BRDA:479,68,0,548
BRDA:480,69,0,865
BRDA:483,70,0,201
BRDA:484,71,0,362
BRDA:485,72,0,623
BRDA:486,73,0,677
BRDA:488,74,0,0
BRDA:491,75,0,58
BRDA:493,76,0,0
BRDA:496,77,0,31
BRDA:498,78,0,0
BRDA:501,79,0,36
BRDA:503,80,0,0
BRDA:506,81,0,11
BRDA:508,82,0,0
BRDA:511,83,0,46
BRDA:513,84,0,0
BRDA:516,85,0,6
BRDA:520,86,0,0
BRDA:526,87,0,26
BRDA:526,88,0,839
BRDA:518,89,0,6
BRDA:538,90,0,20
BRDA:564,91,0,0
BRDA:565,92,0,0
BRDA:567,93,0,0
BRDA:568,94,0,15
BRDA:569,95,0,0
BRDA:570,96,0,0
BRDA:571,97,0,0
BRDA:573,98,0,0
BRDA:575,99,0,0
BRDA:576,100,0,109
BRDA:577,101,0,0
BRDA:579,102,0,0
BRDA:580,103,0,5
BRDA:581,104,0,0
BRDA:582,105,0,4
BRDA:583,106,0,0
BRDA:592,107,0,109
BRDA:602,108,0,21
BRDA:603,109,0,39
BRDA:604,110,0,65
BRDA:605,111,0,70
BRDA:607,112,0,0
BRDA:610,113,0,20
BRDA:612,114,0,0
BRDA:615,115,0,2
BRDA:617,116,0,0
BRDA:620,117,0,6
BRDA:622,118,0,0
BRDA:625,119,0,0
BRDA:644,120,0,5
BRDA:646,121,0,0
BRDA:655,122,0,6
BRDA:659,123,0,0
BRDA:666,124,0,105
BRDA:669,125,0,14
BRDA:669,126,0,0
BRDA:657,127,0,6
BRF:128
BRH:73
end_of_record
TN:
SF:src/metadata/pin.ts
FN:9,pinMetadata
FNF:1
FNH:0
FNDA:0,pinMetadata
DA:1,1
DA:2,1
DA:3,1
DA:4,1
DA:5,1
DA:6,1
DA:7,1
DA:8,1
DA:9,1
DA:10,0
DA:11,0
DA:12,0
DA:13,0
DA:14,0
DA:15,0
DA:16,0
DA:17,0
DA:18,0
DA:19,0
DA:20,0
DA:21,0
DA:22,0
DA:23,0
DA:24,0
DA:25,0
DA:26,0
DA:27,0
DA:28,0
DA:29,0
DA:30,0
LF:30
LH:9
BRF:0
BRH:0
end_of_record
TN:
SF:src/metadata/text.ts
FN:40,Text
FN:57,toString
FNF:2
FNH:1
FNDA:249,Text
FNDA:0,toString
DA:1,1
DA:2,1
DA:3,1
DA:4,1
DA:5,1
DA:6,1
DA:7,1
DA:8,1
DA:9,1
DA:10,1
DA:11,1
DA:12,1
DA:13,1
DA:14,1
DA:15,1
DA:16,1
DA:17,1
DA:18,1
DA:19,1
DA:20,1
DA:21,1
DA:22,1
DA:23,1
DA:24,1
DA:25,1
DA:26,1
DA:27,1
DA:28,1
DA:29,1
DA:30,1
DA:31,1
DA:32,1
DA:33,1
DA:34,1
DA:35,1
DA:36,1
DA:37,1
DA:38,1
DA:39,1
DA:40,1
DA:41,249
DA:42,249
DA:43,249
DA:44,249
DA:45,249
DA:46,45970
DA:47,45970
DA:48,249
DA:49,249
DA:50,249
DA:51,1
DA:52,1
DA:53,1
DA:54,1
DA:55,1
DA:56,1
DA:57,1
DA:58,0
DA:59,0
DA:60,1
LF:60
LH:58
BRDA:40,0,0,249
BRDA:44,1,0,0
BRDA:45,2,0,45970
BRF:3
BRH:2
end_of_record
TN:
SF:src/metadata/tree.ts
FN:42,MetadataTree
FN:71,toJSON
FN:95,fromJSON
FNF:3
FNH:3
FNDA:22,MetadataTree
FNDA:46,toJSON
FNDA:5,fromJSON
DA:1,1
DA:2,1
DA:3,1
DA:4,1
DA:5,1
DA:6,1
DA:7,1
DA:8,1
DA:9,1
DA:10,1
DA:11,1
DA:12,1
DA:13,1
DA:14,1
DA:15,1
DA:16,1
DA:17,1
DA:18,1
DA:19,1
DA:20,1
DA:21,1
DA:22,1
DA:23,1
DA:24,1
DA:25,1
DA:26,1
DA:27,1
DA:28,1
DA:29,1
DA:30,1
DA:31,1
DA:32,1
DA:33,1
DA:34,1
DA:35,1
DA:36,1
DA:37,1
DA:38,1
DA:39,1
DA:40,1
DA:41,1
DA:42,1
DA:43,22
DA:44,22
DA:45,22
DA:46,22
DA:47,22
DA:48,22
DA:49,0
DA:50,0
DA:51,0
DA:52,0
DA:53,22
DA:54,22
DA:55,235
DA:56,0
DA:57,0
DA:58,0
DA:59,0
DA:60,235
DA:61,235
DA:62,22
DA:63,22
DA:64,22
DA:65,1
DA:66,1
DA:67,1
DA:68,1
DA:69,1
DA:70,1
DA:71,1
DA:72,46
DA:73,46
DA:74,46
DA:75,46
DA:76,46
DA:77,46
DA:78,46
DA:79,46
DA:80,402
DA:81,402
DA:82,46
DA:83,46
DA:84,46
DA:85,1
DA:86,1
DA:87,1
DA:88,1
DA:89,1
DA:90,1
DA:91,1
DA:92,1
DA:93,1
DA:94,1
DA:95,1
DA:96,5
DA:97,5
DA:98,5
DA:99,5
DA:100,5
DA:101,5
DA:102,5
DA:103,5
DA:104,5
DA:105,5
DA:106,5
DA:107,5
DA:108,5
DA:109,5
DA:110,5
DA:111,76
DA:112,76
DA:113,76
DA:114,76
DA:115,5
DA:116,5
DA:117,5
DA:118,5
DA:119,76
DA:120,76
DA:121,5
DA:122,5
DA:123,5
DA:124,5
DA:125,5
DA:126,5
DA:127,5
DA:128,5
DA:129,1
LF:129
LH:121
BRDA:42,0,0,22
BRDA:48,1,0,0
BRDA:54,2,0,235
BRDA:55,3,0,0
BRDA:71,4,0,46
BRDA:79,5,0,402
BRDA:95,6,0,5
BRDA:103,7,0,0
BRDA:105,8,0,0
BRDA:108,9,0,0
BRDA:110,10,0,76
BRDA:111,11,0,0
BRDA:113,12,0,0
BRDA:125,13,0,0
BRDA:118,14,0,76
BRF:15
BRH:7
end_of_record
TN:
SF:src/util/div.ts
FN:13,mulDiv
FNF:1
FNH:1
FNDA:8416,mulDiv
DA:1,1
DA:2,1
DA:3,1
DA:4,1
DA:5,1
DA:6,1
DA:7,1
DA:8,1
DA:9,1
DA:10,1
DA:11,1
DA:12,1
DA:13,1
DA:14,8416
DA:15,8416
DA:16,8416
DA:17,8416
DA:18,8416
DA:19,8416
DA:20,8416
DA:21,7942
DA:22,7942
DA:23,7942
DA:24,7942
DA:25,7942
DA:26,0
DA:27,0
DA:28,7942
DA:29,7942
DA:30,7942
DA:31,7942
DA:32,8416
DA:33,8416
DA:34,8416
DA:35,8416
DA:36,8416
DA:37,8416
DA:38,8416
DA:39,8416
DA:40,8416
DA:41,8416
DA:42,8416
DA:43,8416
DA:44,8416
DA:45,8416
DA:46,8416
DA:47,8416
DA:48,8416
DA:49,8416
DA:50,8416
DA:51,8416
LF:51
LH:49
BRDA:13,0,0,8416
BRDA:20,1,0,7942
BRDA:25,2,0,0
BRF:3
BRH:2
end_of_record
TN:
SF:src/util/index.ts
FNF:0
FNH:0
DA:1,1
LF:1
LH:1
BRF:0
BRH:0
end_of_record
TN:
SF:src/zkprogram-example/game.ts
FN:35,method
FN:121,method
FNF:2
FNH:2
FNDA:9,method
FNDA:6,method
DA:1,1
DA:2,1
DA:3,1
DA:4,1
DA:5,1
DA:6,1
DA:7,1
DA:8,1
DA:9,1
DA:10,1
DA:11,1
DA:12,1
DA:13,1
DA:14,1
DA:15,1
DA:16,1
DA:17,1
DA:18,1
DA:19,1
DA:20,1
DA:21,1
DA:22,1
DA:23,1
DA:24,1
DA:25,1
DA:26,1
DA:27,1
DA:28,1
DA:29,1
DA:30,1
DA:31,1
DA:32,1
DA:33,1
DA:34,1
DA:35,1
DA:36,9
DA:37,9
DA:38,9
DA:39,9
DA:40,9
DA:41,9
DA:42,9
DA:43,9
DA:44,9
DA:45,9
DA:46,9
DA:47,9
DA:48,9
DA:49,9
DA:50,9
DA:51,9
DA:52,9
DA:53,9
DA:54,9
DA:55,9
DA:56,9
DA:57,9
DA:58,9
DA:59,9
DA:60,9
DA:61,9
DA:62,9
DA:63,9
DA:64,9
DA:65,9
DA:66,9
DA:67,9
DA:68,9
DA:69,9
DA:70,9
DA:71,9
DA:72,9
DA:73,3
DA:74,3
DA:75,3
DA:76,3
DA:77,0
DA:78,0
DA:79,3
DA:80,3
DA:81,0
DA:82,0
DA:83,3
DA:84,3
DA:85,3
DA:86,3
DA:87,3
DA:88,3
DA:89,9
DA:90,9
DA:91,9
DA:92,9
DA:93,9
DA:94,9
DA:95,9
DA:96,9
DA:97,9
DA:98,9
DA:99,9
DA:100,9
DA:101,9
DA:102,9
DA:103,9
DA:104,9
DA:105,9
DA:106,9
DA:107,9
DA:108,9
DA:109,9
DA:110,9
DA:111,9
DA:112,9
DA:113,9
DA:114,9
DA:115,9
DA:116,1
DA:117,1
DA:118,1
DA:119,1
DA:120,1
DA:121,1
DA:122,6
DA:123,6
DA:124,6
DA:125,6
DA:126,6
DA:127,6
DA:128,6
DA:129,6
DA:130,6
DA:131,6
DA:132,6
DA:133,1
DA:134,1
DA:135,1
DA:136,1
LF:136
LH:132
BRDA:35,0,0,9
BRDA:72,1,0,3
BRDA:76,2,0,0
BRDA:80,3,0,0
BRDA:121,4,0,6
BRF:5
BRH:3
end_of_record
TN:
SF:src/zkprogram-example/index.ts
FNF:0
FNH:0
DA:1,1
DA:2,1
LF:2
LH:2
BRF:0
BRH:0
end_of_record
TN:
SF:src/zkprogram-example/update.ts
FN:34,method
FN:83,method
FNF:2
FNH:2
FNDA:20,method
FNDA:18,method
DA:1,1
DA:2,1
DA:3,1
DA:4,1
DA:5,1
DA:6,1
DA:7,1
DA:8,1
DA:9,1
DA:10,1
DA:11,1
DA:12,1
DA:13,1
DA:14,1
DA:15,1
DA:16,1
DA:17,1
DA:18,1
DA:19,1
DA:20,1
DA:21,1
DA:22,1
DA:23,1
DA:24,1
DA:25,1
DA:26,1
DA:27,1
DA:28,1
DA:29,1
DA:30,1
DA:31,1
DA:32,1
DA:33,1
DA:34,1
DA:35,20
DA:36,20
DA:37,20
DA:38,20
DA:39,20
DA:40,20
DA:41,20
DA:42,20
DA:43,20
DA:44,20
DA:45,20
DA:46,20
DA:47,20
DA:48,20
DA:49,20
DA:50,20
DA:51,20
DA:52,20
DA:53,20
DA:54,20
DA:55,20
DA:56,20
DA:57,20
DA:58,20
DA:59,20
DA:60,20
DA:61,20
DA:62,20
DA:63,20
DA:64,20
DA:65,20
DA:66,20
DA:67,20
DA:68,1
DA:69,1
DA:70,1
DA:71,1
DA:72,1
DA:73,1
DA:74,1
DA:75,1
DA:76,1
DA:77,1
DA:78,1
DA:79,1
DA:80,1
DA:81,1
DA:82,1
DA:83,1
DA:84,18
DA:85,18
DA:86,18
DA:87,18
DA:88,18
DA:89,18
DA:90,18
DA:91,18
DA:92,18
DA:93,18
DA:94,18
DA:95,1
DA:96,1
DA:97,1
DA:98,1
LF:98
LH:98
BRDA:34,0,0,20
BRDA:83,1,0,18
BRF:2
BRH:2
end_of_record
