TN:
SF:src/contracts.ts
FN:29,NonFungibleTokenContractsFactory
FN:38,ownerFactory
FN:39,updateFactory
FN:48,getCollection
FN:54,getApproval
FN:61,getUpdate
FN:68,getOwner
FN:84,adminContract
FNF:8
FNH:8
FNDA:60,NonFungibleTokenContractsFactory
FNDA:60,ownerFactory
FNDA:58,updateFactory
FNDA:24,getCollection
FNDA:58,getApproval
FNDA:28,getUpdate
FNDA:84,getOwner
FNDA:425,adminContract
DA:1,1
DA:2,1
DA:3,1
DA:4,1
DA:5,1
DA:6,1
DA:7,1
DA:8,1
DA:9,1
DA:10,1
DA:11,1
DA:12,1
DA:13,1
DA:14,1
DA:15,1
DA:16,1
DA:17,1
DA:18,1
DA:19,1
DA:20,1
DA:21,1
DA:22,1
DA:23,1
DA:24,1
DA:25,1
DA:26,1
DA:27,1
DA:28,1
DA:29,1
DA:30,60
DA:31,60
DA:32,60
DA:33,60
DA:34,60
DA:35,60
DA:36,60
DA:37,60
DA:38,60
DA:39,60
DA:40,60
DA:41,60
DA:42,60
DA:43,60
DA:44,60
DA:45,60
DA:46,60
DA:47,60
DA:48,60
DA:49,24
DA:50,0
DA:51,0
DA:52,24
DA:53,24
DA:54,60
DA:55,58
DA:56,0
DA:57,0
DA:58,58
DA:59,58
DA:60,60
DA:61,60
DA:62,28
DA:63,0
DA:64,0
DA:65,28
DA:66,28
DA:67,60
DA:68,60
DA:69,84
DA:70,0
DA:71,0
DA:72,84
DA:73,84
DA:74,60
DA:75,60
DA:76,60
DA:77,60
DA:78,60
DA:79,60
DA:80,60
DA:81,60
DA:82,60
DA:83,60
DA:84,60
DA:85,60
DA:86,60
DA:87,60
DA:88,60
DA:89,60
DA:90,60
DA:91,60
DA:92,60
DA:93,60
DA:94,60
DA:95,60
DA:96,1
DA:97,1
DA:98,1
DA:99,1
DA:100,1
DA:101,1
DA:102,1
DA:103,1
DA:104,1
DA:105,1
DA:106,1
DA:107,1
DA:108,1
DA:109,1
DA:110,1
DA:111,1
DA:112,1
LF:112
LH:104
BRDA:29,0,0,60
BRDA:38,1,0,60
BRDA:39,2,0,58
BRDA:48,3,0,24
BRDA:49,4,0,0
BRDA:54,5,0,58
BRDA:55,6,0,0
BRDA:61,7,0,28
BRDA:62,8,0,0
BRDA:68,9,0,84
BRDA:69,10,0,0
BRDA:84,11,0,425
BRF:12
BRH:8
end_of_record
TN:
SF:src/index.ts
FNF:0
FNH:0
DA:1,1
DA:2,1
DA:3,1
DA:4,1
DA:5,1
DA:6,1
DA:7,1
DA:8,1
DA:9,1
LF:9
LH:9
BRF:0
BRH:0
end_of_record
TN:
SF:src/vk.ts
FNF:0
FNH:0
DA:1,1
DA:2,1
DA:3,1
DA:4,1
DA:5,1
DA:6,1
DA:7,1
DA:8,1
DA:9,1
DA:10,1
DA:11,1
DA:12,1
DA:13,1
DA:14,1
DA:15,1
DA:16,1
DA:17,1
DA:18,1
DA:19,1
DA:20,1
DA:21,1
DA:22,1
DA:23,1
DA:24,1
DA:25,1
DA:26,1
DA:27,1
DA:28,1
DA:29,1
DA:30,1
DA:31,1
DA:32,1
DA:33,1
DA:34,1
DA:35,1
DA:36,1
DA:37,1
DA:38,1
DA:39,1
DA:40,1
DA:41,1
DA:42,1
DA:43,1
DA:44,1
DA:45,1
DA:46,1
DA:47,1
DA:48,1
DA:49,1
DA:50,1
DA:51,1
DA:52,1
DA:53,1
DA:54,1
DA:55,1
DA:56,1
DA:57,1
DA:58,1
DA:59,1
DA:60,1
DA:61,1
DA:62,1
DA:63,1
DA:64,1
LF:64
LH:64
BRF:0
BRH:0
end_of_record
TN:
SF:src/admin/advanced.ts
FN:84,new
FN:121,pack
FN:138,unpack
FN:160,isPaused
FN:179,NFTAdvancedAdminContract
FN:188,NFTAdvancedAdmin
FN:209,deploy
FN:247,ensureOwnerSignature
FN:255,get getUpgradeContractConstructor
FN:263,getUpgradeContract
FN:274,upgradeVerificationKey
FN:317,canMint
FN:355,canUpdate
FN:373,canTransfer
FN:403,updateWhitelist
FN:416,pause
FN:429,resume
FN:444,transferOwnership
FN:462,canChangeVerificationKey
FN:499,canChangeName
FN:512,canChangeCreator
FN:525,canChangeBaseUri
FN:538,canChangeRoyalty
FN:551,canChangeTransferFee
FN:564,canSetAdmin
FN:577,canPause
FN:590,canResume
FNF:27
FNH:27
FNDA:20,new
FNDA:1116,pack
FNDA:1496,unpack
FNDA:370,isPaused
FNDA:27,NFTAdvancedAdminContract
FNDA:1502,NFTAdvancedAdmin
FNDA:20,deploy
FNDA:646,ensureOwnerSignature
FNDA:118,get getUpgradeContractConstructor
FNDA:118,getUpgradeContract
FNDA:54,upgradeVerificationKey
FNDA:48,canMint
FNDA:48,canUpdate
FNDA:114,canTransfer
FNDA:48,updateWhitelist
FNDA:48,pause
FNDA:48,resume
FNDA:48,transferOwnership
FNDA:64,canChangeVerificationKey
FNDA:48,canChangeName
FNDA:48,canChangeCreator
FNDA:48,canChangeBaseUri
FNDA:48,canChangeRoyalty
FNDA:48,canChangeTransferFee
FNDA:48,canSetAdmin
FNDA:56,canPause
FNDA:56,canResume
DA:1,1
DA:2,1
DA:3,1
DA:4,1
DA:5,1
DA:6,1
DA:7,1
DA:8,1
DA:9,1
DA:10,1
DA:11,1
DA:12,1
DA:13,1
DA:14,1
DA:15,1
DA:16,1
DA:17,1
DA:18,1
DA:19,1
DA:20,1
DA:21,1
DA:22,1
DA:23,1
DA:24,1
DA:25,1
DA:26,1
DA:27,1
DA:28,1
DA:29,1
DA:30,1
DA:31,1
DA:32,1
DA:33,1
DA:34,1
DA:35,1
DA:36,1
DA:37,1
DA:38,1
DA:39,1
DA:40,1
DA:41,1
DA:42,1
DA:43,1
DA:44,1
DA:45,1
DA:46,1
DA:47,1
DA:48,1
DA:49,1
DA:50,1
DA:51,1
DA:52,1
DA:53,1
DA:54,1
DA:55,1
DA:56,1
DA:57,1
DA:58,1
DA:59,1
DA:60,1
DA:61,1
DA:62,1
DA:63,1
DA:64,1
DA:65,1
DA:66,1
DA:67,1
DA:68,1
DA:69,1
DA:70,1
DA:71,1
DA:72,1
DA:73,1
DA:74,1
DA:75,1
DA:76,1
DA:77,1
DA:78,1
DA:79,1
DA:80,1
DA:81,1
DA:82,1
DA:83,1
DA:84,1
DA:85,20
DA:86,20
DA:87,20
DA:88,20
DA:89,20
DA:90,20
DA:91,20
DA:92,20
DA:93,20
DA:94,20
DA:95,20
DA:96,20
DA:97,20
DA:98,20
DA:99,20
DA:100,20
DA:101,20
DA:102,20
DA:103,20
DA:104,20
DA:105,20
DA:106,20
DA:107,20
DA:108,20
DA:109,20
DA:110,20
DA:111,20
DA:112,20
DA:113,20
DA:114,20
DA:115,20
DA:116,20
DA:117,1
DA:118,1
DA:119,1
DA:120,1
DA:121,1
DA:122,1116
DA:123,1116
DA:124,1116
DA:125,1116
DA:126,1116
DA:127,1116
DA:128,1116
DA:129,1116
DA:130,1116
DA:131,1116
DA:132,1116
DA:133,1
DA:134,1
DA:135,1
DA:136,1
DA:137,1
DA:138,1
DA:139,1496
DA:140,1496
DA:141,1496
DA:142,1496
DA:143,1496
DA:144,1496
DA:145,1496
DA:146,1496
DA:147,1496
DA:148,1496
DA:149,1496
DA:150,1496
DA:151,1496
DA:152,1496
DA:153,1496
DA:154,1496
DA:155,1496
DA:156,1496
DA:157,1496
DA:158,1496
DA:159,1496
DA:160,1
DA:161,370
DA:162,370
DA:163,1
DA:164,1
DA:165,1
DA:166,1
DA:167,1
DA:168,1
DA:169,1
DA:170,1
DA:171,1
DA:172,1
DA:173,1
DA:174,1
DA:175,1
DA:176,1
DA:177,1
DA:178,1
DA:179,27
DA:180,27
DA:181,27
DA:182,27
DA:183,27
DA:184,27
DA:185,27
DA:186,27
DA:187,27
DA:188,27
DA:189,1502
DA:190,1502
DA:191,1502
DA:192,1502
DA:193,1502
DA:194,1502
DA:195,1502
DA:196,1502
DA:197,1502
DA:198,1502
DA:199,1502
DA:200,1502
DA:201,1502
DA:202,1502
DA:203,1502
DA:204,1502
DA:205,1502
DA:206,1502
DA:207,1502
DA:208,1502
DA:209,1502
DA:210,20
DA:211,20
DA:212,20
DA:213,20
DA:214,20
DA:215,20
DA:216,20
DA:217,20
DA:218,20
DA:219,20
DA:220,20
DA:221,20
DA:222,20
DA:223,20
DA:224,20
DA:225,20
DA:226,20
DA:227,20
DA:228,20
DA:229,1502
DA:230,1502
DA:231,1502
DA:232,1502
DA:233,1502
DA:234,1502
DA:235,1502
DA:236,1502
DA:237,1502
DA:238,1502
DA:239,1502
DA:240,1502
DA:241,1502
DA:242,1502
DA:243,1502
DA:244,1502
DA:245,1502
DA:246,1502
DA:247,1502
DA:248,646
DA:249,646
DA:250,646
DA:251,646
DA:252,646
DA:253,1502
DA:254,1502
DA:255,1502
DA:256,118
DA:257,118
DA:258,1502
DA:259,1502
DA:260,1502
DA:261,1502
DA:262,1502
DA:263,1502
DA:264,118
DA:265,118
DA:266,118
DA:267,118
DA:268,1502
DA:269,1502
DA:270,1502
DA:271,1502
DA:272,1502
DA:273,1502
DA:274,1502
DA:275,54
DA:276,54
DA:277,54
DA:278,54
DA:279,54
DA:280,54
DA:281,6
DA:282,6
DA:283,6
DA:284,0
DA:285,0
DA:286,0
DA:287,0
DA:288,6
DA:289,54
DA:290,54
DA:291,54
DA:292,54
DA:293,54
DA:294,54
DA:295,54
DA:296,54
DA:297,54
DA:298,54
DA:299,54
DA:300,54
DA:301,54
DA:302,54
DA:303,54
DA:304,54
DA:305,54
DA:306,54
DA:307,54
DA:308,54
DA:309,54
DA:310,1502
DA:311,1502
DA:312,1502
DA:313,1502
DA:314,1502
DA:315,1502
DA:316,1502
DA:317,1502
DA:318,48
DA:319,48
DA:320,48
DA:321,48
DA:322,48
DA:323,48
DA:324,48
DA:325,48
DA:326,48
DA:327,48
DA:328,48
DA:329,48
DA:330,48
DA:331,48
DA:332,48
DA:333,48
DA:334,48
DA:335,48
DA:336,48
DA:337,48
DA:338,48
DA:339,48
DA:340,0
DA:341,0
DA:342,0
DA:343,0
DA:344,48
DA:345,48
DA:346,48
DA:347,1502
DA:348,1502
DA:349,1502
DA:350,1502
DA:351,1502
DA:352,1502
DA:353,1502
DA:354,1502
DA:355,1502
DA:356,48
DA:357,48
DA:358,48
DA:359,48
DA:360,48
DA:361,48
DA:362,48
DA:363,48
DA:364,1502
DA:365,1502
DA:366,1502
DA:367,1502
DA:368,1502
DA:369,1502
DA:370,1502
DA:371,1502
DA:372,1502
DA:373,1502
DA:374,114
DA:375,114
DA:376,114
DA:377,114
DA:378,114
DA:379,114
DA:380,114
DA:381,114
DA:382,114
DA:383,114
DA:384,114
DA:385,114
DA:386,114
DA:387,114
DA:388,114
DA:389,114
DA:390,114
DA:391,114
DA:392,114
DA:393,114
DA:394,114
DA:395,114
DA:396,1502
DA:397,1502
DA:398,1502
DA:399,1502
DA:400,1502
DA:401,1502
DA:402,1502
DA:403,1502
DA:404,48
DA:405,48
DA:406,48
DA:407,48
DA:408,48
DA:409,48
DA:410,48
DA:411,1502
DA:412,1502
DA:413,1502
DA:414,1502
DA:415,1502
DA:416,1502
DA:417,48
DA:418,48
DA:419,48
DA:420,48
DA:421,48
DA:422,48
DA:423,48
DA:424,1502
DA:425,1502
DA:426,1502
DA:427,1502
DA:428,1502
DA:429,1502
DA:430,48
DA:431,48
DA:432,48
DA:433,48
DA:434,48
DA:435,48
DA:436,48
DA:437,1502
DA:438,1502
DA:439,1502
DA:440,1502
DA:441,1502
DA:442,1502
DA:443,1502
DA:444,1502
DA:445,48
DA:446,48
DA:447,48
DA:448,48
DA:449,48
DA:450,48
DA:451,48
DA:452,48
DA:453,48
DA:454,48
DA:455,48
DA:456,48
DA:457,48
DA:458,48
DA:459,48
DA:460,1502
DA:461,1502
DA:462,1502
DA:463,64
DA:464,64
DA:465,64
DA:466,64
DA:467,64
DA:468,64
DA:469,64
DA:470,64
DA:471,64
DA:472,64
DA:473,64
DA:474,64
DA:475,64
DA:476,16
DA:477,16
DA:478,16
DA:479,0
DA:480,0
DA:481,16
DA:482,64
DA:483,64
DA:484,64
DA:485,64
DA:486,64
DA:487,64
DA:488,64
DA:489,64
DA:490,64
DA:491,64
DA:492,64
DA:493,64
DA:494,64
DA:495,1502
DA:496,1502
DA:497,1502
DA:498,1502
DA:499,1502
DA:500,48
DA:501,48
DA:502,48
DA:503,48
DA:504,48
DA:505,48
DA:506,48
DA:507,1502
DA:508,1502
DA:509,1502
DA:510,1502
DA:511,1502
DA:512,1502
DA:513,48
DA:514,48
DA:515,48
DA:516,48
DA:517,48
DA:518,48
DA:519,48
DA:520,1502
DA:521,1502
DA:522,1502
DA:523,1502
DA:524,1502
DA:525,1502
DA:526,48
DA:527,48
DA:528,48
DA:529,48
DA:530,48
DA:531,48
DA:532,48
DA:533,1502
DA:534,1502
DA:535,1502
DA:536,1502
DA:537,1502
DA:538,1502
DA:539,48
DA:540,48
DA:541,48
DA:542,48
DA:543,48
DA:544,48
DA:545,48
DA:546,1502
DA:547,1502
DA:548,1502
DA:549,1502
DA:550,1502
DA:551,1502
DA:552,48
DA:553,48
DA:554,48
DA:555,48
DA:556,48
DA:557,48
DA:558,48
DA:559,1502
DA:560,1502
DA:561,1502
DA:562,1502
DA:563,1502
DA:564,1502
DA:565,48
DA:566,48
DA:567,48
DA:568,48
DA:569,48
DA:570,48
DA:571,48
DA:572,1502
DA:573,1502
DA:574,1502
DA:575,1502
DA:576,1502
DA:577,1502
DA:578,56
DA:579,56
DA:580,56
DA:581,56
DA:582,56
DA:583,56
DA:584,56
DA:585,1502
DA:586,1502
DA:587,1502
DA:588,1502
DA:589,1502
DA:590,1502
DA:591,56
DA:592,56
DA:593,56
DA:594,56
DA:595,56
DA:596,56
DA:597,56
DA:598,1502
DA:599,27
DA:600,27
DA:601,27
LF:601
LH:591
BRDA:84,0,0,20
BRDA:121,1,0,1116
BRDA:138,2,0,1496
BRDA:160,3,0,370
BRDA:179,4,0,27
BRDA:274,5,0,0
BRDA:317,6,0,0
BRDA:317,7,0,0
BRDA:355,8,0,0
BRDA:355,9,0,0
BRDA:373,10,0,0
BRDA:403,11,0,0
BRDA:416,12,0,0
BRDA:429,13,0,0
BRDA:444,14,0,0
BRDA:444,15,0,0
BRDA:463,16,0,0
BRDA:464,17,0,0
BRDA:466,18,0,0
BRDA:499,19,0,0
BRDA:499,20,0,0
BRDA:512,21,0,0
BRDA:512,22,0,0
BRDA:525,23,0,0
BRDA:525,24,0,0
BRDA:538,25,0,0
BRDA:538,26,0,0
BRDA:551,27,0,0
BRDA:551,28,0,0
BRDA:564,29,0,0
BRDA:564,30,0,0
BRDA:577,31,0,0
BRDA:590,32,0,0
BRDA:188,33,0,1502
BRDA:209,34,0,20
BRDA:247,35,0,646
BRDA:255,36,0,118
BRDA:263,37,0,118
BRDA:274,38,0,54
BRDA:280,39,0,6
BRDA:283,40,0,0
BRDA:317,41,0,48
BRDA:355,42,0,48
BRDA:373,43,0,114
BRDA:403,44,0,48
BRDA:416,45,0,48
BRDA:429,46,0,48
BRDA:444,47,0,48
BRDA:462,48,0,64
BRDA:475,49,0,16
BRDA:478,50,0,0
BRDA:499,51,0,48
BRDA:512,52,0,48
BRDA:525,53,0,48
BRDA:538,54,0,48
BRDA:551,55,0,48
BRDA:564,56,0,48
BRDA:577,57,0,56
BRDA:590,58,0,56
BRF:59
BRH:29
end_of_record
TN:
SF:src/admin/index.ts
FNF:0
FNH:0
DA:1,1
LF:1
LH:1
BRF:0
BRH:0
end_of_record
TN:
SF:src/contracts/admin.ts
FN:44,NFTAdmin
FN:80,deploy
FN:122,ensureOwnerSignature
FN:134,upgradeVerificationKey
FN:151,canMint
FN:164,canUpdate
FN:174,canTransfer
FN:183,pause
FN:195,resume
FN:208,transferOwnership
FN:225,canChangeVerificationKey
FN:238,canChangeName
FN:246,canChangeCreator
FN:254,canChangeBaseUri
FN:262,canChangeRoyalty
FN:271,canChangeTransferFee
FN:280,canSetAdmin
FN:288,canPause
FN:297,canResume
FNF:19
FNH:19
FNDA:1762,NFTAdmin
FNDA:26,deploy
FNDA:551,ensureOwnerSignature
FNDA:63,upgradeVerificationKey
FNDA:57,canMint
FNDA:74,canUpdate
FNDA:123,canTransfer
FNDA:57,pause
FNDA:57,resume
FNDA:57,transferOwnership
FNDA:73,canChangeVerificationKey
FNDA:57,canChangeName
FNDA:57,canChangeCreator
FNDA:57,canChangeBaseUri
FNDA:57,canChangeRoyalty
FNDA:57,canChangeTransferFee
FNDA:57,canSetAdmin
FNDA:65,canPause
FNDA:65,canResume
DA:1,1
DA:2,1
DA:3,1
DA:4,1
DA:5,1
DA:6,1
DA:7,1
DA:8,1
DA:9,1
DA:10,1
DA:11,1
DA:12,1
DA:13,1
DA:14,1
DA:15,1
DA:16,1
DA:17,1
DA:18,1
DA:19,1
DA:20,1
DA:21,1
DA:22,1
DA:23,1
DA:24,1
DA:25,1
DA:26,1
DA:27,1
DA:28,1
DA:29,1
DA:30,1
DA:31,1
DA:32,1
DA:33,1
DA:34,1
DA:35,1
DA:36,1
DA:37,1
DA:38,1
DA:39,1
DA:40,1
DA:41,1
DA:42,1
DA:43,1
DA:44,1762
DA:45,1762
DA:46,1762
DA:47,1762
DA:48,1762
DA:49,1762
DA:50,1762
DA:51,1762
DA:52,1762
DA:53,1762
DA:54,1762
DA:55,1762
DA:56,1762
DA:57,1762
DA:58,1762
DA:59,1762
DA:60,1762
DA:61,1762
DA:62,1762
DA:63,1762
DA:64,1762
DA:65,1762
DA:66,1762
DA:67,1762
DA:68,1762
DA:69,1762
DA:70,1762
DA:71,1762
DA:72,1762
DA:73,1762
DA:74,1762
DA:75,1762
DA:76,1762
DA:77,1762
DA:78,1762
DA:79,1762
DA:80,1762
DA:81,26
DA:82,26
DA:83,26
DA:84,26
DA:85,26
DA:86,26
DA:87,26
DA:88,26
DA:89,26
DA:90,26
DA:91,26
DA:92,26
DA:93,26
DA:94,26
DA:95,26
DA:96,26
DA:97,26
DA:98,26
DA:99,26
DA:100,26
DA:101,26
DA:102,26
DA:103,1762
DA:104,1762
DA:105,1762
DA:106,1762
DA:107,1762
DA:108,1762
DA:109,1762
DA:110,1762
DA:111,1762
DA:112,1762
DA:113,1762
DA:114,1762
DA:115,1762
DA:116,1762
DA:117,1762
DA:118,1762
DA:119,1762
DA:120,1762
DA:121,1762
DA:122,1762
DA:123,551
DA:124,551
DA:125,551
DA:126,551
DA:127,551
DA:128,1762
DA:129,1762
DA:130,1762
DA:131,1762
DA:132,1762
DA:133,1762
DA:134,1762
DA:135,63
DA:136,63
DA:137,63
DA:138,63
DA:139,63
DA:140,63
DA:141,63
DA:142,63
DA:143,1762
DA:144,1762
DA:145,1762
DA:146,1762
DA:147,1762
DA:148,1762
DA:149,1762
DA:150,1762
DA:151,1762
DA:152,57
DA:153,57
DA:154,57
DA:155,1762
DA:156,1762
DA:157,1762
DA:158,1762
DA:159,1762
DA:160,1762
DA:161,1762
DA:162,1762
DA:163,1762
DA:164,1762
DA:165,74
DA:166,74
DA:167,1762
DA:168,1762
DA:169,1762
DA:170,1762
DA:171,1762
DA:172,1762
DA:173,1762
DA:174,1762
DA:175,123
DA:176,123
DA:177,1762
DA:178,1762
DA:179,1762
DA:180,1762
DA:181,1762
DA:182,1762
DA:183,1762
DA:184,57
DA:185,57
DA:186,57
DA:187,57
DA:188,57
DA:189,1762
DA:190,1762
DA:191,1762
DA:192,1762
DA:193,1762
DA:194,1762
DA:195,1762
DA:196,57
DA:197,57
DA:198,57
DA:199,57
DA:200,57
DA:201,1762
DA:202,1762
DA:203,1762
DA:204,1762
DA:205,1762
DA:206,1762
DA:207,1762
DA:208,1762
DA:209,57
DA:210,57
DA:211,57
DA:212,57
DA:213,57
DA:214,57
DA:215,57
DA:216,57
DA:217,57
DA:218,57
DA:219,57
DA:220,57
DA:221,57
DA:222,57
DA:223,1762
DA:224,1762
DA:225,1762
DA:226,73
DA:227,73
DA:228,73
DA:229,73
DA:230,73
DA:231,73
DA:232,73
DA:233,1762
DA:234,1762
DA:235,1762
DA:236,1762
DA:237,1762
DA:238,1762
DA:239,57
DA:240,57
DA:241,1762
DA:242,1762
DA:243,1762
DA:244,1762
DA:245,1762
DA:246,1762
DA:247,57
DA:248,57
DA:249,1762
DA:250,1762
DA:251,1762
DA:252,1762
DA:253,1762
DA:254,1762
DA:255,57
DA:256,57
DA:257,1762
DA:258,1762
DA:259,1762
DA:260,1762
DA:261,1762
DA:262,1762
DA:263,57
DA:264,57
DA:265,57
DA:266,1762
DA:267,1762
DA:268,1762
DA:269,1762
DA:270,1762
DA:271,1762
DA:272,57
DA:273,57
DA:274,57
DA:275,1762
DA:276,1762
DA:277,1762
DA:278,1762
DA:279,1762
DA:280,1762
DA:281,57
DA:282,57
DA:283,1762
DA:284,1762
DA:285,1762
DA:286,1762
DA:287,1762
DA:288,1762
DA:289,65
DA:290,65
DA:291,65
DA:292,1762
DA:293,1762
DA:294,1762
DA:295,1762
DA:296,1762
DA:297,1762
DA:298,65
DA:299,65
DA:300,65
DA:301,1762
LF:301
LH:301
BRDA:134,0,0,0
BRDA:151,1,0,0
BRDA:151,2,0,0
BRDA:164,3,0,0
BRDA:164,4,0,0
BRDA:164,5,0,0
BRDA:174,6,0,0
BRDA:174,7,0,0
BRDA:183,8,0,0
BRDA:195,9,0,0
BRDA:208,10,0,0
BRDA:208,11,0,0
BRDA:226,12,0,0
BRDA:227,13,0,0
BRDA:229,14,0,0
BRDA:238,15,0,0
BRDA:238,16,0,0
BRDA:246,17,0,0
BRDA:246,18,0,0
BRDA:254,19,0,0
BRDA:254,20,0,0
BRDA:262,21,0,0
BRDA:262,22,0,0
BRDA:271,23,0,0
BRDA:271,24,0,0
BRDA:280,25,0,0
BRDA:280,26,0,0
BRDA:288,27,0,0
BRDA:297,28,0,0
BRDA:44,29,0,1762
BRDA:80,30,0,26
BRDA:122,31,0,551
BRDA:134,32,0,63
BRDA:151,33,0,57
BRDA:164,34,0,74
BRDA:174,35,0,123
BRDA:183,36,0,57
BRDA:195,37,0,57
BRDA:208,38,0,57
BRDA:225,39,0,73
BRDA:238,40,0,57
BRDA:246,41,0,57
BRDA:254,42,0,57
BRDA:262,43,0,57
BRDA:271,44,0,57
BRDA:280,45,0,57
BRDA:288,46,0,65
BRDA:297,47,0,65
BRF:48
BRH:19
end_of_record
TN:
SF:src/contracts/collection.ts
FN:105,CollectionFactory
FN:118,Collection
FN:141,deploy
FN:174,initialize
FN:215,approveBase
FN:224,getAdminContract
FN:235,getOwnerContract
FN:245,getApprovalContract
FN:255,getUpdateContract
FN:265,ensureCreatorSignature
FN:277,ensureOwnerSignature
FN:288,ensureNotPaused
FN:309,mintByCreator
FN:324,mint
FN:348,_mint
FN:473,update
FN:486,updateWithOracle
FN:513,_update
FN:547,approveAddress
FN:565,approveAddressByProof
FN:591,transferBySignature
FN:626,transferByProof
FN:669,approvedTransferByProof
FN:721,approvedTransferBySignature
FN:760,_transfer
FN:833,upgradeNFTVerificationKeyBySignature
FN:852,upgradeNFTVerificationKeyByProof
FN:866,_upgrade
FN:897,upgradeVerificationKey
FN:914,limitMinting
FN:932,pause
FN:949,resume
FN:968,pauseNFTBySignature
FN:985,pauseNFTByProof
FN:1004,resumeNFT
FN:1021,resumeNFTByProof
FN:1043,setName
FN:1061,setBaseURL
FN:1079,setAdmin
FN:1097,setRoyaltyFee
FN:1123,setTransferFee
FN:1147,transferOwnership
FN:1166,getNFTState
FNF:43
FNH:42
FNDA:92,CollectionFactory
FNDA:2675,Collection
FNDA:46,deploy
FNDA:150,initialize
FNDA:0,approveBase
FNDA:1457,getAdminContract
FNDA:324,getOwnerContract
FNDA:254,getApprovalContract
FNDA:88,getUpdateContract
FNDA:318,ensureCreatorSignature
FNDA:303,ensureOwnerSignature
FNDA:616,ensureNotPaused
FNDA:156,mintByCreator
FNDA:81,mint
FNDA:387,_mint
FNDA:87,update
FNDA:88,updateWithOracle
FNDA:175,_update
FNDA:117,approveAddress
FNDA:81,approveAddressByProof
FNDA:156,transferBySignature
FNDA:167,transferByProof
FNDA:87,approvedTransferByProof
FNDA:179,approvedTransferBySignature
FNDA:585,_transfer
FNDA:93,upgradeNFTVerificationKeyBySignature
FNDA:81,upgradeNFTVerificationKeyByProof
FNDA:174,_upgrade
FNDA:93,upgradeVerificationKey
FNDA:81,limitMinting
FNDA:93,pause
FNDA:93,resume
FNDA:93,pauseNFTBySignature
FNDA:81,pauseNFTByProof
FNDA:93,resumeNFT
FNDA:81,resumeNFTByProof
FNDA:81,setName
FNDA:81,setBaseURL
FNDA:81,setAdmin
FNDA:81,setRoyaltyFee
FNDA:81,setTransferFee
FNDA:81,transferOwnership
FNDA:81,getNFTState
DA:1,1
DA:2,1
DA:3,1
DA:4,1
DA:5,1
DA:6,1
DA:7,1
DA:8,1
DA:9,1
DA:10,1
DA:11,1
DA:12,1
DA:13,1
DA:14,1
DA:15,1
DA:16,1
DA:17,1
DA:18,1
DA:19,1
DA:20,1
DA:21,1
DA:22,1
DA:23,1
DA:24,1
DA:25,1
DA:26,1
DA:27,1
DA:28,1
DA:29,1
DA:30,1
DA:31,1
DA:32,1
DA:33,1
DA:34,1
DA:35,1
DA:36,1
DA:37,1
DA:38,1
DA:39,1
DA:40,1
DA:41,1
DA:42,1
DA:43,1
DA:44,1
DA:45,1
DA:46,1
DA:47,1
DA:48,1
DA:49,1
DA:50,1
DA:51,1
DA:52,1
DA:53,1
DA:54,1
DA:55,1
DA:56,1
DA:57,1
DA:58,1
DA:59,1
DA:60,1
DA:61,1
DA:62,1
DA:63,1
DA:64,1
DA:65,1
DA:66,1
DA:67,1
DA:68,1
DA:69,1
DA:70,1
DA:71,1
DA:72,1
DA:73,1
DA:74,1
DA:75,1
DA:76,1
DA:77,1
DA:78,1
DA:79,1
DA:80,1
DA:81,1
DA:82,1
DA:83,1
DA:84,1
DA:85,1
DA:86,1
DA:87,1
DA:88,1
DA:89,1
DA:90,1
DA:91,1
DA:92,1
DA:93,1
DA:94,1
DA:95,1
DA:96,1
DA:97,1
DA:98,1
DA:99,1
DA:100,1
DA:101,1
DA:102,1
DA:103,1
DA:104,1
DA:105,92
DA:106,92
DA:107,92
DA:108,92
DA:109,92
DA:110,92
DA:111,92
DA:112,92
DA:113,92
DA:114,92
DA:115,92
DA:116,92
DA:117,92
DA:118,92
DA:119,2675
DA:120,2675
DA:121,2675
DA:122,2675
DA:123,2675
DA:124,2675
DA:125,2675
DA:126,2675
DA:127,2675
DA:128,2675
DA:129,2675
DA:130,2675
DA:131,2675
DA:132,2675
DA:133,2675
DA:134,2675
DA:135,2675
DA:136,2675
DA:137,2675
DA:138,2675
DA:139,2675
DA:140,2675
DA:141,2675
DA:142,46
DA:143,46
DA:144,46
DA:145,46
DA:146,46
DA:147,46
DA:148,46
DA:149,46
DA:150,46
DA:151,46
DA:152,46
DA:153,46
DA:154,46
DA:155,46
DA:156,46
DA:157,46
DA:158,46
DA:159,46
DA:160,46
DA:161,46
DA:162,46
DA:163,46
DA:164,46
DA:165,46
DA:166,2675
DA:167,2675
DA:168,2675
DA:169,2675
DA:170,2675
DA:171,2675
DA:172,2675
DA:173,2675
DA:174,2675
DA:175,150
DA:176,150
DA:177,150
DA:178,150
DA:179,150
DA:180,150
DA:181,150
DA:182,150
DA:183,150
DA:184,150
DA:185,150
DA:186,2675
DA:187,2675
DA:188,2675
DA:189,2675
DA:190,2675
DA:191,2675
DA:192,2675
DA:193,2675
DA:194,2675
DA:195,2675
DA:196,2675
DA:197,2675
DA:198,2675
DA:199,2675
DA:200,2675
DA:201,2675
DA:202,2675
DA:203,2675
DA:204,2675
DA:205,2675
DA:206,2675
DA:207,2675
DA:208,2675
DA:209,2675
DA:210,2675
DA:211,2675
DA:212,2675
DA:213,2675
DA:214,2675
DA:215,2675
DA:216,0
DA:217,0
DA:218,2675
DA:219,2675
DA:220,2675
DA:221,2675
DA:222,2675
DA:223,2675
DA:224,2675
DA:225,1457
DA:226,1457
DA:227,1457
DA:228,1457
DA:229,2675
DA:230,2675
DA:231,2675
DA:232,2675
DA:233,2675
DA:234,2675
DA:235,2675
DA:236,324
DA:237,324
DA:238,324
DA:239,2675
DA:240,2675
DA:241,2675
DA:242,2675
DA:243,2675
DA:244,2675
DA:245,2675
DA:246,254
DA:247,254
DA:248,254
DA:249,2675
DA:250,2675
DA:251,2675
DA:252,2675
DA:253,2675
DA:254,2675
DA:255,2675
DA:256,88
DA:257,88
DA:258,88
DA:259,2675
DA:260,2675
DA:261,2675
DA:262,2675
DA:263,2675
DA:264,2675
DA:265,2675
DA:266,318
DA:267,318
DA:268,318
DA:269,318
DA:270,318
DA:271,2675
DA:272,2675
DA:273,2675
DA:274,2675
DA:275,2675
DA:276,2675
DA:277,2675
DA:278,303
DA:279,303
DA:280,303
DA:281,303
DA:282,2675
DA:283,2675
DA:284,2675
DA:285,2675
DA:286,2675
DA:287,2675
DA:288,2675
DA:289,616
DA:290,616
DA:291,616
DA:292,616
DA:293,2675
DA:294,2675
DA:295,2675
DA:296,2675
DA:297,2675
DA:298,2675
DA:299,2675
DA:300,2675
DA:301,2675
DA:302,2675
DA:303,2675
DA:304,2675
DA:305,2675
DA:306,2675
DA:307,2675
DA:308,2675
DA:309,2675
DA:310,156
DA:311,156
DA:312,156
DA:313,156
DA:314,156
DA:315,156
DA:316,156
DA:317,156
DA:318,2675
DA:319,2675
DA:320,2675
DA:321,2675
DA:322,2675
DA:323,2675
DA:324,2675
DA:325,81
DA:326,81
DA:327,81
DA:328,81
DA:329,81
DA:330,81
DA:331,81
DA:332,81
DA:333,81
DA:334,81
DA:335,81
DA:336,81
DA:337,81
DA:338,81
DA:339,81
DA:340,2675
DA:341,2675
DA:342,2675
DA:343,2675
DA:344,2675
DA:345,2675
DA:346,2675
DA:347,2675
DA:348,2675
DA:349,387
DA:350,387
DA:351,387
DA:352,387
DA:353,387
DA:354,387
DA:355,387
DA:356,387
DA:357,387
DA:358,387
DA:359,387
DA:360,387
DA:361,387
DA:362,387
DA:363,387
DA:364,387
DA:365,387
DA:366,387
DA:367,387
DA:368,387
DA:369,387
DA:370,387
DA:371,387
DA:372,387
DA:373,387
DA:374,144
DA:375,144
DA:376,144
DA:377,144
DA:378,144
DA:379,144
DA:380,144
DA:381,144
DA:382,144
DA:383,144
DA:384,144
DA:385,144
DA:386,144
DA:387,144
DA:388,144
DA:389,144
DA:390,144
DA:391,144
DA:392,144
DA:393,144
DA:394,144
DA:395,144
DA:396,0
DA:397,0
DA:398,144
DA:399,144
DA:400,387
DA:401,387
DA:402,387
DA:403,387
DA:404,387
DA:405,387
DA:406,387
DA:407,387
DA:408,387
DA:409,144
DA:410,144
DA:411,144
DA:412,144
DA:413,144
DA:414,144
DA:415,387
DA:416,387
DA:417,387
DA:418,387
DA:419,387
DA:420,387
DA:421,387
DA:422,387
DA:423,387
DA:424,387
DA:425,387
DA:426,387
DA:427,387
DA:428,387
DA:429,387
DA:430,387
DA:431,387
DA:432,387
DA:433,387
DA:434,387
DA:435,387
DA:436,387
DA:437,387
DA:438,387
DA:439,387
DA:440,387
DA:441,387
DA:442,387
DA:443,387
DA:444,387
DA:445,387
DA:446,387
DA:447,387
DA:448,387
DA:449,387
DA:450,387
DA:451,387
DA:452,387
DA:453,387
DA:454,387
DA:455,3096
DA:456,3096
DA:457,3096
DA:458,387
DA:459,387
DA:460,387
DA:461,387
DA:462,387
DA:463,387
DA:464,387
DA:465,387
DA:466,2675
DA:467,2675
DA:468,2675
DA:469,2675
DA:470,2675
DA:471,2675
DA:472,2675
DA:473,2675
DA:474,87
DA:475,87
DA:476,87
DA:477,87
DA:478,87
DA:479,2675
DA:480,2675
DA:481,2675
DA:482,2675
DA:483,2675
DA:484,2675
DA:485,2675
DA:486,2675
DA:487,88
DA:488,88
DA:489,88
DA:490,88
DA:491,88
DA:492,88
DA:493,88
DA:494,88
DA:495,88
DA:496,88
DA:497,88
DA:498,88
DA:499,88
DA:500,88
DA:501,88
DA:502,88
DA:503,88
DA:504,88
DA:505,87
DA:506,2675
DA:507,2675
DA:508,2675
DA:509,2675
DA:510,2675
DA:511,2675
DA:512,2675
DA:513,2675
DA:514,175
DA:515,175
DA:516,175
DA:517,175
DA:518,175
DA:519,175
DA:520,175
DA:521,175
DA:522,175
DA:523,175
DA:524,175
DA:525,175
DA:526,175
DA:527,175
DA:528,175
DA:529,175
DA:530,175
DA:531,175
DA:532,175
DA:533,175
DA:534,174
DA:535,174
DA:536,174
DA:537,174
DA:538,174
DA:539,174
DA:540,2675
DA:541,2675
DA:542,2675
DA:543,2675
DA:544,2675
DA:545,2675
DA:546,2675
DA:547,2675
DA:548,117
DA:549,117
DA:550,117
DA:551,117
DA:552,117
DA:553,117
DA:554,117
DA:555,117
DA:556,117
DA:557,117
DA:558,2675
DA:559,2675
DA:560,2675
DA:561,2675
DA:562,2675
DA:563,2675
DA:564,2675
DA:565,2675
DA:566,81
DA:567,81
DA:568,81
DA:569,81
DA:570,81
DA:571,81
DA:572,81
DA:573,81
DA:574,81
DA:575,81
DA:576,81
DA:577,81
DA:578,81
DA:579,81
DA:580,81
DA:581,2675
DA:582,2675
DA:583,2675
DA:584,2675
DA:585,2675
DA:586,2675
DA:587,2675
DA:588,2675
DA:589,2675
DA:590,2675
DA:591,2675
DA:592,156
DA:593,156
DA:594,156
DA:595,156
DA:596,156
DA:597,156
DA:598,156
DA:599,156
DA:600,156
DA:601,156
DA:602,156
DA:603,156
DA:604,156
DA:605,156
DA:606,156
DA:607,156
DA:608,156
DA:609,156
DA:610,156
DA:611,156
DA:612,156
DA:613,156
DA:614,156
DA:615,156
DA:616,156
DA:617,151
DA:618,2675
DA:619,2675
DA:620,2675
DA:621,2675
DA:622,2675
DA:623,2675
DA:624,2675
DA:625,2675
DA:626,2675
DA:627,167
DA:628,167
DA:629,167
DA:630,167
DA:631,167
DA:632,167
DA:633,167
DA:634,167
DA:635,167
DA:636,167
DA:637,167
DA:638,167
DA:639,167
DA:640,167
DA:641,167
DA:642,167
DA:643,167
DA:644,167
DA:645,167
DA:646,167
DA:647,167
DA:648,167
DA:649,167
DA:650,167
DA:651,167
DA:652,167
DA:653,167
DA:654,167
DA:655,167
DA:656,167
DA:657,167
DA:658,167
DA:659,167
DA:660,167
DA:661,2675
DA:662,2675
DA:663,2675
DA:664,2675
DA:665,2675
DA:666,2675
DA:667,2675
DA:668,2675
DA:669,2675
DA:670,87
DA:671,87
DA:672,87
DA:673,87
DA:674,87
DA:675,87
DA:676,87
DA:677,87
DA:678,87
DA:679,87
DA:680,87
DA:681,87
DA:682,87
DA:683,87
DA:684,87
DA:685,87
DA:686,87
DA:687,87
DA:688,87
DA:689,87
DA:690,87
DA:691,87
DA:692,87
DA:693,87
DA:694,87
DA:695,87
DA:696,87
DA:697,87
DA:698,87
DA:699,87
DA:700,87
DA:701,87
DA:702,87
DA:703,87
DA:704,87
DA:705,87
DA:706,87
DA:707,87
DA:708,87
DA:709,87
DA:710,87
DA:711,87
DA:712,87
DA:713,2675
DA:714,2675
DA:715,2675
DA:716,2675
DA:717,2675
DA:718,2675
DA:719,2675
DA:720,2675
DA:721,2675
DA:722,179
DA:723,179
DA:724,179
DA:725,179
DA:726,179
DA:727,179
DA:728,179
DA:729,179
DA:730,179
DA:731,179
DA:732,179
DA:733,179
DA:734,179
DA:735,179
DA:736,179
DA:737,179
DA:738,179
DA:739,179
DA:740,179
DA:741,179
DA:742,179
DA:743,179
DA:744,179
DA:745,179
DA:746,175
DA:747,175
DA:748,175
DA:749,175
DA:750,175
DA:751,2675
DA:752,2675
DA:753,2675
DA:754,2675
DA:755,2675
DA:756,2675
DA:757,2675
DA:758,2675
DA:759,2675
DA:760,2675
DA:761,585
DA:762,585
DA:763,585
DA:764,585
DA:765,585
DA:766,585
DA:767,585
DA:768,585
DA:769,585
DA:770,585
DA:771,585
DA:772,585
DA:773,585
DA:774,585
DA:775,585
DA:776,585
DA:777,585
DA:778,580
DA:779,580
DA:780,580
DA:781,580
DA:782,580
DA:783,580
DA:784,580
DA:785,580
DA:786,580
DA:787,580
DA:788,580
DA:789,580
DA:790,580
DA:791,580
DA:792,580
DA:793,580
DA:794,580
DA:795,580
DA:796,580
DA:797,580
DA:798,580
DA:799,580
DA:800,580
DA:801,580
DA:802,580
DA:803,580
DA:804,580
DA:805,580
DA:806,580
DA:807,580
DA:808,580
DA:809,580
DA:810,580
DA:811,580
DA:812,580
DA:813,580
DA:814,580
DA:815,580
DA:816,580
DA:817,580
DA:818,580
DA:819,580
DA:820,580
DA:821,580
DA:822,580
DA:823,580
DA:824,580
DA:825,2675
DA:826,2675
DA:827,2675
DA:828,2675
DA:829,2675
DA:830,2675
DA:831,2675
DA:832,2675
DA:833,2675
DA:834,93
DA:835,93
DA:836,93
DA:837,93
DA:838,93
DA:839,93
DA:840,93
DA:841,93
DA:842,93
DA:843,93
DA:844,2675
DA:845,2675
DA:846,2675
DA:847,2675
DA:848,2675
DA:849,2675
DA:850,2675
DA:851,2675
DA:852,2675
DA:853,81
DA:854,81
DA:855,81
DA:856,81
DA:857,81
DA:858,81
DA:859,81
DA:860,81
DA:861,81
DA:862,81
DA:863,81
DA:864,81
DA:865,2675
DA:866,2675
DA:867,174
DA:868,174
DA:869,174
DA:870,174
DA:871,174
DA:872,174
DA:873,174
DA:874,174
DA:875,174
DA:876,174
DA:877,174
DA:878,174
DA:879,174
DA:880,174
DA:881,174
DA:882,174
DA:883,174
DA:884,174
DA:885,174
DA:886,174
DA:887,174
DA:888,174
DA:889,174
DA:890,2675
DA:891,2675
DA:892,2675
DA:893,2675
DA:894,2675
DA:895,2675
DA:896,2675
DA:897,2675
DA:898,93
DA:899,93
DA:900,93
DA:901,93
DA:902,93
DA:903,93
DA:904,93
DA:905,93
DA:906,93
DA:907,93
DA:908,93
DA:909,2675
DA:910,2675
DA:911,2675
DA:912,2675
DA:913,2675
DA:914,2675
DA:915,81
DA:916,81
DA:917,81
DA:918,81
DA:919,81
DA:920,81
DA:921,81
DA:922,81
DA:923,81
DA:924,81
DA:925,81
DA:926,81
DA:927,2675
DA:928,2675
DA:929,2675
DA:930,2675
DA:931,2675
DA:932,2675
DA:933,93
DA:934,93
DA:935,93
DA:936,93
DA:937,93
DA:938,93
DA:939,93
DA:940,93
DA:941,93
DA:942,93
DA:943,93
DA:944,2675
DA:945,2675
DA:946,2675
DA:947,2675
DA:948,2675
DA:949,2675
DA:950,93
DA:951,93
DA:952,93
DA:953,93
DA:954,93
DA:955,93
DA:956,93
DA:957,93
DA:958,93
DA:959,93
DA:960,93
DA:961,2675
DA:962,2675
DA:963,2675
DA:964,2675
DA:965,2675
DA:966,2675
DA:967,2675
DA:968,2675
DA:969,93
DA:970,93
DA:971,93
DA:972,93
DA:973,93
DA:974,93
DA:975,93
DA:976,93
DA:977,93
DA:978,2675
DA:979,2675
DA:980,2675
DA:981,2675
DA:982,2675
DA:983,2675
DA:984,2675
DA:985,2675
DA:986,81
DA:987,81
DA:988,81
DA:989,81
DA:990,81
DA:991,81
DA:992,81
DA:993,81
DA:994,81
DA:995,81
DA:996,81
DA:997,2675
DA:998,2675
DA:999,2675
DA:1000,2675
DA:1001,2675
DA:1002,2675
DA:1003,2675
DA:1004,2675
DA:1005,93
DA:1006,93
DA:1007,93
DA:1008,93
DA:1009,93
DA:1010,93
DA:1011,93
DA:1012,93
DA:1013,93
DA:1014,2675
DA:1015,2675
DA:1016,2675
DA:1017,2675
DA:1018,2675
DA:1019,2675
DA:1020,2675
DA:1021,2675
DA:1022,81
DA:1023,81
DA:1024,81
DA:1025,81
DA:1026,81
DA:1027,81
DA:1028,81
DA:1029,81
DA:1030,81
DA:1031,81
DA:1032,81
DA:1033,2675
DA:1034,2675
DA:1035,2675
DA:1036,2675
DA:1037,2675
DA:1038,2675
DA:1039,2675
DA:1040,2675
DA:1041,2675
DA:1042,2675
DA:1043,2675
DA:1044,81
DA:1045,81
DA:1046,81
DA:1047,81
DA:1048,81
DA:1049,81
DA:1050,81
DA:1051,2675
DA:1052,2675
DA:1053,2675
DA:1054,2675
DA:1055,2675
DA:1056,2675
DA:1057,2675
DA:1058,2675
DA:1059,2675
DA:1060,2675
DA:1061,2675
DA:1062,81
DA:1063,81
DA:1064,81
DA:1065,81
DA:1066,81
DA:1067,81
DA:1068,81
DA:1069,2675
DA:1070,2675
DA:1071,2675
DA:1072,2675
DA:1073,2675
DA:1074,2675
DA:1075,2675
DA:1076,2675
DA:1077,2675
DA:1078,2675
DA:1079,2675
DA:1080,81
DA:1081,81
DA:1082,81
DA:1083,81
DA:1084,81
DA:1085,81
DA:1086,81
DA:1087,2675
DA:1088,2675
DA:1089,2675
DA:1090,2675
DA:1091,2675
DA:1092,2675
DA:1093,2675
DA:1094,2675
DA:1095,2675
DA:1096,2675
DA:1097,2675
DA:1098,81
DA:1099,81
DA:1100,81
DA:1101,81
DA:1102,81
DA:1103,81
DA:1104,81
DA:1105,81
DA:1106,81
DA:1107,81
DA:1108,81
DA:1109,81
DA:1110,81
DA:1111,81
DA:1112,81
DA:1113,2675
DA:1114,2675
DA:1115,2675
DA:1116,2675
DA:1117,2675
DA:1118,2675
DA:1119,2675
DA:1120,2675
DA:1121,2675
DA:1122,2675
DA:1123,2675
DA:1124,81
DA:1125,81
DA:1126,81
DA:1127,81
DA:1128,81
DA:1129,81
DA:1130,81
DA:1131,81
DA:1132,81
DA:1133,81
DA:1134,81
DA:1135,81
DA:1136,81
DA:1137,81
DA:1138,81
DA:1139,2675
DA:1140,2675
DA:1141,2675
DA:1142,2675
DA:1143,2675
DA:1144,2675
DA:1145,2675
DA:1146,2675
DA:1147,2675
DA:1148,81
DA:1149,81
DA:1150,81
DA:1151,81
DA:1152,81
DA:1153,81
DA:1154,81
DA:1155,81
DA:1156,81
DA:1157,81
DA:1158,81
DA:1159,81
DA:1160,81
DA:1161,81
DA:1162,81
DA:1163,81
DA:1164,2675
DA:1165,2675
DA:1166,2675
DA:1167,81
DA:1168,81
DA:1169,81
DA:1170,81
DA:1171,81
DA:1172,2675
DA:1173,92
DA:1174,92
LF:1174
LH:1170
BRDA:105,0,0,92
BRDA:174,1,0,0
BRDA:174,2,0,0
BRDA:309,3,0,0
BRDA:309,4,0,0
BRDA:324,5,0,0
BRDA:324,6,0,0
BRDA:474,7,0,0
BRDA:476,8,0,0
BRDA:487,9,0,0
BRDA:489,10,0,0
BRDA:548,11,0,0
BRDA:550,12,0,0
BRDA:566,13,0,0
BRDA:568,14,0,0
BRDA:591,15,0,0
BRDA:591,16,0,0
BRDA:626,17,0,0
BRDA:626,18,0,0
BRDA:671,19,0,0
BRDA:723,20,0,0
BRDA:834,21,0,0
BRDA:836,22,0,0
BRDA:853,23,0,0
BRDA:855,24,0,0
BRDA:897,25,0,0
BRDA:897,26,0,0
BRDA:914,27,0,0
BRDA:932,28,0,0
BRDA:949,29,0,0
BRDA:968,30,0,0
BRDA:968,31,0,0
BRDA:985,32,0,0
BRDA:985,33,0,0
BRDA:1004,34,0,0
BRDA:1004,35,0,0
BRDA:1021,36,0,0
BRDA:1021,37,0,0
BRDA:1043,38,0,0
BRDA:1043,39,0,0
BRDA:1061,40,0,0
BRDA:1061,41,0,0
BRDA:1079,42,0,0
BRDA:1079,43,0,0
BRDA:1097,44,0,0
BRDA:1097,45,0,0
BRDA:1123,46,0,0
BRDA:1123,47,0,0
BRDA:1147,48,0,0
BRDA:1147,49,0,0
BRDA:1166,50,0,0
BRDA:1166,51,0,0
BRDA:118,52,0,2675
BRDA:141,53,0,46
BRDA:174,54,0,150
BRDA:224,55,0,1457
BRDA:235,56,0,324
BRDA:245,57,0,254
BRDA:255,58,0,88
BRDA:265,59,0,318
BRDA:277,60,0,303
BRDA:288,61,0,616
BRDA:309,62,0,156
BRDA:324,63,0,81
BRDA:348,64,0,387
BRDA:373,65,0,144
BRDA:379,66,0,0
BRDA:390,67,0,0
BRDA:395,68,0,0
BRDA:408,69,0,144
BRDA:454,70,0,3096
BRDA:473,71,0,87
BRDA:486,72,0,88
BRDA:505,73,0,87
BRDA:513,74,0,175
BRDA:534,75,0,174
BRDA:547,76,0,117
BRDA:565,77,0,81
BRDA:591,78,0,156
BRDA:617,79,0,151
BRDA:626,80,0,167
BRDA:669,81,0,87
BRDA:721,82,0,179
BRDA:746,83,0,175
BRDA:760,84,0,585
BRDA:778,85,0,580
BRDA:833,86,0,93
BRDA:852,87,0,81
BRDA:866,88,0,174
BRDA:897,89,0,93
BRDA:914,90,0,81
BRDA:932,91,0,93
BRDA:949,92,0,93
BRDA:968,93,0,93
BRDA:985,94,0,81
BRDA:1004,95,0,93
BRDA:1021,96,0,81
BRDA:1043,97,0,81
BRDA:1061,98,0,81
BRDA:1079,99,0,81
BRDA:1097,100,0,81
BRDA:1123,101,0,81
BRDA:1147,102,0,81
BRDA:1166,103,0,81
BRF:104
BRH:50
end_of_record
TN:
SF:src/contracts/index.ts
FNF:0
FNH:0
DA:1,1
DA:2,1
DA:3,1
LF:3
LH:3
BRF:0
BRH:0
end_of_record
TN:
SF:src/contracts/nft.ts
FN:52,NFT
FN:79,getState
FN:104,update
FN:239,transfer
FN:282,approveAddress
FN:298,upgradeVerificationKey
FN:319,pause
FN:335,resume
FNF:8
FNH:8
FNDA:2226,NFT
FNDA:69,getState
FNDA:86,update
FNDA:406,transfer
FNDA:117,approveAddress
FNDA:85,upgradeVerificationKey
FNDA:85,pause
FNDA:85,resume
DA:1,1
DA:2,1
DA:3,1
DA:4,1
DA:5,1
DA:6,1
DA:7,1
DA:8,1
DA:9,1
DA:10,1
DA:11,1
DA:12,1
DA:13,1
DA:14,1
DA:15,1
DA:16,1
DA:17,1
DA:18,1
DA:19,1
DA:20,1
DA:21,1
DA:22,1
DA:23,1
DA:24,1
DA:25,1
DA:26,1
DA:27,1
DA:28,1
DA:29,1
DA:30,1
DA:31,1
DA:32,1
DA:33,1
DA:34,1
DA:35,1
DA:36,1
DA:37,1
DA:38,1
DA:39,1
DA:40,1
DA:41,1
DA:42,1
DA:43,1
DA:44,1
DA:45,1
DA:46,1
DA:47,1
DA:48,1
DA:49,1
DA:50,1
DA:51,1
DA:52,2226
DA:53,2226
DA:54,2226
DA:55,2226
DA:56,2226
DA:57,2226
DA:58,2226
DA:59,2226
DA:60,2226
DA:61,2226
DA:62,2226
DA:63,2226
DA:64,2226
DA:65,2226
DA:66,2226
DA:67,2226
DA:68,2226
DA:69,2226
DA:70,2226
DA:71,2226
DA:72,2226
DA:73,2226
DA:74,2226
DA:75,2226
DA:76,2226
DA:77,2226
DA:78,2226
DA:79,2226
DA:80,69
DA:81,69
DA:82,69
DA:83,69
DA:84,69
DA:85,69
DA:86,69
DA:87,69
DA:88,69
DA:89,69
DA:90,69
DA:91,69
DA:92,69
DA:93,69
DA:94,2226
DA:95,2226
DA:96,2226
DA:97,2226
DA:98,2226
DA:99,2226
DA:100,2226
DA:101,2226
DA:102,2226
DA:103,2226
DA:104,2226
DA:105,86
DA:106,86
DA:107,86
DA:108,86
DA:109,86
DA:110,86
DA:111,86
DA:112,86
DA:113,86
DA:114,86
DA:115,86
DA:116,86
DA:117,86
DA:118,86
DA:119,86
DA:120,86
DA:121,86
DA:122,86
DA:123,86
DA:124,86
DA:125,86
DA:126,86
DA:127,86
DA:128,86
DA:129,86
DA:130,86
DA:131,86
DA:132,86
DA:133,86
DA:134,86
DA:135,86
DA:136,86
DA:137,86
DA:138,86
DA:139,86
DA:140,86
DA:141,86
DA:142,86
DA:143,86
DA:144,86
DA:145,86
DA:146,86
DA:147,86
DA:148,86
DA:149,86
DA:150,86
DA:151,86
DA:152,86
DA:153,86
DA:154,86
DA:155,86
DA:156,86
DA:157,86
DA:158,86
DA:159,86
DA:160,86
DA:161,86
DA:162,86
DA:163,86
DA:164,86
DA:165,86
DA:166,86
DA:167,86
DA:168,86
DA:169,86
DA:170,86
DA:171,86
DA:172,86
DA:173,86
DA:174,86
DA:175,86
DA:176,86
DA:177,86
DA:178,86
DA:179,86
DA:180,86
DA:181,86
DA:182,86
DA:183,86
DA:184,86
DA:185,86
DA:186,86
DA:187,86
DA:188,86
DA:189,86
DA:190,86
DA:191,86
DA:192,86
DA:193,86
DA:194,86
DA:195,86
DA:196,86
DA:197,86
DA:198,86
DA:199,86
DA:200,86
DA:201,86
DA:202,86
DA:203,86
DA:204,86
DA:205,86
DA:206,86
DA:207,86
DA:208,86
DA:209,86
DA:210,86
DA:211,86
DA:212,86
DA:213,86
DA:214,86
DA:215,86
DA:216,86
DA:217,86
DA:218,86
DA:219,86
DA:220,86
DA:221,86
DA:222,86
DA:223,86
DA:224,86
DA:225,86
DA:226,86
DA:227,86
DA:228,86
DA:229,86
DA:230,86
DA:231,2226
DA:232,2226
DA:233,2226
DA:234,2226
DA:235,2226
DA:236,2226
DA:237,2226
DA:238,2226
DA:239,2226
DA:240,406
DA:241,406
DA:242,406
DA:243,406
DA:244,406
DA:245,406
DA:246,406
DA:247,406
DA:248,406
DA:249,406
DA:250,406
DA:251,406
DA:252,406
DA:253,406
DA:254,406
DA:255,406
DA:256,406
DA:257,406
DA:258,406
DA:259,406
DA:260,406
DA:261,406
DA:262,406
DA:263,406
DA:264,406
DA:265,406
DA:266,406
DA:267,406
DA:268,406
DA:269,406
DA:270,406
DA:271,406
DA:272,406
DA:273,406
DA:274,2226
DA:275,2226
DA:276,2226
DA:277,2226
DA:278,2226
DA:279,2226
DA:280,2226
DA:281,2226
DA:282,2226
DA:283,117
DA:284,117
DA:285,117
DA:286,117
DA:287,117
DA:288,117
DA:289,117
DA:290,2226
DA:291,2226
DA:292,2226
DA:293,2226
DA:294,2226
DA:295,2226
DA:296,2226
DA:297,2226
DA:298,2226
DA:299,85
DA:300,85
DA:301,85
DA:302,85
DA:303,85
DA:304,85
DA:305,85
DA:306,85
DA:307,85
DA:308,85
DA:309,85
DA:310,85
DA:311,85
DA:312,2226
DA:313,2226
DA:314,2226
DA:315,2226
DA:316,2226
DA:317,2226
DA:318,2226
DA:319,2226
DA:320,85
DA:321,85
DA:322,85
DA:323,85
DA:324,85
DA:325,85
DA:326,85
DA:327,85
DA:328,2226
DA:329,2226
DA:330,2226
DA:331,2226
DA:332,2226
DA:333,2226
DA:334,2226
DA:335,2226
DA:336,85
DA:337,85
DA:338,85
DA:339,85
DA:340,85
DA:341,85
DA:342,85
DA:343,85
DA:344,2226
LF:344
LH:344
BRDA:79,0,0,0
BRDA:105,1,0,0
BRDA:106,2,0,0
BRDA:108,3,0,0
BRDA:241,4,0,0
BRDA:282,5,0,0
BRDA:282,6,0,0
BRDA:300,7,0,0
BRDA:319,8,0,0
BRDA:335,9,0,0
BRDA:52,10,0,2226
BRDA:79,11,0,69
BRDA:104,12,0,86
BRDA:239,13,0,406
BRDA:282,14,0,117
BRDA:298,15,0,85
BRDA:319,16,0,85
BRDA:335,17,0,85
BRF:18
BRH:8
end_of_record
TN:
SF:src/interfaces/admin.ts
FNF:0
FNH:0
DA:1,1
DA:2,1
DA:3,1
DA:4,1
DA:5,1
DA:6,1
DA:7,1
DA:8,1
DA:9,1
DA:10,1
DA:11,1
DA:12,1
DA:13,1
DA:14,1
DA:15,1
DA:16,1
DA:17,1
DA:18,1
DA:19,1
DA:20,1
DA:21,1
DA:22,1
DA:23,1
DA:24,1
DA:25,1
DA:26,1
DA:27,1
DA:28,1
DA:29,1
DA:30,1
DA:31,1
DA:32,1
DA:33,1
DA:34,1
DA:35,1
DA:36,1
DA:37,1
DA:38,1
DA:39,1
DA:40,1
DA:41,1
DA:42,1
DA:43,1
DA:44,1
DA:45,1
DA:46,1
DA:47,1
DA:48,1
DA:49,1
DA:50,1
DA:51,1
DA:52,1
DA:53,1
DA:54,1
DA:55,1
DA:56,1
DA:57,1
DA:58,1
DA:59,1
DA:60,1
DA:61,1
DA:62,1
DA:63,1
DA:64,1
DA:65,1
DA:66,1
DA:67,1
DA:68,1
DA:69,1
DA:70,1
DA:71,1
DA:72,1
DA:73,1
DA:74,1
DA:75,1
DA:76,1
DA:77,1
DA:78,1
DA:79,1
DA:80,1
DA:81,1
DA:82,1
DA:83,1
DA:84,1
DA:85,1
DA:86,1
DA:87,1
DA:88,1
DA:89,1
DA:90,1
DA:91,1
DA:92,1
DA:93,1
DA:94,1
DA:95,1
DA:96,1
DA:97,1
DA:98,1
DA:99,1
DA:100,1
DA:101,1
DA:102,1
DA:103,1
DA:104,1
DA:105,1
DA:106,1
DA:107,1
DA:108,1
DA:109,1
DA:110,1
DA:111,1
DA:112,1
DA:113,1
DA:114,1
DA:115,1
DA:116,1
DA:117,1
DA:118,1
DA:119,1
DA:120,1
DA:121,1
DA:122,1
DA:123,1
DA:124,1
DA:125,1
DA:126,1
DA:127,1
LF:127
LH:127
BRF:0
BRH:0
end_of_record
TN:
SF:src/interfaces/approval.ts
FN:56,NFTStandardApproval
FN:67,deploy
FN:82,ensureOwnerSignature
FN:95,canTransfer
FNF:4
FNH:0
FNDA:0,NFTStandardApproval
FNDA:0,deploy
FNDA:0,ensureOwnerSignature
FNDA:0,canTransfer
DA:1,1
DA:2,1
DA:3,1
DA:4,1
DA:5,1
DA:6,1
DA:7,1
DA:8,1
DA:9,1
DA:10,1
DA:11,1
DA:12,1
DA:13,1
DA:14,1
DA:15,1
DA:16,1
DA:17,1
DA:18,1
DA:19,1
DA:20,1
DA:21,1
DA:22,1
DA:23,1
DA:24,1
DA:25,1
DA:26,1
DA:27,1
DA:28,1
DA:29,1
DA:30,1
DA:31,1
DA:32,1
DA:33,1
DA:34,1
DA:35,1
DA:36,1
DA:37,1
DA:38,1
DA:39,1
DA:40,1
DA:41,1
DA:42,1
DA:43,1
DA:44,1
DA:45,1
DA:46,1
DA:47,1
DA:48,1
DA:49,1
DA:50,1
DA:51,1
DA:52,1
DA:53,1
DA:54,1
DA:55,1
DA:56,0
DA:57,0
DA:58,0
DA:59,0
DA:60,0
DA:61,0
DA:62,0
DA:63,0
DA:64,0
DA:65,0
DA:66,0
DA:67,0
DA:68,0
DA:69,0
DA:70,0
DA:71,0
DA:72,0
DA:73,0
DA:74,0
DA:75,0
DA:76,0
DA:77,0
DA:78,0
DA:79,0
DA:80,0
DA:81,0
DA:82,0
DA:83,0
DA:84,0
DA:85,0
DA:86,0
DA:87,0
DA:88,0
DA:89,0
DA:90,0
DA:91,0
DA:92,0
DA:93,0
DA:94,0
DA:95,0
DA:96,0
DA:97,0
DA:98,0
DA:99,0
LF:99
LH:55
BRDA:95,0,0,0
BRDA:95,1,0,0
BRF:2
BRH:0
end_of_record
TN:
SF:src/interfaces/collection.ts
FNF:0
FNH:0
DA:1,1
DA:2,1
DA:3,1
DA:4,1
DA:5,1
DA:6,1
DA:7,1
DA:8,1
DA:9,1
DA:10,1
DA:11,1
DA:12,1
DA:13,1
DA:14,1
DA:15,1
DA:16,1
DA:17,1
DA:18,1
DA:19,1
DA:20,1
DA:21,1
DA:22,1
DA:23,1
DA:24,1
DA:25,1
DA:26,1
DA:27,1
DA:28,1
DA:29,1
DA:30,1
DA:31,1
DA:32,1
DA:33,1
DA:34,1
DA:35,1
DA:36,1
DA:37,1
DA:38,1
DA:39,1
DA:40,1
DA:41,1
DA:42,1
DA:43,1
DA:44,1
DA:45,1
DA:46,1
DA:47,1
DA:48,1
DA:49,1
DA:50,1
DA:51,1
DA:52,1
DA:53,1
DA:54,1
DA:55,1
DA:56,1
DA:57,1
DA:58,1
DA:59,1
DA:60,1
DA:61,1
DA:62,1
DA:63,1
DA:64,1
DA:65,1
DA:66,1
DA:67,1
DA:68,1
LF:68
LH:68
BRF:0
BRH:0
end_of_record
TN:
SF:src/interfaces/encoding.ts
FN:15,fieldToString
FN:28,fieldFromString
FNF:2
FNH:1
FNDA:0,fieldToString
FNDA:889,fieldFromString
DA:1,1
DA:2,1
DA:3,1
DA:4,1
DA:5,1
DA:6,1
DA:7,1
DA:8,1
DA:9,1
DA:10,1
DA:11,1
DA:12,1
DA:13,1
DA:14,1
DA:15,0
DA:16,0
DA:17,0
DA:18,1
DA:19,1
DA:20,1
DA:21,1
DA:22,1
DA:23,1
DA:24,1
DA:25,1
DA:26,1
DA:27,1
DA:28,889
DA:29,889
DA:30,889
DA:31,889
DA:32,889
LF:32
LH:29
BRDA:28,0,0,889
BRDA:30,1,0,0
BRF:2
BRH:1
end_of_record
TN:
SF:src/interfaces/events.ts
FNF:0
FNH:0
DA:1,1
DA:2,1
DA:3,1
DA:4,1
DA:5,1
DA:6,1
DA:7,1
DA:8,1
DA:9,1
DA:10,1
DA:11,1
DA:12,1
DA:13,1
DA:14,1
DA:15,1
DA:16,1
DA:17,1
DA:18,1
DA:19,1
DA:20,1
DA:21,1
DA:22,1
DA:23,1
DA:24,1
DA:25,1
DA:26,1
DA:27,1
DA:28,1
DA:29,1
DA:30,1
DA:31,1
DA:32,1
DA:33,1
DA:34,1
DA:35,1
DA:36,1
DA:37,1
DA:38,1
DA:39,1
DA:40,1
DA:41,1
DA:42,1
DA:43,1
DA:44,1
DA:45,1
DA:46,1
DA:47,1
DA:48,1
DA:49,1
DA:50,1
DA:51,1
DA:52,1
DA:53,1
DA:54,1
DA:55,1
DA:56,1
DA:57,1
DA:58,1
DA:59,1
DA:60,1
DA:61,1
DA:62,1
DA:63,1
DA:64,1
DA:65,1
DA:66,1
DA:67,1
DA:68,1
DA:69,1
DA:70,1
DA:71,1
DA:72,1
DA:73,1
DA:74,1
DA:75,1
DA:76,1
DA:77,1
DA:78,1
DA:79,1
DA:80,1
DA:81,1
DA:82,1
DA:83,1
DA:84,1
DA:85,1
DA:86,1
DA:87,1
DA:88,1
DA:89,1
DA:90,1
DA:91,1
DA:92,1
DA:93,1
DA:94,1
DA:95,1
DA:96,1
DA:97,1
DA:98,1
DA:99,1
DA:100,1
DA:101,1
DA:102,1
DA:103,1
DA:104,1
DA:105,1
DA:106,1
DA:107,1
DA:108,1
DA:109,1
DA:110,1
DA:111,1
DA:112,1
DA:113,1
DA:114,1
DA:115,1
LF:115
LH:115
BRF:0
BRH:0
end_of_record
TN:
SF:src/interfaces/index.ts
FNF:0
FNH:0
DA:1,1
DA:2,1
DA:3,1
DA:4,1
DA:5,1
DA:6,1
DA:7,1
DA:8,1
DA:9,1
DA:10,1
LF:10
LH:10
BRF:0
BRH:0
end_of_record
TN:
SF:src/interfaces/ownable.ts
FNF:0
FNH:0
DA:1,1
DA:2,1
DA:3,1
DA:4,1
DA:5,1
DA:6,1
DA:7,1
DA:8,1
DA:9,1
DA:10,1
DA:11,1
DA:12,1
DA:13,1
DA:14,1
DA:15,1
DA:16,1
DA:17,1
DA:18,1
DA:19,1
DA:20,1
DA:21,1
DA:22,1
DA:23,1
DA:24,1
DA:25,1
DA:26,1
DA:27,1
DA:28,1
DA:29,1
DA:30,1
DA:31,1
DA:32,1
LF:32
LH:32
BRF:0
BRH:0
end_of_record
TN:
SF:src/interfaces/owner.ts
FN:73,NFTStandardOwner
FN:84,deploy
FN:99,ensureOwnerSignature
FN:107,canTransfer
FN:113,canPause
FN:119,canResume
FN:125,canChangeVerificationKey
FN:135,canApproveAddress
FNF:8
FNH:1
FNDA:84,NFTStandardOwner
FNDA:0,deploy
FNDA:0,ensureOwnerSignature
FNDA:0,canTransfer
FNDA:0,canPause
FNDA:0,canResume
FNDA:0,canChangeVerificationKey
FNDA:0,canApproveAddress
DA:1,1
DA:2,1
DA:3,1
DA:4,1
DA:5,1
DA:6,1
DA:7,1
DA:8,1
DA:9,1
DA:10,1
DA:11,1
DA:12,1
DA:13,1
DA:14,1
DA:15,1
DA:16,1
DA:17,1
DA:18,1
DA:19,1
DA:20,1
DA:21,1
DA:22,1
DA:23,1
DA:24,1
DA:25,1
DA:26,1
DA:27,1
DA:28,1
DA:29,1
DA:30,1
DA:31,1
DA:32,1
DA:33,1
DA:34,1
DA:35,1
DA:36,1
DA:37,1
DA:38,1
DA:39,1
DA:40,1
DA:41,1
DA:42,1
DA:43,1
DA:44,1
DA:45,1
DA:46,1
DA:47,1
DA:48,1
DA:49,1
DA:50,1
DA:51,1
DA:52,1
DA:53,1
DA:54,1
DA:55,1
DA:56,1
DA:57,1
DA:58,1
DA:59,1
DA:60,1
DA:61,1
DA:62,1
DA:63,1
DA:64,1
DA:65,1
DA:66,1
DA:67,1
DA:68,1
DA:69,1
DA:70,1
DA:71,1
DA:72,1
DA:73,84
DA:74,84
DA:75,84
DA:76,84
DA:77,84
DA:78,84
DA:79,84
DA:80,84
DA:81,84
DA:82,84
DA:83,84
DA:84,84
DA:85,0
DA:86,0
DA:87,0
DA:88,0
DA:89,0
DA:90,0
DA:91,0
DA:92,0
DA:93,0
DA:94,84
DA:95,84
DA:96,84
DA:97,84
DA:98,84
DA:99,84
DA:100,0
DA:101,0
DA:102,0
DA:103,0
DA:104,0
DA:105,84
DA:106,84
DA:107,84
DA:108,0
DA:109,0
DA:110,0
DA:111,84
DA:112,84
DA:113,84
DA:114,0
DA:115,0
DA:116,0
DA:117,84
DA:118,84
DA:119,84
DA:120,0
DA:121,0
DA:122,0
DA:123,84
DA:124,84
DA:125,84
DA:126,0
DA:127,0
DA:128,0
DA:129,0
DA:130,0
DA:131,0
DA:132,0
DA:133,84
DA:134,84
DA:135,84
DA:136,0
DA:137,0
DA:138,0
DA:139,0
DA:140,0
DA:141,0
DA:142,0
DA:143,84
LF:143
LH:106
BRDA:107,0,0,0
BRDA:107,1,0,0
BRDA:113,2,0,0
BRDA:113,3,0,0
BRDA:113,4,0,0
BRDA:119,5,0,0
BRDA:119,6,0,0
BRDA:119,7,0,0
BRDA:126,8,0,0
BRDA:127,9,0,0
BRDA:129,10,0,0
BRDA:136,11,0,0
BRDA:137,12,0,0
BRDA:139,13,0,0
BRDA:73,14,0,84
BRF:15
BRH:1
end_of_record
TN:
SF:src/interfaces/pausable.ts
FNF:0
FNH:0
DA:1,1
DA:2,1
DA:3,1
DA:4,1
DA:5,1
DA:6,1
DA:7,1
DA:8,1
DA:9,1
DA:10,1
DA:11,1
DA:12,1
DA:13,1
DA:14,1
DA:15,1
DA:16,1
DA:17,1
DA:18,1
DA:19,1
DA:20,1
DA:21,1
DA:22,1
DA:23,1
DA:24,1
DA:25,1
DA:26,1
DA:27,1
DA:28,1
DA:29,1
DA:30,1
DA:31,1
DA:32,1
DA:33,1
DA:34,1
DA:35,1
DA:36,1
DA:37,1
DA:38,1
DA:39,1
DA:40,1
DA:41,1
LF:41
LH:41
BRF:0
BRH:0
end_of_record
TN:
SF:src/interfaces/types.ts
FN:40,assertEqual
FN:63,fromAccount
FN:78,assertEqual
FN:120,assertEqual
FN:141,fromNFTData
FN:172,assertEqual
FN:214,assertEqual
FN:233,fromNFTState
FN:270,<static_initializer>
FN:314,new
FN:376,pack
FN:406,unpack
FN:471,new
FN:498,pack
FN:513,unpack
FN:531,isPaused
FN:535,requireTransferApproval
FN:539,mintingIsLimited
FNF:18
FNH:15
FNDA:0,assertEqual
FNDA:5,fromAccount
FNDA:0,assertEqual
FNDA:134,assertEqual
FNDA:5,fromNFTData
FNDA:220,assertEqual
FNDA:134,assertEqual
FNDA:5,fromNFTState
FNDA:27,<static_initializer>
FNDA:73,new
FNDA:2245,pack
FNDA:1939,unpack
FNDA:92,new
FNDA:1625,pack
FNDA:2075,unpack
FNDA:616,isPaused
FNDA:0,requireTransferApproval
FNDA:237,mintingIsLimited
DA:1,1
DA:2,1
DA:3,1
DA:4,1
DA:5,1
DA:6,1
DA:7,1
DA:8,1
DA:9,1
DA:10,1
DA:11,1
DA:12,1
DA:13,1
DA:14,1
DA:15,1
DA:16,1
DA:17,1
DA:18,1
DA:19,1
DA:20,1
DA:21,1
DA:22,1
DA:23,1
DA:24,1
DA:25,1
DA:26,1
DA:27,1
DA:28,1
DA:29,1
DA:30,1
DA:31,1
DA:32,1
DA:33,1
DA:34,1
DA:35,1
DA:36,1
DA:37,1
DA:38,1
DA:39,1
DA:40,1
DA:41,0
DA:42,0
DA:43,0
DA:44,0
DA:45,1
DA:46,1
DA:47,1
DA:48,1
DA:49,1
DA:50,1
DA:51,1
DA:52,1
DA:53,1
DA:54,1
DA:55,1
DA:56,1
DA:57,1
DA:58,1
DA:59,1
DA:60,1
DA:61,1
DA:62,1
DA:63,1
DA:64,5
DA:65,0
DA:66,0
DA:67,5
DA:68,0
DA:69,0
DA:70,5
DA:71,5
DA:72,1
DA:73,1
DA:74,1
DA:75,1
DA:76,1
DA:77,1
DA:78,1
DA:79,0
DA:80,0
DA:81,0
DA:82,0
DA:83,0
DA:84,0
DA:85,1
DA:86,1
DA:87,1
DA:88,1
DA:89,1
DA:90,1
DA:91,1
DA:92,1
DA:93,1
DA:94,1
DA:95,1
DA:96,1
DA:97,1
DA:98,1
DA:99,1
DA:100,1
DA:101,1
DA:102,1
DA:103,1
DA:104,1
DA:105,1
DA:106,1
DA:107,1
DA:108,1
DA:109,1
DA:110,1
DA:111,1
DA:112,1
DA:113,1
DA:114,1
DA:115,1
DA:116,1
DA:117,1
DA:118,1
DA:119,1
DA:120,1
DA:121,134
DA:122,134
DA:123,134
DA:124,134
DA:125,134
DA:126,134
DA:127,134
DA:128,134
DA:129,134
DA:130,134
DA:131,134
DA:132,134
DA:133,134
DA:134,134
DA:135,1
DA:136,1
DA:137,1
DA:138,1
DA:139,1
DA:140,1
DA:141,1
DA:142,5
DA:143,5
DA:144,5
DA:145,5
DA:146,5
DA:147,5
DA:148,5
DA:149,5
DA:150,5
DA:151,5
DA:152,5
DA:153,5
DA:154,5
DA:155,5
DA:156,5
DA:157,5
DA:158,5
DA:159,5
DA:160,5
DA:161,5
DA:162,1
DA:163,1
DA:164,1
DA:165,1
DA:166,1
DA:167,1
DA:168,1
DA:169,1
DA:170,1
DA:171,1
DA:172,1
DA:173,220
DA:174,660
DA:175,660
DA:176,220
DA:177,1
DA:178,1
DA:179,1
DA:180,1
DA:181,1
DA:182,1
DA:183,1
DA:184,1
DA:185,1
DA:186,1
DA:187,1
DA:188,1
DA:189,1
DA:190,1
DA:191,1
DA:192,1
DA:193,1
DA:194,1
DA:195,1
DA:196,1
DA:197,1
DA:198,1
DA:199,1
DA:200,1
DA:201,1
DA:202,1
DA:203,1
DA:204,1
DA:205,1
DA:206,1
DA:207,1
DA:208,1
DA:209,1
DA:210,1
DA:211,1
DA:212,1
DA:213,1
DA:214,1
DA:215,134
DA:216,134
DA:217,134
DA:218,134
DA:219,134
DA:220,134
DA:221,134
DA:222,134
DA:223,134
DA:224,134
DA:225,134
DA:226,134
DA:227,1
DA:228,1
DA:229,1
DA:230,1
DA:231,1
DA:232,1
DA:233,1
DA:234,5
DA:235,5
DA:236,5
DA:237,5
DA:238,5
DA:239,5
DA:240,5
DA:241,5
DA:242,5
DA:243,5
DA:244,5
DA:245,5
DA:246,5
DA:247,5
DA:248,5
DA:249,5
DA:250,5
DA:251,5
DA:252,5
DA:253,5
DA:254,5
DA:255,5
DA:256,5
DA:257,5
DA:258,5
DA:259,5
DA:260,5
DA:261,5
DA:262,5
DA:263,5
DA:264,1
DA:265,1
DA:266,1
DA:267,1
DA:268,1
DA:269,1
DA:270,1
DA:271,27
DA:272,27
DA:273,27
DA:274,1
DA:275,1
DA:276,1
DA:277,1
DA:278,1
DA:279,1
DA:280,1
DA:281,1
DA:282,1
DA:283,1
DA:284,1
DA:285,1
DA:286,1
DA:287,1
DA:288,1
DA:289,1
DA:290,1
DA:291,1
DA:292,1
DA:293,1
DA:294,1
DA:295,1
DA:296,1
DA:297,1
DA:298,1
DA:299,1
DA:300,1
DA:301,1
DA:302,1
DA:303,1
DA:304,1
DA:305,1
DA:306,1
DA:307,1
DA:308,1
DA:309,1
DA:310,1
DA:311,1
DA:312,1
DA:313,1
DA:314,1
DA:315,73
DA:316,73
DA:317,73
DA:318,73
DA:319,73
DA:320,73
DA:321,73
DA:322,73
DA:323,73
DA:324,73
DA:325,73
DA:326,73
DA:327,73
DA:328,73
DA:329,73
DA:330,73
DA:331,73
DA:332,73
DA:333,73
DA:334,73
DA:335,73
DA:336,73
DA:337,73
DA:338,73
DA:339,73
DA:340,73
DA:341,73
DA:342,73
DA:343,73
DA:344,73
DA:345,73
DA:346,73
DA:347,73
DA:348,73
DA:349,73
DA:350,0
DA:351,0
DA:352,73
DA:353,73
DA:354,73
DA:355,73
DA:356,73
DA:357,73
DA:358,73
DA:359,73
DA:360,73
DA:361,73
DA:362,73
DA:363,73
DA:364,73
DA:365,73
DA:366,73
DA:367,73
DA:368,73
DA:369,73
DA:370,73
DA:371,1
DA:372,1
DA:373,1
DA:374,1
DA:375,1
DA:376,1
DA:377,2245
DA:378,2245
DA:379,2245
DA:380,2245
DA:381,2245
DA:382,2245
DA:383,2245
DA:384,2245
DA:385,2245
DA:386,2245
DA:387,2245
DA:388,2245
DA:389,2245
DA:390,2245
DA:391,2245
DA:392,2245
DA:393,2245
DA:394,2245
DA:395,2245
DA:396,2245
DA:397,2245
DA:398,2245
DA:399,2245
DA:400,1
DA:401,1
DA:402,1
DA:403,1
DA:404,1
DA:405,1
DA:406,1
DA:407,1939
DA:408,1939
DA:409,1939
DA:410,1939
DA:411,1939
DA:412,1939
DA:413,1939
DA:414,1939
DA:415,1939
DA:416,1939
DA:417,1939
DA:418,1939
DA:419,1939
DA:420,1939
DA:421,1939
DA:422,1939
DA:423,1939
DA:424,1939
DA:425,1939
DA:426,1939
DA:427,1939
DA:428,1939
DA:429,1939
DA:430,1939
DA:431,1939
DA:432,1939
DA:433,1939
DA:434,1939
DA:435,1939
DA:436,1939
DA:437,1939
DA:438,1939
DA:439,1939
DA:440,1939
DA:441,1939
DA:442,1939
DA:443,1939
DA:444,1939
DA:445,1939
DA:446,1939
DA:447,1
DA:448,1
DA:449,1
DA:450,1
DA:451,1
DA:452,1
DA:453,1
DA:454,1
DA:455,1
DA:456,1
DA:457,1
DA:458,1
DA:459,1
DA:460,1
DA:461,1
DA:462,1
DA:463,1
DA:464,1
DA:465,1
DA:466,1
DA:467,1
DA:468,1
DA:469,1
DA:470,1
DA:471,1
DA:472,92
DA:473,92
DA:474,92
DA:475,92
DA:476,92
DA:477,92
DA:478,92
DA:479,92
DA:480,92
DA:481,92
DA:482,92
DA:483,92
DA:484,92
DA:485,92
DA:486,92
DA:487,92
DA:488,92
DA:489,92
DA:490,92
DA:491,92
DA:492,92
DA:493,1
DA:494,1
DA:495,1
DA:496,1
DA:497,1
DA:498,1
DA:499,1625
DA:500,1625
DA:501,1625
DA:502,1625
DA:503,1625
DA:504,1625
DA:505,1625
DA:506,1625
DA:507,1
DA:508,1
DA:509,1
DA:510,1
DA:511,1
DA:512,1
DA:513,1
DA:514,2075
DA:515,2075
DA:516,2075
DA:517,2075
DA:518,2075
DA:519,2075
DA:520,2075
DA:521,2075
DA:522,2075
DA:523,2075
DA:524,2075
DA:525,2075
DA:526,2075
DA:527,2075
DA:528,2075
DA:529,2075
DA:530,1
DA:531,1
DA:532,616
DA:533,616
DA:534,1
DA:535,1
DA:536,0
DA:537,0
DA:538,1
DA:539,1
DA:540,237
DA:541,237
DA:542,237
DA:543,237
DA:544,237
DA:545,1
DA:546,1
DA:547,1
DA:548,1
DA:549,1
DA:550,1
DA:551,1
DA:552,1
DA:553,1
DA:554,1
DA:555,1
DA:556,1
DA:557,1
DA:558,1
DA:559,1
DA:560,1
DA:561,1
DA:562,1
DA:563,1
DA:564,1
DA:565,1
DA:566,1
DA:567,1
DA:568,1
DA:569,1
DA:570,1
DA:571,1
DA:572,1
DA:573,1
DA:574,1
DA:575,1
DA:576,1
DA:577,1
DA:578,1
DA:579,1
DA:580,1
DA:581,1
DA:582,1
DA:583,1
DA:584,1
DA:585,1
DA:586,1
DA:587,1
DA:588,1
DA:589,1
DA:590,1
DA:591,1
DA:592,1
DA:593,1
DA:594,1
DA:595,1
DA:596,1
DA:597,1
DA:598,1
DA:599,1
DA:600,1
DA:601,1
DA:602,1
DA:603,1
DA:604,1
DA:605,1
DA:606,1
DA:607,1
DA:608,1
DA:609,1
DA:610,1
DA:611,1
DA:612,1
DA:613,1
DA:614,1
DA:615,1
DA:616,1
DA:617,1
DA:618,1
DA:619,1
DA:620,1
DA:621,1
DA:622,1
DA:623,1
LF:623
LH:605
BRDA:63,0,0,5
BRDA:64,1,0,0
BRDA:67,2,0,0
BRDA:120,3,0,134
BRDA:141,4,0,5
BRDA:172,5,0,220
BRDA:173,6,0,660
BRDA:214,7,0,134
BRDA:233,8,0,5
BRDA:260,9,0,2
BRDA:261,10,0,2
BRDA:270,11,0,27
BRDA:314,12,0,73
BRDA:347,13,0,0
BRDA:349,14,0,0
BRDA:355,15,0,69
BRDA:356,16,0,69
BRDA:358,17,0,23
BRDA:359,18,0,69
BRDA:360,19,0,69
BRDA:364,20,0,23
BRDA:376,21,0,2245
BRDA:406,22,0,1939
BRDA:471,23,0,92
BRDA:486,24,0,46
BRDA:487,25,0,46
BRDA:488,26,0,46
BRDA:490,27,0,46
BRDA:498,28,0,1625
BRDA:513,29,0,2075
BRDA:531,30,0,616
BRDA:539,31,0,237
BRF:32
BRH:28
end_of_record
TN:
SF:src/interfaces/update.ts
FN:62,NFTStandardUpdate
FN:72,deploy
FN:87,ensureOwnerSignature
FN:95,canUpdate
FNF:4
FNH:1
FNDA:75,NFTStandardUpdate
FNDA:0,deploy
FNDA:0,ensureOwnerSignature
FNDA:0,canUpdate
DA:1,1
DA:2,1
DA:3,1
DA:4,1
DA:5,1
DA:6,1
DA:7,1
DA:8,1
DA:9,1
DA:10,1
DA:11,1
DA:12,1
DA:13,1
DA:14,1
DA:15,1
DA:16,1
DA:17,1
DA:18,1
DA:19,1
DA:20,1
DA:21,1
DA:22,1
DA:23,1
DA:24,1
DA:25,1
DA:26,1
DA:27,1
DA:28,1
DA:29,1
DA:30,1
DA:31,1
DA:32,1
DA:33,1
DA:34,1
DA:35,1
DA:36,1
DA:37,1
DA:38,1
DA:39,1
DA:40,1
DA:41,1
DA:42,1
DA:43,1
DA:44,1
DA:45,1
DA:46,1
DA:47,1
DA:48,1
DA:49,1
DA:50,1
DA:51,1
DA:52,1
DA:53,1
DA:54,1
DA:55,1
DA:56,1
DA:57,1
DA:58,1
DA:59,1
DA:60,1
DA:61,1
DA:62,75
DA:63,75
DA:64,75
DA:65,75
DA:66,75
DA:67,75
DA:68,75
DA:69,75
DA:70,75
DA:71,75
DA:72,75
DA:73,0
DA:74,0
DA:75,0
DA:76,0
DA:77,0
DA:78,0
DA:79,0
DA:80,0
DA:81,0
DA:82,75
DA:83,75
DA:84,75
DA:85,75
DA:86,75
DA:87,75
DA:88,0
DA:89,0
DA:90,0
DA:91,0
DA:92,0
DA:93,75
DA:94,75
DA:95,75
DA:96,0
DA:97,0
DA:98,0
DA:99,0
DA:100,0
DA:101,0
DA:102,0
DA:103,0
DA:104,75
LF:104
LH:82
BRDA:96,0,0,0
BRDA:97,1,0,0
BRDA:98,2,0,0
BRDA:100,3,0,0
BRDA:62,4,0,75
BRF:5
BRH:1
end_of_record
TN:
SF:src/marketplace/auction.ts
FN:58,pack
FN:83,unpack
FN:185,AuctionFactory
FN:190,NonFungibleTokenAuctionContract
FN:198,deploy
FN:241,getCollectionContract
FN:246,calculateSaleFee
FN:264,bid
FN:309,getAuctionState
FN:322,settleAuction
FN:355,withdrawNFT
FN:383,canTransfer
FN:454,settlePayment
FN:491,settleAuctioneerPayment
FN:519,withdraw
FNF:15
FNH:15
FNDA:440,pack
FNDA:792,unpack
FNDA:32,AuctionFactory
FNDA:748,NonFungibleTokenAuctionContract
FNDA:32,deploy
FNDA:144,getCollectionContract
FNDA:200,calculateSaleFee
FNDA:208,bid
FNDA:48,getAuctionState
FNDA:72,settleAuction
FNDA:72,withdrawNFT
FNDA:128,canTransfer
FNDA:72,settlePayment
FNDA:72,settleAuctioneerPayment
FNDA:72,withdraw
DA:1,1
DA:2,1
DA:3,1
DA:4,1
DA:5,1
DA:6,1
DA:7,1
DA:8,1
DA:9,1
DA:10,1
DA:11,1
DA:12,1
DA:13,1
DA:14,1
DA:15,1
DA:16,1
DA:17,1
DA:18,1
DA:19,1
DA:20,1
DA:21,1
DA:22,1
DA:23,1
DA:24,1
DA:25,1
DA:26,1
DA:27,1
DA:28,1
DA:29,1
DA:30,1
DA:31,1
DA:32,1
DA:33,1
DA:34,1
DA:35,1
DA:36,1
DA:37,1
DA:38,1
DA:39,1
DA:40,1
DA:41,1
DA:42,1
DA:43,1
DA:44,1
DA:45,1
DA:46,1
DA:47,1
DA:48,1
DA:49,1
DA:50,1
DA:51,1
DA:52,1
DA:53,1
DA:54,1
DA:55,1
DA:56,1
DA:57,1
DA:58,1
DA:59,440
DA:60,440
DA:61,440
DA:62,440
DA:63,440
DA:64,440
DA:65,440
DA:66,440
DA:67,440
DA:68,440
DA:69,440
DA:70,440
DA:71,440
DA:72,440
DA:73,440
DA:74,440
DA:75,440
DA:76,440
DA:77,440
DA:78,440
DA:79,440
DA:80,440
DA:81,440
DA:82,440
DA:83,1
DA:84,792
DA:85,792
DA:86,792
DA:87,792
DA:88,792
DA:89,792
DA:90,792
DA:91,792
DA:92,792
DA:93,792
DA:94,792
DA:95,792
DA:96,792
DA:97,792
DA:98,792
DA:99,792
DA:100,792
DA:101,792
DA:102,792
DA:103,792
DA:104,792
DA:105,792
DA:106,792
DA:107,792
DA:108,792
DA:109,792
DA:110,792
DA:111,792
DA:112,792
DA:113,792
DA:114,792
DA:115,792
DA:116,792
DA:117,792
DA:118,792
DA:119,792
DA:120,792
DA:121,792
DA:122,792
DA:123,792
DA:124,792
DA:125,792
DA:126,792
DA:127,792
DA:128,792
DA:129,792
DA:130,792
DA:131,792
DA:132,792
DA:133,792
DA:134,792
DA:135,792
DA:136,792
DA:137,792
DA:138,792
DA:139,792
DA:140,792
DA:141,792
DA:142,792
DA:143,1
DA:144,1
DA:145,1
DA:146,1
DA:147,1
DA:148,1
DA:149,1
DA:150,1
DA:151,1
DA:152,1
DA:153,1
DA:154,1
DA:155,1
DA:156,1
DA:157,1
DA:158,1
DA:159,1
DA:160,1
DA:161,1
DA:162,1
DA:163,1
DA:164,1
DA:165,1
DA:166,1
DA:167,1
DA:168,1
DA:169,1
DA:170,1
DA:171,1
DA:172,1
DA:173,1
DA:174,1
DA:175,1
DA:176,1
DA:177,1
DA:178,1
DA:179,1
DA:180,1
DA:181,1
DA:182,1
DA:183,1
DA:184,1
DA:185,1
DA:186,32
DA:187,32
DA:188,32
DA:189,32
DA:190,32
DA:191,748
DA:192,748
DA:193,748
DA:194,748
DA:195,748
DA:196,748
DA:197,748
DA:198,748
DA:199,32
DA:200,32
DA:201,32
DA:202,32
DA:203,32
DA:204,32
DA:205,32
DA:206,32
DA:207,32
DA:208,32
DA:209,32
DA:210,32
DA:211,32
DA:212,32
DA:213,32
DA:214,32
DA:215,32
DA:216,32
DA:217,32
DA:218,32
DA:219,32
DA:220,32
DA:221,32
DA:222,32
DA:223,32
DA:224,32
DA:225,32
DA:226,32
DA:227,32
DA:228,32
DA:229,32
DA:230,32
DA:231,748
DA:232,748
DA:233,748
DA:234,748
DA:235,748
DA:236,748
DA:237,748
DA:238,748
DA:239,748
DA:240,748
DA:241,748
DA:242,144
DA:243,144
DA:244,144
DA:245,748
DA:246,748
DA:247,200
DA:248,200
DA:249,200
DA:250,200
DA:251,200
DA:252,200
DA:253,200
DA:254,200
DA:255,200
DA:256,200
DA:257,200
DA:258,200
DA:259,200
DA:260,200
DA:261,200
DA:262,748
DA:263,748
DA:264,748
DA:265,208
DA:266,208
DA:267,208
DA:268,208
DA:269,208
DA:270,208
DA:271,208
DA:272,208
DA:273,208
DA:274,208
DA:275,208
DA:276,208
DA:277,208
DA:278,208
DA:279,208
DA:280,208
DA:281,208
DA:282,208
DA:283,208
DA:284,208
DA:285,208
DA:286,208
DA:287,208
DA:288,208
DA:289,208
DA:290,208
DA:291,208
DA:292,208
DA:293,208
DA:294,208
DA:295,208
DA:296,208
DA:297,208
DA:298,208
DA:299,208
DA:300,208
DA:301,208
DA:302,208
DA:303,208
DA:304,208
DA:305,208
DA:306,208
DA:307,748
DA:308,748
DA:309,748
DA:310,48
DA:311,48
DA:312,48
DA:313,48
DA:314,48
DA:315,48
DA:316,748
DA:317,748
DA:318,748
DA:319,748
DA:320,748
DA:321,748
DA:322,748
DA:323,72
DA:324,72
DA:325,72
DA:326,72
DA:327,72
DA:328,72
DA:329,72
DA:330,72
DA:331,72
DA:332,72
DA:333,72
DA:334,72
DA:335,72
DA:336,72
DA:337,72
DA:338,72
DA:339,72
DA:340,72
DA:341,72
DA:342,72
DA:343,72
DA:344,72
DA:345,72
DA:346,72
DA:347,72
DA:348,72
DA:349,72
DA:350,72
DA:351,72
DA:352,748
DA:353,748
DA:354,748
DA:355,748
DA:356,72
DA:357,72
DA:358,72
DA:359,72
DA:360,72
DA:361,72
DA:362,72
DA:363,72
DA:364,72
DA:365,72
DA:366,72
DA:367,72
DA:368,72
DA:369,72
DA:370,72
DA:371,72
DA:372,72
DA:373,72
DA:374,72
DA:375,72
DA:376,72
DA:377,72
DA:378,72
DA:379,72
DA:380,72
DA:381,748
DA:382,748
DA:383,748
DA:384,128
DA:385,128
DA:386,128
DA:387,128
DA:388,128
DA:389,128
DA:390,128
DA:391,128
DA:392,128
DA:393,128
DA:394,128
DA:395,128
DA:396,128
DA:397,128
DA:398,128
DA:399,128
DA:400,128
DA:401,128
DA:402,128
DA:403,128
DA:404,128
DA:405,128
DA:406,128
DA:407,128
DA:408,128
DA:409,128
DA:410,128
DA:411,128
DA:412,128
DA:413,128
DA:414,128
DA:415,128
DA:416,128
DA:417,128
DA:418,128
DA:419,128
DA:420,128
DA:421,128
DA:422,128
DA:423,128
DA:424,128
DA:425,128
DA:426,128
DA:427,128
DA:428,128
DA:429,128
DA:430,128
DA:431,128
DA:432,128
DA:433,128
DA:434,128
DA:435,128
DA:436,128
DA:437,128
DA:438,128
DA:439,128
DA:440,128
DA:441,128
DA:442,128
DA:443,128
DA:444,128
DA:445,128
DA:446,128
DA:447,128
DA:448,128
DA:449,128
DA:450,128
DA:451,128
DA:452,748
DA:453,748
DA:454,748
DA:455,72
DA:456,72
DA:457,72
DA:458,72
DA:459,72
DA:460,72
DA:461,72
DA:462,72
DA:463,72
DA:464,72
DA:465,72
DA:466,72
DA:467,72
DA:468,72
DA:469,72
DA:470,72
DA:471,72
DA:472,72
DA:473,72
DA:474,72
DA:475,72
DA:476,72
DA:477,72
DA:478,72
DA:479,72
DA:480,72
DA:481,72
DA:482,72
DA:483,72
DA:484,748
DA:485,748
DA:486,748
DA:487,748
DA:488,748
DA:489,748
DA:490,748
DA:491,748
DA:492,72
DA:493,72
DA:494,72
DA:495,72
DA:496,72
DA:497,72
DA:498,72
DA:499,72
DA:500,72
DA:501,72
DA:502,72
DA:503,72
DA:504,72
DA:505,72
DA:506,72
DA:507,72
DA:508,72
DA:509,72
DA:510,72
DA:511,748
DA:512,748
DA:513,748
DA:514,748
DA:515,748
DA:516,748
DA:517,748
DA:518,748
DA:519,748
DA:520,72
DA:521,72
DA:522,72
DA:523,72
DA:524,72
DA:525,72
DA:526,72
DA:527,72
DA:528,72
DA:529,72
DA:530,72
DA:531,72
DA:532,72
DA:533,72
DA:534,72
DA:535,748
DA:536,32
DA:537,32
DA:538,32
LF:538
LH:538
BRDA:58,0,0,440
BRDA:83,1,0,792
BRDA:185,2,0,32
BRDA:264,3,0,0
BRDA:264,4,0,0
BRDA:264,5,0,0
BRDA:309,6,0,0
BRDA:383,7,0,0
BRDA:383,8,0,0
BRDA:454,9,0,0
BRDA:491,10,0,0
BRDA:491,11,0,0
BRDA:519,12,0,0
BRDA:190,13,0,748
BRDA:198,14,0,32
BRDA:241,15,0,144
BRDA:246,16,0,200
BRDA:264,17,0,208
BRDA:309,18,0,48
BRDA:322,19,0,72
BRDA:355,20,0,72
BRDA:383,21,0,128
BRDA:454,22,0,72
BRDA:491,23,0,72
BRDA:519,24,0,72
BRF:25
BRH:15
end_of_record
TN:
SF:src/marketplace/bb.ts
FN:131,BulletinBoard
FN:135,deploy
FN:164,payFee
FN:178,newCollection
FN:195,offer
FN:213,cancelOffer
FN:225,bid
FN:241,cancelBid
FN:260,sale
FN:274,ensureOwnerSignature
FN:286,changeAdmin
FN:301,setFee
FN:316,upgradeVerificationKey
FN:333,withdraw
FNF:14
FNH:14
FNDA:41,BulletinBoard
FNDA:2,deploy
FNDA:36,payFee
FNDA:6,newCollection
FNDA:6,offer
FNDA:6,cancelOffer
FNDA:6,bid
FNDA:6,cancelBid
FNDA:6,sale
FNDA:24,ensureOwnerSignature
FNDA:6,changeAdmin
FNDA:6,setFee
FNDA:6,upgradeVerificationKey
FNDA:6,withdraw
DA:1,1
DA:2,1
DA:3,1
DA:4,1
DA:5,1
DA:6,1
DA:7,1
DA:8,1
DA:9,1
DA:10,1
DA:11,1
DA:12,1
DA:13,1
DA:14,1
DA:15,1
DA:16,1
DA:17,1
DA:18,1
DA:19,1
DA:20,1
DA:21,1
DA:22,1
DA:23,1
DA:24,1
DA:25,1
DA:26,1
DA:27,1
DA:28,1
DA:29,1
DA:30,1
DA:31,1
DA:32,1
DA:33,1
DA:34,1
DA:35,1
DA:36,1
DA:37,1
DA:38,1
DA:39,1
DA:40,1
DA:41,1
DA:42,1
DA:43,1
DA:44,1
DA:45,1
DA:46,1
DA:47,1
DA:48,1
DA:49,1
DA:50,1
DA:51,1
DA:52,1
DA:53,1
DA:54,1
DA:55,1
DA:56,1
DA:57,1
DA:58,1
DA:59,1
DA:60,1
DA:61,1
DA:62,1
DA:63,1
DA:64,1
DA:65,1
DA:66,1
DA:67,1
DA:68,1
DA:69,1
DA:70,1
DA:71,1
DA:72,1
DA:73,1
DA:74,1
DA:75,1
DA:76,1
DA:77,1
DA:78,1
DA:79,1
DA:80,1
DA:81,1
DA:82,1
DA:83,1
DA:84,1
DA:85,1
DA:86,1
DA:87,1
DA:88,1
DA:89,1
DA:90,1
DA:91,1
DA:92,1
DA:93,1
DA:94,1
DA:95,1
DA:96,1
DA:97,1
DA:98,1
DA:99,1
DA:100,1
DA:101,1
DA:102,1
DA:103,1
DA:104,1
DA:105,1
DA:106,1
DA:107,1
DA:108,1
DA:109,1
DA:110,1
DA:111,1
DA:112,1
DA:113,1
DA:114,1
DA:115,1
DA:116,1
DA:117,1
DA:118,1
DA:119,1
DA:120,1
DA:121,1
DA:122,1
DA:123,1
DA:124,1
DA:125,1
DA:126,1
DA:127,1
DA:128,1
DA:129,1
DA:130,1
DA:131,41
DA:132,41
DA:133,41
DA:134,41
DA:135,41
DA:136,2
DA:137,2
DA:138,2
DA:139,2
DA:140,2
DA:141,2
DA:142,2
DA:143,2
DA:144,2
DA:145,2
DA:146,2
DA:147,41
DA:148,41
DA:149,41
DA:150,41
DA:151,41
DA:152,41
DA:153,41
DA:154,41
DA:155,41
DA:156,41
DA:157,41
DA:158,41
DA:159,41
DA:160,41
DA:161,41
DA:162,41
DA:163,41
DA:164,41
DA:165,36
DA:166,36
DA:167,36
DA:168,36
DA:169,36
DA:170,36
DA:171,36
DA:172,36
DA:173,41
DA:174,41
DA:175,41
DA:176,41
DA:177,41
DA:178,41
DA:179,6
DA:180,6
DA:181,6
DA:182,6
DA:183,6
DA:184,6
DA:185,6
DA:186,6
DA:187,41
DA:188,41
DA:189,41
DA:190,41
DA:191,41
DA:192,41
DA:193,41
DA:194,41
DA:195,41
DA:196,6
DA:197,6
DA:198,6
DA:199,6
DA:200,6
DA:201,6
DA:202,6
DA:203,6
DA:204,6
DA:205,6
DA:206,6
DA:207,41
DA:208,41
DA:209,41
DA:210,41
DA:211,41
DA:212,41
DA:213,41
DA:214,6
DA:215,6
DA:216,6
DA:217,41
DA:218,41
DA:219,41
DA:220,41
DA:221,41
DA:222,41
DA:223,41
DA:224,41
DA:225,41
DA:226,6
DA:227,6
DA:228,6
DA:229,6
DA:230,6
DA:231,6
DA:232,6
DA:233,6
DA:234,41
DA:235,41
DA:236,41
DA:237,41
DA:238,41
DA:239,41
DA:240,41
DA:241,41
DA:242,6
DA:243,6
DA:244,6
DA:245,6
DA:246,6
DA:247,6
DA:248,6
DA:249,6
DA:250,6
DA:251,6
DA:252,41
DA:253,41
DA:254,41
DA:255,41
DA:256,41
DA:257,41
DA:258,41
DA:259,41
DA:260,41
DA:261,6
DA:262,6
DA:263,6
DA:264,6
DA:265,6
DA:266,6
DA:267,6
DA:268,6
DA:269,41
DA:270,41
DA:271,41
DA:272,41
DA:273,41
DA:274,41
DA:275,24
DA:276,24
DA:277,24
DA:278,24
DA:279,24
DA:280,41
DA:281,41
DA:282,41
DA:283,41
DA:284,41
DA:285,41
DA:286,41
DA:287,6
DA:288,6
DA:289,6
DA:290,6
DA:291,6
DA:292,6
DA:293,6
DA:294,6
DA:295,41
DA:296,41
DA:297,41
DA:298,41
DA:299,41
DA:300,41
DA:301,41
DA:302,6
DA:303,6
DA:304,6
DA:305,6
DA:306,6
DA:307,6
DA:308,6
DA:309,6
DA:310,41
DA:311,41
DA:312,41
DA:313,41
DA:314,41
DA:315,41
DA:316,41
DA:317,6
DA:318,6
DA:319,6
DA:320,6
DA:321,6
DA:322,6
DA:323,6
DA:324,6
DA:325,6
DA:326,6
DA:327,6
DA:328,41
DA:329,41
DA:330,41
DA:331,41
DA:332,41
DA:333,41
DA:334,6
DA:335,6
DA:336,6
DA:337,6
DA:338,6
DA:339,41
LF:339
LH:339
BRDA:178,0,0,0
BRDA:196,1,0,0
BRDA:197,2,0,0
BRDA:198,3,0,0
BRDA:213,4,0,0
BRDA:213,5,0,0
BRDA:226,6,0,0
BRDA:227,7,0,0
BRDA:228,8,0,0
BRDA:242,9,0,0
BRDA:243,10,0,0
BRDA:261,11,0,0
BRDA:262,12,0,0
BRDA:263,13,0,0
BRDA:286,14,0,0
BRDA:301,15,0,0
BRDA:316,16,0,0
BRDA:333,17,0,0
BRDA:131,18,0,41
BRDA:135,19,0,2
BRDA:164,20,0,36
BRDA:178,21,0,6
BRDA:195,22,0,6
BRDA:213,23,0,6
BRDA:225,24,0,6
BRDA:241,25,0,6
BRDA:260,26,0,6
BRDA:274,27,0,24
BRDA:286,28,0,6
BRDA:301,29,0,6
BRDA:316,30,0,6
BRDA:333,31,0,6
BRF:32
BRH:14
end_of_record
TN:
SF:src/marketplace/bid.ts
FN:37,pack
FN:43,unpack
FN:66,BidFactory
FN:70,NonFungibleTokenBidContract
FN:81,deploy
FN:103,initialize
FN:125,getCollectionContract
FN:130,deposit
FN:152,withdraw
FN:175,sell
FN:193,approvedSell
FN:211,_sell
FN:279,bid
FNF:13
FNH:12
FNDA:4,pack
FNDA:36,unpack
FNDA:4,BidFactory
FNDA:84,NonFungibleTokenBidContract
FNDA:8,deploy
FNDA:24,initialize
FNDA:0,getCollectionContract
FNDA:12,deposit
FNDA:12,withdraw
FNDA:18,sell
FNDA:18,approvedSell
FNDA:36,_sell
FNDA:12,bid
DA:1,1
DA:2,1
DA:3,1
DA:4,1
DA:5,1
DA:6,1
DA:7,1
DA:8,1
DA:9,1
DA:10,1
DA:11,1
DA:12,1
DA:13,1
DA:14,1
DA:15,1
DA:16,1
DA:17,1
DA:18,1
DA:19,1
DA:20,1
DA:21,1
DA:22,1
DA:23,1
DA:24,1
DA:25,1
DA:26,1
DA:27,1
DA:28,1
DA:29,1
DA:30,1
DA:31,1
DA:32,1
DA:33,1
DA:34,1
DA:35,1
DA:36,1
DA:37,1
DA:38,4
DA:39,4
DA:40,4
DA:41,4
DA:42,4
DA:43,1
DA:44,36
DA:45,36
DA:46,36
DA:47,36
DA:48,36
DA:49,36
DA:50,36
DA:51,36
DA:52,36
DA:53,36
DA:54,1
DA:55,1
DA:56,1
DA:57,1
DA:58,1
DA:59,1
DA:60,1
DA:61,1
DA:62,1
DA:63,1
DA:64,1
DA:65,1
DA:66,1
DA:67,4
DA:68,4
DA:69,4
DA:70,4
DA:71,84
DA:72,84
DA:73,84
DA:74,84
DA:75,84
DA:76,84
DA:77,84
DA:78,84
DA:79,84
DA:80,84
DA:81,84
DA:82,8
DA:83,8
DA:84,8
DA:85,8
DA:86,8
DA:87,8
DA:88,8
DA:89,8
DA:90,8
DA:91,8
DA:92,8
DA:93,8
DA:94,84
DA:95,84
DA:96,84
DA:97,84
DA:98,84
DA:99,84
DA:100,84
DA:101,84
DA:102,84
DA:103,84
DA:104,24
DA:105,24
DA:106,24
DA:107,24
DA:108,24
DA:109,24
DA:110,24
DA:111,24
DA:112,24
DA:113,24
DA:114,24
DA:115,24
DA:116,24
DA:117,24
DA:118,24
DA:119,24
DA:120,24
DA:121,24
DA:122,24
DA:123,24
DA:124,84
DA:125,84
DA:126,0
DA:127,0
DA:128,0
DA:129,84
DA:130,84
DA:131,12
DA:132,12
DA:133,12
DA:134,12
DA:135,12
DA:136,12
DA:137,12
DA:138,12
DA:139,12
DA:140,12
DA:141,12
DA:142,12
DA:143,12
DA:144,12
DA:145,12
DA:146,12
DA:147,12
DA:148,12
DA:149,12
DA:150,12
DA:151,84
DA:152,84
DA:153,12
DA:154,12
DA:155,12
DA:156,12
DA:157,12
DA:158,12
DA:159,12
DA:160,12
DA:161,12
DA:162,12
DA:163,12
DA:164,12
DA:165,12
DA:166,12
DA:167,12
DA:168,12
DA:169,12
DA:170,12
DA:171,12
DA:172,12
DA:173,12
DA:174,84
DA:175,84
DA:176,18
DA:177,18
DA:178,18
DA:179,18
DA:180,18
DA:181,18
DA:182,18
DA:183,18
DA:184,18
DA:185,18
DA:186,18
DA:187,18
DA:188,18
DA:189,18
DA:190,18
DA:191,18
DA:192,84
DA:193,84
DA:194,18
DA:195,18
DA:196,18
DA:197,18
DA:198,18
DA:199,18
DA:200,18
DA:201,18
DA:202,18
DA:203,18
DA:204,18
DA:205,18
DA:206,18
DA:207,18
DA:208,18
DA:209,18
DA:210,84
DA:211,84
DA:212,36
DA:213,36
DA:214,36
DA:215,36
DA:216,36
DA:217,36
DA:218,36
DA:219,36
DA:220,36
DA:221,36
DA:222,36
DA:223,36
DA:224,36
DA:225,36
DA:226,36
DA:227,36
DA:228,36
DA:229,36
DA:230,36
DA:231,36
DA:232,36
DA:233,36
DA:234,36
DA:235,36
DA:236,36
DA:237,36
DA:238,36
DA:239,36
DA:240,36
DA:241,36
DA:242,36
DA:243,36
DA:244,36
DA:245,36
DA:246,36
DA:247,36
DA:248,36
DA:249,36
DA:250,36
DA:251,36
DA:252,36
DA:253,36
DA:254,36
DA:255,36
DA:256,36
DA:257,36
DA:258,36
DA:259,36
DA:260,36
DA:261,36
DA:262,36
DA:263,36
DA:264,36
DA:265,36
DA:266,36
DA:267,36
DA:268,36
DA:269,36
DA:270,36
DA:271,36
DA:272,36
DA:273,36
DA:274,36
DA:275,36
DA:276,36
DA:277,36
DA:278,84
DA:279,84
DA:280,12
DA:281,12
DA:282,12
DA:283,12
DA:284,12
DA:285,12
DA:286,12
DA:287,12
DA:288,12
DA:289,12
DA:290,12
DA:291,84
DA:292,4
DA:293,4
DA:294,4
LF:294
LH:291
BRDA:37,0,0,4
BRDA:43,1,0,36
BRDA:66,2,0,4
BRDA:103,3,0,0
BRDA:103,4,0,0
BRDA:130,5,0,0
BRDA:130,6,0,0
BRDA:152,7,0,0
BRDA:152,8,0,0
BRDA:175,9,0,0
BRDA:175,10,0,0
BRDA:193,11,0,0
BRDA:193,12,0,0
BRDA:279,13,0,0
BRDA:279,14,0,0
BRDA:279,15,0,0
BRDA:70,16,0,84
BRDA:81,17,0,8
BRDA:103,18,0,24
BRDA:130,19,0,12
BRDA:152,20,0,12
BRDA:175,21,0,18
BRDA:193,22,0,18
BRDA:211,23,0,36
BRDA:279,24,0,12
BRF:25
BRH:12
end_of_record
TN:
SF:src/marketplace/index.ts
FNF:0
FNH:0
DA:1,1
DA:2,1
DA:3,1
DA:4,1
DA:5,1
DA:6,1
LF:6
LH:6
BRF:0
BRH:0
end_of_record
TN:
SF:src/marketplace/nft-shares.ts
FN:62,pack
FN:81,unpack
FN:123,NFTSharesFactory
FN:128,NFTSharesAdmin
FN:132,deploy
FN:145,updateVerificationKey
FN:150,ensureAdminSignature
FN:155,getOwner
FN:160,canMint
FN:166,canChangeAdmin
FN:172,canPause
FN:178,canResume
FN:184,canChangeVerificationKey
FN:192,NFTSharesOwner
FN:205,deploy
FN:235,ensureOwnerSignature
FN:242,getAuction
FN:253,canMint
FN:268,withdraw
FN:297,closeSubscription
FN:305,bid
FN:335,canTransfer
FN:350,canPause
FN:356,canResume
FN:362,canChangeVerificationKey
FN:372,canApproveAddress
FNF:26
FNH:26
FNDA:16,pack
FNDA:400,unpack
FNDA:32,NFTSharesFactory
FNDA:344,NFTSharesAdmin
FNDA:16,deploy
FNDA:24,updateVerificationKey
FNDA:120,ensureAdminSignature
FNDA:88,getOwner
FNDA:88,canMint
FNDA:24,canChangeAdmin
FNDA:24,canPause
FNDA:24,canResume
FNDA:24,canChangeVerificationKey
FNDA:756,NFTSharesOwner
FNDA:16,deploy
FNDA:180,ensureOwnerSignature
FNDA:84,getAuction
FNDA:116,canMint
FNDA:84,withdraw
FNDA:36,closeSubscription
FNDA:84,bid
FNDA:52,canTransfer
FNDA:36,canPause
FNDA:36,canResume
FNDA:36,canChangeVerificationKey
FNDA:36,canApproveAddress
DA:1,1
DA:2,1
DA:3,1
DA:4,1
DA:5,1
DA:6,1
DA:7,1
DA:8,1
DA:9,1
DA:10,1
DA:11,1
DA:12,1
DA:13,1
DA:14,1
DA:15,1
DA:16,1
DA:17,1
DA:18,1
DA:19,1
DA:20,1
DA:21,1
DA:22,1
DA:23,1
DA:24,1
DA:25,1
DA:26,1
DA:27,1
DA:28,1
DA:29,1
DA:30,1
DA:31,1
DA:32,1
DA:33,1
DA:34,1
DA:35,1
DA:36,1
DA:37,1
DA:38,1
DA:39,1
DA:40,1
DA:41,1
DA:42,1
DA:43,1
DA:44,1
DA:45,1
DA:46,1
DA:47,1
DA:48,1
DA:49,1
DA:50,1
DA:51,1
DA:52,1
DA:53,1
DA:54,1
DA:55,1
DA:56,1
DA:57,1
DA:58,1
DA:59,1
DA:60,1
DA:61,1
DA:62,1
DA:63,16
DA:64,16
DA:65,16
DA:66,16
DA:67,16
DA:68,16
DA:69,16
DA:70,16
DA:71,16
DA:72,16
DA:73,16
DA:74,16
DA:75,16
DA:76,16
DA:77,16
DA:78,16
DA:79,16
DA:80,16
DA:81,1
DA:82,400
DA:83,400
DA:84,400
DA:85,400
DA:86,400
DA:87,400
DA:88,400
DA:89,400
DA:90,400
DA:91,400
DA:92,400
DA:93,400
DA:94,400
DA:95,400
DA:96,400
DA:97,400
DA:98,400
DA:99,400
DA:100,400
DA:101,400
DA:102,400
DA:103,400
DA:104,400
DA:105,400
DA:106,400
DA:107,400
DA:108,400
DA:109,400
DA:110,400
DA:111,400
DA:112,400
DA:113,400
DA:114,400
DA:115,400
DA:116,400
DA:117,1
DA:118,1
DA:119,1
DA:120,1
DA:121,1
DA:122,1
DA:123,1
DA:124,32
DA:125,32
DA:126,32
DA:127,32
DA:128,32
DA:129,344
DA:130,344
DA:131,344
DA:132,344
DA:133,16
DA:134,16
DA:135,16
DA:136,16
DA:137,16
DA:138,16
DA:139,16
DA:140,16
DA:141,16
DA:142,16
DA:143,344
DA:144,344
DA:145,344
DA:146,24
DA:147,24
DA:148,24
DA:149,344
DA:150,344
DA:151,120
DA:152,120
DA:153,120
DA:154,344
DA:155,344
DA:156,88
DA:157,88
DA:158,344
DA:159,344
DA:160,344
DA:161,88
DA:162,88
DA:163,88
DA:164,344
DA:165,344
DA:166,344
DA:167,24
DA:168,24
DA:169,24
DA:170,344
DA:171,344
DA:172,344
DA:173,24
DA:174,24
DA:175,24
DA:176,344
DA:177,344
DA:178,344
DA:179,24
DA:180,24
DA:181,24
DA:182,344
DA:183,344
DA:184,344
DA:185,24
DA:186,24
DA:187,24
DA:188,344
DA:189,32
DA:190,32
DA:191,32
DA:192,32
DA:193,756
DA:194,756
DA:195,756
DA:196,756
DA:197,756
DA:198,756
DA:199,756
DA:200,756
DA:201,756
DA:202,756
DA:203,756
DA:204,756
DA:205,756
DA:206,16
DA:207,16
DA:208,16
DA:209,16
DA:210,16
DA:211,16
DA:212,16
DA:213,16
DA:214,16
DA:215,16
DA:216,16
DA:217,16
DA:218,16
DA:219,16
DA:220,16
DA:221,16
DA:222,16
DA:223,16
DA:224,16
DA:225,16
DA:226,16
DA:227,16
DA:228,16
DA:229,16
DA:230,756
DA:231,756
DA:232,756
DA:233,756
DA:234,756
DA:235,756
DA:236,180
DA:237,180
DA:238,180
DA:239,180
DA:240,180
DA:241,756
DA:242,756
DA:243,84
DA:244,84
DA:245,756
DA:246,756
DA:247,756
DA:248,756
DA:249,756
DA:250,756
DA:251,756
DA:252,756
DA:253,756
DA:254,116
DA:255,116
DA:256,116
DA:257,116
DA:258,116
DA:259,116
DA:260,116
DA:261,116
DA:262,116
DA:263,116
DA:264,116
DA:265,116
DA:266,756
DA:267,756
DA:268,756
DA:269,84
DA:270,84
DA:271,84
DA:272,84
DA:273,84
DA:274,84
DA:275,84
DA:276,84
DA:277,84
DA:278,84
DA:279,84
DA:280,84
DA:281,84
DA:282,84
DA:283,84
DA:284,84
DA:285,84
DA:286,84
DA:287,84
DA:288,84
DA:289,84
DA:290,84
DA:291,84
DA:292,84
DA:293,84
DA:294,84
DA:295,756
DA:296,756
DA:297,756
DA:298,36
DA:299,36
DA:300,36
DA:301,36
DA:302,36
DA:303,756
DA:304,756
DA:305,756
DA:306,84
DA:307,84
DA:308,84
DA:309,84
DA:310,84
DA:311,84
DA:312,84
DA:313,84
DA:314,84
DA:315,84
DA:316,84
DA:317,84
DA:318,84
DA:319,84
DA:320,84
DA:321,84
DA:322,84
DA:323,84
DA:324,84
DA:325,84
DA:326,84
DA:327,84
DA:328,84
DA:329,84
DA:330,84
DA:331,84
DA:332,84
DA:333,756
DA:334,756
DA:335,756
DA:336,52
DA:337,52
DA:338,52
DA:339,52
DA:340,52
DA:341,52
DA:342,52
DA:343,52
DA:344,52
DA:345,52
DA:346,52
DA:347,52
DA:348,756
DA:349,756
DA:350,756
DA:351,36
DA:352,36
DA:353,36
DA:354,756
DA:355,756
DA:356,756
DA:357,36
DA:358,36
DA:359,36
DA:360,756
DA:361,756
DA:362,756
DA:363,36
DA:364,36
DA:365,36
DA:366,36
DA:367,36
DA:368,36
DA:369,36
DA:370,756
DA:371,756
DA:372,756
DA:373,36
DA:374,36
DA:375,36
DA:376,36
DA:377,36
DA:378,36
DA:379,36
DA:380,756
DA:381,32
DA:382,32
DA:383,32
DA:384,32
DA:385,32
DA:386,32
DA:387,32
LF:387
LH:387
BRDA:62,0,0,16
BRDA:81,1,0,400
BRDA:123,2,0,32
BRDA:145,3,0,0
BRDA:160,4,0,0
BRDA:166,5,0,0
BRDA:172,6,0,0
BRDA:178,7,0,0
BRDA:184,8,0,0
BRDA:184,9,0,0
BRDA:253,10,0,0
BRDA:253,11,0,0
BRDA:268,12,0,0
BRDA:305,13,0,0
BRDA:335,14,0,0
BRDA:335,15,0,0
BRDA:350,16,0,0
BRDA:350,17,0,0
BRDA:350,18,0,0
BRDA:356,19,0,0
BRDA:356,20,0,0
BRDA:356,21,0,0
BRDA:363,22,0,0
BRDA:364,23,0,0
BRDA:366,24,0,0
BRDA:373,25,0,0
BRDA:374,26,0,0
BRDA:376,27,0,0
BRDA:128,28,0,344
BRDA:132,29,0,16
BRDA:145,30,0,24
BRDA:150,31,0,120
BRDA:155,32,0,88
BRDA:160,33,0,88
BRDA:166,34,0,24
BRDA:172,35,0,24
BRDA:178,36,0,24
BRDA:184,37,0,24
BRDA:192,38,0,756
BRDA:205,39,0,16
BRDA:235,40,0,180
BRDA:242,41,0,84
BRDA:253,42,0,116
BRDA:268,43,0,84
BRDA:297,44,0,36
BRDA:305,45,0,84
BRDA:335,46,0,52
BRDA:350,47,0,36
BRDA:356,48,0,36
BRDA:362,49,0,36
BRDA:372,50,0,36
BRF:51
BRH:26
end_of_record
TN:
SF:src/marketplace/offer.ts
FN:45,OfferFactory
FN:50,NonFungibleTokenOfferContract
FN:61,deploy
FN:82,getCollectionContract
FN:87,buy
FN:114,canTransfer
FNF:6
FNH:6
FNDA:60,OfferFactory
FNDA:94,NonFungibleTokenOfferContract
FNDA:8,deploy
FNDA:24,getCollectionContract
FNDA:24,buy
FNDA:32,canTransfer
DA:1,1
DA:2,1
DA:3,1
DA:4,1
DA:5,1
DA:6,1
DA:7,1
DA:8,1
DA:9,1
DA:10,1
DA:11,1
DA:12,1
DA:13,1
DA:14,1
DA:15,1
DA:16,1
DA:17,1
DA:18,1
DA:19,1
DA:20,1
DA:21,1
DA:22,1
DA:23,1
DA:24,1
DA:25,1
DA:26,1
DA:27,1
DA:28,1
DA:29,1
DA:30,1
DA:31,1
DA:32,1
DA:33,1
DA:34,1
DA:35,1
DA:36,1
DA:37,1
DA:38,1
DA:39,1
DA:40,1
DA:41,1
DA:42,1
DA:43,1
DA:44,1
DA:45,1
DA:46,60
DA:47,60
DA:48,60
DA:49,60
DA:50,60
DA:51,94
DA:52,94
DA:53,94
DA:54,94
DA:55,94
DA:56,94
DA:57,94
DA:58,94
DA:59,94
DA:60,94
DA:61,94
DA:62,8
DA:63,8
DA:64,8
DA:65,8
DA:66,8
DA:67,8
DA:68,8
DA:69,8
DA:70,8
DA:71,8
DA:72,8
DA:73,8
DA:74,8
DA:75,8
DA:76,8
DA:77,94
DA:78,94
DA:79,94
DA:80,94
DA:81,94
DA:82,94
DA:83,24
DA:84,24
DA:85,24
DA:86,94
DA:87,94
DA:88,24
DA:89,24
DA:90,24
DA:91,24
DA:92,24
DA:93,24
DA:94,24
DA:95,24
DA:96,24
DA:97,24
DA:98,24
DA:99,24
DA:100,24
DA:101,24
DA:102,24
DA:103,24
DA:104,24
DA:105,94
DA:106,94
DA:107,94
DA:108,94
DA:109,94
DA:110,94
DA:111,94
DA:112,94
DA:113,94
DA:114,94
DA:115,32
DA:116,32
DA:117,32
DA:118,32
DA:119,32
DA:120,32
DA:121,32
DA:122,32
DA:123,32
DA:124,32
DA:125,32
DA:126,32
DA:127,32
DA:128,32
DA:129,32
DA:130,32
DA:131,32
DA:132,32
DA:133,32
DA:134,32
DA:135,32
DA:136,32
DA:137,32
DA:138,32
DA:139,32
DA:140,32
DA:141,32
DA:142,32
DA:143,32
DA:144,32
DA:145,32
DA:146,32
DA:147,32
DA:148,32
DA:149,32
DA:150,94
DA:151,60
DA:152,60
DA:153,60
LF:153
LH:153
BRDA:45,0,0,60
BRDA:87,1,0,0
BRDA:114,2,0,0
BRDA:114,3,0,0
BRDA:50,4,0,94
BRDA:61,5,0,8
BRDA:82,6,0,24
BRDA:87,7,0,24
BRDA:114,8,0,32
BRF:9
BRH:6
end_of_record
TN:
SF:src/marketplace/types.ts
FNF:0
FNH:0
DA:1,1
DA:2,1
DA:3,1
DA:4,1
DA:5,1
DA:6,1
DA:7,1
DA:8,1
DA:9,1
DA:10,1
DA:11,1
DA:12,1
DA:13,1
DA:14,1
DA:15,1
DA:16,1
DA:17,1
DA:18,1
DA:19,1
DA:20,1
DA:21,1
DA:22,1
DA:23,1
DA:24,1
DA:25,1
DA:26,1
DA:27,1
DA:28,1
DA:29,1
DA:30,1
DA:31,1
DA:32,1
DA:33,1
LF:33
LH:33
BRF:0
BRH:0
end_of_record
TN:
SF:src/metadata/address.ts
FN:27,MinaAddress
FN:38,toPublicKey
FN:47,toString
FNF:3
FNH:1
FNDA:36,MinaAddress
FNDA:0,toPublicKey
FNDA:0,toString
DA:1,1
DA:2,1
DA:3,1
DA:4,1
DA:5,1
DA:6,1
DA:7,1
DA:8,1
DA:9,1
DA:10,1
DA:11,1
DA:12,1
DA:13,1
DA:14,1
DA:15,1
DA:16,1
DA:17,1
DA:18,1
DA:19,1
DA:20,1
DA:21,1
DA:22,1
DA:23,1
DA:24,1
DA:25,1
DA:26,1
DA:27,1
DA:28,36
DA:29,36
DA:30,36
DA:31,36
DA:32,1
DA:33,1
DA:34,1
DA:35,1
DA:36,1
DA:37,1
DA:38,1
DA:39,0
DA:40,0
DA:41,1
DA:42,1
DA:43,1
DA:44,1
DA:45,1
DA:46,1
DA:47,1
DA:48,0
DA:49,0
DA:50,1
LF:50
LH:46
BRDA:27,0,0,36
BRDA:29,1,0,0
BRF:2
BRH:1
end_of_record
TN:
SF:src/metadata/index.ts
FNF:0
FNH:0
DA:1,1
DA:2,1
DA:3,1
DA:4,1
LF:4
LH:4
BRF:0
BRH:0
end_of_record
TN:
SF:src/metadata/metadata.ts
FN:55,new
FN:120,hash
FN:169,ColorPlugin
FN:180,getColor
FN:214,getTrait
FN:241,toJSON
FN:249,fromJSON
FN:305,Metadata
FN:350,addTrait
FN:459,toJSON
FN:538,fromJSON
FN:692,fromOpenApiJSON
FNF:12
FNH:11
FNDA:580,new
FNDA:597,hash
FNDA:3,ColorPlugin
FNDA:21,getColor
FNDA:9,getTrait
FNDA:6,toJSON
FNDA:6,fromJSON
FNDA:84,Metadata
FNDA:549,addTrait
FNDA:183,toJSON
FNDA:22,fromJSON
FNDA:0,fromOpenApiJSON
DA:1,1
DA:2,1
DA:3,1
DA:4,1
DA:5,1
DA:6,1
DA:7,1
DA:8,1
DA:9,1
DA:10,1
DA:11,1
DA:12,1
DA:13,1
DA:14,1
DA:15,1
DA:16,1
DA:17,1
DA:18,1
DA:19,1
DA:20,1
DA:21,1
DA:22,1
DA:23,1
DA:24,1
DA:25,1
DA:26,1
DA:27,1
DA:28,1
DA:29,1
DA:30,1
DA:31,1
DA:32,1
DA:33,1
DA:34,1
DA:35,1
DA:36,1
DA:37,1
DA:38,1
DA:39,1
DA:40,1
DA:41,1
DA:42,1
DA:43,1
DA:44,1
DA:45,1
DA:46,1
DA:47,1
DA:48,1
DA:49,1
DA:50,1
DA:51,1
DA:52,1
DA:53,1
DA:54,1
DA:55,1
DA:56,580
DA:57,580
DA:58,580
DA:59,580
DA:60,580
DA:61,580
DA:62,580
DA:63,580
DA:64,580
DA:65,124
DA:66,124
DA:67,124
DA:68,580
DA:69,580
DA:70,580
DA:71,288
DA:72,288
DA:73,288
DA:74,288
DA:75,288
DA:76,580
DA:77,91
DA:78,91
DA:79,91
DA:80,580
DA:81,13
DA:82,13
DA:83,13
DA:84,580
DA:85,36
DA:86,36
DA:87,36
DA:88,36
DA:89,36
DA:90,36
DA:91,36
DA:92,580
DA:93,10
DA:94,10
DA:95,10
DA:96,10
DA:97,10
DA:98,580
DA:99,18
DA:100,18
DA:101,18
DA:102,18
DA:103,18
DA:104,18
DA:105,580
DA:106,0
DA:107,580
DA:108,580
DA:109,580
DA:110,580
DA:111,580
DA:112,580
DA:113,580
DA:114,580
DA:115,580
DA:116,1
DA:117,1
DA:118,1
DA:119,1
DA:120,1
DA:121,597
DA:122,597
DA:123,1
DA:124,1
DA:125,1
DA:126,1
DA:127,1
DA:128,1
DA:129,1
DA:130,1
DA:131,1
DA:132,1
DA:133,1
DA:134,1
DA:135,1
DA:136,1
DA:137,1
DA:138,1
DA:139,1
DA:140,1
DA:141,1
DA:142,1
DA:143,1
DA:144,1
DA:145,1
DA:146,1
DA:147,1
DA:148,1
DA:149,1
DA:150,1
DA:151,1
DA:152,1
DA:153,1
DA:154,1
DA:155,1
DA:156,1
DA:157,1
DA:158,1
DA:159,1
DA:160,1
DA:161,1
DA:162,1
DA:163,1
DA:164,1
DA:165,1
DA:166,1
DA:167,1
DA:168,1
DA:169,3
DA:170,3
DA:171,3
DA:172,3
DA:173,3
DA:174,3
DA:175,3
DA:176,3
DA:177,3
DA:178,3
DA:179,3
DA:180,3
DA:181,21
DA:182,21
DA:183,2
DA:184,2
DA:185,21
DA:186,21
DA:187,1
DA:188,1
DA:189,1
DA:190,1
DA:191,1
DA:192,1
DA:193,1
DA:194,1
DA:195,1
DA:196,1
DA:197,21
DA:198,19
DA:199,20
DA:200,1
DA:201,1
DA:202,1
DA:203,1
DA:204,0
DA:205,0
DA:206,1
DA:207,0
DA:208,0
DA:209,3
DA:210,3
DA:211,3
DA:212,3
DA:213,3
DA:214,3
DA:215,9
DA:216,9
DA:217,9
DA:218,9
DA:219,9
DA:220,9
DA:221,9
DA:222,9
DA:223,9
DA:224,9
DA:225,9
DA:226,9
DA:227,9
DA:228,9
DA:229,9
DA:230,9
DA:231,9
DA:232,9
DA:233,9
DA:234,9
DA:235,9
DA:236,3
DA:237,3
DA:238,3
DA:239,3
DA:240,3
DA:241,3
DA:242,6
DA:243,6
DA:244,3
DA:245,3
DA:246,3
DA:247,3
DA:248,3
DA:249,3
DA:250,6
DA:251,6
DA:252,6
DA:253,3
DA:254,1
DA:255,1
DA:256,1
DA:257,1
DA:258,1
DA:259,1
DA:260,1
DA:261,1
DA:262,1
DA:263,1
DA:264,1
DA:265,1
DA:266,1
DA:267,1
DA:268,1
DA:269,1
DA:270,1
DA:271,1
DA:272,1
DA:273,1
DA:274,1
DA:275,1
DA:276,1
DA:277,1
DA:278,1
DA:279,1
DA:280,1
DA:281,1
DA:282,1
DA:283,1
DA:284,1
DA:285,1
DA:286,1
DA:287,1
DA:288,1
DA:289,1
DA:290,1
DA:291,1
DA:292,1
DA:293,1
DA:294,1
DA:295,1
DA:296,1
DA:297,1
DA:298,1
DA:299,1
DA:300,1
DA:301,1
DA:302,1
DA:303,1
DA:304,1
DA:305,1
DA:306,84
DA:307,84
DA:308,84
DA:309,84
DA:310,84
DA:311,84
DA:312,84
DA:313,84
DA:314,84
DA:315,84
DA:316,84
DA:317,84
DA:318,84
DA:319,84
DA:320,84
DA:321,84
DA:322,84
DA:323,84
DA:324,84
DA:325,84
DA:326,63
DA:327,63
DA:328,63
DA:329,63
DA:330,63
DA:331,63
DA:332,84
DA:333,23
DA:334,23
DA:335,23
DA:336,23
DA:337,23
DA:338,23
DA:339,84
DA:340,84
DA:341,84
DA:342,84
DA:343,84
DA:344,1
DA:345,1
DA:346,1
DA:347,1
DA:348,1
DA:349,1
DA:350,1
DA:351,549
DA:352,549
DA:353,549
DA:354,549
DA:355,549
DA:356,549
DA:357,549
DA:358,549
DA:359,549
DA:360,549
DA:361,549
DA:362,549
DA:363,549
DA:364,549
DA:365,549
DA:366,549
DA:367,549
DA:368,549
DA:369,549
DA:370,549
DA:371,549
DA:372,549
DA:373,549
DA:374,540
DA:375,540
DA:376,540
DA:377,540
DA:378,540
DA:379,540
DA:380,540
DA:381,540
DA:382,540
DA:383,124
DA:384,124
DA:385,124
DA:386,124
DA:387,540
DA:388,540
DA:389,540
DA:390,288
DA:391,288
DA:392,288
DA:393,288
DA:394,540
DA:395,51
DA:396,51
DA:397,51
DA:398,51
DA:399,51
DA:400,0
DA:401,51
DA:402,51
DA:403,51
DA:404,51
DA:405,51
DA:406,540
DA:407,13
DA:408,13
DA:409,13
DA:410,13
DA:411,13
DA:412,0
DA:413,13
DA:414,13
DA:415,13
DA:416,13
DA:417,13
DA:418,540
DA:419,36
DA:420,36
DA:421,36
DA:422,36
DA:423,36
DA:424,540
DA:425,10
DA:426,10
DA:427,10
DA:428,10
DA:429,540
DA:430,18
DA:431,18
DA:432,18
DA:433,18
DA:434,540
DA:435,0
DA:436,540
DA:437,540
DA:438,549
DA:439,9
DA:440,9
DA:441,9
DA:442,9
DA:443,9
DA:444,9
DA:445,9
DA:446,9
DA:447,9
DA:448,549
DA:449,549
DA:450,549
DA:451,549
DA:452,549
DA:453,1
DA:454,1
DA:455,1
DA:456,1
DA:457,1
DA:458,1
DA:459,1
DA:460,183
DA:461,183
DA:462,183
DA:463,183
DA:464,183
DA:465,183
DA:466,183
DA:467,183
DA:468,183
DA:469,183
DA:470,183
DA:471,183
DA:472,183
DA:473,183
DA:474,183
DA:475,183
DA:476,183
DA:477,183
DA:478,183
DA:479,183
DA:480,183
DA:481,952
DA:482,952
DA:483,952
DA:484,952
DA:485,952
DA:486,952
DA:487,740
DA:488,740
DA:489,740
DA:490,740
DA:491,952
DA:492,54
DA:493,54
DA:494,54
DA:495,54
DA:496,952
DA:497,28
DA:498,28
DA:499,28
DA:500,28
DA:501,952
DA:502,61
DA:503,61
DA:504,61
DA:505,61
DA:506,952
DA:507,22
DA:508,22
DA:509,22
DA:510,22
DA:511,952
DA:512,41
DA:513,41
DA:514,41
DA:515,41
DA:516,952
DA:517,6
DA:518,6
DA:519,6
DA:520,6
DA:521,6
DA:522,952
DA:523,952
DA:524,952
DA:525,952
DA:526,952
DA:527,952
DA:528,952
DA:529,183
DA:530,183
DA:531,183
DA:532,1
DA:533,1
DA:534,1
DA:535,1
DA:536,1
DA:537,1
DA:538,1
DA:539,22
DA:540,22
DA:541,22
DA:542,22
DA:543,22
DA:544,22
DA:545,22
DA:546,22
DA:547,22
DA:548,22
DA:549,22
DA:550,22
DA:551,22
DA:552,22
DA:553,22
DA:554,22
DA:555,22
DA:556,22
DA:557,22
DA:558,22
DA:559,22
DA:560,22
DA:561,22
DA:562,22
DA:563,22
DA:564,22
DA:565,22
DA:566,22
DA:567,22
DA:568,22
DA:569,22
DA:570,22
DA:571,22
DA:572,22
DA:573,22
DA:574,22
DA:575,22
DA:576,22
DA:577,139
DA:578,139
DA:579,139
DA:580,139
DA:581,139
DA:582,139
DA:583,139
DA:584,139
DA:585,22
DA:586,22
DA:587,22
DA:588,22
DA:589,22
DA:590,22
DA:591,22
DA:592,22
DA:593,139
DA:594,139
DA:595,139
DA:596,139
DA:597,139
DA:598,139
DA:599,139
DA:600,139
DA:601,139
DA:602,139
DA:603,139
DA:604,139
DA:605,139
DA:606,86
DA:607,86
DA:608,86
DA:609,86
DA:610,139
DA:611,26
DA:612,26
DA:613,26
DA:614,26
DA:615,139
DA:616,2
DA:617,2
DA:618,2
DA:619,2
DA:620,139
DA:621,14
DA:622,14
DA:623,14
DA:624,14
DA:625,139
DA:626,2
DA:627,2
DA:628,2
DA:629,2
DA:630,2
DA:631,2
DA:632,2
DA:633,2
DA:634,2
DA:635,2
DA:636,2
DA:637,2
DA:638,2
DA:639,2
DA:640,2
DA:641,2
DA:642,2
DA:643,2
DA:644,139
DA:645,3
DA:646,3
DA:647,3
DA:648,3
DA:649,3
DA:650,3
DA:651,3
DA:652,3
DA:653,3
DA:654,3
DA:655,139
DA:656,6
DA:657,6
DA:658,6
DA:659,6
DA:660,6
DA:661,139
DA:662,139
DA:663,139
DA:664,139
DA:665,139
DA:666,139
DA:667,139
DA:668,139
DA:669,22
DA:670,0
DA:671,0
DA:672,0
DA:673,0
DA:674,0
DA:675,0
DA:676,0
DA:677,0
DA:678,0
DA:679,0
DA:680,0
DA:681,0
DA:682,0
DA:683,22
DA:684,22
DA:685,22
DA:686,1
DA:687,1
DA:688,1
DA:689,1
DA:690,1
DA:691,1
DA:692,1
DA:693,0
DA:694,0
DA:695,0
DA:696,0
DA:697,0
DA:698,0
DA:699,0
DA:700,0
DA:701,0
DA:702,0
DA:703,0
DA:704,0
DA:705,0
DA:706,0
DA:707,0
DA:708,0
DA:709,0
DA:710,0
DA:711,0
DA:712,0
DA:713,0
DA:714,0
DA:715,0
DA:716,0
DA:717,0
DA:718,0
DA:719,0
DA:720,0
DA:721,0
DA:722,0
DA:723,0
DA:724,0
DA:725,0
DA:726,0
DA:727,0
DA:728,0
DA:729,0
DA:730,0
DA:731,0
DA:732,0
DA:733,0
DA:734,0
DA:735,0
DA:736,0
DA:737,0
DA:738,0
DA:739,0
DA:740,0
DA:741,0
DA:742,0
DA:743,0
DA:744,0
DA:745,0
DA:746,0
DA:747,0
DA:748,0
DA:749,0
DA:750,0
DA:751,0
DA:752,0
DA:753,0
DA:754,0
DA:755,0
DA:756,0
DA:757,0
DA:758,0
DA:759,0
DA:760,0
DA:761,0
DA:762,0
DA:763,0
DA:764,0
DA:765,0
DA:766,0
DA:767,0
DA:768,0
DA:769,0
DA:770,0
DA:771,0
DA:772,0
DA:773,0
DA:774,0
DA:775,0
DA:776,0
DA:777,0
DA:778,0
DA:779,0
DA:780,0
DA:781,0
DA:782,0
DA:783,0
DA:784,0
DA:785,0
DA:786,0
DA:787,0
DA:788,0
DA:789,0
DA:790,0
DA:791,0
DA:792,0
DA:793,0
DA:794,0
DA:795,0
DA:796,0
DA:797,0
DA:798,0
DA:799,0
DA:800,0
DA:801,0
DA:802,0
DA:803,0
DA:804,0
DA:805,0
DA:806,0
DA:807,0
DA:808,0
DA:809,0
DA:810,0
DA:811,0
DA:812,0
DA:813,1
DA:814,1
DA:815,1
DA:816,1
DA:817,1
DA:818,1
DA:819,1
DA:820,1
DA:821,1
DA:822,1
DA:823,1
DA:824,1
DA:825,1
DA:826,1
DA:827,1
DA:828,1
LF:828
LH:687
BRDA:55,0,0,580
BRDA:64,1,0,124
BRDA:65,2,0,0
BRDA:68,3,0,114
BRDA:69,4,0,267
BRDA:70,5,0,288
BRDA:71,6,0,0
BRDA:76,7,0,91
BRDA:77,8,0,0
BRDA:80,9,0,13
BRDA:81,10,0,0
BRDA:84,11,0,36
BRDA:86,12,0,0
BRDA:92,13,0,10
BRDA:93,14,0,0
BRDA:98,15,0,18
BRDA:100,16,0,0
BRDA:105,17,0,0
BRDA:120,18,0,597
BRDA:169,19,0,3
BRDA:180,20,0,21
BRDA:182,21,0,2
BRDA:186,22,0,1
BRDA:197,23,0,20
BRDA:197,24,0,19
BRDA:199,25,0,1
BRDA:203,26,0,0
BRDA:207,27,0,0
BRDA:214,28,0,9
BRDA:241,29,0,6
BRDA:249,30,0,6
BRDA:250,31,0,0
BRDA:305,32,0,84
BRDA:313,33,0,81
BRDA:325,34,0,63
BRDA:332,35,0,23
BRDA:350,36,0,549
BRDA:373,37,0,540
BRDA:382,38,0,124
BRDA:384,39,0,0
BRDA:387,40,0,114
BRDA:388,41,0,267
BRDA:389,42,0,288
BRDA:391,43,0,0
BRDA:394,44,0,51
BRDA:397,45,0,0
BRDA:398,46,0,0
BRDA:399,47,0,0
BRDA:403,48,0,0
BRDA:406,49,0,13
BRDA:409,50,0,0
BRDA:410,51,0,0
BRDA:411,52,0,0
BRDA:415,53,0,0
BRDA:418,54,0,36
BRDA:419,55,0,0
BRDA:420,56,0,0
BRDA:422,57,0,0
BRDA:424,58,0,10
BRDA:426,59,0,0
BRDA:429,60,0,18
BRDA:431,61,0,0
BRDA:434,62,0,0
BRDA:438,63,0,9
BRDA:446,64,0,0
BRDA:439,65,0,9
BRDA:459,66,0,183
BRDA:479,67,0,1009
BRDA:479,68,0,602
BRDA:480,69,0,952
BRDA:483,70,0,221
BRDA:484,71,0,402
BRDA:485,72,0,689
BRDA:486,73,0,740
BRDA:488,74,0,0
BRDA:491,75,0,54
BRDA:493,76,0,0
BRDA:496,77,0,28
BRDA:498,78,0,0
BRDA:501,79,0,61
BRDA:503,80,0,0
BRDA:506,81,0,22
BRDA:508,82,0,0
BRDA:511,83,0,41
BRDA:513,84,0,0
BRDA:516,85,0,6
BRDA:520,86,0,0
BRDA:526,87,0,38
BRDA:526,88,0,914
BRDA:518,89,0,6
BRDA:538,90,0,22
BRDA:564,91,0,0
BRDA:565,92,0,0
BRDA:567,93,0,0
BRDA:568,94,0,17
BRDA:569,95,0,0
BRDA:570,96,0,0
BRDA:571,97,0,0
BRDA:573,98,0,0
BRDA:575,99,0,0
BRDA:576,100,0,139
BRDA:577,101,0,0
BRDA:579,102,0,0
BRDA:580,103,0,5
BRDA:581,104,0,0
BRDA:582,105,0,12
BRDA:583,106,0,0
BRDA:592,107,0,139
BRDA:602,108,0,23
BRDA:603,109,0,54
BRDA:604,110,0,85
BRDA:605,111,0,86
BRDA:607,112,0,0
BRDA:610,113,0,26
BRDA:612,114,0,0
BRDA:615,115,0,2
BRDA:617,116,0,0
BRDA:620,117,0,14
BRDA:622,118,0,0
BRDA:625,119,0,2
BRDA:627,120,0,0
BRDA:644,121,0,3
BRDA:646,122,0,0
BRDA:655,123,0,6
BRDA:659,124,0,0
BRDA:666,125,0,127
BRDA:669,126,0,16
BRDA:669,127,0,0
BRDA:657,128,0,6
BRF:129
BRH:74
end_of_record
TN:
SF:src/metadata/pin.ts
FN:9,pinMetadata
FNF:1
FNH:0
FNDA:0,pinMetadata
DA:1,1
DA:2,1
DA:3,1
DA:4,1
DA:5,1
DA:6,1
DA:7,1
DA:8,1
DA:9,1
DA:10,0
DA:11,0
DA:12,0
DA:13,0
DA:14,0
DA:15,0
DA:16,0
DA:17,0
DA:18,0
DA:19,0
DA:20,0
DA:21,0
DA:22,0
DA:23,0
DA:24,0
DA:25,0
DA:26,0
DA:27,0
DA:28,0
DA:29,0
DA:30,0
LF:30
LH:9
BRF:0
BRH:0
end_of_record
TN:
SF:src/metadata/text.ts
FN:40,Text
FN:57,toString
FNF:2
FNH:1
FNDA:288,Text
FNDA:0,toString
DA:1,1
DA:2,1
DA:3,1
DA:4,1
DA:5,1
DA:6,1
DA:7,1
DA:8,1
DA:9,1
DA:10,1
DA:11,1
DA:12,1
DA:13,1
DA:14,1
DA:15,1
DA:16,1
DA:17,1
DA:18,1
DA:19,1
DA:20,1
DA:21,1
DA:22,1
DA:23,1
DA:24,1
DA:25,1
DA:26,1
DA:27,1
DA:28,1
DA:29,1
DA:30,1
DA:31,1
DA:32,1
DA:33,1
DA:34,1
DA:35,1
DA:36,1
DA:37,1
DA:38,1
DA:39,1
DA:40,1
DA:41,288
DA:42,288
DA:43,288
DA:44,288
DA:45,288
DA:46,65484
DA:47,65484
DA:48,288
DA:49,288
DA:50,288
DA:51,1
DA:52,1
DA:53,1
DA:54,1
DA:55,1
DA:56,1
DA:57,1
DA:58,0
DA:59,0
DA:60,1
LF:60
LH:58
BRDA:40,0,0,288
BRDA:44,1,0,0
BRDA:45,2,0,65484
BRF:3
BRH:2
end_of_record
TN:
SF:src/metadata/tree.ts
FN:42,MetadataTree
FN:71,toJSON
FN:95,fromJSON
FNF:3
FNH:3
FNDA:18,MetadataTree
FNDA:41,toJSON
FNDA:3,fromJSON
DA:1,1
DA:2,1
DA:3,1
DA:4,1
DA:5,1
DA:6,1
DA:7,1
DA:8,1
DA:9,1
DA:10,1
DA:11,1
DA:12,1
DA:13,1
DA:14,1
DA:15,1
DA:16,1
DA:17,1
DA:18,1
DA:19,1
DA:20,1
DA:21,1
DA:22,1
DA:23,1
DA:24,1
DA:25,1
DA:26,1
DA:27,1
DA:28,1
DA:29,1
DA:30,1
DA:31,1
DA:32,1
DA:33,1
DA:34,1
DA:35,1
DA:36,1
DA:37,1
DA:38,1
DA:39,1
DA:40,1
DA:41,1
DA:42,1
DA:43,18
DA:44,18
DA:45,18
DA:46,18
DA:47,18
DA:48,18
DA:49,0
DA:50,0
DA:51,0
DA:52,0
DA:53,18
DA:54,18
DA:55,190
DA:56,0
DA:57,0
DA:58,0
DA:59,0
DA:60,190
DA:61,190
DA:62,18
DA:63,18
DA:64,18
DA:65,1
DA:66,1
DA:67,1
DA:68,1
DA:69,1
DA:70,1
DA:71,1
DA:72,41
DA:73,41
DA:74,41
DA:75,41
DA:76,41
DA:77,41
DA:78,41
DA:79,41
DA:80,444
DA:81,444
DA:82,41
DA:83,41
DA:84,41
DA:85,1
DA:86,1
DA:87,1
DA:88,1
DA:89,1
DA:90,1
DA:91,1
DA:92,1
DA:93,1
DA:94,1
DA:95,1
DA:96,3
DA:97,3
DA:98,3
DA:99,3
DA:100,3
DA:101,3
DA:102,3
DA:103,3
DA:104,3
DA:105,3
DA:106,3
DA:107,3
DA:108,3
DA:109,3
DA:110,3
DA:111,22
DA:112,22
DA:113,22
DA:114,22
DA:115,3
DA:116,3
DA:117,3
DA:118,3
DA:119,22
DA:120,22
DA:121,3
DA:122,3
DA:123,3
DA:124,3
DA:125,3
DA:126,3
DA:127,3
DA:128,3
DA:129,1
LF:129
LH:121
BRDA:42,0,0,18
BRDA:48,1,0,0
BRDA:54,2,0,190
BRDA:55,3,0,0
BRDA:71,4,0,41
BRDA:79,5,0,444
BRDA:95,6,0,3
BRDA:103,7,0,0
BRDA:105,8,0,0
BRDA:108,9,0,0
BRDA:110,10,0,22
BRDA:111,11,0,0
BRDA:113,12,0,0
BRDA:125,13,0,0
BRDA:118,14,0,22
BRF:15
BRH:7
end_of_record
TN:
SF:src/util/div.ts
FN:13,mulDiv
FNF:1
FNH:1
FNDA:8665,mulDiv
DA:1,1
DA:2,1
DA:3,1
DA:4,1
DA:5,1
DA:6,1
DA:7,1
DA:8,1
DA:9,1
DA:10,1
DA:11,1
DA:12,1
DA:13,1
DA:14,8665
DA:15,8665
DA:16,8665
DA:17,8665
DA:18,8665
DA:19,8665
DA:20,8665
DA:21,8161
DA:22,8161
DA:23,8161
DA:24,8161
DA:25,8161
DA:26,0
DA:27,0
DA:28,8161
DA:29,8161
DA:30,8161
DA:31,8161
DA:32,8665
DA:33,8665
DA:34,8665
DA:35,8665
DA:36,8665
DA:37,8665
DA:38,8665
DA:39,8665
DA:40,8665
DA:41,8665
DA:42,8665
DA:43,8665
DA:44,8665
LF:44
LH:42
BRDA:13,0,0,8665
BRDA:20,1,0,8161
BRDA:25,2,0,0
BRF:3
BRH:2
end_of_record
TN:
SF:src/util/index.ts
FNF:0
FNH:0
DA:1,1
LF:1
LH:1
BRF:0
BRH:0
end_of_record
TN:
SF:src/zkprogram-example/game.ts
FN:35,method
FN:121,method
FNF:2
FNH:2
FNDA:9,method
FNDA:6,method
DA:1,1
DA:2,1
DA:3,1
DA:4,1
DA:5,1
DA:6,1
DA:7,1
DA:8,1
DA:9,1
DA:10,1
DA:11,1
DA:12,1
DA:13,1
DA:14,1
DA:15,1
DA:16,1
DA:17,1
DA:18,1
DA:19,1
DA:20,1
DA:21,1
DA:22,1
DA:23,1
DA:24,1
DA:25,1
DA:26,1
DA:27,1
DA:28,1
DA:29,1
DA:30,1
DA:31,1
DA:32,1
DA:33,1
DA:34,1
DA:35,1
DA:36,9
DA:37,9
DA:38,9
DA:39,9
DA:40,9
DA:41,9
DA:42,9
DA:43,9
DA:44,9
DA:45,9
DA:46,9
DA:47,9
DA:48,9
DA:49,9
DA:50,9
DA:51,9
DA:52,9
DA:53,9
DA:54,9
DA:55,9
DA:56,9
DA:57,9
DA:58,9
DA:59,9
DA:60,9
DA:61,9
DA:62,9
DA:63,9
DA:64,9
DA:65,9
DA:66,9
DA:67,9
DA:68,9
DA:69,9
DA:70,9
DA:71,9
DA:72,9
DA:73,3
DA:74,3
DA:75,3
DA:76,3
DA:77,0
DA:78,0
DA:79,3
DA:80,3
DA:81,0
DA:82,0
DA:83,3
DA:84,3
DA:85,3
DA:86,3
DA:87,3
DA:88,3
DA:89,9
DA:90,9
DA:91,9
DA:92,9
DA:93,9
DA:94,9
DA:95,9
DA:96,9
DA:97,9
DA:98,9
DA:99,9
DA:100,9
DA:101,9
DA:102,9
DA:103,9
DA:104,9
DA:105,9
DA:106,9
DA:107,9
DA:108,9
DA:109,9
DA:110,9
DA:111,9
DA:112,9
DA:113,9
DA:114,9
DA:115,9
DA:116,1
DA:117,1
DA:118,1
DA:119,1
DA:120,1
DA:121,1
DA:122,6
DA:123,6
DA:124,6
DA:125,6
DA:126,6
DA:127,6
DA:128,6
DA:129,6
DA:130,6
DA:131,6
DA:132,6
DA:133,1
DA:134,1
DA:135,1
DA:136,1
LF:136
LH:132
BRDA:35,0,0,9
BRDA:72,1,0,3
BRDA:76,2,0,0
BRDA:80,3,0,0
BRDA:121,4,0,6
BRF:5
BRH:3
end_of_record
TN:
SF:src/zkprogram-example/index.ts
FNF:0
FNH:0
DA:1,1
DA:2,1
LF:2
LH:2
BRF:0
BRH:0
end_of_record
TN:
SF:src/zkprogram-example/update.ts
FN:34,method
FN:83,method
FNF:2
FNH:2
FNDA:20,method
FNDA:18,method
DA:1,1
DA:2,1
DA:3,1
DA:4,1
DA:5,1
DA:6,1
DA:7,1
DA:8,1
DA:9,1
DA:10,1
DA:11,1
DA:12,1
DA:13,1
DA:14,1
DA:15,1
DA:16,1
DA:17,1
DA:18,1
DA:19,1
DA:20,1
DA:21,1
DA:22,1
DA:23,1
DA:24,1
DA:25,1
DA:26,1
DA:27,1
DA:28,1
DA:29,1
DA:30,1
DA:31,1
DA:32,1
DA:33,1
DA:34,1
DA:35,20
DA:36,20
DA:37,20
DA:38,20
DA:39,20
DA:40,20
DA:41,20
DA:42,20
DA:43,20
DA:44,20
DA:45,20
DA:46,20
DA:47,20
DA:48,20
DA:49,20
DA:50,20
DA:51,20
DA:52,20
DA:53,20
DA:54,20
DA:55,20
DA:56,20
DA:57,20
DA:58,20
DA:59,20
DA:60,20
DA:61,20
DA:62,20
DA:63,20
DA:64,20
DA:65,20
DA:66,20
DA:67,20
DA:68,1
DA:69,1
DA:70,1
DA:71,1
DA:72,1
DA:73,1
DA:74,1
DA:75,1
DA:76,1
DA:77,1
DA:78,1
DA:79,1
DA:80,1
DA:81,1
DA:82,1
DA:83,1
DA:84,18
DA:85,18
DA:86,18
DA:87,18
DA:88,18
DA:89,18
DA:90,18
DA:91,18
DA:92,18
DA:93,18
DA:94,18
DA:95,1
DA:96,1
DA:97,1
DA:98,1
LF:98
LH:98
BRDA:34,0,0,20
BRDA:83,1,0,18
BRF:2
BRH:2
end_of_record
